Looking for git in: git
Using git 2.17.1 from git
> git rev-parse --show-toplevel
> git rev-parse --git-dir
Open repository: /home/youssef/Downloads/opt/restaurant-app-v2
> git status -z -u
> git symbolic-ref --short HEAD
> git rev-parse master
> git rev-parse --symbolic-full-name master@{u}
> git rev-list --left-right master...refs/remotes/origin/master
> git show :database/knexfile.js
> git ls-files --stage -- /home/youssef/Downloads/opt/restaurant-app-v2/database/knexfile.js
> git for-each-ref --format %(refname) %(objectname) --sort -committerdate
> git remote --verbose
> git check-ignore -v -z --stdin
> git config --get commit.template
> git show :database/migrations/20200405144216_user.js
> git ls-files --stage -- /home/youssef/Downloads/opt/restaurant-app-v2/database/migrations/20200405144216_user.js
> git check-ignore -v -z --stdin
> git status -z -u
> git symbolic-ref --short HEAD
> git rev-parse master
> git rev-parse --symbolic-full-name master@{u}
> git rev-list --left-right master...refs/remotes/origin/master
> git for-each-ref --format %(refname) %(objectname) --sort -committerdate
> git remote --verbose
> git config --get commit.template
> git show :database/migrations/20200406110838_role.js
> git ls-files --stage -- /home/youssef/Downloads/opt/restaurant-app-v2/database/migrations/20200406110838_role.js
> git show :database/migrations/20200405144216_user.js
> git ls-files --stage -- /home/youssef/Downloads/opt/restaurant-app-v2/database/migrations/20200405144216_user.js
> git show :database/migrations/20200406110838_role.js
> git ls-files --stage -- /home/youssef/Downloads/opt/restaurant-app-v2/database/migrations/20200406110838_role.js
> git status -z -u
> git symbolic-ref --short HEAD
> git rev-parse master
> git rev-parse --symbolic-full-name master@{u}
> git rev-list --left-right master...refs/remotes/origin/master
> git for-each-ref --format %(refname) %(objectname) --sort -committerdate
> git remote --verbose
> git config --get commit.template
> git check-ignore -v -z --stdin
> git show :database/src/db/constants/index.js
> git ls-files --stage -- /home/youssef/Downloads/opt/restaurant-app-v2/database/src/db/constants/index.js
> git status -z -u
> git symbolic-ref --short HEAD
> git rev-parse master
> git rev-parse --symbolic-full-name master@{u}
> git rev-list --left-right master...refs/remotes/origin/master
> git for-each-ref --format %(refname) %(objectname) --sort -committerdate
> git remote --verbose
> git config --get commit.template
> git show :database/migrations/20200406110838_role.js
> git ls-files --stage -- /home/youssef/Downloads/opt/restaurant-app-v2/database/migrations/20200406110838_role.js
> git check-ignore -v -z --stdin
> git status -z -u
> git symbolic-ref --short HEAD
> git rev-parse master
> git rev-parse --symbolic-full-name master@{u}
> git rev-list --left-right master...refs/remotes/origin/master
> git for-each-ref --format %(refname) %(objectname) --sort -committerdate
> git remote --verbose
> git config --get commit.template
> git show :database/migrations/20200406111106_add_role_id_to_user.js
> git ls-files --stage -- /home/youssef/Downloads/opt/restaurant-app-v2/database/migrations/20200406111106_add_role_id_to_user.js
> git show :database/migrations/20200406110838_role.js
> git ls-files --stage -- /home/youssef/Downloads/opt/restaurant-app-v2/database/migrations/20200406110838_role.js
> git show :database/migrations/20200406111106_add_role_id_to_user.js
> git ls-files --stage -- /home/youssef/Downloads/opt/restaurant-app-v2/database/migrations/20200406111106_add_role_id_to_user.js
> git status -z -u
> git symbolic-ref --short HEAD
> git rev-parse master
> git rev-parse --symbolic-full-name master@{u}
> git rev-list --left-right master...refs/remotes/origin/master
> git for-each-ref --format %(refname) %(objectname) --sort -committerdate
> git remote --verbose
> git config --get commit.template
> git status -z -u
> git symbolic-ref --short HEAD
> git rev-parse master
> git rev-parse --symbolic-full-name master@{u}
> git rev-list --left-right master...refs/remotes/origin/master
> git for-each-ref --format %(refname) %(objectname) --sort -committerdate
> git remote --verbose
> git config --get commit.template
> git check-ignore -v -z --stdin
> git status -z -u
> git symbolic-ref --short HEAD
> git rev-parse master
> git rev-parse --symbolic-full-name master@{u}
> git rev-list --left-right master...refs/remotes/origin/master
> git for-each-ref --format %(refname) %(objectname) --sort -committerdate
> git remote --verbose
> git config --get commit.template
> git check-ignore -v -z --stdin
> git show :database/helpers/index.js
> git ls-files --stage -- /home/youssef/Downloads/opt/restaurant-app-v2/database/helpers/index.js
> git status -z -u
> git symbolic-ref --short HEAD
> git rev-parse master
> git rev-parse --symbolic-full-name master@{u}
> git rev-list --left-right master...refs/remotes/origin/master
> git for-each-ref --format %(refname) %(objectname) --sort -committerdate
> git remote --verbose
> git config --get commit.template
> git status -z -u
> git symbolic-ref --short HEAD
> git rev-parse master
> git rev-parse --symbolic-full-name master@{u}
> git rev-list --left-right master...refs/remotes/origin/master
> git for-each-ref --format %(refname) %(objectname) --sort -committerdate
> git remote --verbose
> git config --get commit.template
> git show :database/migrations/20200406111106_add_role_id_to_user.js
> git ls-files --stage -- /home/youssef/Downloads/opt/restaurant-app-v2/database/migrations/20200406111106_add_role_id_to_user.js
> git status -z -u
> git symbolic-ref --short HEAD
> git rev-parse master
> git rev-parse --symbolic-full-name master@{u}
> git rev-list --left-right master...refs/remotes/origin/master
> git for-each-ref --format %(refname) %(objectname) --sort -committerdate
> git remote --verbose
> git config --get commit.template
> git show :database/migrations/20200406110838_role.js
> git ls-files --stage -- /home/youssef/Downloads/opt/restaurant-app-v2/database/migrations/20200406110838_role.js
> git status -z -u
> git symbolic-ref --short HEAD
> git rev-parse master
> git rev-parse --symbolic-full-name master@{u}
> git rev-list --left-right master...refs/remotes/origin/master
> git for-each-ref --format %(refname) %(objectname) --sort -committerdate
> git remote --verbose
> git config --get commit.template
> git status -z -u
> git symbolic-ref --short HEAD
> git rev-parse master
> git rev-parse --symbolic-full-name master@{u}
> git rev-list --left-right master...refs/remotes/origin/master
> git for-each-ref --format %(refname) %(objectname) --sort -committerdate
> git remote --verbose
> git config --get commit.template
> git show :database/migrations/20200406111106_add_role_id_to_user.js
> git ls-files --stage -- /home/youssef/Downloads/opt/restaurant-app-v2/database/migrations/20200406111106_add_role_id_to_user.js
> git status -z -u
> git symbolic-ref --short HEAD
> git rev-parse master
> git rev-parse --symbolic-full-name master@{u}
> git rev-list --left-right master...refs/remotes/origin/master
> git for-each-ref --format %(refname) %(objectname) --sort -committerdate
> git remote --verbose
> git config --get commit.template
> git status -z -u
> git symbolic-ref --short HEAD
> git rev-parse master
> git rev-parse --symbolic-full-name master@{u}
> git rev-list --left-right master...refs/remotes/origin/master
> git for-each-ref --format %(refname) %(objectname) --sort -committerdate
> git remote --verbose
> git config --get commit.template
> git show :database/helpers/index.js
> git ls-files --stage -- /home/youssef/Downloads/opt/restaurant-app-v2/database/helpers/index.js
> git show :database/migrations/20200406111106_add_role_id_to_user.js
> git ls-files --stage -- /home/youssef/Downloads/opt/restaurant-app-v2/database/migrations/20200406111106_add_role_id_to_user.js
> git status -z -u
> git symbolic-ref --short HEAD
> git rev-parse master
> git rev-parse --symbolic-full-name master@{u}
> git rev-list --left-right master...refs/remotes/origin/master
> git for-each-ref --format %(refname) %(objectname) --sort -committerdate
> git remote --verbose
> git config --get commit.template
> git show :database/helpers/index.js
> git ls-files --stage -- /home/youssef/Downloads/opt/restaurant-app-v2/database/helpers/index.js
> git show :database/package.json
> git ls-files --stage -- /home/youssef/Downloads/opt/restaurant-app-v2/database/package.json
> git status -z -u
> git symbolic-ref --short HEAD
> git rev-parse master
> git rev-parse --symbolic-full-name master@{u}
> git rev-list --left-right master...refs/remotes/origin/master
> git for-each-ref --format %(refname) %(objectname) --sort -committerdate
> git remote --verbose
> git config --get commit.template
> git status -z -u
> git symbolic-ref --short HEAD
> git rev-parse master
> git rev-parse --symbolic-full-name master@{u}
> git rev-list --left-right master...refs/remotes/origin/master
> git for-each-ref --format %(refname) %(objectname) --sort -committerdate
> git remote --verbose
> git config --get commit.template
> git check-ignore -v -z --stdin
> git show :database/seeds/01-roles.js
> git ls-files --stage -- /home/youssef/Downloads/opt/restaurant-app-v2/database/seeds/01-roles.js
> git show :database/migrations/20200406111106_add_role_id_to_user.js
> git ls-files --stage -- /home/youssef/Downloads/opt/restaurant-app-v2/database/migrations/20200406111106_add_role_id_to_user.js
> git show :database/seeds/01-roles.js
> git ls-files --stage -- /home/youssef/Downloads/opt/restaurant-app-v2/database/seeds/01-roles.js
> git status -z -u
> git symbolic-ref --short HEAD
> git rev-parse master
> git rev-parse --symbolic-full-name master@{u}
> git rev-list --left-right master...refs/remotes/origin/master
> git for-each-ref --format %(refname) %(objectname) --sort -committerdate
> git remote --verbose
> git config --get commit.template
> git status -z -u
> git symbolic-ref --short HEAD
> git rev-parse master
> git rev-parse --symbolic-full-name master@{u}
> git rev-list --left-right master...refs/remotes/origin/master
> git for-each-ref --format %(refname) %(objectname) --sort -committerdate
> git remote --verbose
> git config --get commit.template
> git status -z -u
> git symbolic-ref --short HEAD
> git rev-parse master
> git rev-parse --symbolic-full-name master@{u}
> git rev-list --left-right master...refs/remotes/origin/master
> git for-each-ref --format %(refname) %(objectname) --sort -committerdate
> git remote --verbose
> git config --get commit.template
> git status -z -u
> git symbolic-ref --short HEAD
> git rev-parse master
> git rev-parse --symbolic-full-name master@{u}
> git rev-list --left-right master...refs/remotes/origin/master
> git for-each-ref --format %(refname) %(objectname) --sort -committerdate
> git remote --verbose
> git config --get commit.template
> git show :database/package.json
> git ls-files --stage -- /home/youssef/Downloads/opt/restaurant-app-v2/database/package.json
> git status -z -u
> git symbolic-ref --short HEAD
> git rev-parse master
> git rev-parse --symbolic-full-name master@{u}
> git rev-list --left-right master...refs/remotes/origin/master
> git for-each-ref --format %(refname) %(objectname) --sort -committerdate
> git remote --verbose
> git config --get commit.template
> git show :database/seeds/01-roles.js
> git ls-files --stage -- /home/youssef/Downloads/opt/restaurant-app-v2/database/seeds/01-roles.js
