["INFO" - 11:04:41 AM] Extension Name: "prettier-vscode".
["INFO" - 11:04:41 AM] Extension Version: "4.2.0".
["INFO" - 11:04:41 AM] Enabling prettier for languages
[
  "css",
  "graphql",
  "html",
  "javascript",
  "javascriptreact",
  "json",
  "json5",
  "jsonc",
  "less",
  "markdown",
  "mdx",
  "mongo",
  "postcss",
  "scss",
  "typescript",
  "typescriptreact",
  "vue",
  "yaml"
]
["INFO" - 11:04:41 AM] Enabling prettier for range supported languages
[
  "graphql",
  "javascript",
  "javascriptreact",
  "json",
  "typescript",
  "typescriptreact"
]
["INFO" - 11:17:18 AM] Formatting /home/youssef/Downloads/opt/restaurant-app-v2/server/src/routes/auth/index.js
["INFO" - 11:17:18 AM] Using ignore file (if present) at /home/youssef/Downloads/opt/restaurant-app-v2/.prettierignore
["INFO" - 11:17:18 AM] Using bundled version of prettier.
["INFO" - 11:17:18 AM] File Info:
{
  "ignored": false,
  "inferredParser": "babel"
}
["INFO" - 11:17:18 AM] No local configuration (i.e. .prettierrc or .editorconfig) detected, falling back to VS Code configuration
["INFO" - 11:17:18 AM] Prettier Options:
{
  "arrowParens": "always",
  "bracketSpacing": true,
  "endOfLine": "lf",
  "htmlWhitespaceSensitivity": "css",
  "insertPragma": false,
  "jsxBracketSameLine": false,
  "jsxSingleQuote": false,
  "printWidth": 80,
  "proseWrap": "preserve",
  "quoteProps": "as-needed",
  "requirePragma": false,
  "semi": true,
  "singleQuote": false,
  "tabWidth": 2,
  "trailingComma": "es5",
  "useTabs": false,
  "vueIndentScriptAndStyle": false,
  "filepath": "/home/youssef/Downloads/opt/restaurant-app-v2/server/src/routes/auth/index.js",
  "parser": "babel"
}
["INFO" - 11:17:18 AM] Formatting completed in 356.333265ms.
["INFO" - 11:17:30 AM] Formatting /home/youssef/Downloads/opt/restaurant-app-v2/server/src/routes/auth/index.js
["INFO" - 11:17:30 AM] Using ignore file (if present) at /home/youssef/Downloads/opt/restaurant-app-v2/.prettierignore
["INFO" - 11:17:30 AM] Using bundled version of prettier.
["INFO" - 11:17:30 AM] File Info:
{
  "ignored": false,
  "inferredParser": "babel"
}
["INFO" - 11:17:30 AM] No local configuration (i.e. .prettierrc or .editorconfig) detected, falling back to VS Code configuration
["INFO" - 11:17:30 AM] Prettier Options:
{
  "arrowParens": "always",
  "bracketSpacing": true,
  "endOfLine": "lf",
  "htmlWhitespaceSensitivity": "css",
  "insertPragma": false,
  "jsxBracketSameLine": false,
  "jsxSingleQuote": false,
  "printWidth": 80,
  "proseWrap": "preserve",
  "quoteProps": "as-needed",
  "requirePragma": false,
  "semi": true,
  "singleQuote": false,
  "tabWidth": 2,
  "trailingComma": "es5",
  "useTabs": false,
  "vueIndentScriptAndStyle": false,
  "filepath": "/home/youssef/Downloads/opt/restaurant-app-v2/server/src/routes/auth/index.js",
  "parser": "babel"
}
["INFO" - 11:17:30 AM] Formatting completed in 181.745513ms.
["INFO" - 11:17:44 AM] Formatting /home/youssef/Downloads/opt/restaurant-app-v2/server/src/routes/auth/index.js
["INFO" - 11:17:44 AM] Using ignore file (if present) at /home/youssef/Downloads/opt/restaurant-app-v2/.prettierignore
["INFO" - 11:17:44 AM] Using bundled version of prettier.
["INFO" - 11:17:44 AM] File Info:
{
  "ignored": false,
  "inferredParser": "babel"
}
["INFO" - 11:17:44 AM] No local configuration (i.e. .prettierrc or .editorconfig) detected, falling back to VS Code configuration
["INFO" - 11:17:44 AM] Prettier Options:
{
  "arrowParens": "always",
  "bracketSpacing": true,
  "endOfLine": "lf",
  "htmlWhitespaceSensitivity": "css",
  "insertPragma": false,
  "jsxBracketSameLine": false,
  "jsxSingleQuote": false,
  "printWidth": 80,
  "proseWrap": "preserve",
  "quoteProps": "as-needed",
  "requirePragma": false,
  "semi": true,
  "singleQuote": false,
  "tabWidth": 2,
  "trailingComma": "es5",
  "useTabs": false,
  "vueIndentScriptAndStyle": false,
  "filepath": "/home/youssef/Downloads/opt/restaurant-app-v2/server/src/routes/auth/index.js",
  "parser": "babel"
}
["INFO" - 11:17:44 AM] Formatting completed in 135.86811ms.
["INFO" - 11:17:56 AM] Formatting /home/youssef/Downloads/opt/restaurant-app-v2/server/src/routes/auth/index.js
["INFO" - 11:17:56 AM] Using ignore file (if present) at /home/youssef/Downloads/opt/restaurant-app-v2/.prettierignore
["INFO" - 11:17:56 AM] Using bundled version of prettier.
["INFO" - 11:17:56 AM] File Info:
{
  "ignored": false,
  "inferredParser": "babel"
}
["INFO" - 11:17:57 AM] No local configuration (i.e. .prettierrc or .editorconfig) detected, falling back to VS Code configuration
["INFO" - 11:17:57 AM] Prettier Options:
{
  "arrowParens": "always",
  "bracketSpacing": true,
  "endOfLine": "lf",
  "htmlWhitespaceSensitivity": "css",
  "insertPragma": false,
  "jsxBracketSameLine": false,
  "jsxSingleQuote": false,
  "printWidth": 80,
  "proseWrap": "preserve",
  "quoteProps": "as-needed",
  "requirePragma": false,
  "semi": true,
  "singleQuote": false,
  "tabWidth": 2,
  "trailingComma": "es5",
  "useTabs": false,
  "vueIndentScriptAndStyle": false,
  "filepath": "/home/youssef/Downloads/opt/restaurant-app-v2/server/src/routes/auth/index.js",
  "parser": "babel"
}
["INFO" - 11:17:57 AM] Formatting completed in 205.082765ms.
["INFO" - 11:35:57 AM] Formatting /home/youssef/Downloads/opt/restaurant-app-v2/TODO.md
["INFO" - 11:35:57 AM] Using ignore file (if present) at /home/youssef/Downloads/opt/restaurant-app-v2/.prettierignore
["INFO" - 11:35:57 AM] Using bundled version of prettier.
["INFO" - 11:35:57 AM] File Info:
{
  "ignored": false,
  "inferredParser": "markdown"
}
["INFO" - 11:35:58 AM] No local configuration (i.e. .prettierrc or .editorconfig) detected, falling back to VS Code configuration
["INFO" - 11:35:58 AM] Prettier Options:
{
  "arrowParens": "always",
  "bracketSpacing": true,
  "endOfLine": "lf",
  "htmlWhitespaceSensitivity": "css",
  "insertPragma": false,
  "jsxBracketSameLine": false,
  "jsxSingleQuote": false,
  "printWidth": 80,
  "proseWrap": "preserve",
  "quoteProps": "as-needed",
  "requirePragma": false,
  "semi": true,
  "singleQuote": false,
  "tabWidth": 2,
  "trailingComma": "es5",
  "useTabs": false,
  "vueIndentScriptAndStyle": false,
  "filepath": "/home/youssef/Downloads/opt/restaurant-app-v2/TODO.md",
  "parser": "markdown"
}
["INFO" - 11:35:58 AM] Formatting completed in 365.957038ms.
["INFO" - 11:36:17 AM] Formatting /home/youssef/Downloads/opt/restaurant-app-v2/database/migrations/20200405144216_user.js
["INFO" - 11:36:17 AM] Using ignore file (if present) at /home/youssef/Downloads/opt/restaurant-app-v2/.prettierignore
["INFO" - 11:36:17 AM] Using bundled version of prettier.
["INFO" - 11:36:17 AM] File Info:
{
  "ignored": false,
  "inferredParser": "babel"
}
["INFO" - 11:36:17 AM] No local configuration (i.e. .prettierrc or .editorconfig) detected, falling back to VS Code configuration
["INFO" - 11:36:17 AM] Prettier Options:
{
  "arrowParens": "always",
  "bracketSpacing": true,
  "endOfLine": "lf",
  "htmlWhitespaceSensitivity": "css",
  "insertPragma": false,
  "jsxBracketSameLine": false,
  "jsxSingleQuote": false,
  "printWidth": 80,
  "proseWrap": "preserve",
  "quoteProps": "as-needed",
  "requirePragma": false,
  "semi": true,
  "singleQuote": false,
  "tabWidth": 2,
  "trailingComma": "es5",
  "useTabs": false,
  "vueIndentScriptAndStyle": false,
  "filepath": "/home/youssef/Downloads/opt/restaurant-app-v2/database/migrations/20200405144216_user.js",
  "parser": "babel"
}
["INFO" - 11:36:18 AM] Formatting completed in 192.881391ms.
["INFO" - 11:37:01 AM] Formatting /home/youssef/Downloads/opt/restaurant-app-v2/TODO.md
["INFO" - 11:37:01 AM] Using ignore file (if present) at /home/youssef/Downloads/opt/restaurant-app-v2/.prettierignore
["INFO" - 11:37:01 AM] Using bundled version of prettier.
["INFO" - 11:37:01 AM] File Info:
{
  "ignored": false,
  "inferredParser": "markdown"
}
["INFO" - 11:37:01 AM] No local configuration (i.e. .prettierrc or .editorconfig) detected, falling back to VS Code configuration
["INFO" - 11:37:01 AM] Prettier Options:
{
  "arrowParens": "always",
  "bracketSpacing": true,
  "endOfLine": "lf",
  "htmlWhitespaceSensitivity": "css",
  "insertPragma": false,
  "jsxBracketSameLine": false,
  "jsxSingleQuote": false,
  "printWidth": 80,
  "proseWrap": "preserve",
  "quoteProps": "as-needed",
  "requirePragma": false,
  "semi": true,
  "singleQuote": false,
  "tabWidth": 2,
  "trailingComma": "es5",
  "useTabs": false,
  "vueIndentScriptAndStyle": false,
  "filepath": "/home/youssef/Downloads/opt/restaurant-app-v2/TODO.md",
  "parser": "markdown"
}
["INFO" - 11:37:02 AM] Formatting completed in 142.102166ms.
["INFO" - 11:38:47 AM] Formatting /home/youssef/Downloads/opt/restaurant-app-v2/server/src/tasks/createAdminUser.js
["INFO" - 11:38:47 AM] Using ignore file (if present) at /home/youssef/Downloads/opt/restaurant-app-v2/.prettierignore
["INFO" - 11:38:47 AM] Using bundled version of prettier.
["INFO" - 11:38:47 AM] File Info:
{
  "ignored": false,
  "inferredParser": "babel"
}
["INFO" - 11:38:47 AM] No local configuration (i.e. .prettierrc or .editorconfig) detected, falling back to VS Code configuration
["INFO" - 11:38:47 AM] Prettier Options:
{
  "arrowParens": "always",
  "bracketSpacing": true,
  "endOfLine": "lf",
  "htmlWhitespaceSensitivity": "css",
  "insertPragma": false,
  "jsxBracketSameLine": false,
  "jsxSingleQuote": false,
  "printWidth": 80,
  "proseWrap": "preserve",
  "quoteProps": "as-needed",
  "requirePragma": false,
  "semi": true,
  "singleQuote": false,
  "tabWidth": 2,
  "trailingComma": "es5",
  "useTabs": false,
  "vueIndentScriptAndStyle": false,
  "filepath": "/home/youssef/Downloads/opt/restaurant-app-v2/server/src/tasks/createAdminUser.js",
  "parser": "babel"
}
["INFO" - 11:38:48 AM] Formatting completed in 107.699379ms.
["INFO" - 11:45:14 AM] Formatting /home/youssef/Downloads/opt/restaurant-app-v2/database/migrations/20200405144216_user.js
["INFO" - 11:45:14 AM] Using ignore file (if present) at /home/youssef/Downloads/opt/restaurant-app-v2/.prettierignore
["INFO" - 11:45:14 AM] Using bundled version of prettier.
["INFO" - 11:45:14 AM] File Info:
{
  "ignored": false,
  "inferredParser": "babel"
}
["INFO" - 11:45:14 AM] No local configuration (i.e. .prettierrc or .editorconfig) detected, falling back to VS Code configuration
["INFO" - 11:45:14 AM] Prettier Options:
{
  "arrowParens": "always",
  "bracketSpacing": true,
  "endOfLine": "lf",
  "htmlWhitespaceSensitivity": "css",
  "insertPragma": false,
  "jsxBracketSameLine": false,
  "jsxSingleQuote": false,
  "printWidth": 80,
  "proseWrap": "preserve",
  "quoteProps": "as-needed",
  "requirePragma": false,
  "semi": true,
  "singleQuote": false,
  "tabWidth": 2,
  "trailingComma": "es5",
  "useTabs": false,
  "vueIndentScriptAndStyle": false,
  "filepath": "/home/youssef/Downloads/opt/restaurant-app-v2/database/migrations/20200405144216_user.js",
  "parser": "babel"
}
["INFO" - 11:45:14 AM] Formatting completed in 154.734674ms.
["INFO" - 11:48:18 AM] Formatting /home/youssef/Downloads/opt/restaurant-app-v2/database/migrations/20200405144216_user.js
["INFO" - 11:48:18 AM] Using ignore file (if present) at /home/youssef/Downloads/opt/restaurant-app-v2/.prettierignore
["INFO" - 11:48:18 AM] Using bundled version of prettier.
["INFO" - 11:48:18 AM] File Info:
{
  "ignored": false,
  "inferredParser": "babel"
}
["INFO" - 11:48:18 AM] No local configuration (i.e. .prettierrc or .editorconfig) detected, falling back to VS Code configuration
["INFO" - 11:48:18 AM] Prettier Options:
{
  "arrowParens": "always",
  "bracketSpacing": true,
  "endOfLine": "lf",
  "htmlWhitespaceSensitivity": "css",
  "insertPragma": false,
  "jsxBracketSameLine": false,
  "jsxSingleQuote": false,
  "printWidth": 80,
  "proseWrap": "preserve",
  "quoteProps": "as-needed",
  "requirePragma": false,
  "semi": true,
  "singleQuote": false,
  "tabWidth": 2,
  "trailingComma": "es5",
  "useTabs": false,
  "vueIndentScriptAndStyle": false,
  "filepath": "/home/youssef/Downloads/opt/restaurant-app-v2/database/migrations/20200405144216_user.js",
  "parser": "babel"
}
["ERROR" - 11:48:18 AM] Error formatting document.
["ERROR" - 11:48:18 AM] Unexpected token, expected ";" (20:81)
  18 |     table.boolean("active").notNullable().default(true);
  19 |     table.datetime("last_login", { precision: 6 }).defaultTo(knex.fn.now(6));
> 20 |     table.datetime("deleted_at", { precision: 6 }).defaultTo(knex.fn.now(6))    table.datetime("deleted_at");
     |                                                                                 ^
  21 | 
  22 |     addDefaultColumns(table);
  23 |   });
SyntaxError: Unexpected token, expected ";" (20:81)
  18 |     table.boolean("active").notNullable().default(true);
  19 |     table.datetime("last_login", { precision: 6 }).defaultTo(knex.fn.now(6));
> 20 |     table.datetime("deleted_at", { precision: 6 }).defaultTo(knex.fn.now(6))    table.datetime("deleted_at");
     |                                                                                 ^
  21 | 
  22 |     addDefaultColumns(table);
  23 |   });
	at e (/home/youssef/.vscode/extensions/esbenp.prettier-vscode-4.2.0/node_modules/prettier/parser-babel.js:1:344)
	at Object.parse (/home/youssef/.vscode/extensions/esbenp.prettier-vscode-4.2.0/node_modules/prettier/parser-babel.js:1:262513)
	at Object.parse (/home/youssef/.vscode/extensions/esbenp.prettier-vscode-4.2.0/node_modules/prettier/index.js:11368:19)
	at coreFormat (/home/youssef/.vscode/extensions/esbenp.prettier-vscode-4.2.0/node_modules/prettier/index.js:14782:25)
	at format (/home/youssef/.vscode/extensions/esbenp.prettier-vscode-4.2.0/node_modules/prettier/index.js:15017:75)
	at formatWithCursor (/home/youssef/.vscode/extensions/esbenp.prettier-vscode-4.2.0/node_modules/prettier/index.js:15033:12)
	at /home/youssef/.vscode/extensions/esbenp.prettier-vscode-4.2.0/node_modules/prettier/index.js:50675:12
	at Object.format (/home/youssef/.vscode/extensions/esbenp.prettier-vscode-4.2.0/node_modules/prettier/index.js:50695:12)
	at /home/youssef/.vscode/extensions/esbenp.prettier-vscode-4.2.0/dist/extension.js:1:250598
	at t.default.safeExecution (/home/youssef/.vscode/extensions/esbenp.prettier-vscode-4.2.0/dist/extension.js:1:250898)
	at t.default.<anonymous> (/home/youssef/.vscode/extensions/esbenp.prettier-vscode-4.2.0/dist/extension.js:1:250578)
	at Generator.next (<anonymous>)
	at s (/home/youssef/.vscode/extensions/esbenp.prettier-vscode-4.2.0/dist/extension.js:1:244725)
["INFO" - 11:48:18 AM] Formatting completed in 119.58271ms.
["INFO" - 11:48:29 AM] Formatting /home/youssef/Downloads/opt/restaurant-app-v2/database/migrations/20200405144216_user.js
["INFO" - 11:48:29 AM] Using ignore file (if present) at /home/youssef/Downloads/opt/restaurant-app-v2/.prettierignore
["INFO" - 11:48:29 AM] Using bundled version of prettier.
["INFO" - 11:48:29 AM] File Info:
{
  "ignored": false,
  "inferredParser": "babel"
}
["INFO" - 11:48:29 AM] No local configuration (i.e. .prettierrc or .editorconfig) detected, falling back to VS Code configuration
["INFO" - 11:48:29 AM] Prettier Options:
{
  "arrowParens": "always",
  "bracketSpacing": true,
  "endOfLine": "lf",
  "htmlWhitespaceSensitivity": "css",
  "insertPragma": false,
  "jsxBracketSameLine": false,
  "jsxSingleQuote": false,
  "printWidth": 80,
  "proseWrap": "preserve",
  "quoteProps": "as-needed",
  "requirePragma": false,
  "semi": true,
  "singleQuote": false,
  "tabWidth": 2,
  "trailingComma": "es5",
  "useTabs": false,
  "vueIndentScriptAndStyle": false,
  "filepath": "/home/youssef/Downloads/opt/restaurant-app-v2/database/migrations/20200405144216_user.js",
  "parser": "babel"
}
["INFO" - 11:48:29 AM] Formatting completed in 115.791328ms.
["INFO" - 11:48:39 AM] Formatting /home/youssef/Downloads/opt/restaurant-app-v2/database/migrations/20200405144216_user.js
["INFO" - 11:48:39 AM] Using ignore file (if present) at /home/youssef/Downloads/opt/restaurant-app-v2/.prettierignore
["INFO" - 11:48:39 AM] Using bundled version of prettier.
["INFO" - 11:48:39 AM] File Info:
{
  "ignored": false,
  "inferredParser": "babel"
}
["INFO" - 11:48:39 AM] No local configuration (i.e. .prettierrc or .editorconfig) detected, falling back to VS Code configuration
["INFO" - 11:48:39 AM] Prettier Options:
{
  "arrowParens": "always",
  "bracketSpacing": true,
  "endOfLine": "lf",
  "htmlWhitespaceSensitivity": "css",
  "insertPragma": false,
  "jsxBracketSameLine": false,
  "jsxSingleQuote": false,
  "printWidth": 80,
  "proseWrap": "preserve",
  "quoteProps": "as-needed",
  "requirePragma": false,
  "semi": true,
  "singleQuote": false,
  "tabWidth": 2,
  "trailingComma": "es5",
  "useTabs": false,
  "vueIndentScriptAndStyle": false,
  "filepath": "/home/youssef/Downloads/opt/restaurant-app-v2/database/migrations/20200405144216_user.js",
  "parser": "babel"
}
["INFO" - 11:48:39 AM] Formatting completed in 126.904135ms.
["INFO" - 11:49:49 AM] Formatting /home/youssef/Downloads/opt/restaurant-app-v2/TODO.md
["INFO" - 11:49:49 AM] Using ignore file (if present) at /home/youssef/Downloads/opt/restaurant-app-v2/.prettierignore
["INFO" - 11:49:49 AM] Using bundled version of prettier.
["INFO" - 11:49:49 AM] File Info:
{
  "ignored": false,
  "inferredParser": "markdown"
}
["INFO" - 11:49:50 AM] No local configuration (i.e. .prettierrc or .editorconfig) detected, falling back to VS Code configuration
["INFO" - 11:49:50 AM] Prettier Options:
{
  "arrowParens": "always",
  "bracketSpacing": true,
  "endOfLine": "lf",
  "htmlWhitespaceSensitivity": "css",
  "insertPragma": false,
  "jsxBracketSameLine": false,
  "jsxSingleQuote": false,
  "printWidth": 80,
  "proseWrap": "preserve",
  "quoteProps": "as-needed",
  "requirePragma": false,
  "semi": true,
  "singleQuote": false,
  "tabWidth": 2,
  "trailingComma": "es5",
  "useTabs": false,
  "vueIndentScriptAndStyle": false,
  "filepath": "/home/youssef/Downloads/opt/restaurant-app-v2/TODO.md",
  "parser": "markdown"
}
["INFO" - 11:49:50 AM] Formatting completed in 321.55559ms.
["INFO" - 11:50:23 AM] Formatting /home/youssef/Downloads/opt/restaurant-app-v2/TODO.md
["INFO" - 11:50:23 AM] Using ignore file (if present) at /home/youssef/Downloads/opt/restaurant-app-v2/.prettierignore
["INFO" - 11:50:23 AM] Using bundled version of prettier.
["INFO" - 11:50:23 AM] File Info:
{
  "ignored": false,
  "inferredParser": "markdown"
}
["INFO" - 11:50:23 AM] No local configuration (i.e. .prettierrc or .editorconfig) detected, falling back to VS Code configuration
["INFO" - 11:50:23 AM] Prettier Options:
{
  "arrowParens": "always",
  "bracketSpacing": true,
  "endOfLine": "lf",
  "htmlWhitespaceSensitivity": "css",
  "insertPragma": false,
  "jsxBracketSameLine": false,
  "jsxSingleQuote": false,
  "printWidth": 80,
  "proseWrap": "preserve",
  "quoteProps": "as-needed",
  "requirePragma": false,
  "semi": true,
  "singleQuote": false,
  "tabWidth": 2,
  "trailingComma": "es5",
  "useTabs": false,
  "vueIndentScriptAndStyle": false,
  "filepath": "/home/youssef/Downloads/opt/restaurant-app-v2/TODO.md",
  "parser": "markdown"
}
["INFO" - 11:50:23 AM] Formatting completed in 110.99304ms.
["INFO" - 11:52:45 AM] Formatting /home/youssef/Downloads/opt/restaurant-app-v2/database/migrations/20200413114936_product.js
["INFO" - 11:52:45 AM] Using ignore file (if present) at /home/youssef/Downloads/opt/restaurant-app-v2/.prettierignore
["INFO" - 11:52:45 AM] Using bundled version of prettier.
["INFO" - 11:52:45 AM] File Info:
{
  "ignored": false,
  "inferredParser": "babel"
}
["INFO" - 11:52:45 AM] No local configuration (i.e. .prettierrc or .editorconfig) detected, falling back to VS Code configuration
["INFO" - 11:52:45 AM] Prettier Options:
{
  "arrowParens": "always",
  "bracketSpacing": true,
  "endOfLine": "lf",
  "htmlWhitespaceSensitivity": "css",
  "insertPragma": false,
  "jsxBracketSameLine": false,
  "jsxSingleQuote": false,
  "printWidth": 80,
  "proseWrap": "preserve",
  "quoteProps": "as-needed",
  "requirePragma": false,
  "semi": true,
  "singleQuote": false,
  "tabWidth": 2,
  "trailingComma": "es5",
  "useTabs": false,
  "vueIndentScriptAndStyle": false,
  "filepath": "/home/youssef/Downloads/opt/restaurant-app-v2/database/migrations/20200413114936_product.js",
  "parser": "babel"
}
["INFO" - 11:52:45 AM] Formatting completed in 137.596929ms.
["INFO" - 11:53:01 AM] Formatting /home/youssef/Downloads/opt/restaurant-app-v2/database/src/db/constants/index.js
["INFO" - 11:53:01 AM] Using ignore file (if present) at /home/youssef/Downloads/opt/restaurant-app-v2/.prettierignore
["INFO" - 11:53:01 AM] Using bundled version of prettier.
["INFO" - 11:53:01 AM] File Info:
{
  "ignored": false,
  "inferredParser": "babel"
}
["INFO" - 11:53:01 AM] No local configuration (i.e. .prettierrc or .editorconfig) detected, falling back to VS Code configuration
["INFO" - 11:53:01 AM] Prettier Options:
{
  "arrowParens": "always",
  "bracketSpacing": true,
  "endOfLine": "lf",
  "htmlWhitespaceSensitivity": "css",
  "insertPragma": false,
  "jsxBracketSameLine": false,
  "jsxSingleQuote": false,
  "printWidth": 80,
  "proseWrap": "preserve",
  "quoteProps": "as-needed",
  "requirePragma": false,
  "semi": true,
  "singleQuote": false,
  "tabWidth": 2,
  "trailingComma": "es5",
  "useTabs": false,
  "vueIndentScriptAndStyle": false,
  "filepath": "/home/youssef/Downloads/opt/restaurant-app-v2/database/src/db/constants/index.js",
  "parser": "babel"
}
["INFO" - 11:53:01 AM] Formatting completed in 104.8938ms.
["INFO" - 11:58:46 AM] Formatting /home/youssef/Downloads/opt/restaurant-app-v2/database/helpers/index.js
["INFO" - 11:58:46 AM] Using ignore file (if present) at /home/youssef/Downloads/opt/restaurant-app-v2/.prettierignore
["INFO" - 11:58:46 AM] Using bundled version of prettier.
["INFO" - 11:58:46 AM] File Info:
{
  "ignored": false,
  "inferredParser": "babel"
}
["INFO" - 11:58:46 AM] No local configuration (i.e. .prettierrc or .editorconfig) detected, falling back to VS Code configuration
["INFO" - 11:58:46 AM] Prettier Options:
{
  "arrowParens": "always",
  "bracketSpacing": true,
  "endOfLine": "lf",
  "htmlWhitespaceSensitivity": "css",
  "insertPragma": false,
  "jsxBracketSameLine": false,
  "jsxSingleQuote": false,
  "printWidth": 80,
  "proseWrap": "preserve",
  "quoteProps": "as-needed",
  "requirePragma": false,
  "semi": true,
  "singleQuote": false,
  "tabWidth": 2,
  "trailingComma": "es5",
  "useTabs": false,
  "vueIndentScriptAndStyle": false,
  "filepath": "/home/youssef/Downloads/opt/restaurant-app-v2/database/helpers/index.js",
  "parser": "babel"
}
["INFO" - 11:58:46 AM] Formatting completed in 243.125074ms.
["INFO" - 11:59:09 AM] Formatting /home/youssef/Downloads/opt/restaurant-app-v2/database/migrations/20200405144216_user.js
["INFO" - 11:59:09 AM] Using ignore file (if present) at /home/youssef/Downloads/opt/restaurant-app-v2/.prettierignore
["INFO" - 11:59:09 AM] Using bundled version of prettier.
["INFO" - 11:59:09 AM] File Info:
{
  "ignored": false,
  "inferredParser": "babel"
}
["INFO" - 11:59:09 AM] No local configuration (i.e. .prettierrc or .editorconfig) detected, falling back to VS Code configuration
["INFO" - 11:59:09 AM] Prettier Options:
{
  "arrowParens": "always",
  "bracketSpacing": true,
  "endOfLine": "lf",
  "htmlWhitespaceSensitivity": "css",
  "insertPragma": false,
  "jsxBracketSameLine": false,
  "jsxSingleQuote": false,
  "printWidth": 80,
  "proseWrap": "preserve",
  "quoteProps": "as-needed",
  "requirePragma": false,
  "semi": true,
  "singleQuote": false,
  "tabWidth": 2,
  "trailingComma": "es5",
  "useTabs": false,
  "vueIndentScriptAndStyle": false,
  "filepath": "/home/youssef/Downloads/opt/restaurant-app-v2/database/migrations/20200405144216_user.js",
  "parser": "babel"
}
["INFO" - 11:59:09 AM] Formatting completed in 115.224005ms.
["INFO" - 12:00:03 PM] Formatting /home/youssef/Downloads/opt/restaurant-app-v2/database/migrations/20200413114936_product.js
["INFO" - 12:00:03 PM] Using ignore file (if present) at /home/youssef/Downloads/opt/restaurant-app-v2/.prettierignore
["INFO" - 12:00:03 PM] Using bundled version of prettier.
["INFO" - 12:00:03 PM] File Info:
{
  "ignored": false,
  "inferredParser": "babel"
}
["INFO" - 12:00:03 PM] No local configuration (i.e. .prettierrc or .editorconfig) detected, falling back to VS Code configuration
["INFO" - 12:00:03 PM] Prettier Options:
{
  "arrowParens": "always",
  "bracketSpacing": true,
  "endOfLine": "lf",
  "htmlWhitespaceSensitivity": "css",
  "insertPragma": false,
  "jsxBracketSameLine": false,
  "jsxSingleQuote": false,
  "printWidth": 80,
  "proseWrap": "preserve",
  "quoteProps": "as-needed",
  "requirePragma": false,
  "semi": true,
  "singleQuote": false,
  "tabWidth": 2,
  "trailingComma": "es5",
  "useTabs": false,
  "vueIndentScriptAndStyle": false,
  "filepath": "/home/youssef/Downloads/opt/restaurant-app-v2/database/migrations/20200413114936_product.js",
  "parser": "babel"
}
["INFO" - 12:00:03 PM] Formatting completed in 128.630329ms.
["INFO" - 12:00:08 PM] Formatting /home/youssef/Downloads/opt/restaurant-app-v2/database/migrations/20200413114936_product.js
["INFO" - 12:00:08 PM] Using ignore file (if present) at /home/youssef/Downloads/opt/restaurant-app-v2/.prettierignore
["INFO" - 12:00:08 PM] Using bundled version of prettier.
["INFO" - 12:00:08 PM] File Info:
{
  "ignored": false,
  "inferredParser": "babel"
}
["INFO" - 12:00:08 PM] No local configuration (i.e. .prettierrc or .editorconfig) detected, falling back to VS Code configuration
["INFO" - 12:00:08 PM] Prettier Options:
{
  "arrowParens": "always",
  "bracketSpacing": true,
  "endOfLine": "lf",
  "htmlWhitespaceSensitivity": "css",
  "insertPragma": false,
  "jsxBracketSameLine": false,
  "jsxSingleQuote": false,
  "printWidth": 80,
  "proseWrap": "preserve",
  "quoteProps": "as-needed",
  "requirePragma": false,
  "semi": true,
  "singleQuote": false,
  "tabWidth": 2,
  "trailingComma": "es5",
  "useTabs": false,
  "vueIndentScriptAndStyle": false,
  "filepath": "/home/youssef/Downloads/opt/restaurant-app-v2/database/migrations/20200413114936_product.js",
  "parser": "babel"
}
["INFO" - 12:00:08 PM] Formatting completed in 197.759373ms.
["INFO" - 12:02:36 PM] Formatting /home/youssef/Downloads/opt/restaurant-app-v2/database/helpers/index.js
["INFO" - 12:02:36 PM] Using ignore file (if present) at /home/youssef/Downloads/opt/restaurant-app-v2/.prettierignore
["INFO" - 12:02:36 PM] Using bundled version of prettier.
["INFO" - 12:02:36 PM] File Info:
{
  "ignored": false,
  "inferredParser": "babel"
}
["INFO" - 12:02:36 PM] No local configuration (i.e. .prettierrc or .editorconfig) detected, falling back to VS Code configuration
["INFO" - 12:02:36 PM] Prettier Options:
{
  "arrowParens": "always",
  "bracketSpacing": true,
  "endOfLine": "lf",
  "htmlWhitespaceSensitivity": "css",
  "insertPragma": false,
  "jsxBracketSameLine": false,
  "jsxSingleQuote": false,
  "printWidth": 80,
  "proseWrap": "preserve",
  "quoteProps": "as-needed",
  "requirePragma": false,
  "semi": true,
  "singleQuote": false,
  "tabWidth": 2,
  "trailingComma": "es5",
  "useTabs": false,
  "vueIndentScriptAndStyle": false,
  "filepath": "/home/youssef/Downloads/opt/restaurant-app-v2/database/helpers/index.js",
  "parser": "babel"
}
["INFO" - 12:02:36 PM] Formatting completed in 189.410007ms.
["INFO" - 12:02:39 PM] Formatting /home/youssef/Downloads/opt/restaurant-app-v2/database/migrations/20200413114936_product.js
["INFO" - 12:02:39 PM] Using ignore file (if present) at /home/youssef/Downloads/opt/restaurant-app-v2/.prettierignore
["INFO" - 12:02:39 PM] Using bundled version of prettier.
["INFO" - 12:02:39 PM] File Info:
{
  "ignored": false,
  "inferredParser": "babel"
}
["INFO" - 12:02:39 PM] No local configuration (i.e. .prettierrc or .editorconfig) detected, falling back to VS Code configuration
["INFO" - 12:02:39 PM] Prettier Options:
{
  "arrowParens": "always",
  "bracketSpacing": true,
  "endOfLine": "lf",
  "htmlWhitespaceSensitivity": "css",
  "insertPragma": false,
  "jsxBracketSameLine": false,
  "jsxSingleQuote": false,
  "printWidth": 80,
  "proseWrap": "preserve",
  "quoteProps": "as-needed",
  "requirePragma": false,
  "semi": true,
  "singleQuote": false,
  "tabWidth": 2,
  "trailingComma": "es5",
  "useTabs": false,
  "vueIndentScriptAndStyle": false,
  "filepath": "/home/youssef/Downloads/opt/restaurant-app-v2/database/migrations/20200413114936_product.js",
  "parser": "babel"
}
["INFO" - 12:02:39 PM] Formatting completed in 130.663003ms.
["INFO" - 12:04:17 PM] Formatting /home/youssef/Downloads/opt/restaurant-app-v2/database/migrations/20200413120320_add_product_to_user.js
["INFO" - 12:04:17 PM] Using ignore file (if present) at /home/youssef/Downloads/opt/restaurant-app-v2/.prettierignore
["INFO" - 12:04:17 PM] Using bundled version of prettier.
["INFO" - 12:04:17 PM] File Info:
{
  "ignored": false,
  "inferredParser": "babel"
}
["INFO" - 12:04:17 PM] No local configuration (i.e. .prettierrc or .editorconfig) detected, falling back to VS Code configuration
["INFO" - 12:04:17 PM] Prettier Options:
{
  "arrowParens": "always",
  "bracketSpacing": true,
  "endOfLine": "lf",
  "htmlWhitespaceSensitivity": "css",
  "insertPragma": false,
  "jsxBracketSameLine": false,
  "jsxSingleQuote": false,
  "printWidth": 80,
  "proseWrap": "preserve",
  "quoteProps": "as-needed",
  "requirePragma": false,
  "semi": true,
  "singleQuote": false,
  "tabWidth": 2,
  "trailingComma": "es5",
  "useTabs": false,
  "vueIndentScriptAndStyle": false,
  "filepath": "/home/youssef/Downloads/opt/restaurant-app-v2/database/migrations/20200413120320_add_product_to_user.js",
  "parser": "babel"
}
["INFO" - 12:04:17 PM] Formatting completed in 90.055981ms.
["INFO" - 12:04:40 PM] Formatting /home/youssef/Downloads/opt/restaurant-app-v2/database/migrations/20200405144216_user.js
["INFO" - 12:04:40 PM] Using ignore file (if present) at /home/youssef/Downloads/opt/restaurant-app-v2/.prettierignore
["INFO" - 12:04:40 PM] Using bundled version of prettier.
["INFO" - 12:04:40 PM] File Info:
{
  "ignored": false,
  "inferredParser": "babel"
}
["INFO" - 12:04:40 PM] No local configuration (i.e. .prettierrc or .editorconfig) detected, falling back to VS Code configuration
["INFO" - 12:04:40 PM] Prettier Options:
{
  "arrowParens": "always",
  "bracketSpacing": true,
  "endOfLine": "lf",
  "htmlWhitespaceSensitivity": "css",
  "insertPragma": false,
  "jsxBracketSameLine": false,
  "jsxSingleQuote": false,
  "printWidth": 80,
  "proseWrap": "preserve",
  "quoteProps": "as-needed",
  "requirePragma": false,
  "semi": true,
  "singleQuote": false,
  "tabWidth": 2,
  "trailingComma": "es5",
  "useTabs": false,
  "vueIndentScriptAndStyle": false,
  "filepath": "/home/youssef/Downloads/opt/restaurant-app-v2/database/migrations/20200405144216_user.js",
  "parser": "babel"
}
["INFO" - 12:04:40 PM] Formatting completed in 124.451732ms.
["INFO" - 12:04:44 PM] Formatting /home/youssef/Downloads/opt/restaurant-app-v2/database/migrations/20200413120320_add_product_to_user.js
["INFO" - 12:04:44 PM] Using ignore file (if present) at /home/youssef/Downloads/opt/restaurant-app-v2/.prettierignore
["INFO" - 12:04:44 PM] Using bundled version of prettier.
["INFO" - 12:04:44 PM] File Info:
{
  "ignored": false,
  "inferredParser": "babel"
}
["INFO" - 12:04:44 PM] No local configuration (i.e. .prettierrc or .editorconfig) detected, falling back to VS Code configuration
["INFO" - 12:04:44 PM] Prettier Options:
{
  "arrowParens": "always",
  "bracketSpacing": true,
  "endOfLine": "lf",
  "htmlWhitespaceSensitivity": "css",
  "insertPragma": false,
  "jsxBracketSameLine": false,
  "jsxSingleQuote": false,
  "printWidth": 80,
  "proseWrap": "preserve",
  "quoteProps": "as-needed",
  "requirePragma": false,
  "semi": true,
  "singleQuote": false,
  "tabWidth": 2,
  "trailingComma": "es5",
  "useTabs": false,
  "vueIndentScriptAndStyle": false,
  "filepath": "/home/youssef/Downloads/opt/restaurant-app-v2/database/migrations/20200413120320_add_product_to_user.js",
  "parser": "babel"
}
["INFO" - 12:04:44 PM] Formatting completed in 157.916237ms.
["INFO" - 12:07:08 PM] Formatting /home/youssef/Downloads/opt/restaurant-app-v2/database/migrations/20200406111106_add_role_id_to_user.js
["INFO" - 12:07:08 PM] Using ignore file (if present) at /home/youssef/Downloads/opt/restaurant-app-v2/.prettierignore
["INFO" - 12:07:08 PM] Using bundled version of prettier.
["INFO" - 12:07:08 PM] File Info:
{
  "ignored": false,
  "inferredParser": "babel"
}
["INFO" - 12:07:08 PM] No local configuration (i.e. .prettierrc or .editorconfig) detected, falling back to VS Code configuration
["INFO" - 12:07:08 PM] Prettier Options:
{
  "arrowParens": "always",
  "bracketSpacing": true,
  "endOfLine": "lf",
  "htmlWhitespaceSensitivity": "css",
  "insertPragma": false,
  "jsxBracketSameLine": false,
  "jsxSingleQuote": false,
  "printWidth": 80,
  "proseWrap": "preserve",
  "quoteProps": "as-needed",
  "requirePragma": false,
  "semi": true,
  "singleQuote": false,
  "tabWidth": 2,
  "trailingComma": "es5",
  "useTabs": false,
  "vueIndentScriptAndStyle": false,
  "filepath": "/home/youssef/Downloads/opt/restaurant-app-v2/database/migrations/20200406111106_add_role_id_to_user.js",
  "parser": "babel"
}
["INFO" - 12:07:08 PM] Formatting completed in 77.444292ms.
["INFO" - 12:07:36 PM] Formatting /home/youssef/Downloads/opt/restaurant-app-v2/database/migrations/20200413120555_add_product_category_to_product.js
["INFO" - 12:07:36 PM] Using ignore file (if present) at /home/youssef/Downloads/opt/restaurant-app-v2/.prettierignore
["INFO" - 12:07:36 PM] Using bundled version of prettier.
["INFO" - 12:07:36 PM] File Info:
{
  "ignored": false,
  "inferredParser": "babel"
}
["INFO" - 12:07:36 PM] No local configuration (i.e. .prettierrc or .editorconfig) detected, falling back to VS Code configuration
["INFO" - 12:07:36 PM] Prettier Options:
{
  "arrowParens": "always",
  "bracketSpacing": true,
  "endOfLine": "lf",
  "htmlWhitespaceSensitivity": "css",
  "insertPragma": false,
  "jsxBracketSameLine": false,
  "jsxSingleQuote": false,
  "printWidth": 80,
  "proseWrap": "preserve",
  "quoteProps": "as-needed",
  "requirePragma": false,
  "semi": true,
  "singleQuote": false,
  "tabWidth": 2,
  "trailingComma": "es5",
  "useTabs": false,
  "vueIndentScriptAndStyle": false,
  "filepath": "/home/youssef/Downloads/opt/restaurant-app-v2/database/migrations/20200413120555_add_product_category_to_product.js",
  "parser": "babel"
}
["INFO" - 12:07:36 PM] Formatting completed in 100.355649ms.
["INFO" - 12:07:51 PM] Formatting /home/youssef/Downloads/opt/restaurant-app-v2/database/migrations/20200413114936_product.js
["INFO" - 12:07:51 PM] Using ignore file (if present) at /home/youssef/Downloads/opt/restaurant-app-v2/.prettierignore
["INFO" - 12:07:51 PM] Using bundled version of prettier.
["INFO" - 12:07:51 PM] File Info:
{
  "ignored": false,
  "inferredParser": "babel"
}
["INFO" - 12:07:51 PM] No local configuration (i.e. .prettierrc or .editorconfig) detected, falling back to VS Code configuration
["INFO" - 12:07:51 PM] Prettier Options:
{
  "arrowParens": "always",
  "bracketSpacing": true,
  "endOfLine": "lf",
  "htmlWhitespaceSensitivity": "css",
  "insertPragma": false,
  "jsxBracketSameLine": false,
  "jsxSingleQuote": false,
  "printWidth": 80,
  "proseWrap": "preserve",
  "quoteProps": "as-needed",
  "requirePragma": false,
  "semi": true,
  "singleQuote": false,
  "tabWidth": 2,
  "trailingComma": "es5",
  "useTabs": false,
  "vueIndentScriptAndStyle": false,
  "filepath": "/home/youssef/Downloads/opt/restaurant-app-v2/database/migrations/20200413114936_product.js",
  "parser": "babel"
}
["INFO" - 12:07:51 PM] Formatting completed in 123.313572ms.
["INFO" - 12:08:38 PM] Formatting /home/youssef/Downloads/opt/restaurant-app-v2/database/src/db/constants/index.js
["INFO" - 12:08:38 PM] Using ignore file (if present) at /home/youssef/Downloads/opt/restaurant-app-v2/.prettierignore
["INFO" - 12:08:38 PM] Using bundled version of prettier.
["INFO" - 12:08:38 PM] File Info:
{
  "ignored": false,
  "inferredParser": "babel"
}
["INFO" - 12:08:38 PM] No local configuration (i.e. .prettierrc or .editorconfig) detected, falling back to VS Code configuration
["INFO" - 12:08:38 PM] Prettier Options:
{
  "arrowParens": "always",
  "bracketSpacing": true,
  "endOfLine": "lf",
  "htmlWhitespaceSensitivity": "css",
  "insertPragma": false,
  "jsxBracketSameLine": false,
  "jsxSingleQuote": false,
  "printWidth": 80,
  "proseWrap": "preserve",
  "quoteProps": "as-needed",
  "requirePragma": false,
  "semi": true,
  "singleQuote": false,
  "tabWidth": 2,
  "trailingComma": "es5",
  "useTabs": false,
  "vueIndentScriptAndStyle": false,
  "filepath": "/home/youssef/Downloads/opt/restaurant-app-v2/database/src/db/constants/index.js",
  "parser": "babel"
}
["INFO" - 12:08:38 PM] Formatting completed in 108.75265ms.
["INFO" - 12:09:24 PM] Formatting /home/youssef/Downloads/opt/restaurant-app-v2/database/migrations/20200413120802_team.js
["INFO" - 12:09:24 PM] Using ignore file (if present) at /home/youssef/Downloads/opt/restaurant-app-v2/.prettierignore
["INFO" - 12:09:24 PM] Using bundled version of prettier.
["INFO" - 12:09:24 PM] File Info:
{
  "ignored": false,
  "inferredParser": "babel"
}
["INFO" - 12:09:25 PM] No local configuration (i.e. .prettierrc or .editorconfig) detected, falling back to VS Code configuration
["INFO" - 12:09:25 PM] Prettier Options:
{
  "arrowParens": "always",
  "bracketSpacing": true,
  "endOfLine": "lf",
  "htmlWhitespaceSensitivity": "css",
  "insertPragma": false,
  "jsxBracketSameLine": false,
  "jsxSingleQuote": false,
  "printWidth": 80,
  "proseWrap": "preserve",
  "quoteProps": "as-needed",
  "requirePragma": false,
  "semi": true,
  "singleQuote": false,
  "tabWidth": 2,
  "trailingComma": "es5",
  "useTabs": false,
  "vueIndentScriptAndStyle": false,
  "filepath": "/home/youssef/Downloads/opt/restaurant-app-v2/database/migrations/20200413120802_team.js",
  "parser": "babel"
}
["INFO" - 12:09:25 PM] Formatting completed in 97.640818ms.
["INFO" - 12:09:26 PM] Formatting /home/youssef/Downloads/opt/restaurant-app-v2/database/migrations/20200413114936_product.js
["INFO" - 12:09:26 PM] Using ignore file (if present) at /home/youssef/Downloads/opt/restaurant-app-v2/.prettierignore
["INFO" - 12:09:26 PM] Using bundled version of prettier.
["INFO" - 12:09:26 PM] File Info:
{
  "ignored": false,
  "inferredParser": "babel"
}
["INFO" - 12:09:27 PM] No local configuration (i.e. .prettierrc or .editorconfig) detected, falling back to VS Code configuration
["INFO" - 12:09:27 PM] Prettier Options:
{
  "arrowParens": "always",
  "bracketSpacing": true,
  "endOfLine": "lf",
  "htmlWhitespaceSensitivity": "css",
  "insertPragma": false,
  "jsxBracketSameLine": false,
  "jsxSingleQuote": false,
  "printWidth": 80,
  "proseWrap": "preserve",
  "quoteProps": "as-needed",
  "requirePragma": false,
  "semi": true,
  "singleQuote": false,
  "tabWidth": 2,
  "trailingComma": "es5",
  "useTabs": false,
  "vueIndentScriptAndStyle": false,
  "filepath": "/home/youssef/Downloads/opt/restaurant-app-v2/database/migrations/20200413114936_product.js",
  "parser": "babel"
}
["INFO" - 12:09:27 PM] Formatting completed in 363.694494ms.
["INFO" - 12:09:29 PM] Formatting /home/youssef/Downloads/opt/restaurant-app-v2/database/migrations/20200413120555_add_product_category_to_product.js
["INFO" - 12:09:29 PM] Using ignore file (if present) at /home/youssef/Downloads/opt/restaurant-app-v2/.prettierignore
["INFO" - 12:09:29 PM] Using bundled version of prettier.
["INFO" - 12:09:29 PM] File Info:
{
  "ignored": false,
  "inferredParser": "babel"
}
["INFO" - 12:09:29 PM] No local configuration (i.e. .prettierrc or .editorconfig) detected, falling back to VS Code configuration
["INFO" - 12:09:29 PM] Prettier Options:
{
  "arrowParens": "always",
  "bracketSpacing": true,
  "endOfLine": "lf",
  "htmlWhitespaceSensitivity": "css",
  "insertPragma": false,
  "jsxBracketSameLine": false,
  "jsxSingleQuote": false,
  "printWidth": 80,
  "proseWrap": "preserve",
  "quoteProps": "as-needed",
  "requirePragma": false,
  "semi": true,
  "singleQuote": false,
  "tabWidth": 2,
  "trailingComma": "es5",
  "useTabs": false,
  "vueIndentScriptAndStyle": false,
  "filepath": "/home/youssef/Downloads/opt/restaurant-app-v2/database/migrations/20200413120555_add_product_category_to_product.js",
  "parser": "babel"
}
["INFO" - 12:09:29 PM] Formatting completed in 192.860813ms.
["INFO" - 12:09:57 PM] Formatting /home/youssef/Downloads/opt/restaurant-app-v2/TODO.md
["INFO" - 12:09:57 PM] Using ignore file (if present) at /home/youssef/Downloads/opt/restaurant-app-v2/.prettierignore
["INFO" - 12:09:57 PM] Using bundled version of prettier.
["INFO" - 12:09:57 PM] File Info:
{
  "ignored": false,
  "inferredParser": "markdown"
}
["INFO" - 12:09:57 PM] No local configuration (i.e. .prettierrc or .editorconfig) detected, falling back to VS Code configuration
["INFO" - 12:09:57 PM] Prettier Options:
{
  "arrowParens": "always",
  "bracketSpacing": true,
  "endOfLine": "lf",
  "htmlWhitespaceSensitivity": "css",
  "insertPragma": false,
  "jsxBracketSameLine": false,
  "jsxSingleQuote": false,
  "printWidth": 80,
  "proseWrap": "preserve",
  "quoteProps": "as-needed",
  "requirePragma": false,
  "semi": true,
  "singleQuote": false,
  "tabWidth": 2,
  "trailingComma": "es5",
  "useTabs": false,
  "vueIndentScriptAndStyle": false,
  "filepath": "/home/youssef/Downloads/opt/restaurant-app-v2/TODO.md",
  "parser": "markdown"
}
["INFO" - 12:09:57 PM] Formatting completed in 137.062889ms.
["INFO" - 12:11:09 PM] Formatting /home/youssef/Downloads/opt/restaurant-app-v2/database/migrations/20200413120802_team.js
["INFO" - 12:11:09 PM] Using ignore file (if present) at /home/youssef/Downloads/opt/restaurant-app-v2/.prettierignore
["INFO" - 12:11:09 PM] Using bundled version of prettier.
["INFO" - 12:11:09 PM] File Info:
{
  "ignored": false,
  "inferredParser": "babel"
}
["INFO" - 12:11:09 PM] No local configuration (i.e. .prettierrc or .editorconfig) detected, falling back to VS Code configuration
["INFO" - 12:11:09 PM] Prettier Options:
{
  "arrowParens": "always",
  "bracketSpacing": true,
  "endOfLine": "lf",
  "htmlWhitespaceSensitivity": "css",
  "insertPragma": false,
  "jsxBracketSameLine": false,
  "jsxSingleQuote": false,
  "printWidth": 80,
  "proseWrap": "preserve",
  "quoteProps": "as-needed",
  "requirePragma": false,
  "semi": true,
  "singleQuote": false,
  "tabWidth": 2,
  "trailingComma": "es5",
  "useTabs": false,
  "vueIndentScriptAndStyle": false,
  "filepath": "/home/youssef/Downloads/opt/restaurant-app-v2/database/migrations/20200413120802_team.js",
  "parser": "babel"
}
["INFO" - 12:11:09 PM] Formatting completed in 166.270278ms.
["INFO" - 12:11:44 PM] Formatting /home/youssef/Downloads/opt/restaurant-app-v2/database/helpers/index.js
["INFO" - 12:11:44 PM] Using ignore file (if present) at /home/youssef/Downloads/opt/restaurant-app-v2/.prettierignore
["INFO" - 12:11:44 PM] Using bundled version of prettier.
["INFO" - 12:11:44 PM] File Info:
{
  "ignored": false,
  "inferredParser": "babel"
}
["INFO" - 12:11:44 PM] No local configuration (i.e. .prettierrc or .editorconfig) detected, falling back to VS Code configuration
["INFO" - 12:11:44 PM] Prettier Options:
{
  "arrowParens": "always",
  "bracketSpacing": true,
  "endOfLine": "lf",
  "htmlWhitespaceSensitivity": "css",
  "insertPragma": false,
  "jsxBracketSameLine": false,
  "jsxSingleQuote": false,
  "printWidth": 80,
  "proseWrap": "preserve",
  "quoteProps": "as-needed",
  "requirePragma": false,
  "semi": true,
  "singleQuote": false,
  "tabWidth": 2,
  "trailingComma": "es5",
  "useTabs": false,
  "vueIndentScriptAndStyle": false,
  "filepath": "/home/youssef/Downloads/opt/restaurant-app-v2/database/helpers/index.js",
  "parser": "babel"
}
["INFO" - 12:11:44 PM] Formatting completed in 199.607026ms.
["INFO" - 12:12:01 PM] Formatting /home/youssef/Downloads/opt/restaurant-app-v2/database/migrations/20200405144216_user.js
["INFO" - 12:12:01 PM] Using ignore file (if present) at /home/youssef/Downloads/opt/restaurant-app-v2/.prettierignore
["INFO" - 12:12:01 PM] Using bundled version of prettier.
["INFO" - 12:12:01 PM] File Info:
{
  "ignored": false,
  "inferredParser": "babel"
}
["INFO" - 12:12:01 PM] No local configuration (i.e. .prettierrc or .editorconfig) detected, falling back to VS Code configuration
["INFO" - 12:12:01 PM] Prettier Options:
{
  "arrowParens": "always",
  "bracketSpacing": true,
  "endOfLine": "lf",
  "htmlWhitespaceSensitivity": "css",
  "insertPragma": false,
  "jsxBracketSameLine": false,
  "jsxSingleQuote": false,
  "printWidth": 80,
  "proseWrap": "preserve",
  "quoteProps": "as-needed",
  "requirePragma": false,
  "semi": true,
  "singleQuote": false,
  "tabWidth": 2,
  "trailingComma": "es5",
  "useTabs": false,
  "vueIndentScriptAndStyle": false,
  "filepath": "/home/youssef/Downloads/opt/restaurant-app-v2/database/migrations/20200405144216_user.js",
  "parser": "babel"
}
["INFO" - 12:12:01 PM] Formatting completed in 131.360983ms.
["INFO" - 12:13:06 PM] Formatting /home/youssef/Downloads/opt/restaurant-app-v2/database/helpers/index.js
["INFO" - 12:13:06 PM] Using ignore file (if present) at /home/youssef/Downloads/opt/restaurant-app-v2/.prettierignore
["INFO" - 12:13:06 PM] Using bundled version of prettier.
["INFO" - 12:13:06 PM] File Info:
{
  "ignored": false,
  "inferredParser": "babel"
}
["INFO" - 12:13:06 PM] No local configuration (i.e. .prettierrc or .editorconfig) detected, falling back to VS Code configuration
["INFO" - 12:13:06 PM] Prettier Options:
{
  "arrowParens": "always",
  "bracketSpacing": true,
  "endOfLine": "lf",
  "htmlWhitespaceSensitivity": "css",
  "insertPragma": false,
  "jsxBracketSameLine": false,
  "jsxSingleQuote": false,
  "printWidth": 80,
  "proseWrap": "preserve",
  "quoteProps": "as-needed",
  "requirePragma": false,
  "semi": true,
  "singleQuote": false,
  "tabWidth": 2,
  "trailingComma": "es5",
  "useTabs": false,
  "vueIndentScriptAndStyle": false,
  "filepath": "/home/youssef/Downloads/opt/restaurant-app-v2/database/helpers/index.js",
  "parser": "babel"
}
["INFO" - 12:13:06 PM] Formatting completed in 134.192758ms.
["INFO" - 12:13:37 PM] Formatting /home/youssef/Downloads/opt/restaurant-app-v2/database/migrations/20200405144216_user.js
["INFO" - 12:13:37 PM] Using ignore file (if present) at /home/youssef/Downloads/opt/restaurant-app-v2/.prettierignore
["INFO" - 12:13:37 PM] Using bundled version of prettier.
["INFO" - 12:13:37 PM] File Info:
{
  "ignored": false,
  "inferredParser": "babel"
}
["INFO" - 12:13:37 PM] No local configuration (i.e. .prettierrc or .editorconfig) detected, falling back to VS Code configuration
["INFO" - 12:13:37 PM] Prettier Options:
{
  "arrowParens": "always",
  "bracketSpacing": true,
  "endOfLine": "lf",
  "htmlWhitespaceSensitivity": "css",
  "insertPragma": false,
  "jsxBracketSameLine": false,
  "jsxSingleQuote": false,
  "printWidth": 80,
  "proseWrap": "preserve",
  "quoteProps": "as-needed",
  "requirePragma": false,
  "semi": true,
  "singleQuote": false,
  "tabWidth": 2,
  "trailingComma": "es5",
  "useTabs": false,
  "vueIndentScriptAndStyle": false,
  "filepath": "/home/youssef/Downloads/opt/restaurant-app-v2/database/migrations/20200405144216_user.js",
  "parser": "babel"
}
["INFO" - 12:13:37 PM] Formatting completed in 133.356639ms.
["INFO" - 12:14:08 PM] Formatting /home/youssef/Downloads/opt/restaurant-app-v2/database/migrations/20200413120802_team.js
["INFO" - 12:14:08 PM] Using ignore file (if present) at /home/youssef/Downloads/opt/restaurant-app-v2/.prettierignore
["INFO" - 12:14:08 PM] Using bundled version of prettier.
["INFO" - 12:14:08 PM] File Info:
{
  "ignored": false,
  "inferredParser": "babel"
}
["INFO" - 12:14:08 PM] No local configuration (i.e. .prettierrc or .editorconfig) detected, falling back to VS Code configuration
["INFO" - 12:14:08 PM] Prettier Options:
{
  "arrowParens": "always",
  "bracketSpacing": true,
  "endOfLine": "lf",
  "htmlWhitespaceSensitivity": "css",
  "insertPragma": false,
  "jsxBracketSameLine": false,
  "jsxSingleQuote": false,
  "printWidth": 80,
  "proseWrap": "preserve",
  "quoteProps": "as-needed",
  "requirePragma": false,
  "semi": true,
  "singleQuote": false,
  "tabWidth": 2,
  "trailingComma": "es5",
  "useTabs": false,
  "vueIndentScriptAndStyle": false,
  "filepath": "/home/youssef/Downloads/opt/restaurant-app-v2/database/migrations/20200413120802_team.js",
  "parser": "babel"
}
["INFO" - 12:14:08 PM] Formatting completed in 153.655429ms.
["INFO" - 12:14:33 PM] Formatting /home/youssef/Downloads/opt/restaurant-app-v2/database/migrations/20200413121418_position.js
["INFO" - 12:14:33 PM] Using ignore file (if present) at /home/youssef/Downloads/opt/restaurant-app-v2/.prettierignore
["INFO" - 12:14:33 PM] Using bundled version of prettier.
["INFO" - 12:14:33 PM] File Info:
{
  "ignored": false,
  "inferredParser": "babel"
}
["INFO" - 12:14:33 PM] No local configuration (i.e. .prettierrc or .editorconfig) detected, falling back to VS Code configuration
["INFO" - 12:14:33 PM] Prettier Options:
{
  "arrowParens": "always",
  "bracketSpacing": true,
  "endOfLine": "lf",
  "htmlWhitespaceSensitivity": "css",
  "insertPragma": false,
  "jsxBracketSameLine": false,
  "jsxSingleQuote": false,
  "printWidth": 80,
  "proseWrap": "preserve",
  "quoteProps": "as-needed",
  "requirePragma": false,
  "semi": true,
  "singleQuote": false,
  "tabWidth": 2,
  "trailingComma": "es5",
  "useTabs": false,
  "vueIndentScriptAndStyle": false,
  "filepath": "/home/youssef/Downloads/opt/restaurant-app-v2/database/migrations/20200413121418_position.js",
  "parser": "babel"
}
["INFO" - 12:14:33 PM] Formatting completed in 235.591423ms.
["INFO" - 12:15:43 PM] Formatting /home/youssef/Downloads/opt/restaurant-app-v2/database/migrations/20200413121418_position.js
["INFO" - 12:15:43 PM] Using ignore file (if present) at /home/youssef/Downloads/opt/restaurant-app-v2/.prettierignore
["INFO" - 12:15:43 PM] Using bundled version of prettier.
["INFO" - 12:15:43 PM] File Info:
{
  "ignored": false,
  "inferredParser": "babel"
}
["INFO" - 12:15:43 PM] No local configuration (i.e. .prettierrc or .editorconfig) detected, falling back to VS Code configuration
["INFO" - 12:15:43 PM] Prettier Options:
{
  "arrowParens": "always",
  "bracketSpacing": true,
  "endOfLine": "lf",
  "htmlWhitespaceSensitivity": "css",
  "insertPragma": false,
  "jsxBracketSameLine": false,
  "jsxSingleQuote": false,
  "printWidth": 80,
  "proseWrap": "preserve",
  "quoteProps": "as-needed",
  "requirePragma": false,
  "semi": true,
  "singleQuote": false,
  "tabWidth": 2,
  "trailingComma": "es5",
  "useTabs": false,
  "vueIndentScriptAndStyle": false,
  "filepath": "/home/youssef/Downloads/opt/restaurant-app-v2/database/migrations/20200413121418_position.js",
  "parser": "babel"
}
["INFO" - 12:15:43 PM] Formatting completed in 86.950413ms.
["INFO" - 12:15:56 PM] Formatting /home/youssef/Downloads/opt/restaurant-app-v2/database/src/db/tableNames/index.js
["INFO" - 12:15:56 PM] Using ignore file (if present) at /home/youssef/Downloads/opt/restaurant-app-v2/.prettierignore
["INFO" - 12:15:56 PM] Using bundled version of prettier.
["INFO" - 12:15:56 PM] File Info:
{
  "ignored": false,
  "inferredParser": "babel"
}
["INFO" - 12:15:56 PM] No local configuration (i.e. .prettierrc or .editorconfig) detected, falling back to VS Code configuration
["INFO" - 12:15:56 PM] Prettier Options:
{
  "arrowParens": "always",
  "bracketSpacing": true,
  "endOfLine": "lf",
  "htmlWhitespaceSensitivity": "css",
  "insertPragma": false,
  "jsxBracketSameLine": false,
  "jsxSingleQuote": false,
  "printWidth": 80,
  "proseWrap": "preserve",
  "quoteProps": "as-needed",
  "requirePragma": false,
  "semi": true,
  "singleQuote": false,
  "tabWidth": 2,
  "trailingComma": "es5",
  "useTabs": false,
  "vueIndentScriptAndStyle": false,
  "filepath": "/home/youssef/Downloads/opt/restaurant-app-v2/database/src/db/tableNames/index.js",
  "parser": "babel"
}
["INFO" - 12:15:56 PM] Formatting completed in 74.13758ms.
["INFO" - 12:16:40 PM] Formatting /home/youssef/Downloads/opt/restaurant-app-v2/database/helpers/index.js
["INFO" - 12:16:40 PM] Using ignore file (if present) at /home/youssef/Downloads/opt/restaurant-app-v2/.prettierignore
["INFO" - 12:16:40 PM] Using bundled version of prettier.
["INFO" - 12:16:40 PM] File Info:
{
  "ignored": false,
  "inferredParser": "babel"
}
["INFO" - 12:16:40 PM] No local configuration (i.e. .prettierrc or .editorconfig) detected, falling back to VS Code configuration
["INFO" - 12:16:40 PM] Prettier Options:
{
  "arrowParens": "always",
  "bracketSpacing": true,
  "endOfLine": "lf",
  "htmlWhitespaceSensitivity": "css",
  "insertPragma": false,
  "jsxBracketSameLine": false,
  "jsxSingleQuote": false,
  "printWidth": 80,
  "proseWrap": "preserve",
  "quoteProps": "as-needed",
  "requirePragma": false,
  "semi": true,
  "singleQuote": false,
  "tabWidth": 2,
  "trailingComma": "es5",
  "useTabs": false,
  "vueIndentScriptAndStyle": false,
  "filepath": "/home/youssef/Downloads/opt/restaurant-app-v2/database/helpers/index.js",
  "parser": "babel"
}
["INFO" - 12:16:40 PM] Formatting completed in 171.730934ms.
["INFO" - 12:18:21 PM] Formatting /home/youssef/Downloads/opt/restaurant-app-v2/database/migrations/20200409184836_product_category.js
["INFO" - 12:18:21 PM] Using ignore file (if present) at /home/youssef/Downloads/opt/restaurant-app-v2/.prettierignore
["INFO" - 12:18:21 PM] Using bundled version of prettier.
["INFO" - 12:18:21 PM] File Info:
{
  "ignored": false,
  "inferredParser": "babel"
}
["INFO" - 12:18:21 PM] No local configuration (i.e. .prettierrc or .editorconfig) detected, falling back to VS Code configuration
["INFO" - 12:18:21 PM] Prettier Options:
{
  "arrowParens": "always",
  "bracketSpacing": true,
  "endOfLine": "lf",
  "htmlWhitespaceSensitivity": "css",
  "insertPragma": false,
  "jsxBracketSameLine": false,
  "jsxSingleQuote": false,
  "printWidth": 80,
  "proseWrap": "preserve",
  "quoteProps": "as-needed",
  "requirePragma": false,
  "semi": true,
  "singleQuote": false,
  "tabWidth": 2,
  "trailingComma": "es5",
  "useTabs": false,
  "vueIndentScriptAndStyle": false,
  "filepath": "/home/youssef/Downloads/opt/restaurant-app-v2/database/migrations/20200409184836_product_category.js",
  "parser": "babel"
}
["INFO" - 12:18:21 PM] Formatting completed in 251.233793ms.
["INFO" - 12:21:30 PM] Formatting /home/youssef/Downloads/opt/restaurant-app-v2/database/helpers/index.js
["INFO" - 12:21:30 PM] Using ignore file (if present) at /home/youssef/Downloads/opt/restaurant-app-v2/.prettierignore
["INFO" - 12:21:30 PM] Using bundled version of prettier.
["INFO" - 12:21:30 PM] File Info:
{
  "ignored": false,
  "inferredParser": "babel"
}
["INFO" - 12:21:30 PM] No local configuration (i.e. .prettierrc or .editorconfig) detected, falling back to VS Code configuration
["INFO" - 12:21:30 PM] Prettier Options:
{
  "arrowParens": "always",
  "bracketSpacing": true,
  "endOfLine": "lf",
  "htmlWhitespaceSensitivity": "css",
  "insertPragma": false,
  "jsxBracketSameLine": false,
  "jsxSingleQuote": false,
  "printWidth": 80,
  "proseWrap": "preserve",
  "quoteProps": "as-needed",
  "requirePragma": false,
  "semi": true,
  "singleQuote": false,
  "tabWidth": 2,
  "trailingComma": "es5",
  "useTabs": false,
  "vueIndentScriptAndStyle": false,
  "filepath": "/home/youssef/Downloads/opt/restaurant-app-v2/database/helpers/index.js",
  "parser": "babel"
}
["INFO" - 12:21:30 PM] Formatting completed in 116.166056ms.
["INFO" - 12:21:43 PM] Formatting /home/youssef/Downloads/opt/restaurant-app-v2/database/migrations/20200406110838_role.js
["INFO" - 12:21:43 PM] Using ignore file (if present) at /home/youssef/Downloads/opt/restaurant-app-v2/.prettierignore
["INFO" - 12:21:43 PM] Using bundled version of prettier.
["INFO" - 12:21:43 PM] File Info:
{
  "ignored": false,
  "inferredParser": "babel"
}
["INFO" - 12:21:43 PM] No local configuration (i.e. .prettierrc or .editorconfig) detected, falling back to VS Code configuration
["INFO" - 12:21:43 PM] Prettier Options:
{
  "arrowParens": "always",
  "bracketSpacing": true,
  "endOfLine": "lf",
  "htmlWhitespaceSensitivity": "css",
  "insertPragma": false,
  "jsxBracketSameLine": false,
  "jsxSingleQuote": false,
  "printWidth": 80,
  "proseWrap": "preserve",
  "quoteProps": "as-needed",
  "requirePragma": false,
  "semi": true,
  "singleQuote": false,
  "tabWidth": 2,
  "trailingComma": "es5",
  "useTabs": false,
  "vueIndentScriptAndStyle": false,
  "filepath": "/home/youssef/Downloads/opt/restaurant-app-v2/database/migrations/20200406110838_role.js",
  "parser": "babel"
}
["INFO" - 12:21:43 PM] Formatting completed in 95.033301ms.
["INFO" - 12:33:23 PM] Formatting /home/youssef/Downloads/opt/restaurant-app-v2/database/migrations/20200413120802_team.js
["INFO" - 12:33:23 PM] Using ignore file (if present) at /home/youssef/Downloads/opt/restaurant-app-v2/.prettierignore
["INFO" - 12:33:23 PM] Using bundled version of prettier.
["INFO" - 12:33:23 PM] File Info:
{
  "ignored": false,
  "inferredParser": "babel"
}
["INFO" - 12:33:23 PM] No local configuration (i.e. .prettierrc or .editorconfig) detected, falling back to VS Code configuration
["INFO" - 12:33:23 PM] Prettier Options:
{
  "arrowParens": "always",
  "bracketSpacing": true,
  "endOfLine": "lf",
  "htmlWhitespaceSensitivity": "css",
  "insertPragma": false,
  "jsxBracketSameLine": false,
  "jsxSingleQuote": false,
  "printWidth": 80,
  "proseWrap": "preserve",
  "quoteProps": "as-needed",
  "requirePragma": false,
  "semi": true,
  "singleQuote": false,
  "tabWidth": 2,
  "trailingComma": "es5",
  "useTabs": false,
  "vueIndentScriptAndStyle": false,
  "filepath": "/home/youssef/Downloads/opt/restaurant-app-v2/database/migrations/20200413120802_team.js",
  "parser": "babel"
}
["INFO" - 12:33:23 PM] Formatting completed in 128.747859ms.
["INFO" - 12:33:50 PM] Formatting /home/youssef/Downloads/opt/restaurant-app-v2/database/migrations/20200413121418_position.js
["INFO" - 12:33:50 PM] Using ignore file (if present) at /home/youssef/Downloads/opt/restaurant-app-v2/.prettierignore
["INFO" - 12:33:50 PM] Using bundled version of prettier.
["INFO" - 12:33:50 PM] File Info:
{
  "ignored": false,
  "inferredParser": "babel"
}
["INFO" - 12:33:50 PM] No local configuration (i.e. .prettierrc or .editorconfig) detected, falling back to VS Code configuration
["INFO" - 12:33:50 PM] Prettier Options:
{
  "arrowParens": "always",
  "bracketSpacing": true,
  "endOfLine": "lf",
  "htmlWhitespaceSensitivity": "css",
  "insertPragma": false,
  "jsxBracketSameLine": false,
  "jsxSingleQuote": false,
  "printWidth": 80,
  "proseWrap": "preserve",
  "quoteProps": "as-needed",
  "requirePragma": false,
  "semi": true,
  "singleQuote": false,
  "tabWidth": 2,
  "trailingComma": "es5",
  "useTabs": false,
  "vueIndentScriptAndStyle": false,
  "filepath": "/home/youssef/Downloads/opt/restaurant-app-v2/database/migrations/20200413121418_position.js",
  "parser": "babel"
}
["INFO" - 12:33:51 PM] Formatting completed in 130.270878ms.
["INFO" - 12:37:50 PM] Formatting /home/youssef/Downloads/opt/restaurant-app-v2/database/migrations/20200413123647_add_position_to_team.js
["INFO" - 12:37:50 PM] Using ignore file (if present) at /home/youssef/Downloads/opt/restaurant-app-v2/.prettierignore
["INFO" - 12:37:50 PM] Using bundled version of prettier.
["INFO" - 12:37:50 PM] File Info:
{
  "ignored": false,
  "inferredParser": "babel"
}
["INFO" - 12:37:50 PM] No local configuration (i.e. .prettierrc or .editorconfig) detected, falling back to VS Code configuration
["INFO" - 12:37:50 PM] Prettier Options:
{
  "arrowParens": "always",
  "bracketSpacing": true,
  "endOfLine": "lf",
  "htmlWhitespaceSensitivity": "css",
  "insertPragma": false,
  "jsxBracketSameLine": false,
  "jsxSingleQuote": false,
  "printWidth": 80,
  "proseWrap": "preserve",
  "quoteProps": "as-needed",
  "requirePragma": false,
  "semi": true,
  "singleQuote": false,
  "tabWidth": 2,
  "trailingComma": "es5",
  "useTabs": false,
  "vueIndentScriptAndStyle": false,
  "filepath": "/home/youssef/Downloads/opt/restaurant-app-v2/database/migrations/20200413123647_add_position_to_team.js",
  "parser": "babel"
}
["INFO" - 12:37:50 PM] Formatting completed in 170.25876ms.
["INFO" - 12:38:08 PM] Formatting /home/youssef/Downloads/opt/restaurant-app-v2/database/migrations/20200413120802_team.js
["INFO" - 12:38:08 PM] Using ignore file (if present) at /home/youssef/Downloads/opt/restaurant-app-v2/.prettierignore
["INFO" - 12:38:08 PM] Using bundled version of prettier.
["INFO" - 12:38:08 PM] File Info:
{
  "ignored": false,
  "inferredParser": "babel"
}
["INFO" - 12:38:08 PM] No local configuration (i.e. .prettierrc or .editorconfig) detected, falling back to VS Code configuration
["INFO" - 12:38:08 PM] Prettier Options:
{
  "arrowParens": "always",
  "bracketSpacing": true,
  "endOfLine": "lf",
  "htmlWhitespaceSensitivity": "css",
  "insertPragma": false,
  "jsxBracketSameLine": false,
  "jsxSingleQuote": false,
  "printWidth": 80,
  "proseWrap": "preserve",
  "quoteProps": "as-needed",
  "requirePragma": false,
  "semi": true,
  "singleQuote": false,
  "tabWidth": 2,
  "trailingComma": "es5",
  "useTabs": false,
  "vueIndentScriptAndStyle": false,
  "filepath": "/home/youssef/Downloads/opt/restaurant-app-v2/database/migrations/20200413120802_team.js",
  "parser": "babel"
}
["INFO" - 12:38:08 PM] Formatting completed in 141.351278ms.
["INFO" - 12:38:55 PM] Formatting /home/youssef/Downloads/opt/restaurant-app-v2/database/migrations/20200413114936_product.js
["INFO" - 12:38:55 PM] Using ignore file (if present) at /home/youssef/Downloads/opt/restaurant-app-v2/.prettierignore
["INFO" - 12:38:55 PM] Using bundled version of prettier.
["INFO" - 12:38:55 PM] File Info:
{
  "ignored": false,
  "inferredParser": "babel"
}
["INFO" - 12:38:55 PM] No local configuration (i.e. .prettierrc or .editorconfig) detected, falling back to VS Code configuration
["INFO" - 12:38:55 PM] Prettier Options:
{
  "arrowParens": "always",
  "bracketSpacing": true,
  "endOfLine": "lf",
  "htmlWhitespaceSensitivity": "css",
  "insertPragma": false,
  "jsxBracketSameLine": false,
  "jsxSingleQuote": false,
  "printWidth": 80,
  "proseWrap": "preserve",
  "quoteProps": "as-needed",
  "requirePragma": false,
  "semi": true,
  "singleQuote": false,
  "tabWidth": 2,
  "trailingComma": "es5",
  "useTabs": false,
  "vueIndentScriptAndStyle": false,
  "filepath": "/home/youssef/Downloads/opt/restaurant-app-v2/database/migrations/20200413114936_product.js",
  "parser": "babel"
}
["INFO" - 12:38:56 PM] Formatting completed in 155.192993ms.
["INFO" - 12:49:54 PM] Formatting /home/youssef/Downloads/opt/restaurant-app-v2/database/helpers/index.js
["INFO" - 12:49:54 PM] Using ignore file (if present) at /home/youssef/Downloads/opt/restaurant-app-v2/.prettierignore
["INFO" - 12:49:54 PM] Using bundled version of prettier.
["INFO" - 12:49:54 PM] File Info:
{
  "ignored": false,
  "inferredParser": "babel"
}
["INFO" - 12:49:54 PM] No local configuration (i.e. .prettierrc or .editorconfig) detected, falling back to VS Code configuration
["INFO" - 12:49:54 PM] Prettier Options:
{
  "arrowParens": "always",
  "bracketSpacing": true,
  "endOfLine": "lf",
  "htmlWhitespaceSensitivity": "css",
  "insertPragma": false,
  "jsxBracketSameLine": false,
  "jsxSingleQuote": false,
  "printWidth": 80,
  "proseWrap": "preserve",
  "quoteProps": "as-needed",
  "requirePragma": false,
  "semi": true,
  "singleQuote": false,
  "tabWidth": 2,
  "trailingComma": "es5",
  "useTabs": false,
  "vueIndentScriptAndStyle": false,
  "filepath": "/home/youssef/Downloads/opt/restaurant-app-v2/database/helpers/index.js",
  "parser": "babel"
}
["INFO" - 12:49:54 PM] Formatting completed in 216.355258ms.
["INFO" - 1:08:19 PM] Formatting /home/youssef/Downloads/opt/restaurant-app-v2/TODO.md
["INFO" - 1:08:19 PM] Using ignore file (if present) at /home/youssef/Downloads/opt/restaurant-app-v2/.prettierignore
["INFO" - 1:08:19 PM] Using bundled version of prettier.
["INFO" - 1:08:19 PM] File Info:
{
  "ignored": false,
  "inferredParser": "markdown"
}
["INFO" - 1:08:19 PM] No local configuration (i.e. .prettierrc or .editorconfig) detected, falling back to VS Code configuration
["INFO" - 1:08:19 PM] Prettier Options:
{
  "arrowParens": "always",
  "bracketSpacing": true,
  "endOfLine": "lf",
  "htmlWhitespaceSensitivity": "css",
  "insertPragma": false,
  "jsxBracketSameLine": false,
  "jsxSingleQuote": false,
  "printWidth": 80,
  "proseWrap": "preserve",
  "quoteProps": "as-needed",
  "requirePragma": false,
  "semi": true,
  "singleQuote": false,
  "tabWidth": 2,
  "trailingComma": "es5",
  "useTabs": false,
  "vueIndentScriptAndStyle": false,
  "filepath": "/home/youssef/Downloads/opt/restaurant-app-v2/TODO.md",
  "parser": "markdown"
}
["INFO" - 1:08:19 PM] Formatting completed in 153.13766ms.
["INFO" - 1:09:03 PM] Formatting /home/youssef/Downloads/opt/restaurant-app-v2/database/migrations/20200413130518_order.js
["INFO" - 1:09:03 PM] Using ignore file (if present) at /home/youssef/Downloads/opt/restaurant-app-v2/.prettierignore
["INFO" - 1:09:03 PM] Using bundled version of prettier.
["INFO" - 1:09:03 PM] File Info:
{
  "ignored": false,
  "inferredParser": "babel"
}
["INFO" - 1:09:03 PM] No local configuration (i.e. .prettierrc or .editorconfig) detected, falling back to VS Code configuration
["INFO" - 1:09:03 PM] Prettier Options:
{
  "arrowParens": "always",
  "bracketSpacing": true,
  "endOfLine": "lf",
  "htmlWhitespaceSensitivity": "css",
  "insertPragma": false,
  "jsxBracketSameLine": false,
  "jsxSingleQuote": false,
  "printWidth": 80,
  "proseWrap": "preserve",
  "quoteProps": "as-needed",
  "requirePragma": false,
  "semi": true,
  "singleQuote": false,
  "tabWidth": 2,
  "trailingComma": "es5",
  "useTabs": false,
  "vueIndentScriptAndStyle": false,
  "filepath": "/home/youssef/Downloads/opt/restaurant-app-v2/database/migrations/20200413130518_order.js",
  "parser": "babel"
}
["INFO" - 1:09:03 PM] Formatting completed in 179.448519ms.
["INFO" - 1:11:32 PM] Formatting /home/youssef/Downloads/opt/restaurant-app-v2/database/migrations/20200413130518_order.js
["INFO" - 1:11:32 PM] Using ignore file (if present) at /home/youssef/Downloads/opt/restaurant-app-v2/.prettierignore
["INFO" - 1:11:32 PM] Using bundled version of prettier.
["INFO" - 1:11:32 PM] File Info:
{
  "ignored": false,
  "inferredParser": "babel"
}
["INFO" - 1:11:32 PM] No local configuration (i.e. .prettierrc or .editorconfig) detected, falling back to VS Code configuration
["INFO" - 1:11:32 PM] Prettier Options:
{
  "arrowParens": "always",
  "bracketSpacing": true,
  "endOfLine": "lf",
  "htmlWhitespaceSensitivity": "css",
  "insertPragma": false,
  "jsxBracketSameLine": false,
  "jsxSingleQuote": false,
  "printWidth": 80,
  "proseWrap": "preserve",
  "quoteProps": "as-needed",
  "requirePragma": false,
  "semi": true,
  "singleQuote": false,
  "tabWidth": 2,
  "trailingComma": "es5",
  "useTabs": false,
  "vueIndentScriptAndStyle": false,
  "filepath": "/home/youssef/Downloads/opt/restaurant-app-v2/database/migrations/20200413130518_order.js",
  "parser": "babel"
}
["INFO" - 1:11:32 PM] Formatting completed in 75.491155ms.
["INFO" - 1:11:41 PM] Formatting /home/youssef/Downloads/opt/restaurant-app-v2/database/src/db/tableNames/index.js
["INFO" - 1:11:41 PM] Using ignore file (if present) at /home/youssef/Downloads/opt/restaurant-app-v2/.prettierignore
["INFO" - 1:11:41 PM] Using bundled version of prettier.
["INFO" - 1:11:41 PM] File Info:
{
  "ignored": false,
  "inferredParser": "babel"
}
["INFO" - 1:11:41 PM] No local configuration (i.e. .prettierrc or .editorconfig) detected, falling back to VS Code configuration
["INFO" - 1:11:41 PM] Prettier Options:
{
  "arrowParens": "always",
  "bracketSpacing": true,
  "endOfLine": "lf",
  "htmlWhitespaceSensitivity": "css",
  "insertPragma": false,
  "jsxBracketSameLine": false,
  "jsxSingleQuote": false,
  "printWidth": 80,
  "proseWrap": "preserve",
  "quoteProps": "as-needed",
  "requirePragma": false,
  "semi": true,
  "singleQuote": false,
  "tabWidth": 2,
  "trailingComma": "es5",
  "useTabs": false,
  "vueIndentScriptAndStyle": false,
  "filepath": "/home/youssef/Downloads/opt/restaurant-app-v2/database/src/db/tableNames/index.js",
  "parser": "babel"
}
["INFO" - 1:11:41 PM] Formatting completed in 68.042559ms.
["INFO" - 1:12:00 PM] Formatting /home/youssef/Downloads/opt/restaurant-app-v2/database/src/db/tableNames/index.js
["INFO" - 1:12:00 PM] Using ignore file (if present) at /home/youssef/Downloads/opt/restaurant-app-v2/.prettierignore
["INFO" - 1:12:00 PM] Using bundled version of prettier.
["INFO" - 1:12:00 PM] File Info:
{
  "ignored": false,
  "inferredParser": "babel"
}
["INFO" - 1:12:00 PM] No local configuration (i.e. .prettierrc or .editorconfig) detected, falling back to VS Code configuration
["INFO" - 1:12:00 PM] Prettier Options:
{
  "arrowParens": "always",
  "bracketSpacing": true,
  "endOfLine": "lf",
  "htmlWhitespaceSensitivity": "css",
  "insertPragma": false,
  "jsxBracketSameLine": false,
  "jsxSingleQuote": false,
  "printWidth": 80,
  "proseWrap": "preserve",
  "quoteProps": "as-needed",
  "requirePragma": false,
  "semi": true,
  "singleQuote": false,
  "tabWidth": 2,
  "trailingComma": "es5",
  "useTabs": false,
  "vueIndentScriptAndStyle": false,
  "filepath": "/home/youssef/Downloads/opt/restaurant-app-v2/database/src/db/tableNames/index.js",
  "parser": "babel"
}
["INFO" - 1:12:00 PM] Formatting completed in 66.366311ms.
["INFO" - 1:12:42 PM] Formatting /home/youssef/Downloads/opt/restaurant-app-v2/database/migrations/20200413130938_add_product_id_to_order.js
["INFO" - 1:12:42 PM] Using ignore file (if present) at /home/youssef/Downloads/opt/restaurant-app-v2/.prettierignore
["INFO" - 1:12:42 PM] Using bundled version of prettier.
["INFO" - 1:12:42 PM] File Info:
{
  "ignored": false,
  "inferredParser": "babel"
}
["INFO" - 1:12:42 PM] No local configuration (i.e. .prettierrc or .editorconfig) detected, falling back to VS Code configuration
["INFO" - 1:12:42 PM] Prettier Options:
{
  "arrowParens": "always",
  "bracketSpacing": true,
  "endOfLine": "lf",
  "htmlWhitespaceSensitivity": "css",
  "insertPragma": false,
  "jsxBracketSameLine": false,
  "jsxSingleQuote": false,
  "printWidth": 80,
  "proseWrap": "preserve",
  "quoteProps": "as-needed",
  "requirePragma": false,
  "semi": true,
  "singleQuote": false,
  "tabWidth": 2,
  "trailingComma": "es5",
  "useTabs": false,
  "vueIndentScriptAndStyle": false,
  "filepath": "/home/youssef/Downloads/opt/restaurant-app-v2/database/migrations/20200413130938_add_product_id_to_order.js",
  "parser": "babel"
}
["INFO" - 1:12:42 PM] Formatting completed in 107.247767ms.
["INFO" - 1:13:16 PM] Formatting /home/youssef/Downloads/opt/restaurant-app-v2/database/migrations/20200413131259_add_user_id_to_order.js
["INFO" - 1:13:16 PM] Using ignore file (if present) at /home/youssef/Downloads/opt/restaurant-app-v2/.prettierignore
["INFO" - 1:13:16 PM] Using bundled version of prettier.
["INFO" - 1:13:16 PM] File Info:
{
  "ignored": false,
  "inferredParser": "babel"
}
["INFO" - 1:13:16 PM] No local configuration (i.e. .prettierrc or .editorconfig) detected, falling back to VS Code configuration
["INFO" - 1:13:16 PM] Prettier Options:
{
  "arrowParens": "always",
  "bracketSpacing": true,
  "endOfLine": "lf",
  "htmlWhitespaceSensitivity": "css",
  "insertPragma": false,
  "jsxBracketSameLine": false,
  "jsxSingleQuote": false,
  "printWidth": 80,
  "proseWrap": "preserve",
  "quoteProps": "as-needed",
  "requirePragma": false,
  "semi": true,
  "singleQuote": false,
  "tabWidth": 2,
  "trailingComma": "es5",
  "useTabs": false,
  "vueIndentScriptAndStyle": false,
  "filepath": "/home/youssef/Downloads/opt/restaurant-app-v2/database/migrations/20200413131259_add_user_id_to_order.js",
  "parser": "babel"
}
["INFO" - 1:13:16 PM] Formatting completed in 220.943152ms.
["INFO" - 1:13:37 PM] Formatting /home/youssef/Downloads/opt/restaurant-app-v2/database/migrations/20200413130518_order.js
["INFO" - 1:13:37 PM] Using ignore file (if present) at /home/youssef/Downloads/opt/restaurant-app-v2/.prettierignore
["INFO" - 1:13:37 PM] Using bundled version of prettier.
["INFO" - 1:13:37 PM] File Info:
{
  "ignored": false,
  "inferredParser": "babel"
}
["INFO" - 1:13:37 PM] No local configuration (i.e. .prettierrc or .editorconfig) detected, falling back to VS Code configuration
["INFO" - 1:13:37 PM] Prettier Options:
{
  "arrowParens": "always",
  "bracketSpacing": true,
  "endOfLine": "lf",
  "htmlWhitespaceSensitivity": "css",
  "insertPragma": false,
  "jsxBracketSameLine": false,
  "jsxSingleQuote": false,
  "printWidth": 80,
  "proseWrap": "preserve",
  "quoteProps": "as-needed",
  "requirePragma": false,
  "semi": true,
  "singleQuote": false,
  "tabWidth": 2,
  "trailingComma": "es5",
  "useTabs": false,
  "vueIndentScriptAndStyle": false,
  "filepath": "/home/youssef/Downloads/opt/restaurant-app-v2/database/migrations/20200413130518_order.js",
  "parser": "babel"
}
["INFO" - 1:13:37 PM] Formatting completed in 122.739962ms.
["INFO" - 1:14:27 PM] Formatting /home/youssef/Downloads/opt/restaurant-app-v2/TODO.md
["INFO" - 1:14:27 PM] Using ignore file (if present) at /home/youssef/Downloads/opt/restaurant-app-v2/.prettierignore
["INFO" - 1:14:27 PM] Using bundled version of prettier.
["INFO" - 1:14:27 PM] File Info:
{
  "ignored": false,
  "inferredParser": "markdown"
}
["INFO" - 1:14:27 PM] No local configuration (i.e. .prettierrc or .editorconfig) detected, falling back to VS Code configuration
["INFO" - 1:14:27 PM] Prettier Options:
{
  "arrowParens": "always",
  "bracketSpacing": true,
  "endOfLine": "lf",
  "htmlWhitespaceSensitivity": "css",
  "insertPragma": false,
  "jsxBracketSameLine": false,
  "jsxSingleQuote": false,
  "printWidth": 80,
  "proseWrap": "preserve",
  "quoteProps": "as-needed",
  "requirePragma": false,
  "semi": true,
  "singleQuote": false,
  "tabWidth": 2,
  "trailingComma": "es5",
  "useTabs": false,
  "vueIndentScriptAndStyle": false,
  "filepath": "/home/youssef/Downloads/opt/restaurant-app-v2/TODO.md",
  "parser": "markdown"
}
["INFO" - 1:14:27 PM] Formatting completed in 106.314111ms.
["INFO" - 1:15:16 PM] Formatting /home/youssef/Downloads/opt/restaurant-app-v2/database/migrations/20200413131355_product_review.js
["INFO" - 1:15:16 PM] Using ignore file (if present) at /home/youssef/Downloads/opt/restaurant-app-v2/.prettierignore
["INFO" - 1:15:16 PM] Using bundled version of prettier.
["INFO" - 1:15:16 PM] File Info:
{
  "ignored": false,
  "inferredParser": "babel"
}
["INFO" - 1:15:16 PM] No local configuration (i.e. .prettierrc or .editorconfig) detected, falling back to VS Code configuration
["INFO" - 1:15:16 PM] Prettier Options:
{
  "arrowParens": "always",
  "bracketSpacing": true,
  "endOfLine": "lf",
  "htmlWhitespaceSensitivity": "css",
  "insertPragma": false,
  "jsxBracketSameLine": false,
  "jsxSingleQuote": false,
  "printWidth": 80,
  "proseWrap": "preserve",
  "quoteProps": "as-needed",
  "requirePragma": false,
  "semi": true,
  "singleQuote": false,
  "tabWidth": 2,
  "trailingComma": "es5",
  "useTabs": false,
  "vueIndentScriptAndStyle": false,
  "filepath": "/home/youssef/Downloads/opt/restaurant-app-v2/database/migrations/20200413131355_product_review.js",
  "parser": "babel"
}
["INFO" - 1:15:16 PM] Formatting completed in 109.764146ms.
["INFO" - 1:16:37 PM] Formatting /home/youssef/Downloads/opt/restaurant-app-v2/database/migrations/20200413131535_add_user_id_to_product_review.js
["INFO" - 1:16:37 PM] Using ignore file (if present) at /home/youssef/Downloads/opt/restaurant-app-v2/.prettierignore
["INFO" - 1:16:37 PM] Using bundled version of prettier.
["INFO" - 1:16:37 PM] File Info:
{
  "ignored": false,
  "inferredParser": "babel"
}
["INFO" - 1:16:37 PM] No local configuration (i.e. .prettierrc or .editorconfig) detected, falling back to VS Code configuration
["INFO" - 1:16:37 PM] Prettier Options:
{
  "arrowParens": "always",
  "bracketSpacing": true,
  "endOfLine": "lf",
  "htmlWhitespaceSensitivity": "css",
  "insertPragma": false,
  "jsxBracketSameLine": false,
  "jsxSingleQuote": false,
  "printWidth": 80,
  "proseWrap": "preserve",
  "quoteProps": "as-needed",
  "requirePragma": false,
  "semi": true,
  "singleQuote": false,
  "tabWidth": 2,
  "trailingComma": "es5",
  "useTabs": false,
  "vueIndentScriptAndStyle": false,
  "filepath": "/home/youssef/Downloads/opt/restaurant-app-v2/database/migrations/20200413131535_add_user_id_to_product_review.js",
  "parser": "babel"
}
["INFO" - 1:16:37 PM] Formatting completed in 97.833187ms.
["INFO" - 1:17:07 PM] Formatting /home/youssef/Downloads/opt/restaurant-app-v2/database/migrations/20200413131547_add_product_id_to_product_review.js
["INFO" - 1:17:07 PM] Using ignore file (if present) at /home/youssef/Downloads/opt/restaurant-app-v2/.prettierignore
["INFO" - 1:17:07 PM] Using bundled version of prettier.
["INFO" - 1:17:07 PM] File Info:
{
  "ignored": false,
  "inferredParser": "babel"
}
["INFO" - 1:17:07 PM] No local configuration (i.e. .prettierrc or .editorconfig) detected, falling back to VS Code configuration
["INFO" - 1:17:07 PM] Prettier Options:
{
  "arrowParens": "always",
  "bracketSpacing": true,
  "endOfLine": "lf",
  "htmlWhitespaceSensitivity": "css",
  "insertPragma": false,
  "jsxBracketSameLine": false,
  "jsxSingleQuote": false,
  "printWidth": 80,
  "proseWrap": "preserve",
  "quoteProps": "as-needed",
  "requirePragma": false,
  "semi": true,
  "singleQuote": false,
  "tabWidth": 2,
  "trailingComma": "es5",
  "useTabs": false,
  "vueIndentScriptAndStyle": false,
  "filepath": "/home/youssef/Downloads/opt/restaurant-app-v2/database/migrations/20200413131547_add_product_id_to_product_review.js",
  "parser": "babel"
}
["INFO" - 1:17:07 PM] Formatting completed in 128.748913ms.
["INFO" - 1:17:31 PM] Formatting /home/youssef/Downloads/opt/restaurant-app-v2/database/migrations/20200413131355_product_review.js
["INFO" - 1:17:31 PM] Using ignore file (if present) at /home/youssef/Downloads/opt/restaurant-app-v2/.prettierignore
["INFO" - 1:17:31 PM] Using bundled version of prettier.
["INFO" - 1:17:31 PM] File Info:
{
  "ignored": false,
  "inferredParser": "babel"
}
["INFO" - 1:17:31 PM] No local configuration (i.e. .prettierrc or .editorconfig) detected, falling back to VS Code configuration
["INFO" - 1:17:31 PM] Prettier Options:
{
  "arrowParens": "always",
  "bracketSpacing": true,
  "endOfLine": "lf",
  "htmlWhitespaceSensitivity": "css",
  "insertPragma": false,
  "jsxBracketSameLine": false,
  "jsxSingleQuote": false,
  "printWidth": 80,
  "proseWrap": "preserve",
  "quoteProps": "as-needed",
  "requirePragma": false,
  "semi": true,
  "singleQuote": false,
  "tabWidth": 2,
  "trailingComma": "es5",
  "useTabs": false,
  "vueIndentScriptAndStyle": false,
  "filepath": "/home/youssef/Downloads/opt/restaurant-app-v2/database/migrations/20200413131355_product_review.js",
  "parser": "babel"
}
["INFO" - 1:17:32 PM] Formatting completed in 84.84803ms.
["INFO" - 1:17:52 PM] Formatting /home/youssef/Downloads/opt/restaurant-app-v2/TODO.md
["INFO" - 1:17:52 PM] Using ignore file (if present) at /home/youssef/Downloads/opt/restaurant-app-v2/.prettierignore
["INFO" - 1:17:52 PM] Using bundled version of prettier.
["INFO" - 1:17:52 PM] File Info:
{
  "ignored": false,
  "inferredParser": "markdown"
}
["INFO" - 1:17:52 PM] No local configuration (i.e. .prettierrc or .editorconfig) detected, falling back to VS Code configuration
["INFO" - 1:17:52 PM] Prettier Options:
{
  "arrowParens": "always",
  "bracketSpacing": true,
  "endOfLine": "lf",
  "htmlWhitespaceSensitivity": "css",
  "insertPragma": false,
  "jsxBracketSameLine": false,
  "jsxSingleQuote": false,
  "printWidth": 80,
  "proseWrap": "preserve",
  "quoteProps": "as-needed",
  "requirePragma": false,
  "semi": true,
  "singleQuote": false,
  "tabWidth": 2,
  "trailingComma": "es5",
  "useTabs": false,
  "vueIndentScriptAndStyle": false,
  "filepath": "/home/youssef/Downloads/opt/restaurant-app-v2/TODO.md",
  "parser": "markdown"
}
["INFO" - 1:17:52 PM] Formatting completed in 58.02558ms.
["INFO" - 1:18:52 PM] Formatting /home/youssef/Downloads/opt/restaurant-app-v2/database/migrations/20200405144216_user.js
["INFO" - 1:18:52 PM] Using ignore file (if present) at /home/youssef/Downloads/opt/restaurant-app-v2/.prettierignore
["INFO" - 1:18:52 PM] Using bundled version of prettier.
["INFO" - 1:18:52 PM] File Info:
{
  "ignored": false,
  "inferredParser": "babel"
}
["INFO" - 1:18:52 PM] No local configuration (i.e. .prettierrc or .editorconfig) detected, falling back to VS Code configuration
["INFO" - 1:18:52 PM] Prettier Options:
{
  "arrowParens": "always",
  "bracketSpacing": true,
  "endOfLine": "lf",
  "htmlWhitespaceSensitivity": "css",
  "insertPragma": false,
  "jsxBracketSameLine": false,
  "jsxSingleQuote": false,
  "printWidth": 80,
  "proseWrap": "preserve",
  "quoteProps": "as-needed",
  "requirePragma": false,
  "semi": true,
  "singleQuote": false,
  "tabWidth": 2,
  "trailingComma": "es5",
  "useTabs": false,
  "vueIndentScriptAndStyle": false,
  "filepath": "/home/youssef/Downloads/opt/restaurant-app-v2/database/migrations/20200405144216_user.js",
  "parser": "babel"
}
["INFO" - 1:18:53 PM] Formatting completed in 104.565732ms.
["INFO" - 1:19:57 PM] Formatting /home/youssef/Downloads/opt/restaurant-app-v2/database/migrations/20200406110838_role.js
["INFO" - 1:19:57 PM] Using ignore file (if present) at /home/youssef/Downloads/opt/restaurant-app-v2/.prettierignore
["INFO" - 1:19:57 PM] Using bundled version of prettier.
["INFO" - 1:19:57 PM] File Info:
{
  "ignored": false,
  "inferredParser": "babel"
}
["INFO" - 1:19:57 PM] No local configuration (i.e. .prettierrc or .editorconfig) detected, falling back to VS Code configuration
["INFO" - 1:19:57 PM] Prettier Options:
{
  "arrowParens": "always",
  "bracketSpacing": true,
  "endOfLine": "lf",
  "htmlWhitespaceSensitivity": "css",
  "insertPragma": false,
  "jsxBracketSameLine": false,
  "jsxSingleQuote": false,
  "printWidth": 80,
  "proseWrap": "preserve",
  "quoteProps": "as-needed",
  "requirePragma": false,
  "semi": true,
  "singleQuote": false,
  "tabWidth": 2,
  "trailingComma": "es5",
  "useTabs": false,
  "vueIndentScriptAndStyle": false,
  "filepath": "/home/youssef/Downloads/opt/restaurant-app-v2/database/migrations/20200406110838_role.js",
  "parser": "babel"
}
["INFO" - 1:19:57 PM] Formatting completed in 201.693788ms.
["INFO" - 1:20:17 PM] Formatting /home/youssef/Downloads/opt/restaurant-app-v2/database/migrations/20200406111106_add_role_id_to_user.js
["INFO" - 1:20:17 PM] Using ignore file (if present) at /home/youssef/Downloads/opt/restaurant-app-v2/.prettierignore
["INFO" - 1:20:17 PM] Using bundled version of prettier.
["INFO" - 1:20:17 PM] File Info:
{
  "ignored": false,
  "inferredParser": "babel"
}
["INFO" - 1:20:17 PM] No local configuration (i.e. .prettierrc or .editorconfig) detected, falling back to VS Code configuration
["INFO" - 1:20:17 PM] Prettier Options:
{
  "arrowParens": "always",
  "bracketSpacing": true,
  "endOfLine": "lf",
  "htmlWhitespaceSensitivity": "css",
  "insertPragma": false,
  "jsxBracketSameLine": false,
  "jsxSingleQuote": false,
  "printWidth": 80,
  "proseWrap": "preserve",
  "quoteProps": "as-needed",
  "requirePragma": false,
  "semi": true,
  "singleQuote": false,
  "tabWidth": 2,
  "trailingComma": "es5",
  "useTabs": false,
  "vueIndentScriptAndStyle": false,
  "filepath": "/home/youssef/Downloads/opt/restaurant-app-v2/database/migrations/20200406111106_add_role_id_to_user.js",
  "parser": "babel"
}
["INFO" - 1:20:17 PM] Formatting completed in 83.261409ms.
["INFO" - 1:20:40 PM] Formatting /home/youssef/Downloads/opt/restaurant-app-v2/database/migrations/20200409184836_product_category.js
["INFO" - 1:20:40 PM] Using ignore file (if present) at /home/youssef/Downloads/opt/restaurant-app-v2/.prettierignore
["INFO" - 1:20:40 PM] Using bundled version of prettier.
["INFO" - 1:20:40 PM] File Info:
{
  "ignored": false,
  "inferredParser": "babel"
}
["INFO" - 1:20:40 PM] No local configuration (i.e. .prettierrc or .editorconfig) detected, falling back to VS Code configuration
["INFO" - 1:20:40 PM] Prettier Options:
{
  "arrowParens": "always",
  "bracketSpacing": true,
  "endOfLine": "lf",
  "htmlWhitespaceSensitivity": "css",
  "insertPragma": false,
  "jsxBracketSameLine": false,
  "jsxSingleQuote": false,
  "printWidth": 80,
  "proseWrap": "preserve",
  "quoteProps": "as-needed",
  "requirePragma": false,
  "semi": true,
  "singleQuote": false,
  "tabWidth": 2,
  "trailingComma": "es5",
  "useTabs": false,
  "vueIndentScriptAndStyle": false,
  "filepath": "/home/youssef/Downloads/opt/restaurant-app-v2/database/migrations/20200409184836_product_category.js",
  "parser": "babel"
}
["INFO" - 1:20:40 PM] Formatting completed in 127.118576ms.
["INFO" - 1:21:09 PM] Formatting /home/youssef/Downloads/opt/restaurant-app-v2/database/migrations/20200413120320_add_product_id_to_user.js
["INFO" - 1:21:09 PM] Using ignore file (if present) at /home/youssef/Downloads/opt/restaurant-app-v2/.prettierignore
["INFO" - 1:21:09 PM] Using bundled version of prettier.
["INFO" - 1:21:09 PM] File Info:
{
  "ignored": false,
  "inferredParser": "babel"
}
["INFO" - 1:21:09 PM] No local configuration (i.e. .prettierrc or .editorconfig) detected, falling back to VS Code configuration
["INFO" - 1:21:09 PM] Prettier Options:
{
  "arrowParens": "always",
  "bracketSpacing": true,
  "endOfLine": "lf",
  "htmlWhitespaceSensitivity": "css",
  "insertPragma": false,
  "jsxBracketSameLine": false,
  "jsxSingleQuote": false,
  "printWidth": 80,
  "proseWrap": "preserve",
  "quoteProps": "as-needed",
  "requirePragma": false,
  "semi": true,
  "singleQuote": false,
  "tabWidth": 2,
  "trailingComma": "es5",
  "useTabs": false,
  "vueIndentScriptAndStyle": false,
  "filepath": "/home/youssef/Downloads/opt/restaurant-app-v2/database/migrations/20200413120320_add_product_id_to_user.js",
  "parser": "babel"
}
["INFO" - 1:21:09 PM] Formatting completed in 110.61672ms.
["INFO" - 1:21:36 PM] Formatting /home/youssef/Downloads/opt/restaurant-app-v2/database/migrations/20200413130938_add_product_id_to_order.js
["INFO" - 1:21:36 PM] Using ignore file (if present) at /home/youssef/Downloads/opt/restaurant-app-v2/.prettierignore
["INFO" - 1:21:36 PM] Using bundled version of prettier.
["INFO" - 1:21:36 PM] File Info:
{
  "ignored": false,
  "inferredParser": "babel"
}
["INFO" - 1:21:36 PM] No local configuration (i.e. .prettierrc or .editorconfig) detected, falling back to VS Code configuration
["INFO" - 1:21:36 PM] Prettier Options:
{
  "arrowParens": "always",
  "bracketSpacing": true,
  "endOfLine": "lf",
  "htmlWhitespaceSensitivity": "css",
  "insertPragma": false,
  "jsxBracketSameLine": false,
  "jsxSingleQuote": false,
  "printWidth": 80,
  "proseWrap": "preserve",
  "quoteProps": "as-needed",
  "requirePragma": false,
  "semi": true,
  "singleQuote": false,
  "tabWidth": 2,
  "trailingComma": "es5",
  "useTabs": false,
  "vueIndentScriptAndStyle": false,
  "filepath": "/home/youssef/Downloads/opt/restaurant-app-v2/database/migrations/20200413130938_add_product_id_to_order.js",
  "parser": "babel"
}
["INFO" - 1:21:36 PM] Formatting completed in 67.167803ms.
["INFO" - 1:21:42 PM] Formatting /home/youssef/Downloads/opt/restaurant-app-v2/database/migrations/20200413131259_add_user_id_to_order.js
["INFO" - 1:21:42 PM] Using ignore file (if present) at /home/youssef/Downloads/opt/restaurant-app-v2/.prettierignore
["INFO" - 1:21:42 PM] Using bundled version of prettier.
["INFO" - 1:21:42 PM] File Info:
{
  "ignored": false,
  "inferredParser": "babel"
}
["INFO" - 1:21:42 PM] No local configuration (i.e. .prettierrc or .editorconfig) detected, falling back to VS Code configuration
["INFO" - 1:21:42 PM] Prettier Options:
{
  "arrowParens": "always",
  "bracketSpacing": true,
  "endOfLine": "lf",
  "htmlWhitespaceSensitivity": "css",
  "insertPragma": false,
  "jsxBracketSameLine": false,
  "jsxSingleQuote": false,
  "printWidth": 80,
  "proseWrap": "preserve",
  "quoteProps": "as-needed",
  "requirePragma": false,
  "semi": true,
  "singleQuote": false,
  "tabWidth": 2,
  "trailingComma": "es5",
  "useTabs": false,
  "vueIndentScriptAndStyle": false,
  "filepath": "/home/youssef/Downloads/opt/restaurant-app-v2/database/migrations/20200413131259_add_user_id_to_order.js",
  "parser": "babel"
}
["INFO" - 1:21:42 PM] Formatting completed in 123.777112ms.
["INFO" - 1:21:55 PM] Formatting /home/youssef/Downloads/opt/restaurant-app-v2/database/migrations/20200413131547_add_product_id_to_product_review.js
["INFO" - 1:21:55 PM] Using ignore file (if present) at /home/youssef/Downloads/opt/restaurant-app-v2/.prettierignore
["INFO" - 1:21:55 PM] Using bundled version of prettier.
["INFO" - 1:21:55 PM] File Info:
{
  "ignored": false,
  "inferredParser": "babel"
}
["INFO" - 1:21:55 PM] No local configuration (i.e. .prettierrc or .editorconfig) detected, falling back to VS Code configuration
["INFO" - 1:21:55 PM] Prettier Options:
{
  "arrowParens": "always",
  "bracketSpacing": true,
  "endOfLine": "lf",
  "htmlWhitespaceSensitivity": "css",
  "insertPragma": false,
  "jsxBracketSameLine": false,
  "jsxSingleQuote": false,
  "printWidth": 80,
  "proseWrap": "preserve",
  "quoteProps": "as-needed",
  "requirePragma": false,
  "semi": true,
  "singleQuote": false,
  "tabWidth": 2,
  "trailingComma": "es5",
  "useTabs": false,
  "vueIndentScriptAndStyle": false,
  "filepath": "/home/youssef/Downloads/opt/restaurant-app-v2/database/migrations/20200413131547_add_product_id_to_product_review.js",
  "parser": "babel"
}
["INFO" - 1:21:55 PM] Formatting completed in 176.502498ms.
["INFO" - 1:22:01 PM] Formatting /home/youssef/Downloads/opt/restaurant-app-v2/database/migrations/20200413131535_add_user_id_to_product_review.js
["INFO" - 1:22:01 PM] Using ignore file (if present) at /home/youssef/Downloads/opt/restaurant-app-v2/.prettierignore
["INFO" - 1:22:01 PM] Using bundled version of prettier.
["INFO" - 1:22:01 PM] File Info:
{
  "ignored": false,
  "inferredParser": "babel"
}
["INFO" - 1:22:02 PM] No local configuration (i.e. .prettierrc or .editorconfig) detected, falling back to VS Code configuration
["INFO" - 1:22:02 PM] Prettier Options:
{
  "arrowParens": "always",
  "bracketSpacing": true,
  "endOfLine": "lf",
  "htmlWhitespaceSensitivity": "css",
  "insertPragma": false,
  "jsxBracketSameLine": false,
  "jsxSingleQuote": false,
  "printWidth": 80,
  "proseWrap": "preserve",
  "quoteProps": "as-needed",
  "requirePragma": false,
  "semi": true,
  "singleQuote": false,
  "tabWidth": 2,
  "trailingComma": "es5",
  "useTabs": false,
  "vueIndentScriptAndStyle": false,
  "filepath": "/home/youssef/Downloads/opt/restaurant-app-v2/database/migrations/20200413131535_add_user_id_to_product_review.js",
  "parser": "babel"
}
["INFO" - 1:22:02 PM] Formatting completed in 461.163656ms.
["INFO" - 1:22:33 PM] Formatting /home/youssef/Downloads/opt/restaurant-app-v2/database/migrations/20200413123647_add_position_id_to_team.js
["INFO" - 1:22:33 PM] Using ignore file (if present) at /home/youssef/Downloads/opt/restaurant-app-v2/.prettierignore
["INFO" - 1:22:33 PM] Using bundled version of prettier.
["INFO" - 1:22:33 PM] File Info:
{
  "ignored": false,
  "inferredParser": "babel"
}
["INFO" - 1:22:33 PM] No local configuration (i.e. .prettierrc or .editorconfig) detected, falling back to VS Code configuration
["INFO" - 1:22:33 PM] Prettier Options:
{
  "arrowParens": "always",
  "bracketSpacing": true,
  "endOfLine": "lf",
  "htmlWhitespaceSensitivity": "css",
  "insertPragma": false,
  "jsxBracketSameLine": false,
  "jsxSingleQuote": false,
  "printWidth": 80,
  "proseWrap": "preserve",
  "quoteProps": "as-needed",
  "requirePragma": false,
  "semi": true,
  "singleQuote": false,
  "tabWidth": 2,
  "trailingComma": "es5",
  "useTabs": false,
  "vueIndentScriptAndStyle": false,
  "filepath": "/home/youssef/Downloads/opt/restaurant-app-v2/database/migrations/20200413123647_add_position_id_to_team.js",
  "parser": "babel"
}
["INFO" - 1:22:33 PM] Formatting completed in 161.36447ms.
["INFO" - 1:22:55 PM] Formatting /home/youssef/Downloads/opt/restaurant-app-v2/database/migrations/20200413121418_position.js
["INFO" - 1:22:55 PM] Using ignore file (if present) at /home/youssef/Downloads/opt/restaurant-app-v2/.prettierignore
["INFO" - 1:22:55 PM] Using bundled version of prettier.
["INFO" - 1:22:55 PM] File Info:
{
  "ignored": false,
  "inferredParser": "babel"
}
["INFO" - 1:22:55 PM] No local configuration (i.e. .prettierrc or .editorconfig) detected, falling back to VS Code configuration
["INFO" - 1:22:55 PM] Prettier Options:
{
  "arrowParens": "always",
  "bracketSpacing": true,
  "endOfLine": "lf",
  "htmlWhitespaceSensitivity": "css",
  "insertPragma": false,
  "jsxBracketSameLine": false,
  "jsxSingleQuote": false,
  "printWidth": 80,
  "proseWrap": "preserve",
  "quoteProps": "as-needed",
  "requirePragma": false,
  "semi": true,
  "singleQuote": false,
  "tabWidth": 2,
  "trailingComma": "es5",
  "useTabs": false,
  "vueIndentScriptAndStyle": false,
  "filepath": "/home/youssef/Downloads/opt/restaurant-app-v2/database/migrations/20200413121418_position.js",
  "parser": "babel"
}
["INFO" - 1:22:55 PM] Formatting completed in 76.646576ms.
["INFO" - 1:23:12 PM] Formatting /home/youssef/Downloads/opt/restaurant-app-v2/database/migrations/20200413130518_order.js
["INFO" - 1:23:12 PM] Using ignore file (if present) at /home/youssef/Downloads/opt/restaurant-app-v2/.prettierignore
["INFO" - 1:23:12 PM] Using bundled version of prettier.
["INFO" - 1:23:12 PM] File Info:
{
  "ignored": false,
  "inferredParser": "babel"
}
["INFO" - 1:23:12 PM] No local configuration (i.e. .prettierrc or .editorconfig) detected, falling back to VS Code configuration
["INFO" - 1:23:12 PM] Prettier Options:
{
  "arrowParens": "always",
  "bracketSpacing": true,
  "endOfLine": "lf",
  "htmlWhitespaceSensitivity": "css",
  "insertPragma": false,
  "jsxBracketSameLine": false,
  "jsxSingleQuote": false,
  "printWidth": 80,
  "proseWrap": "preserve",
  "quoteProps": "as-needed",
  "requirePragma": false,
  "semi": true,
  "singleQuote": false,
  "tabWidth": 2,
  "trailingComma": "es5",
  "useTabs": false,
  "vueIndentScriptAndStyle": false,
  "filepath": "/home/youssef/Downloads/opt/restaurant-app-v2/database/migrations/20200413130518_order.js",
  "parser": "babel"
}
["INFO" - 1:23:12 PM] Formatting completed in 91.584413ms.
["INFO" - 1:23:28 PM] Formatting /home/youssef/Downloads/opt/restaurant-app-v2/database/migrations/20200413131355_product_review.js
["INFO" - 1:23:28 PM] Using ignore file (if present) at /home/youssef/Downloads/opt/restaurant-app-v2/.prettierignore
["INFO" - 1:23:28 PM] Using bundled version of prettier.
["INFO" - 1:23:28 PM] File Info:
{
  "ignored": false,
  "inferredParser": "babel"
}
["INFO" - 1:23:28 PM] No local configuration (i.e. .prettierrc or .editorconfig) detected, falling back to VS Code configuration
["INFO" - 1:23:28 PM] Prettier Options:
{
  "arrowParens": "always",
  "bracketSpacing": true,
  "endOfLine": "lf",
  "htmlWhitespaceSensitivity": "css",
  "insertPragma": false,
  "jsxBracketSameLine": false,
  "jsxSingleQuote": false,
  "printWidth": 80,
  "proseWrap": "preserve",
  "quoteProps": "as-needed",
  "requirePragma": false,
  "semi": true,
  "singleQuote": false,
  "tabWidth": 2,
  "trailingComma": "es5",
  "useTabs": false,
  "vueIndentScriptAndStyle": false,
  "filepath": "/home/youssef/Downloads/opt/restaurant-app-v2/database/migrations/20200413131355_product_review.js",
  "parser": "babel"
}
["INFO" - 1:23:28 PM] Formatting completed in 110.294777ms.
