Looking for git in: git
Using git 2.17.1 from git
> git rev-parse --show-toplevel
> git rev-parse --git-dir
Open repository: /home/youssef/Downloads/opt/restaurant-app-v2
> git status -z -u
> git show :TODO.md
> git ls-files --stage -- /home/youssef/Downloads/opt/restaurant-app-v2/TODO.md
> git cat-file -s 4eef809ffc5ad823048e14fcf0cebff5c0edc1e1
> git check-ignore -v -z --stdin
> git symbolic-ref --short HEAD
> git rev-parse master
> git rev-parse --symbolic-full-name master@{u}
> git rev-list --left-right master...refs/remotes/origin/master
> git for-each-ref --format %(refname) %(objectname) --sort -committerdate
> git remote --verbose
> git config --get commit.template
> git status -z -u
> git symbolic-ref --short HEAD
> git rev-parse master
> git rev-parse --symbolic-full-name master@{u}
> git rev-list --left-right master...refs/remotes/origin/master
> git for-each-ref --format %(refname) %(objectname) --sort -committerdate
> git remote --verbose
> git config --get commit.template
> git check-ignore -v -z --stdin
> git show :index.js
> git ls-files --stage -- /home/youssef/Downloads/opt/restaurant-app-v2/index.js
> git status -z -u
> git symbolic-ref --short HEAD
> git rev-parse master
> git rev-parse --symbolic-full-name master@{u}
> git rev-list --left-right master...refs/remotes/origin/master
> git for-each-ref --format %(refname) %(objectname) --sort -committerdate
> git remote --verbose
> git config --get commit.template
> git status -z -u
> git symbolic-ref --short HEAD
> git rev-parse master
> git rev-parse --symbolic-full-name master@{u}
> git rev-list --left-right master...refs/remotes/origin/master
> git for-each-ref --format %(refname) %(objectname) --sort -committerdate
> git remote --verbose
> git config --get commit.template
> git status -z -u
> git symbolic-ref --short HEAD
> git rev-parse master
> git rev-parse --symbolic-full-name master@{u}
> git rev-list --left-right master...refs/remotes/origin/master
> git for-each-ref --format %(refname) %(objectname) --sort -committerdate
> git remote --verbose
> git config --get commit.template
> git status -z -u
> git symbolic-ref --short HEAD
> git rev-parse master
> git rev-parse --symbolic-full-name master@{u}
> git rev-list --left-right master...refs/remotes/origin/master
> git for-each-ref --format %(refname) %(objectname) --sort -committerdate
> git remote --verbose
> git config --get commit.template
> git status -z -u
> git symbolic-ref --short HEAD
> git rev-parse master
> git rev-parse --symbolic-full-name master@{u}
> git rev-list --left-right master...refs/remotes/origin/master
> git for-each-ref --format %(refname) %(objectname) --sort -committerdate
> git remote --verbose
> git config --get commit.template
> git status -z -u
> git symbolic-ref --short HEAD
> git rev-parse master
> git rev-parse --symbolic-full-name master@{u}
> git rev-list --left-right master...refs/remotes/origin/master
> git for-each-ref --format %(refname) %(objectname) --sort -committerdate
> git remote --verbose
> git config --get commit.template
> git status -z -u
> git symbolic-ref --short HEAD
> git rev-parse master
> git rev-parse --symbolic-full-name master@{u}
> git rev-list --left-right master...refs/remotes/origin/master
> git for-each-ref --format %(refname) %(objectname) --sort -committerdate
> git remote --verbose
> git config --get commit.template
> git status -z -u
> git symbolic-ref --short HEAD
> git rev-parse master
> git rev-parse --symbolic-full-name master@{u}
> git rev-list --left-right master...refs/remotes/origin/master
> git for-each-ref --format %(refname) %(objectname) --sort -committerdate
> git remote --verbose
> git config --get commit.template
> git status -z -u
> git symbolic-ref --short HEAD
> git rev-parse master
> git rev-parse --symbolic-full-name master@{u}
> git rev-list --left-right master...refs/remotes/origin/master
> git for-each-ref --format %(refname) %(objectname) --sort -committerdate
> git remote --verbose
> git config --get commit.template
> git status -z -u
> git symbolic-ref --short HEAD
> git rev-parse master
> git rev-parse --symbolic-full-name master@{u}
> git rev-list --left-right master...refs/remotes/origin/master
> git for-each-ref --format %(refname) %(objectname) --sort -committerdate
> git remote --verbose
> git config --get commit.template
> git status -z -u
> git symbolic-ref --short HEAD
> git rev-parse master
> git rev-parse --symbolic-full-name master@{u}
> git rev-list --left-right master...refs/remotes/origin/master
> git for-each-ref --format %(refname) %(objectname) --sort -committerdate
> git remote --verbose
> git config --get commit.template
> git status -z -u
> git symbolic-ref --short HEAD
> git rev-parse master
> git rev-parse --symbolic-full-name master@{u}
> git rev-list --left-right master...refs/remotes/origin/master
> git for-each-ref --format %(refname) %(objectname) --sort -committerdate
> git remote --verbose
> git config --get commit.template
> git status -z -u
> git symbolic-ref --short HEAD
> git rev-parse master
> git rev-parse --symbolic-full-name master@{u}
> git rev-list --left-right master...refs/remotes/origin/master
> git for-each-ref --format %(refname) %(objectname) --sort -committerdate
> git remote --verbose
> git config --get commit.template
> git status -z -u
> git symbolic-ref --short HEAD
> git rev-parse master
> git rev-parse --symbolic-full-name master@{u}
> git rev-list --left-right master...refs/remotes/origin/master
> git for-each-ref --format %(refname) %(objectname) --sort -committerdate
> git remote --verbose
> git config --get commit.template
> git status -z -u
> git symbolic-ref --short HEAD
> git rev-parse master
> git rev-parse --symbolic-full-name master@{u}
> git rev-list --left-right master...refs/remotes/origin/master
> git for-each-ref --format %(refname) %(objectname) --sort -committerdate
> git remote --verbose
> git config --get commit.template
> git status -z -u
> git symbolic-ref --short HEAD
> git rev-parse master
> git rev-parse --symbolic-full-name master@{u}
> git rev-list --left-right master...refs/remotes/origin/master
> git for-each-ref --format %(refname) %(objectname) --sort -committerdate
> git remote --verbose
> git config --get commit.template
> git status -z -u
> git symbolic-ref --short HEAD
> git rev-parse master
> git rev-parse --symbolic-full-name master@{u}
> git rev-list --left-right master...refs/remotes/origin/master
> git for-each-ref --format %(refname) %(objectname) --sort -committerdate
> git remote --verbose
> git config --get commit.template
> git status -z -u
> git symbolic-ref --short HEAD
> git rev-parse master
> git rev-parse --symbolic-full-name master@{u}
> git rev-list --left-right master...refs/remotes/origin/master
> git for-each-ref --format %(refname) %(objectname) --sort -committerdate
> git remote --verbose
> git config --get commit.template
> git status -z -u
> git symbolic-ref --short HEAD
> git rev-parse master
> git rev-parse --symbolic-full-name master@{u}
> git rev-list --left-right master...refs/remotes/origin/master
> git for-each-ref --format %(refname) %(objectname) --sort -committerdate
> git remote --verbose
> git config --get commit.template
> git status -z -u
> git symbolic-ref --short HEAD
> git rev-parse master
> git rev-parse --symbolic-full-name master@{u}
> git rev-list --left-right master...refs/remotes/origin/master
> git for-each-ref --format %(refname) %(objectname) --sort -committerdate
> git remote --verbose
> git config --get commit.template
> git status -z -u
> git symbolic-ref --short HEAD
> git rev-parse master
> git rev-parse --symbolic-full-name master@{u}
> git rev-list --left-right master...refs/remotes/origin/master
> git for-each-ref --format %(refname) %(objectname) --sort -committerdate
> git remote --verbose
> git config --get commit.template
> git status -z -u
> git symbolic-ref --short HEAD
> git rev-parse master
> git rev-parse --symbolic-full-name master@{u}
> git rev-list --left-right master...refs/remotes/origin/master
> git for-each-ref --format %(refname) %(objectname) --sort -committerdate
> git remote --verbose
> git config --get commit.template
> git show :TODO.md
> git ls-files --stage -- /home/youssef/Downloads/opt/restaurant-app-v2/TODO.md
> git cat-file -s 4eef809ffc5ad823048e14fcf0cebff5c0edc1e1
> git status -z -u
> git symbolic-ref --short HEAD
> git rev-parse master
> git rev-parse --symbolic-full-name master@{u}
> git rev-list --left-right master...refs/remotes/origin/master
> git for-each-ref --format %(refname) %(objectname) --sort -committerdate
> git remote --verbose
> git config --get commit.template
> git status -z -u
> git symbolic-ref --short HEAD
> git rev-parse master
> git rev-parse --symbolic-full-name master@{u}
> git rev-list --left-right master...refs/remotes/origin/master
> git for-each-ref --format %(refname) %(objectname) --sort -committerdate
> git remote --verbose
> git config --get commit.template
> git check-ignore -v -z --stdin
> git show :frontend/src/views/Signup.vue
> git ls-files --stage -- /home/youssef/Downloads/opt/restaurant-app-v2/frontend/src/views/Signup.vue
> git cat-file -s a5bcaee2bf5a75b33c1d1b1e19af260fa89b536b
> git show :frontend/src/api/API.js
> git ls-files --stage -- /home/youssef/Downloads/opt/restaurant-app-v2/frontend/src/api/API.js
> git cat-file -s e53b90795b8c7f8ab945cd3f209e2992318029db
> git status -z -u
> git symbolic-ref --short HEAD
> git rev-parse master
> git rev-parse --symbolic-full-name master@{u}
> git rev-list --left-right master...refs/remotes/origin/master
> git for-each-ref --format %(refname) %(objectname) --sort -committerdate
> git remote --verbose
> git config --get commit.template
> git show :frontend/src/views/Signup.vue
> git ls-files --stage -- /home/youssef/Downloads/opt/restaurant-app-v2/frontend/src/views/Signup.vue
> git cat-file -s a5bcaee2bf5a75b33c1d1b1e19af260fa89b536b
> git status -z -u
> git symbolic-ref --short HEAD
> git rev-parse master
> git rev-parse --symbolic-full-name master@{u}
> git rev-list --left-right master...refs/remotes/origin/master
> git for-each-ref --format %(refname) %(objectname) --sort -committerdate
> git remote --verbose
> git config --get commit.template
> git status -z -u
> git symbolic-ref --short HEAD
> git rev-parse master
> git rev-parse --symbolic-full-name master@{u}
> git rev-list --left-right master...refs/remotes/origin/master
> git for-each-ref --format %(refname) %(objectname) --sort -committerdate
> git remote --verbose
> git config --get commit.template
> git show :frontend/src/components/AppNav.vue
> git ls-files --stage -- /home/youssef/Downloads/opt/restaurant-app-v2/frontend/src/components/AppNav.vue
> git cat-file -s 2b60349eea51c103d16c66c4fd6f0f66f6a10634
> git status -z -u
> git symbolic-ref --short HEAD
> git rev-parse master
> git rev-parse --symbolic-full-name master@{u}
> git rev-list --left-right master...refs/remotes/origin/master
> git for-each-ref --format %(refname) %(objectname) --sort -committerdate
> git remote --verbose
> git config --get commit.template
> git show :TODO.md
> git ls-files --stage -- /home/youssef/Downloads/opt/restaurant-app-v2/TODO.md
> git cat-file -s 4eef809ffc5ad823048e14fcf0cebff5c0edc1e1
> git status -z -u
> git symbolic-ref --short HEAD
> git rev-parse master
> git rev-parse --symbolic-full-name master@{u}
> git rev-list --left-right master...refs/remotes/origin/master
> git for-each-ref --format %(refname) %(objectname) --sort -committerdate
> git remote --verbose
> git config --get commit.template
> git show :frontend/src/views/Signup.vue
> git ls-files --stage -- /home/youssef/Downloads/opt/restaurant-app-v2/frontend/src/views/Signup.vue
> git cat-file -s a5bcaee2bf5a75b33c1d1b1e19af260fa89b536b
> git status -z -u
> git symbolic-ref --short HEAD
> git rev-parse master
> git rev-parse --symbolic-full-name master@{u}
> git rev-list --left-right master...refs/remotes/origin/master
> git for-each-ref --format %(refname) %(objectname) --sort -committerdate
> git remote --verbose
> git config --get commit.template
> git status -z -u
> git symbolic-ref --short HEAD
> git rev-parse master
> git rev-parse --symbolic-full-name master@{u}
> git rev-list --left-right master...refs/remotes/origin/master
> git for-each-ref --format %(refname) %(objectname) --sort -committerdate
> git remote --verbose
> git config --get commit.template
> git status -z -u
> git symbolic-ref --short HEAD
> git rev-parse master
> git rev-parse --symbolic-full-name master@{u}
> git rev-list --left-right master...refs/remotes/origin/master
> git for-each-ref --format %(refname) %(objectname) --sort -committerdate
> git remote --verbose
> git config --get commit.template
> git status -z -u
> git symbolic-ref --short HEAD
> git rev-parse master
> git rev-parse --symbolic-full-name master@{u}
> git rev-list --left-right master...refs/remotes/origin/master
> git for-each-ref --format %(refname) %(objectname) --sort -committerdate
> git remote --verbose
> git config --get commit.template
> git status -z -u
> git symbolic-ref --short HEAD
> git rev-parse master
> git rev-parse --symbolic-full-name master@{u}
> git rev-list --left-right master...refs/remotes/origin/master
> git for-each-ref --format %(refname) %(objectname) --sort -committerdate
> git remote --verbose
> git config --get commit.template
> git status -z -u
> git symbolic-ref --short HEAD
> git rev-parse master
> git rev-parse --symbolic-full-name master@{u}
> git rev-list --left-right master...refs/remotes/origin/master
> git for-each-ref --format %(refname) %(objectname) --sort -committerdate
> git remote --verbose
> git config --get commit.template
> git status -z -u
> git symbolic-ref --short HEAD
> git rev-parse master
> git rev-parse --symbolic-full-name master@{u}
> git rev-list --left-right master...refs/remotes/origin/master
> git for-each-ref --format %(refname) %(objectname) --sort -committerdate
> git remote --verbose
> git config --get commit.template
> git status -z -u
> git symbolic-ref --short HEAD
> git rev-parse master
> git rev-parse --symbolic-full-name master@{u}
> git rev-list --left-right master...refs/remotes/origin/master
> git for-each-ref --format %(refname) %(objectname) --sort -committerdate
> git remote --verbose
> git config --get commit.template
> git status -z -u
> git symbolic-ref --short HEAD
> git rev-parse master
> git rev-parse --symbolic-full-name master@{u}
> git rev-list --left-right master...refs/remotes/origin/master
> git for-each-ref --format %(refname) %(objectname) --sort -committerdate
> git remote --verbose
> git config --get commit.template
> git status -z -u
> git symbolic-ref --short HEAD
> git rev-parse master
> git rev-parse --symbolic-full-name master@{u}
> git rev-list --left-right master...refs/remotes/origin/master
> git for-each-ref --format %(refname) %(objectname) --sort -committerdate
> git remote --verbose
> git config --get commit.template
> git status -z -u
> git symbolic-ref --short HEAD
> git rev-parse master
> git rev-parse --symbolic-full-name master@{u}
> git rev-list --left-right master...refs/remotes/origin/master
> git for-each-ref --format %(refname) %(objectname) --sort -committerdate
> git remote --verbose
> git config --get commit.template
> git status -z -u
> git symbolic-ref --short HEAD
> git rev-parse master
> git rev-parse --symbolic-full-name master@{u}
> git rev-list --left-right master...refs/remotes/origin/master
> git for-each-ref --format %(refname) %(objectname) --sort -committerdate
> git remote --verbose
> git config --get commit.template
> git show :frontend/src/api/API.js
> git ls-files --stage -- /home/youssef/Downloads/opt/restaurant-app-v2/frontend/src/api/API.js
> git cat-file -s e53b90795b8c7f8ab945cd3f209e2992318029db
> git status -z -u
> git symbolic-ref --short HEAD
> git rev-parse master
> git rev-parse --symbolic-full-name master@{u}
> git rev-list --left-right master...refs/remotes/origin/master
> git for-each-ref --format %(refname) %(objectname) --sort -committerdate
> git remote --verbose
> git config --get commit.template
> git show :frontend/src/views/Signup.vue
> git ls-files --stage -- /home/youssef/Downloads/opt/restaurant-app-v2/frontend/src/views/Signup.vue
> git cat-file -s a5bcaee2bf5a75b33c1d1b1e19af260fa89b536b
> git status -z -u
> git symbolic-ref --short HEAD
> git rev-parse master
> git rev-parse --symbolic-full-name master@{u}
> git rev-list --left-right master...refs/remotes/origin/master
> git for-each-ref --format %(refname) %(objectname) --sort -committerdate
> git remote --verbose
> git config --get commit.template
> git show :frontend/src/api/API.js
> git ls-files --stage -- /home/youssef/Downloads/opt/restaurant-app-v2/frontend/src/api/API.js
> git cat-file -s e53b90795b8c7f8ab945cd3f209e2992318029db
> git status -z -u
> git symbolic-ref --short HEAD
> git rev-parse master
> git rev-parse --symbolic-full-name master@{u}
> git rev-list --left-right master...refs/remotes/origin/master
> git for-each-ref --format %(refname) %(objectname) --sort -committerdate
> git remote --verbose
> git config --get commit.template
> git show :frontend/src/views/Signup.vue
> git ls-files --stage -- /home/youssef/Downloads/opt/restaurant-app-v2/frontend/src/views/Signup.vue
> git cat-file -s a5bcaee2bf5a75b33c1d1b1e19af260fa89b536b
> git status -z -u
> git symbolic-ref --short HEAD
> git rev-parse master
> git rev-parse --symbolic-full-name master@{u}
> git rev-list --left-right master...refs/remotes/origin/master
> git for-each-ref --format %(refname) %(objectname) --sort -committerdate
> git remote --verbose
> git config --get commit.template
> git status -z -u
> git symbolic-ref --short HEAD
> git rev-parse master
> git rev-parse --symbolic-full-name master@{u}
> git rev-list --left-right master...refs/remotes/origin/master
> git for-each-ref --format %(refname) %(objectname) --sort -committerdate
> git remote --verbose
> git config --get commit.template
> git status -z -u
> git symbolic-ref --short HEAD
> git rev-parse master
> git rev-parse --symbolic-full-name master@{u}
> git rev-list --left-right master...refs/remotes/origin/master
> git for-each-ref --format %(refname) %(objectname) --sort -committerdate
> git remote --verbose
> git config --get commit.template
> git show :frontend/src/store.js
> git ls-files --stage -- /home/youssef/Downloads/opt/restaurant-app-v2/frontend/src/store.js
> git cat-file -s 25a916b476366e533c7c6b28d57ad9d764a0ff9b
> git show :frontend/src/views/Signup.vue
> git ls-files --stage -- /home/youssef/Downloads/opt/restaurant-app-v2/frontend/src/views/Signup.vue
> git cat-file -s a5bcaee2bf5a75b33c1d1b1e19af260fa89b536b
> git show :frontend/src/store.js
> git ls-files --stage -- /home/youssef/Downloads/opt/restaurant-app-v2/frontend/src/store.js
> git cat-file -s 25a916b476366e533c7c6b28d57ad9d764a0ff9b
> git show :frontend/src/views/Signup.vue
> git ls-files --stage -- /home/youssef/Downloads/opt/restaurant-app-v2/frontend/src/views/Signup.vue
> git cat-file -s a5bcaee2bf5a75b33c1d1b1e19af260fa89b536b
> git status -z -u
> git symbolic-ref --short HEAD
> git rev-parse master
> git rev-parse --symbolic-full-name master@{u}
> git rev-list --left-right master...refs/remotes/origin/master
> git for-each-ref --format %(refname) %(objectname) --sort -committerdate
> git remote --verbose
> git show :frontend/src/store.js
> git ls-files --stage -- /home/youssef/Downloads/opt/restaurant-app-v2/frontend/src/store.js
> git config --get commit.template
> git cat-file -s 25a916b476366e533c7c6b28d57ad9d764a0ff9b
> git status -z -u
> git symbolic-ref --short HEAD
> git rev-parse master
> git rev-parse --symbolic-full-name master@{u}
> git rev-list --left-right master...refs/remotes/origin/master
> git for-each-ref --format %(refname) %(objectname) --sort -committerdate
> git remote --verbose
> git config --get commit.template
> git status -z -u
> git symbolic-ref --short HEAD
> git rev-parse master
> git rev-parse --symbolic-full-name master@{u}
> git rev-list --left-right master...refs/remotes/origin/master
> git for-each-ref --format %(refname) %(objectname) --sort -committerdate
> git remote --verbose
> git config --get commit.template
> git show :frontend/src/views/Signup.vue
> git ls-files --stage -- /home/youssef/Downloads/opt/restaurant-app-v2/frontend/src/views/Signup.vue
> git cat-file -s a5bcaee2bf5a75b33c1d1b1e19af260fa89b536b
> git status -z -u
> git symbolic-ref --short HEAD
> git rev-parse master
> git rev-parse --symbolic-full-name master@{u}
> git rev-list --left-right master...refs/remotes/origin/master
> git for-each-ref --format %(refname) %(objectname) --sort -committerdate
> git remote --verbose
> git config --get commit.template
> git show :frontend/src/store.js
> git ls-files --stage -- /home/youssef/Downloads/opt/restaurant-app-v2/frontend/src/store.js
> git cat-file -s 25a916b476366e533c7c6b28d57ad9d764a0ff9b
> git show :frontend/src/views/Signup.vue
> git ls-files --stage -- /home/youssef/Downloads/opt/restaurant-app-v2/frontend/src/views/Signup.vue
> git cat-file -s a5bcaee2bf5a75b33c1d1b1e19af260fa89b536b
> git status -z -u
> git symbolic-ref --short HEAD
> git rev-parse master
> git rev-parse --symbolic-full-name master@{u}
> git rev-list --left-right master...refs/remotes/origin/master
> git for-each-ref --format %(refname) %(objectname) --sort -committerdate
> git remote --verbose
> git config --get commit.template
> git show :frontend/src/store.js
> git ls-files --stage -- /home/youssef/Downloads/opt/restaurant-app-v2/frontend/src/store.js
> git cat-file -s 25a916b476366e533c7c6b28d57ad9d764a0ff9b
> git show :frontend/src/views/Signup.vue
> git ls-files --stage -- /home/youssef/Downloads/opt/restaurant-app-v2/frontend/src/views/Signup.vue
> git cat-file -s a5bcaee2bf5a75b33c1d1b1e19af260fa89b536b
> git status -z -u
> git symbolic-ref --short HEAD
> git rev-parse master
> git rev-parse --symbolic-full-name master@{u}
> git rev-list --left-right master...refs/remotes/origin/master
> git for-each-ref --format %(refname) %(objectname) --sort -committerdate
> git remote --verbose
> git config --get commit.template
> git status -z -u
> git symbolic-ref --short HEAD
> git rev-parse master
> git rev-parse --symbolic-full-name master@{u}
> git rev-list --left-right master...refs/remotes/origin/master
> git for-each-ref --format %(refname) %(objectname) --sort -committerdate
> git remote --verbose
> git config --get commit.template
> git show :frontend/src/store.js
> git ls-files --stage -- /home/youssef/Downloads/opt/restaurant-app-v2/frontend/src/store.js
> git cat-file -s 25a916b476366e533c7c6b28d57ad9d764a0ff9b
> git show :frontend/src/api/API.js
> git ls-files --stage -- /home/youssef/Downloads/opt/restaurant-app-v2/frontend/src/api/API.js
> git cat-file -s e53b90795b8c7f8ab945cd3f209e2992318029db
> git show :frontend/src/store.js
> git ls-files --stage -- /home/youssef/Downloads/opt/restaurant-app-v2/frontend/src/store.js
> git cat-file -s 25a916b476366e533c7c6b28d57ad9d764a0ff9b
> git show :frontend/src/api/API.js
> git ls-files --stage -- /home/youssef/Downloads/opt/restaurant-app-v2/frontend/src/api/API.js
> git cat-file -s e53b90795b8c7f8ab945cd3f209e2992318029db
> git show :frontend/src/store.js
> git ls-files --stage -- /home/youssef/Downloads/opt/restaurant-app-v2/frontend/src/store.js
> git cat-file -s 25a916b476366e533c7c6b28d57ad9d764a0ff9b
> git show :frontend/src/views/Signup.vue
> git ls-files --stage -- /home/youssef/Downloads/opt/restaurant-app-v2/frontend/src/views/Signup.vue
> git cat-file -s a5bcaee2bf5a75b33c1d1b1e19af260fa89b536b
> git status -z -u
> git show :frontend/src/store.js
> git ls-files --stage -- /home/youssef/Downloads/opt/restaurant-app-v2/frontend/src/store.js
> git cat-file -s 25a916b476366e533c7c6b28d57ad9d764a0ff9b
> git symbolic-ref --short HEAD
> git rev-parse master
> git rev-parse --symbolic-full-name master@{u}
> git rev-list --left-right master...refs/remotes/origin/master
> git for-each-ref --format %(refname) %(objectname) --sort -committerdate
> git remote --verbose
> git config --get commit.template
> git show :frontend/src/api/API.js
> git ls-files --stage -- /home/youssef/Downloads/opt/restaurant-app-v2/frontend/src/api/API.js
> git cat-file -s e53b90795b8c7f8ab945cd3f209e2992318029db
> git status -z -u
> git symbolic-ref --short HEAD
> git rev-parse master
> git rev-parse --symbolic-full-name master@{u}
> git rev-list --left-right master...refs/remotes/origin/master
> git for-each-ref --format %(refname) %(objectname) --sort -committerdate
> git remote --verbose
> git config --get commit.template
> git show :frontend/src/views/Signup.vue
> git ls-files --stage -- /home/youssef/Downloads/opt/restaurant-app-v2/frontend/src/views/Signup.vue
> git cat-file -s a5bcaee2bf5a75b33c1d1b1e19af260fa89b536b
> git show :frontend/src/store.js
> git ls-files --stage -- /home/youssef/Downloads/opt/restaurant-app-v2/frontend/src/store.js
> git cat-file -s 25a916b476366e533c7c6b28d57ad9d764a0ff9b
> git show :frontend/src/views/Signup.vue
> git ls-files --stage -- /home/youssef/Downloads/opt/restaurant-app-v2/frontend/src/views/Signup.vue
> git cat-file -s a5bcaee2bf5a75b33c1d1b1e19af260fa89b536b
> git status -z -u
> git symbolic-ref --short HEAD
> git rev-parse master
> git rev-parse --symbolic-full-name master@{u}
> git rev-list --left-right master...refs/remotes/origin/master
> git for-each-ref --format %(refname) %(objectname) --sort -committerdate
> git remote --verbose
> git config --get commit.template
> git show :frontend/src/store.js
> git ls-files --stage -- /home/youssef/Downloads/opt/restaurant-app-v2/frontend/src/store.js
> git cat-file -s 25a916b476366e533c7c6b28d57ad9d764a0ff9b
> git show :frontend/src/views/Signup.vue
> git ls-files --stage -- /home/youssef/Downloads/opt/restaurant-app-v2/frontend/src/views/Signup.vue
> git cat-file -s a5bcaee2bf5a75b33c1d1b1e19af260fa89b536b
> git show :frontend/src/api/API.js
> git ls-files --stage -- /home/youssef/Downloads/opt/restaurant-app-v2/frontend/src/api/API.js
> git cat-file -s e53b90795b8c7f8ab945cd3f209e2992318029db
> git status -z -u
> git symbolic-ref --short HEAD
> git rev-parse master
> git rev-parse --symbolic-full-name master@{u}
> git rev-list --left-right master...refs/remotes/origin/master
> git for-each-ref --format %(refname) %(objectname) --sort -committerdate
> git remote --verbose
> git config --get commit.template
> git status -z -u
> git symbolic-ref --short HEAD
> git rev-parse master
> git rev-parse --symbolic-full-name master@{u}
> git rev-list --left-right master...refs/remotes/origin/master
> git for-each-ref --format %(refname) %(objectname) --sort -committerdate
> git remote --verbose
> git config --get commit.template
> git show :frontend/src/store.js
> git ls-files --stage -- /home/youssef/Downloads/opt/restaurant-app-v2/frontend/src/store.js
> git cat-file -s 25a916b476366e533c7c6b28d57ad9d764a0ff9b
> git show :frontend/src/views/Signup.vue
> git ls-files --stage -- /home/youssef/Downloads/opt/restaurant-app-v2/frontend/src/views/Signup.vue
> git cat-file -s a5bcaee2bf5a75b33c1d1b1e19af260fa89b536b
> git show :frontend/src/api/API.js
> git ls-files --stage -- /home/youssef/Downloads/opt/restaurant-app-v2/frontend/src/api/API.js
> git cat-file -s e53b90795b8c7f8ab945cd3f209e2992318029db
> git show :frontend/src/store.js
> git ls-files --stage -- /home/youssef/Downloads/opt/restaurant-app-v2/frontend/src/store.js
> git cat-file -s 25a916b476366e533c7c6b28d57ad9d764a0ff9b
> git show :frontend/src/api/API.js
> git ls-files --stage -- /home/youssef/Downloads/opt/restaurant-app-v2/frontend/src/api/API.js
> git cat-file -s e53b90795b8c7f8ab945cd3f209e2992318029db
> git status -z -u
> git symbolic-ref --short HEAD
> git rev-parse master
> git rev-parse --symbolic-full-name master@{u}
> git rev-list --left-right master...refs/remotes/origin/master
> git for-each-ref --format %(refname) %(objectname) --sort -committerdate
> git remote --verbose
> git config --get commit.template
> git status -z -u
> git show :frontend/src/store.js
> git ls-files --stage -- /home/youssef/Downloads/opt/restaurant-app-v2/frontend/src/store.js
> git cat-file -s 25a916b476366e533c7c6b28d57ad9d764a0ff9b
> git symbolic-ref --short HEAD
> git rev-parse master
> git rev-parse --symbolic-full-name master@{u}
> git rev-list --left-right master...refs/remotes/origin/master
> git for-each-ref --format %(refname) %(objectname) --sort -committerdate
> git remote --verbose
> git config --get commit.template
> git show :frontend/src/api/API.js
> git ls-files --stage -- /home/youssef/Downloads/opt/restaurant-app-v2/frontend/src/api/API.js
> git cat-file -s e53b90795b8c7f8ab945cd3f209e2992318029db
> git show :frontend/src/store.js
> git ls-files --stage -- /home/youssef/Downloads/opt/restaurant-app-v2/frontend/src/store.js
> git cat-file -s 25a916b476366e533c7c6b28d57ad9d764a0ff9b
> git status -z -u
> git symbolic-ref --short HEAD
> git rev-parse master
> git rev-parse --symbolic-full-name master@{u}
> git rev-list --left-right master...refs/remotes/origin/master
> git for-each-ref --format %(refname) %(objectname) --sort -committerdate
> git remote --verbose
> git config --get commit.template
> git status -z -u
> git symbolic-ref --short HEAD
> git rev-parse master
> git rev-parse --symbolic-full-name master@{u}
> git rev-list --left-right master...refs/remotes/origin/master
> git for-each-ref --format %(refname) %(objectname) --sort -committerdate
> git remote --verbose
> git config --get commit.template
> git status -z -u
> git symbolic-ref --short HEAD
> git rev-parse master
> git rev-parse --symbolic-full-name master@{u}
> git rev-list --left-right master...refs/remotes/origin/master
> git for-each-ref --format %(refname) %(objectname) --sort -committerdate
> git remote --verbose
> git config --get commit.template
> git show :frontend/src/api/API.js
> git ls-files --stage -- /home/youssef/Downloads/opt/restaurant-app-v2/frontend/src/api/API.js
> git cat-file -s e53b90795b8c7f8ab945cd3f209e2992318029db
> git status -z -u
> git symbolic-ref --short HEAD
> git rev-parse master
> git rev-parse --symbolic-full-name master@{u}
> git rev-list --left-right master...refs/remotes/origin/master
> git for-each-ref --format %(refname) %(objectname) --sort -committerdate
> git remote --verbose
> git config --get commit.template
> git status -z -u
> git symbolic-ref --short HEAD
> git rev-parse master
> git rev-parse --symbolic-full-name master@{u}
> git rev-list --left-right master...refs/remotes/origin/master
> git for-each-ref --format %(refname) %(objectname) --sort -committerdate
> git remote --verbose
> git config --get commit.template
> git show :frontend/src/views/Signup.vue
> git ls-files --stage -- /home/youssef/Downloads/opt/restaurant-app-v2/frontend/src/views/Signup.vue
> git cat-file -s a5bcaee2bf5a75b33c1d1b1e19af260fa89b536b
> git show :frontend/src/views/Login.vue
> git ls-files --stage -- /home/youssef/Downloads/opt/restaurant-app-v2/frontend/src/views/Login.vue
> git cat-file -s 7d73ce0f0edc956e1453bae72e907d8bf2858e93
> git status -z -u
> git symbolic-ref --short HEAD
> git rev-parse master
> git rev-parse --symbolic-full-name master@{u}
> git rev-list --left-right master...refs/remotes/origin/master
> git for-each-ref --format %(refname) %(objectname) --sort -committerdate
> git remote --verbose
> git config --get commit.template
> git show :frontend/src/views/Signup.vue
> git ls-files --stage -- /home/youssef/Downloads/opt/restaurant-app-v2/frontend/src/views/Signup.vue
> git cat-file -s a5bcaee2bf5a75b33c1d1b1e19af260fa89b536b
> git show :frontend/src/api/API.js
> git ls-files --stage -- /home/youssef/Downloads/opt/restaurant-app-v2/frontend/src/api/API.js
> git cat-file -s e53b90795b8c7f8ab945cd3f209e2992318029db
> git show :frontend/src/store.js
> git ls-files --stage -- /home/youssef/Downloads/opt/restaurant-app-v2/frontend/src/store.js
> git cat-file -s 25a916b476366e533c7c6b28d57ad9d764a0ff9b
> git show :frontend/src/api/API.js
> git ls-files --stage -- /home/youssef/Downloads/opt/restaurant-app-v2/frontend/src/api/API.js
> git cat-file -s e53b90795b8c7f8ab945cd3f209e2992318029db
> git show :frontend/src/store.js
> git ls-files --stage -- /home/youssef/Downloads/opt/restaurant-app-v2/frontend/src/store.js
> git cat-file -s 25a916b476366e533c7c6b28d57ad9d764a0ff9b
> git show :frontend/src/api/API.js
> git ls-files --stage -- /home/youssef/Downloads/opt/restaurant-app-v2/frontend/src/api/API.js
> git cat-file -s e53b90795b8c7f8ab945cd3f209e2992318029db
> git show :frontend/src/store.js
> git ls-files --stage -- /home/youssef/Downloads/opt/restaurant-app-v2/frontend/src/store.js
> git cat-file -s 25a916b476366e533c7c6b28d57ad9d764a0ff9b
> git status -z -u
> git symbolic-ref --short HEAD
> git rev-parse master
> git rev-parse --symbolic-full-name master@{u}
> git rev-list --left-right master...refs/remotes/origin/master
> git for-each-ref --format %(refname) %(objectname) --sort -committerdate
> git remote --verbose
> git config --get commit.template
> git status -z -u
> git symbolic-ref --short HEAD
> git rev-parse master
> git rev-parse --symbolic-full-name master@{u}
> git rev-list --left-right master...refs/remotes/origin/master
> git for-each-ref --format %(refname) %(objectname) --sort -committerdate
> git remote --verbose
> git config --get commit.template
> git status -z -u
> git symbolic-ref --short HEAD
> git rev-parse master
> git rev-parse --symbolic-full-name master@{u}
> git rev-list --left-right master...refs/remotes/origin/master
> git for-each-ref --format %(refname) %(objectname) --sort -committerdate
> git remote --verbose
> git config --get commit.template
> git show :frontend/src/views/Signup.vue
> git ls-files --stage -- /home/youssef/Downloads/opt/restaurant-app-v2/frontend/src/views/Signup.vue
> git cat-file -s a5bcaee2bf5a75b33c1d1b1e19af260fa89b536b
> git show :frontend/src/store.js
> git ls-files --stage -- /home/youssef/Downloads/opt/restaurant-app-v2/frontend/src/store.js
> git cat-file -s 25a916b476366e533c7c6b28d57ad9d764a0ff9b
> git status -z -u
> git symbolic-ref --short HEAD
> git rev-parse master
> git rev-parse --symbolic-full-name master@{u}
> git rev-list --left-right master...refs/remotes/origin/master
> git for-each-ref --format %(refname) %(objectname) --sort -committerdate
> git remote --verbose
> git config --get commit.template
> git status -z -u
> git symbolic-ref --short HEAD
> git rev-parse master
> git rev-parse --symbolic-full-name master@{u}
> git rev-list --left-right master...refs/remotes/origin/master
> git for-each-ref --format %(refname) %(objectname) --sort -committerdate
> git remote --verbose
> git config --get commit.template
> git status -z -u
> git symbolic-ref --short HEAD
> git rev-parse master
> git rev-parse --symbolic-full-name master@{u}
> git rev-list --left-right master...refs/remotes/origin/master
> git for-each-ref --format %(refname) %(objectname) --sort -committerdate
> git remote --verbose
> git config --get commit.template
> git show :frontend/src/api/API.js
> git ls-files --stage -- /home/youssef/Downloads/opt/restaurant-app-v2/frontend/src/api/API.js
> git cat-file -s e53b90795b8c7f8ab945cd3f209e2992318029db
> git status -z -u
> git symbolic-ref --short HEAD
> git rev-parse master
> git rev-parse --symbolic-full-name master@{u}
> git rev-list --left-right master...refs/remotes/origin/master
> git for-each-ref --format %(refname) %(objectname) --sort -committerdate
> git remote --verbose
> git config --get commit.template
> git show :frontend/src/store.js
> git ls-files --stage -- /home/youssef/Downloads/opt/restaurant-app-v2/frontend/src/store.js
> git cat-file -s 25a916b476366e533c7c6b28d57ad9d764a0ff9b
> git status -z -u
> git symbolic-ref --short HEAD
> git rev-parse master
> git rev-parse --symbolic-full-name master@{u}
> git rev-list --left-right master...refs/remotes/origin/master
> git for-each-ref --format %(refname) %(objectname) --sort -committerdate
> git remote --verbose
> git config --get commit.template
> git show :frontend/src/api/API.js
> git ls-files --stage -- /home/youssef/Downloads/opt/restaurant-app-v2/frontend/src/api/API.js
> git cat-file -s e53b90795b8c7f8ab945cd3f209e2992318029db
> git status -z -u
> git symbolic-ref --short HEAD
> git rev-parse master
> git rev-parse --symbolic-full-name master@{u}
> git rev-list --left-right master...refs/remotes/origin/master
> git for-each-ref --format %(refname) %(objectname) --sort -committerdate
> git remote --verbose
> git config --get commit.template
> git show :frontend/src/store.js
> git ls-files --stage -- /home/youssef/Downloads/opt/restaurant-app-v2/frontend/src/store.js
> git cat-file -s 25a916b476366e533c7c6b28d57ad9d764a0ff9b
> git status -z -u
> git symbolic-ref --short HEAD
> git rev-parse master
> git rev-parse --symbolic-full-name master@{u}
> git rev-list --left-right master...refs/remotes/origin/master
> git for-each-ref --format %(refname) %(objectname) --sort -committerdate
> git remote --verbose
> git config --get commit.template
> git show :frontend/src/api/API.js
> git ls-files --stage -- /home/youssef/Downloads/opt/restaurant-app-v2/frontend/src/api/API.js
> git cat-file -s e53b90795b8c7f8ab945cd3f209e2992318029db
> git show :frontend/src/store.js
> git ls-files --stage -- /home/youssef/Downloads/opt/restaurant-app-v2/frontend/src/store.js
> git cat-file -s 25a916b476366e533c7c6b28d57ad9d764a0ff9b
> git show :frontend/src/api/API.js
> git ls-files --stage -- /home/youssef/Downloads/opt/restaurant-app-v2/frontend/src/api/API.js
> git cat-file -s e53b90795b8c7f8ab945cd3f209e2992318029db
> git status -z -u
> git symbolic-ref --short HEAD
> git rev-parse master
> git rev-parse --symbolic-full-name master@{u}
> git rev-list --left-right master...refs/remotes/origin/master
> git for-each-ref --format %(refname) %(objectname) --sort -committerdate
> git remote --verbose
> git config --get commit.template
> git show :frontend/src/store.js
> git ls-files --stage -- /home/youssef/Downloads/opt/restaurant-app-v2/frontend/src/store.js
> git cat-file -s 25a916b476366e533c7c6b28d57ad9d764a0ff9b
> git status -z -u
> git symbolic-ref --short HEAD
> git rev-parse master
> git rev-parse --symbolic-full-name master@{u}
> git rev-list --left-right master...refs/remotes/origin/master
> git for-each-ref --format %(refname) %(objectname) --sort -committerdate
> git remote --verbose
> git config --get commit.template
> git show :frontend/src/api/API.js
> git ls-files --stage -- /home/youssef/Downloads/opt/restaurant-app-v2/frontend/src/api/API.js
> git cat-file -s e53b90795b8c7f8ab945cd3f209e2992318029db
> git show :frontend/src/store.js
> git ls-files --stage -- /home/youssef/Downloads/opt/restaurant-app-v2/frontend/src/store.js
> git cat-file -s 25a916b476366e533c7c6b28d57ad9d764a0ff9b
> git show :frontend/src/api/API.js
> git ls-files --stage -- /home/youssef/Downloads/opt/restaurant-app-v2/frontend/src/api/API.js
> git cat-file -s e53b90795b8c7f8ab945cd3f209e2992318029db
> git show :frontend/src/store.js
> git ls-files --stage -- /home/youssef/Downloads/opt/restaurant-app-v2/frontend/src/store.js
> git cat-file -s 25a916b476366e533c7c6b28d57ad9d764a0ff9b
> git status -z -u
> git symbolic-ref --short HEAD
> git rev-parse master
> git rev-parse --symbolic-full-name master@{u}
> git rev-list --left-right master...refs/remotes/origin/master
> git for-each-ref --format %(refname) %(objectname) --sort -committerdate
> git remote --verbose
> git config --get commit.template
> git show :frontend/src/api/API.js
> git ls-files --stage -- /home/youssef/Downloads/opt/restaurant-app-v2/frontend/src/api/API.js
> git cat-file -s e53b90795b8c7f8ab945cd3f209e2992318029db
> git show :frontend/src/store.js
> git ls-files --stage -- /home/youssef/Downloads/opt/restaurant-app-v2/frontend/src/store.js
> git cat-file -s 25a916b476366e533c7c6b28d57ad9d764a0ff9b
> git status -z -u
> git symbolic-ref --short HEAD
> git rev-parse master
> git rev-parse --symbolic-full-name master@{u}
> git rev-list --left-right master...refs/remotes/origin/master
> git for-each-ref --format %(refname) %(objectname) --sort -committerdate
> git remote --verbose
> git config --get commit.template
> git status -z -u
> git symbolic-ref --short HEAD
> git rev-parse master
> git rev-parse --symbolic-full-name master@{u}
> git rev-list --left-right master...refs/remotes/origin/master
> git for-each-ref --format %(refname) %(objectname) --sort -committerdate
> git remote --verbose
> git config --get commit.template
> git status -z -u
> git symbolic-ref --short HEAD
> git rev-parse master
> git rev-parse --symbolic-full-name master@{u}
> git rev-list --left-right master...refs/remotes/origin/master
> git for-each-ref --format %(refname) %(objectname) --sort -committerdate
> git remote --verbose
> git config --get commit.template
> git status -z -u
> git symbolic-ref --short HEAD
> git rev-parse master
> git rev-parse --symbolic-full-name master@{u}
> git rev-list --left-right master...refs/remotes/origin/master
> git for-each-ref --format %(refname) %(objectname) --sort -committerdate
> git remote --verbose
> git config --get commit.template
> git show :frontend/src/views/Signup.vue
> git ls-files --stage -- /home/youssef/Downloads/opt/restaurant-app-v2/frontend/src/views/Signup.vue
> git cat-file -s a5bcaee2bf5a75b33c1d1b1e19af260fa89b536b
> git show :frontend/src/api/API.js
> git ls-files --stage -- /home/youssef/Downloads/opt/restaurant-app-v2/frontend/src/api/API.js
> git cat-file -s e53b90795b8c7f8ab945cd3f209e2992318029db
> git status -z -u
> git symbolic-ref --short HEAD
> git rev-parse master
> git rev-parse --symbolic-full-name master@{u}
> git rev-list --left-right master...refs/remotes/origin/master
> git for-each-ref --format %(refname) %(objectname) --sort -committerdate
> git remote --verbose
> git config --get commit.template
> git status -z -u
> git symbolic-ref --short HEAD
> git rev-parse master
> git rev-parse --symbolic-full-name master@{u}
> git rev-list --left-right master...refs/remotes/origin/master
> git for-each-ref --format %(refname) %(objectname) --sort -committerdate
> git remote --verbose
> git config --get commit.template
> git status -z -u
> git symbolic-ref --short HEAD
> git rev-parse master
> git rev-parse --symbolic-full-name master@{u}
> git rev-list --left-right master...refs/remotes/origin/master
> git for-each-ref --format %(refname) %(objectname) --sort -committerdate
> git remote --verbose
> git config --get commit.template
> git show :frontend/src/store.js
> git ls-files --stage -- /home/youssef/Downloads/opt/restaurant-app-v2/frontend/src/store.js
> git cat-file -s 25a916b476366e533c7c6b28d57ad9d764a0ff9b
> git show :frontend/src/api/API.js
> git ls-files --stage -- /home/youssef/Downloads/opt/restaurant-app-v2/frontend/src/api/API.js
> git cat-file -s e53b90795b8c7f8ab945cd3f209e2992318029db
> git status -z -u
> git symbolic-ref --short HEAD
> git rev-parse master
> git rev-parse --symbolic-full-name master@{u}
> git rev-list --left-right master...refs/remotes/origin/master
> git for-each-ref --format %(refname) %(objectname) --sort -committerdate
> git remote --verbose
> git config --get commit.template
> git status -z -u
> git symbolic-ref --short HEAD
> git rev-parse master
> git rev-parse --symbolic-full-name master@{u}
> git rev-list --left-right master...refs/remotes/origin/master
> git for-each-ref --format %(refname) %(objectname) --sort -committerdate
> git remote --verbose
> git config --get commit.template
> git show :frontend/src/store.js
> git ls-files --stage -- /home/youssef/Downloads/opt/restaurant-app-v2/frontend/src/store.js
> git cat-file -s 25a916b476366e533c7c6b28d57ad9d764a0ff9b
> git show :frontend/src/views/Signup.vue
> git ls-files --stage -- /home/youssef/Downloads/opt/restaurant-app-v2/frontend/src/views/Signup.vue
> git cat-file -s a5bcaee2bf5a75b33c1d1b1e19af260fa89b536b
> git show :frontend/src/api/API.js
> git ls-files --stage -- /home/youssef/Downloads/opt/restaurant-app-v2/frontend/src/api/API.js
> git cat-file -s e53b90795b8c7f8ab945cd3f209e2992318029db
> git status -z -u
> git show :frontend/src/store.js
> git ls-files --stage -- /home/youssef/Downloads/opt/restaurant-app-v2/frontend/src/store.js
> git symbolic-ref --short HEAD
> git cat-file -s 25a916b476366e533c7c6b28d57ad9d764a0ff9b
> git rev-parse master
> git rev-parse --symbolic-full-name master@{u}
> git rev-list --left-right master...refs/remotes/origin/master
> git for-each-ref --format %(refname) %(objectname) --sort -committerdate
> git remote --verbose
> git config --get commit.template
> git show :frontend/src/api/API.js
> git ls-files --stage -- /home/youssef/Downloads/opt/restaurant-app-v2/frontend/src/api/API.js
> git cat-file -s e53b90795b8c7f8ab945cd3f209e2992318029db
> git status -z -u
> git show :frontend/src/views/Signup.vue
> git ls-files --stage -- /home/youssef/Downloads/opt/restaurant-app-v2/frontend/src/views/Signup.vue
> git cat-file -s a5bcaee2bf5a75b33c1d1b1e19af260fa89b536b
> git symbolic-ref --short HEAD
> git rev-parse master
> git rev-parse --symbolic-full-name master@{u}
> git rev-list --left-right master...refs/remotes/origin/master
> git for-each-ref --format %(refname) %(objectname) --sort -committerdate
> git remote --verbose
> git config --get commit.template
> git show :frontend/src/store.js
> git ls-files --stage -- /home/youssef/Downloads/opt/restaurant-app-v2/frontend/src/store.js
> git cat-file -s 25a916b476366e533c7c6b28d57ad9d764a0ff9b
> git status -z -u
> git symbolic-ref --short HEAD
> git rev-parse master
> git rev-parse --symbolic-full-name master@{u}
> git rev-list --left-right master...refs/remotes/origin/master
> git for-each-ref --format %(refname) %(objectname) --sort -committerdate
> git remote --verbose
> git config --get commit.template
> git status -z -u
> git show :frontend/src/api/API.js
> git ls-files --stage -- /home/youssef/Downloads/opt/restaurant-app-v2/frontend/src/api/API.js
> git cat-file -s e53b90795b8c7f8ab945cd3f209e2992318029db
> git symbolic-ref --short HEAD
> git rev-parse master
> git rev-parse --symbolic-full-name master@{u}
> git rev-list --left-right master...refs/remotes/origin/master
> git for-each-ref --format %(refname) %(objectname) --sort -committerdate
> git remote --verbose
> git config --get commit.template
> git status -z -u
> git symbolic-ref --short HEAD
> git rev-parse master
> git rev-parse --symbolic-full-name master@{u}
> git rev-list --left-right master...refs/remotes/origin/master
> git for-each-ref --format %(refname) %(objectname) --sort -committerdate
> git remote --verbose
> git config --get commit.template
> git status -z -u
> git show :frontend/src/views/Signup.vue
> git ls-files --stage -- /home/youssef/Downloads/opt/restaurant-app-v2/frontend/src/views/Signup.vue
> git cat-file -s a5bcaee2bf5a75b33c1d1b1e19af260fa89b536b
> git symbolic-ref --short HEAD
> git rev-parse master
> git rev-parse --symbolic-full-name master@{u}
> git rev-list --left-right master...refs/remotes/origin/master
> git for-each-ref --format %(refname) %(objectname) --sort -committerdate
> git remote --verbose
> git config --get commit.template
> git status -z -u
> git symbolic-ref --short HEAD
> git rev-parse master
> git rev-parse --symbolic-full-name master@{u}
> git rev-list --left-right master...refs/remotes/origin/master
> git for-each-ref --format %(refname) %(objectname) --sort -committerdate
> git remote --verbose
> git config --get commit.template
> git show :TODO.md
> git ls-files --stage -- /home/youssef/Downloads/opt/restaurant-app-v2/TODO.md
> git cat-file -s 4eef809ffc5ad823048e14fcf0cebff5c0edc1e1
> git status -z -u
> git symbolic-ref --short HEAD
> git rev-parse master
> git rev-parse --symbolic-full-name master@{u}
> git rev-list --left-right master...refs/remotes/origin/master
> git for-each-ref --format %(refname) %(objectname) --sort -committerdate
> git remote --verbose
> git config --get commit.template
> git show :frontend/src/api/API.js
> git ls-files --stage -- /home/youssef/Downloads/opt/restaurant-app-v2/frontend/src/api/API.js
> git cat-file -s e53b90795b8c7f8ab945cd3f209e2992318029db
> git status -z -u
> git symbolic-ref --short HEAD
> git rev-parse master
> git rev-parse --symbolic-full-name master@{u}
> git rev-list --left-right master...refs/remotes/origin/master
> git for-each-ref --format %(refname) %(objectname) --sort -committerdate
> git remote --verbose
> git config --get commit.template
> git status -z -u
> git symbolic-ref --short HEAD
> git rev-parse master
> git rev-parse --symbolic-full-name master@{u}
> git rev-list --left-right master...refs/remotes/origin/master
> git for-each-ref --format %(refname) %(objectname) --sort -committerdate
> git remote --verbose
> git config --get commit.template
> git status -z -u
> git symbolic-ref --short HEAD
> git rev-parse master
> git rev-parse --symbolic-full-name master@{u}
> git rev-list --left-right master...refs/remotes/origin/master
> git for-each-ref --format %(refname) %(objectname) --sort -committerdate
> git remote --verbose
> git config --get commit.template
> git status -z -u
> git symbolic-ref --short HEAD
> git rev-parse master
> git rev-parse --symbolic-full-name master@{u}
> git rev-list --left-right master...refs/remotes/origin/master
> git for-each-ref --format %(refname) %(objectname) --sort -committerdate
> git remote --verbose
> git config --get commit.template
> git status -z -u
> git symbolic-ref --short HEAD
> git rev-parse master
> git rev-parse --symbolic-full-name master@{u}
> git rev-list --left-right master...refs/remotes/origin/master
> git for-each-ref --format %(refname) %(objectname) --sort -committerdate
> git remote --verbose
> git config --get commit.template
> git show :frontend/src/views/Signup.vue
> git ls-files --stage -- /home/youssef/Downloads/opt/restaurant-app-v2/frontend/src/views/Signup.vue
> git cat-file -s a5bcaee2bf5a75b33c1d1b1e19af260fa89b536b
> git show :frontend/src/store.js
> git ls-files --stage -- /home/youssef/Downloads/opt/restaurant-app-v2/frontend/src/store.js
> git cat-file -s 25a916b476366e533c7c6b28d57ad9d764a0ff9b
> git status -z -u
> git symbolic-ref --short HEAD
> git rev-parse master
> git rev-parse --symbolic-full-name master@{u}
> git rev-list --left-right master...refs/remotes/origin/master
> git for-each-ref --format %(refname) %(objectname) --sort -committerdate
> git remote --verbose
> git config --get commit.template
> git status -z -u
> git symbolic-ref --short HEAD
> git rev-parse master
> git rev-parse --symbolic-full-name master@{u}
> git rev-list --left-right master...refs/remotes/origin/master
> git for-each-ref --format %(refname) %(objectname) --sort -committerdate
> git remote --verbose
> git config --get commit.template
> git show :frontend/src/views/Signup.vue
> git ls-files --stage -- /home/youssef/Downloads/opt/restaurant-app-v2/frontend/src/views/Signup.vue
> git cat-file -s a5bcaee2bf5a75b33c1d1b1e19af260fa89b536b
> git show :frontend/src/store.js
> git ls-files --stage -- /home/youssef/Downloads/opt/restaurant-app-v2/frontend/src/store.js
> git cat-file -s 25a916b476366e533c7c6b28d57ad9d764a0ff9b
> git show :frontend/src/views/Signup.vue
> git ls-files --stage -- /home/youssef/Downloads/opt/restaurant-app-v2/frontend/src/views/Signup.vue
> git cat-file -s a5bcaee2bf5a75b33c1d1b1e19af260fa89b536b
> git status -z -u
> git symbolic-ref --short HEAD
> git rev-parse master
> git rev-parse --symbolic-full-name master@{u}
> git rev-list --left-right master...refs/remotes/origin/master
> git for-each-ref --format %(refname) %(objectname) --sort -committerdate
> git remote --verbose
> git config --get commit.template
> git status -z -u
> git symbolic-ref --short HEAD
> git rev-parse master
> git rev-parse --symbolic-full-name master@{u}
> git rev-list --left-right master...refs/remotes/origin/master
> git for-each-ref --format %(refname) %(objectname) --sort -committerdate
> git remote --verbose
> git config --get commit.template
