[2020-04-10 09:44:03.394] [exthost] [info] extension host started
[2020-04-10 09:44:04.376] [exthost] [info] ExtensionService#_doActivateExtension vscode.typescript-language-features {"startup":false,"extensionId":{"value":"vscode.typescript-language-features","_lower":"vscode.typescript-language-features"},"activationEvent":"onLanguage:javascript"}
[2020-04-10 09:44:04.377] [exthost] [info] ExtensionService#loadCommonJSModule file:///usr/share/code/resources/app/extensions/typescript-language-features/dist/extension
[2020-04-10 09:44:04.662] [exthost] [info] ExtensionService#_doActivateExtension vscode.debug-auto-launch {"startup":true,"extensionId":{"value":"vscode.debug-auto-launch","_lower":"vscode.debug-auto-launch"},"activationEvent":"*"}
[2020-04-10 09:44:04.662] [exthost] [info] ExtensionService#loadCommonJSModule file:///usr/share/code/resources/app/extensions/debug-auto-launch/dist/extension
[2020-04-10 09:44:04.724] [exthost] [info] ExtensionService#_doActivateExtension vscode.emmet {"startup":true,"extensionId":{"value":"vscode.emmet","_lower":"vscode.emmet"},"activationEvent":"*"}
[2020-04-10 09:44:04.725] [exthost] [info] ExtensionService#loadCommonJSModule file:///usr/share/code/resources/app/extensions/emmet/dist/extension
[2020-04-10 09:44:04.863] [exthost] [info] ExtensionService#_doActivateExtension vscode.git {"startup":true,"extensionId":{"value":"vscode.git","_lower":"vscode.git"},"activationEvent":"*"}
[2020-04-10 09:44:04.863] [exthost] [info] ExtensionService#loadCommonJSModule file:///usr/share/code/resources/app/extensions/git/dist/main
[2020-04-10 09:44:05.405] [exthost] [info] ExtensionService#_doActivateExtension vscode.github-authentication {"startup":true,"extensionId":{"value":"vscode.github-authentication","_lower":"vscode.github-authentication"},"activationEvent":"*"}
[2020-04-10 09:44:05.406] [exthost] [info] ExtensionService#loadCommonJSModule file:///usr/share/code/resources/app/extensions/github-authentication/dist/extension.js
[2020-04-10 09:44:05.471] [exthost] [info] ExtensionService#_doActivateExtension vscode.merge-conflict {"startup":true,"extensionId":{"value":"vscode.merge-conflict","_lower":"vscode.merge-conflict"},"activationEvent":"*"}
[2020-04-10 09:44:05.471] [exthost] [info] ExtensionService#loadCommonJSModule file:///usr/share/code/resources/app/extensions/merge-conflict/dist/extension
[2020-04-10 09:44:05.600] [exthost] [info] ExtensionService#_doActivateExtension vscode.search-result {"startup":true,"extensionId":{"value":"vscode.search-result","_lower":"vscode.search-result"},"activationEvent":"*"}
[2020-04-10 09:44:05.607] [exthost] [info] ExtensionService#loadCommonJSModule file:///usr/share/code/resources/app/extensions/search-result/dist/extension.js
[2020-04-10 09:44:05.617] [exthost] [info] ExtensionService#_doActivateExtension vscode.vscode-account {"startup":true,"extensionId":{"value":"vscode.vscode-account","_lower":"vscode.vscode-account"},"activationEvent":"*"}
[2020-04-10 09:44:05.617] [exthost] [info] ExtensionService#loadCommonJSModule file:///usr/share/code/resources/app/extensions/vscode-account/dist/extension.js
[2020-04-10 09:44:05.674] [exthost] [info] ExtensionService#_doActivateExtension esbenp.prettier-vscode {"startup":true,"extensionId":{"value":"esbenp.prettier-vscode","_lower":"esbenp.prettier-vscode"},"activationEvent":"*"}
[2020-04-10 09:44:05.675] [exthost] [info] ExtensionService#loadCommonJSModule file:///home/youssef/.vscode/extensions/esbenp.prettier-vscode-4.1.1/dist/extension
[2020-04-10 09:44:06.533] [exthost] [info] eager extensions activated
[2020-04-10 10:01:36.449] [exthost] [info] ExtensionService#_doActivateExtension vscode.extension-editing {"startup":false,"extensionId":{"value":"vscode.extension-editing","_lower":"vscode.extension-editing"},"activationEvent":"onLanguage:markdown"}
[2020-04-10 10:01:36.449] [exthost] [info] ExtensionService#loadCommonJSModule file:///usr/share/code/resources/app/extensions/extension-editing/dist/extension
[2020-04-10 10:01:36.631] [exthost] [info] ExtensionService#_doActivateExtension vscode.markdown-language-features {"startup":false,"extensionId":{"value":"vscode.markdown-language-features","_lower":"vscode.markdown-language-features"},"activationEvent":"onLanguage:markdown"}
[2020-04-10 10:01:36.634] [exthost] [info] ExtensionService#loadCommonJSModule file:///usr/share/code/resources/app/extensions/markdown-language-features/dist/extension
[2020-04-10 10:11:26.007] [exthost] [error] [vscode.typescript-language-features] provider FAILED
[2020-04-10 10:11:26.009] [exthost] [error] Error: busy
	at o._provideSemanticTokens (/usr/share/code/resources/app/extensions/typescript-language-features/dist/extension.js:1:180337)
[2020-04-10 10:11:27.426] [exthost] [error] [vscode.typescript-language-features] provider FAILED
[2020-04-10 10:11:27.426] [exthost] [error] Error: busy
	at o._provideSemanticTokens (/usr/share/code/resources/app/extensions/typescript-language-features/dist/extension.js:1:180337)
[2020-04-10 10:11:55.207] [exthost] [error] [vscode.typescript-language-features] provider FAILED
[2020-04-10 10:11:55.207] [exthost] [error] Error: busy
	at o._provideSemanticTokens (/usr/share/code/resources/app/extensions/typescript-language-features/dist/extension.js:1:180337)
[2020-04-10 10:12:20.637] [exthost] [error] [vscode.typescript-language-features] provider FAILED
[2020-04-10 10:12:20.637] [exthost] [error] Error: busy
	at o._provideSemanticTokens (/usr/share/code/resources/app/extensions/typescript-language-features/dist/extension.js:1:180337)
[2020-04-10 10:15:47.312] [exthost] [error] [vscode.typescript-language-features] provider FAILED
[2020-04-10 10:15:47.312] [exthost] [error] Error: busy
	at o._provideSemanticTokens (/usr/share/code/resources/app/extensions/typescript-language-features/dist/extension.js:1:180337)
[2020-04-10 10:15:47.608] [exthost] [error] [vscode.typescript-language-features] provider FAILED
[2020-04-10 10:15:47.608] [exthost] [error] Error: busy
	at o._provideSemanticTokens (/usr/share/code/resources/app/extensions/typescript-language-features/dist/extension.js:1:180337)
[2020-04-10 10:15:49.285] [exthost] [error] [vscode.typescript-language-features] provider FAILED
[2020-04-10 10:15:49.285] [exthost] [error] Error: busy
	at o._provideSemanticTokens (/usr/share/code/resources/app/extensions/typescript-language-features/dist/extension.js:1:180337)
[2020-04-10 10:15:49.776] [exthost] [error] [vscode.typescript-language-features] provider FAILED
[2020-04-10 10:15:49.777] [exthost] [error] Error: busy
	at o._provideSemanticTokens (/usr/share/code/resources/app/extensions/typescript-language-features/dist/extension.js:1:180337)
[2020-04-10 10:15:53.556] [exthost] [error] [vscode.typescript-language-features] provider FAILED
[2020-04-10 10:15:53.556] [exthost] [error] Error: busy
	at o._provideSemanticTokens (/usr/share/code/resources/app/extensions/typescript-language-features/dist/extension.js:1:180337)
[2020-04-10 10:18:36.631] [exthost] [error] [vscode.typescript-language-features] provider FAILED
[2020-04-10 10:18:36.631] [exthost] [error] Error: busy
	at o._provideSemanticTokens (/usr/share/code/resources/app/extensions/typescript-language-features/dist/extension.js:1:180337)
[2020-04-10 10:18:40.764] [exthost] [error] [vscode.typescript-language-features] provider FAILED
[2020-04-10 10:18:40.764] [exthost] [error] Error: busy
	at o._provideSemanticTokens (/usr/share/code/resources/app/extensions/typescript-language-features/dist/extension.js:1:180337)
[2020-04-10 10:18:41.072] [exthost] [error] [vscode.typescript-language-features] provider FAILED
[2020-04-10 10:18:41.073] [exthost] [error] Error: busy
	at o._provideSemanticTokens (/usr/share/code/resources/app/extensions/typescript-language-features/dist/extension.js:1:180337)
[2020-04-10 10:18:42.851] [exthost] [error] [vscode.typescript-language-features] provider FAILED
[2020-04-10 10:18:42.851] [exthost] [error] Error: busy
	at o._provideSemanticTokens (/usr/share/code/resources/app/extensions/typescript-language-features/dist/extension.js:1:180337)
[2020-04-10 10:18:42.989] [exthost] [info] [vscode.typescript-language-features] UNSAVE result from 'resolveCompletionItem', extension SHOULD NOT change any of: additionalTextEdits, or command
[2020-04-10 10:18:43.512] [exthost] [error] [vscode.typescript-language-features] provider FAILED
[2020-04-10 10:18:43.512] [exthost] [error] Error: busy
	at o._provideSemanticTokens (/usr/share/code/resources/app/extensions/typescript-language-features/dist/extension.js:1:180337)
[2020-04-10 10:18:44.944] [exthost] [error] [vscode.typescript-language-features] provider FAILED
[2020-04-10 10:18:44.945] [exthost] [error] Error: busy
	at o._provideSemanticTokens (/usr/share/code/resources/app/extensions/typescript-language-features/dist/extension.js:1:180337)
[2020-04-10 10:18:53.037] [exthost] [error] [vscode.typescript-language-features] provider FAILED
[2020-04-10 10:18:53.037] [exthost] [error] Error: busy
	at o._provideSemanticTokens (/usr/share/code/resources/app/extensions/typescript-language-features/dist/extension.js:1:180337)
[2020-04-10 10:18:54.103] [exthost] [error] [vscode.typescript-language-features] provider FAILED
[2020-04-10 10:18:54.103] [exthost] [error] Error: busy
	at o._provideSemanticTokens (/usr/share/code/resources/app/extensions/typescript-language-features/dist/extension.js:1:180337)
[2020-04-10 10:18:54.673] [exthost] [error] [vscode.typescript-language-features] provider FAILED
[2020-04-10 10:18:54.673] [exthost] [error] Error: busy
	at o._provideSemanticTokens (/usr/share/code/resources/app/extensions/typescript-language-features/dist/extension.js:1:180337)
[2020-04-10 10:18:56.858] [exthost] [error] [vscode.typescript-language-features] provider FAILED
[2020-04-10 10:18:56.859] [exthost] [error] Error: busy
	at o._provideSemanticTokens (/usr/share/code/resources/app/extensions/typescript-language-features/dist/extension.js:1:180337)
[2020-04-10 10:18:58.711] [exthost] [error] [vscode.typescript-language-features] provider FAILED
[2020-04-10 10:18:58.717] [exthost] [error] Error: DisposableStore is missing...
	at F._convertCompletionItem (/usr/share/code/resources/app/out/vs/workbench/services/extensions/node/extensionHostProcess.js:596:373)
	at /usr/share/code/resources/app/out/vs/workbench/services/extensions/node/extensionHostProcess.js:596:151
[2020-04-10 10:18:59.065] [exthost] [error] [vscode.typescript-language-features] provider FAILED
[2020-04-10 10:18:59.066] [exthost] [error] Error: busy
	at o._provideSemanticTokens (/usr/share/code/resources/app/extensions/typescript-language-features/dist/extension.js:1:180337)
[2020-04-10 10:20:08.794] [exthost] [error] [vscode.typescript-language-features] provider FAILED
[2020-04-10 10:20:08.794] [exthost] [error] Error: busy
	at o._provideSemanticTokens (/usr/share/code/resources/app/extensions/typescript-language-features/dist/extension.js:1:180337)
[2020-04-10 10:20:36.797] [exthost] [error] [vscode.typescript-language-features] provider FAILED
[2020-04-10 10:20:36.798] [exthost] [error] Error: busy
	at o._provideSemanticTokens (/usr/share/code/resources/app/extensions/typescript-language-features/dist/extension.js:1:180337)
[2020-04-10 10:20:37.196] [exthost] [error] [vscode.typescript-language-features] provider FAILED
[2020-04-10 10:20:37.196] [exthost] [error] Error: busy
	at o._provideSemanticTokens (/usr/share/code/resources/app/extensions/typescript-language-features/dist/extension.js:1:180337)
[2020-04-10 10:20:47.465] [exthost] [error] [vscode.typescript-language-features] provider FAILED
[2020-04-10 10:20:47.465] [exthost] [error] Error: busy
	at o._provideSemanticTokens (/usr/share/code/resources/app/extensions/typescript-language-features/dist/extension.js:1:180337)
[2020-04-10 10:20:47.859] [exthost] [error] [vscode.typescript-language-features] provider FAILED
[2020-04-10 10:20:47.859] [exthost] [error] Error: busy
	at o._provideSemanticTokens (/usr/share/code/resources/app/extensions/typescript-language-features/dist/extension.js:1:180337)
[2020-04-10 10:20:48.387] [exthost] [error] [vscode.typescript-language-features] provider FAILED
[2020-04-10 10:20:48.388] [exthost] [error] Error: busy
	at o._provideSemanticTokens (/usr/share/code/resources/app/extensions/typescript-language-features/dist/extension.js:1:180337)
[2020-04-10 10:23:40.334] [exthost] [error] [vscode.typescript-language-features] provider FAILED
[2020-04-10 10:23:40.334] [exthost] [error] Error: busy
	at o._provideSemanticTokens (/usr/share/code/resources/app/extensions/typescript-language-features/dist/extension.js:1:180337)
[2020-04-10 10:23:58.295] [exthost] [error] [vscode.typescript-language-features] provider FAILED
[2020-04-10 10:23:58.295] [exthost] [error] Error: busy
	at o._provideSemanticTokens (/usr/share/code/resources/app/extensions/typescript-language-features/dist/extension.js:1:180337)
[2020-04-10 10:24:00.588] [exthost] [error] [vscode.typescript-language-features] provider FAILED
[2020-04-10 10:24:00.588] [exthost] [error] Error: busy
	at o._provideSemanticTokens (/usr/share/code/resources/app/extensions/typescript-language-features/dist/extension.js:1:180337)
[2020-04-10 10:24:10.062] [exthost] [error] [vscode.typescript-language-features] provider FAILED
[2020-04-10 10:24:10.062] [exthost] [error] Error: busy
	at o._provideSemanticTokens (/usr/share/code/resources/app/extensions/typescript-language-features/dist/extension.js:1:180337)
[2020-04-10 10:24:22.566] [exthost] [error] [vscode.typescript-language-features] provider FAILED
[2020-04-10 10:24:22.566] [exthost] [error] Error: busy
	at o._provideSemanticTokens (/usr/share/code/resources/app/extensions/typescript-language-features/dist/extension.js:1:180337)
[2020-04-10 10:24:43.061] [exthost] [error] [vscode.typescript-language-features] provider FAILED
[2020-04-10 10:24:43.061] [exthost] [error] Error: busy
	at o._provideSemanticTokens (/usr/share/code/resources/app/extensions/typescript-language-features/dist/extension.js:1:180337)
[2020-04-10 10:24:43.815] [exthost] [error] [vscode.typescript-language-features] provider FAILED
[2020-04-10 10:24:43.815] [exthost] [error] Error: busy
	at o._provideSemanticTokens (/usr/share/code/resources/app/extensions/typescript-language-features/dist/extension.js:1:180337)
[2020-04-10 10:24:44.408] [exthost] [error] [vscode.typescript-language-features] provider FAILED
[2020-04-10 10:24:44.408] [exthost] [error] Error: busy
	at o._provideSemanticTokens (/usr/share/code/resources/app/extensions/typescript-language-features/dist/extension.js:1:180337)
[2020-04-10 10:24:45.134] [exthost] [error] [vscode.typescript-language-features] provider FAILED
[2020-04-10 10:24:45.134] [exthost] [error] Error: busy
	at o._provideSemanticTokens (/usr/share/code/resources/app/extensions/typescript-language-features/dist/extension.js:1:180337)
[2020-04-10 10:25:06.195] [exthost] [error] [vscode.typescript-language-features] provider FAILED
[2020-04-10 10:25:06.195] [exthost] [error] Error: busy
	at o._provideSemanticTokens (/usr/share/code/resources/app/extensions/typescript-language-features/dist/extension.js:1:180337)
[2020-04-10 10:25:08.297] [exthost] [error] [vscode.typescript-language-features] provider FAILED
[2020-04-10 10:25:08.297] [exthost] [error] Error: busy
	at o._provideSemanticTokens (/usr/share/code/resources/app/extensions/typescript-language-features/dist/extension.js:1:180337)
[2020-04-10 10:25:09.221] [exthost] [error] [vscode.typescript-language-features] provider FAILED
[2020-04-10 10:25:09.221] [exthost] [error] Error: busy
	at o._provideSemanticTokens (/usr/share/code/resources/app/extensions/typescript-language-features/dist/extension.js:1:180337)
[2020-04-10 10:25:10.236] [exthost] [error] [vscode.typescript-language-features] provider FAILED
[2020-04-10 10:25:10.237] [exthost] [error] Error: busy
	at o._provideSemanticTokens (/usr/share/code/resources/app/extensions/typescript-language-features/dist/extension.js:1:180337)
[2020-04-10 10:25:10.572] [exthost] [error] [vscode.typescript-language-features] provider FAILED
[2020-04-10 10:25:10.572] [exthost] [error] Error: busy
	at o._provideSemanticTokens (/usr/share/code/resources/app/extensions/typescript-language-features/dist/extension.js:1:180337)
[2020-04-10 10:25:11.702] [exthost] [error] [vscode.typescript-language-features] provider FAILED
[2020-04-10 10:25:11.702] [exthost] [error] Error: busy
	at o._provideSemanticTokens (/usr/share/code/resources/app/extensions/typescript-language-features/dist/extension.js:1:180337)
[2020-04-10 10:25:14.808] [exthost] [error] [vscode.typescript-language-features] provider FAILED
[2020-04-10 10:25:14.808] [exthost] [error] Error: busy
	at o._provideSemanticTokens (/usr/share/code/resources/app/extensions/typescript-language-features/dist/extension.js:1:180337)
[2020-04-10 10:26:03.117] [exthost] [error] [vscode.typescript-language-features] provider FAILED
[2020-04-10 10:26:03.117] [exthost] [error] Error: busy
	at o._provideSemanticTokens (/usr/share/code/resources/app/extensions/typescript-language-features/dist/extension.js:1:180337)
[2020-04-10 10:26:07.229] [exthost] [error] [vscode.typescript-language-features] provider FAILED
[2020-04-10 10:26:07.230] [exthost] [error] Error: busy
	at o._provideSemanticTokens (/usr/share/code/resources/app/extensions/typescript-language-features/dist/extension.js:1:180337)
[2020-04-10 10:26:49.839] [exthost] [error] [vscode.typescript-language-features] provider FAILED
[2020-04-10 10:26:49.840] [exthost] [error] Error: busy
	at o._provideSemanticTokens (/usr/share/code/resources/app/extensions/typescript-language-features/dist/extension.js:1:180337)
[2020-04-10 10:29:09.649] [exthost] [error] [vscode.typescript-language-features] provider FAILED
[2020-04-10 10:29:09.649] [exthost] [error] Error: busy
	at o._provideSemanticTokens (/usr/share/code/resources/app/extensions/typescript-language-features/dist/extension.js:1:180337)
[2020-04-10 10:30:23.535] [exthost] [error] [vscode.typescript-language-features] provider FAILED
[2020-04-10 10:30:23.535] [exthost] [error] Error: busy
	at o._provideSemanticTokens (/usr/share/code/resources/app/extensions/typescript-language-features/dist/extension.js:1:180337)
[2020-04-10 10:30:36.775] [exthost] [error] [vscode.typescript-language-features] provider FAILED
[2020-04-10 10:30:36.775] [exthost] [error] Error: busy
	at o._provideSemanticTokens (/usr/share/code/resources/app/extensions/typescript-language-features/dist/extension.js:1:180337)
[2020-04-10 10:30:41.966] [exthost] [error] [vscode.typescript-language-features] provider FAILED
[2020-04-10 10:30:41.966] [exthost] [error] Error: busy
	at o._provideSemanticTokens (/usr/share/code/resources/app/extensions/typescript-language-features/dist/extension.js:1:180337)
[2020-04-10 10:30:42.381] [exthost] [error] [vscode.typescript-language-features] provider FAILED
[2020-04-10 10:30:42.381] [exthost] [error] Error: busy
	at o._provideSemanticTokens (/usr/share/code/resources/app/extensions/typescript-language-features/dist/extension.js:1:180337)
[2020-04-10 10:30:42.719] [exthost] [error] [vscode.typescript-language-features] provider FAILED
[2020-04-10 10:30:42.719] [exthost] [error] Error: busy
	at o._provideSemanticTokens (/usr/share/code/resources/app/extensions/typescript-language-features/dist/extension.js:1:180337)
[2020-04-10 10:30:43.126] [exthost] [error] [vscode.typescript-language-features] provider FAILED
[2020-04-10 10:30:43.127] [exthost] [error] Error: busy
	at o._provideSemanticTokens (/usr/share/code/resources/app/extensions/typescript-language-features/dist/extension.js:1:180337)
[2020-04-10 10:30:44.856] [exthost] [error] [vscode.typescript-language-features] provider FAILED
[2020-04-10 10:30:44.859] [exthost] [error] Error: busy
	at o._provideSemanticTokens (/usr/share/code/resources/app/extensions/typescript-language-features/dist/extension.js:1:180337)
[2020-04-10 10:30:50.531] [exthost] [error] [vscode.typescript-language-features] provider FAILED
[2020-04-10 10:30:50.531] [exthost] [error] Error: busy
	at o._provideSemanticTokens (/usr/share/code/resources/app/extensions/typescript-language-features/dist/extension.js:1:180337)
[2020-04-10 10:30:50.904] [exthost] [error] [vscode.typescript-language-features] provider FAILED
[2020-04-10 10:30:50.904] [exthost] [error] Error: busy
	at o._provideSemanticTokens (/usr/share/code/resources/app/extensions/typescript-language-features/dist/extension.js:1:180337)
[2020-04-10 10:31:50.734] [exthost] [error] [vscode.typescript-language-features] provider FAILED
[2020-04-10 10:31:50.734] [exthost] [error] Error: busy
	at o._provideSemanticTokens (/usr/share/code/resources/app/extensions/typescript-language-features/dist/extension.js:1:180337)
[2020-04-10 10:36:25.593] [exthost] [error] [vscode.typescript-language-features] provider FAILED
[2020-04-10 10:36:25.594] [exthost] [error] Error: busy
	at o._provideSemanticTokens (/usr/share/code/resources/app/extensions/typescript-language-features/dist/extension.js:1:180337)
[2020-04-10 10:36:50.830] [exthost] [error] [vscode.typescript-language-features] provider FAILED
[2020-04-10 10:36:50.830] [exthost] [error] Error: busy
	at o._provideSemanticTokens (/usr/share/code/resources/app/extensions/typescript-language-features/dist/extension.js:1:180337)
[2020-04-10 10:38:39.065] [exthost] [error] [vscode.typescript-language-features] provider FAILED
[2020-04-10 10:38:39.065] [exthost] [error] Error: busy
	at o._provideSemanticTokens (/usr/share/code/resources/app/extensions/typescript-language-features/dist/extension.js:1:180337)
[2020-04-10 10:42:25.828] [exthost] [error] [vscode.typescript-language-features] provider FAILED
[2020-04-10 10:42:25.828] [exthost] [error] Error: busy
	at o._provideSemanticTokens (/usr/share/code/resources/app/extensions/typescript-language-features/dist/extension.js:1:180337)
[2020-04-10 10:45:14.570] [exthost] [error] [vscode.typescript-language-features] provider FAILED
[2020-04-10 10:45:14.570] [exthost] [error] Error: busy
	at o._provideSemanticTokens (/usr/share/code/resources/app/extensions/typescript-language-features/dist/extension.js:1:180337)
[2020-04-10 10:45:15.309] [exthost] [error] [vscode.typescript-language-features] provider FAILED
[2020-04-10 10:45:15.310] [exthost] [error] Error: busy
	at o._provideSemanticTokens (/usr/share/code/resources/app/extensions/typescript-language-features/dist/extension.js:1:180337)
[2020-04-10 10:45:16.062] [exthost] [error] [vscode.typescript-language-features] provider FAILED
[2020-04-10 10:45:16.062] [exthost] [error] Error: busy
	at o._provideSemanticTokens (/usr/share/code/resources/app/extensions/typescript-language-features/dist/extension.js:1:180337)
[2020-04-10 10:45:17.402] [exthost] [error] [vscode.typescript-language-features] provider FAILED
[2020-04-10 10:45:17.402] [exthost] [error] Error: busy
	at o._provideSemanticTokens (/usr/share/code/resources/app/extensions/typescript-language-features/dist/extension.js:1:180337)
[2020-04-10 10:45:17.777] [exthost] [error] [vscode.typescript-language-features] provider FAILED
[2020-04-10 10:45:17.777] [exthost] [error] Error: busy
	at o._provideSemanticTokens (/usr/share/code/resources/app/extensions/typescript-language-features/dist/extension.js:1:180337)
[2020-04-10 10:45:19.636] [exthost] [error] [vscode.typescript-language-features] provider FAILED
[2020-04-10 10:45:19.636] [exthost] [error] Error: busy
	at o._provideSemanticTokens (/usr/share/code/resources/app/extensions/typescript-language-features/dist/extension.js:1:180337)
[2020-04-10 10:45:20.115] [exthost] [error] [vscode.typescript-language-features] provider FAILED
[2020-04-10 10:45:20.120] [exthost] [error] Error: <semantic> TypeScript Server Error (3.8.3)
Cannot read property 'emitNode' of undefined
TypeError: Cannot read property 'emitNode' of undefined
    at Object.getCommentRange (tsserver.js:71102:29)
    at emitNodeList (tsserver.js:95676:51)
    at emitList (tsserver.js:95555:13)
    at Object.writeList (tsserver.js:92891:13)
    at tsserver.js:119315:29
    at Object.mapToDisplayParts (tsserver.js:107201:13)
    at itemInfoForParameters (tsserver.js:119312:41)
    at getSignatureHelpItem (tsserver.js:119278:95)
    at tsserver.js:119251:79
    at Array.map (<anonymous>)
    at createSignatureHelpItems (tsserver.js:119251:36)
    at tsserver.js:118843:23
    at Object.runWithCancellationToken (tsserver.js:34552:28)
    at Object.getSignatureHelpItems (tsserver.js:118841:32)
    at Proxy.getSignatureHelpItems (tsserver.js:135509:37)
    at IOSession.Session.getSignatureHelpItems (tsserver.js:145510:62)
    at Session.handlers.ts.createMapFromTemplate._a.<computed> (tsserver.js:144404:61)
    at tsserver.js:146003:88
    at IOSession.Session.executeWithRequestId (tsserver.js:145994:28)
    at IOSession.Session.executeCommand (tsserver.js:146003:33)
    at IOSession.Session.onMessage (tsserver.js:146027:35)
    at Interface.<anonymous> (tsserver.js:147342:27)
    at Interface.emit (events.js:203:13)
    at Interface._onLine (readline.js:316:10)
    at Interface._normalWrite (readline.js:461:12)
    at Socket.ondata (readline.js:172:10)
    at Socket.emit (events.js:203:13)
    at addChunk (_stream_readable.js:295:12)
    at readableAddChunk (_stream_readable.js:276:11)
    at Socket.Readable.push (_stream_readable.js:210:10)
    at Pipe.onStreamRead (internal/stream_base_commons.js:166:17)
	at Function.create (/usr/share/code/resources/app/extensions/typescript-language-features/dist/extension.js:1:49958)
	at h.dispatchResponse (/usr/share/code/resources/app/extensions/typescript-language-features/dist/extension.js:1:216914)
	at h.dispatchMessage (/usr/share/code/resources/app/extensions/typescript-language-features/dist/extension.js:1:215832)
	at /usr/share/code/resources/app/extensions/typescript-language-features/dist/extension.js:1:215308
	at l.fire (/usr/share/code/resources/app/out/vs/workbench/services/extensions/node/extensionHostProcess.js:48:845)
	at t.Reader.onLengthData (/usr/share/code/resources/app/extensions/typescript-language-features/dist/extension.js:1:223870)
	at Socket.<anonymous> (/usr/share/code/resources/app/extensions/typescript-language-features/dist/extension.js:1:223518)
	at Socket.emit (events.js:203:13)
	at addChunk (_stream_readable.js:295:12)
	at readableAddChunk (_stream_readable.js:276:11)
	at Socket.Readable.push (_stream_readable.js:210:10)
	at Pipe.onStreamRead (internal/stream_base_commons.js:166:17)
[2020-04-10 10:45:29.282] [exthost] [error] [vscode.typescript-language-features] provider FAILED
[2020-04-10 10:45:29.282] [exthost] [error] Error: busy
	at o._provideSemanticTokens (/usr/share/code/resources/app/extensions/typescript-language-features/dist/extension.js:1:180337)
[2020-04-10 10:45:31.597] [exthost] [error] [vscode.typescript-language-features] provider FAILED
[2020-04-10 10:45:31.598] [exthost] [error] Error: busy
	at o._provideSemanticTokens (/usr/share/code/resources/app/extensions/typescript-language-features/dist/extension.js:1:180337)
[2020-04-10 10:45:31.995] [exthost] [error] [vscode.typescript-language-features] provider FAILED
[2020-04-10 10:45:31.995] [exthost] [error] Error: busy
	at o._provideSemanticTokens (/usr/share/code/resources/app/extensions/typescript-language-features/dist/extension.js:1:180337)
[2020-04-10 10:45:35.606] [exthost] [error] [vscode.typescript-language-features] provider FAILED
[2020-04-10 10:45:35.607] [exthost] [error] Error: <semantic> TypeScript Server Error (3.8.3)
Cannot read property 'emitNode' of undefined
TypeError: Cannot read property 'emitNode' of undefined
    at Object.getCommentRange (tsserver.js:71102:29)
    at emitNodeList (tsserver.js:95676:51)
    at emitList (tsserver.js:95555:13)
    at Object.writeList (tsserver.js:92891:13)
    at tsserver.js:119315:29
    at Object.mapToDisplayParts (tsserver.js:107201:13)
    at itemInfoForParameters (tsserver.js:119312:41)
    at getSignatureHelpItem (tsserver.js:119278:95)
    at tsserver.js:119251:79
    at Array.map (<anonymous>)
    at createSignatureHelpItems (tsserver.js:119251:36)
    at tsserver.js:118843:23
    at Object.runWithCancellationToken (tsserver.js:34552:28)
    at Object.getSignatureHelpItems (tsserver.js:118841:32)
    at Proxy.getSignatureHelpItems (tsserver.js:135509:37)
    at IOSession.Session.getSignatureHelpItems (tsserver.js:145510:62)
    at Session.handlers.ts.createMapFromTemplate._a.<computed> (tsserver.js:144404:61)
    at tsserver.js:146003:88
    at IOSession.Session.executeWithRequestId (tsserver.js:145994:28)
    at IOSession.Session.executeCommand (tsserver.js:146003:33)
    at IOSession.Session.onMessage (tsserver.js:146027:35)
    at Interface.<anonymous> (tsserver.js:147342:27)
    at Interface.emit (events.js:203:13)
    at Interface._onLine (readline.js:316:10)
    at Interface._normalWrite (readline.js:461:12)
    at Socket.ondata (readline.js:172:10)
    at Socket.emit (events.js:203:13)
    at addChunk (_stream_readable.js:295:12)
    at readableAddChunk (_stream_readable.js:276:11)
    at Socket.Readable.push (_stream_readable.js:210:10)
    at Pipe.onStreamRead (internal/stream_base_commons.js:166:17)
	at Function.create (/usr/share/code/resources/app/extensions/typescript-language-features/dist/extension.js:1:49958)
	at h.dispatchResponse (/usr/share/code/resources/app/extensions/typescript-language-features/dist/extension.js:1:216914)
	at h.dispatchMessage (/usr/share/code/resources/app/extensions/typescript-language-features/dist/extension.js:1:215832)
	at /usr/share/code/resources/app/extensions/typescript-language-features/dist/extension.js:1:215308
	at l.fire (/usr/share/code/resources/app/out/vs/workbench/services/extensions/node/extensionHostProcess.js:48:845)
	at t.Reader.onLengthData (/usr/share/code/resources/app/extensions/typescript-language-features/dist/extension.js:1:223870)
	at Socket.<anonymous> (/usr/share/code/resources/app/extensions/typescript-language-features/dist/extension.js:1:223518)
	at Socket.emit (events.js:203:13)
	at addChunk (_stream_readable.js:295:12)
	at readableAddChunk (_stream_readable.js:276:11)
	at Socket.Readable.push (_stream_readable.js:210:10)
	at Pipe.onStreamRead (internal/stream_base_commons.js:166:17)
[2020-04-10 10:45:36.939] [exthost] [error] [vscode.typescript-language-features] provider FAILED
[2020-04-10 10:45:36.939] [exthost] [error] Error: busy
	at o._provideSemanticTokens (/usr/share/code/resources/app/extensions/typescript-language-features/dist/extension.js:1:180337)
[2020-04-10 10:45:40.000] [exthost] [error] [vscode.typescript-language-features] provider FAILED
[2020-04-10 10:45:40.000] [exthost] [error] Error: busy
	at o._provideSemanticTokens (/usr/share/code/resources/app/extensions/typescript-language-features/dist/extension.js:1:180337)
[2020-04-10 10:46:53.510] [exthost] [error] [vscode.typescript-language-features] provider FAILED
[2020-04-10 10:46:53.510] [exthost] [error] Error: busy
	at o._provideSemanticTokens (/usr/share/code/resources/app/extensions/typescript-language-features/dist/extension.js:1:180337)
[2020-04-10 10:46:59.297] [exthost] [error] [vscode.typescript-language-features] provider FAILED
[2020-04-10 10:46:59.297] [exthost] [error] Error: busy
	at o._provideSemanticTokens (/usr/share/code/resources/app/extensions/typescript-language-features/dist/extension.js:1:180337)
[2020-04-10 10:47:10.293] [exthost] [error] [vscode.typescript-language-features] provider FAILED
[2020-04-10 10:47:10.293] [exthost] [error] Error: busy
	at o._provideSemanticTokens (/usr/share/code/resources/app/extensions/typescript-language-features/dist/extension.js:1:180337)
[2020-04-10 10:47:12.314] [exthost] [error] [vscode.typescript-language-features] provider FAILED
[2020-04-10 10:47:12.314] [exthost] [error] Error: busy
	at o._provideSemanticTokens (/usr/share/code/resources/app/extensions/typescript-language-features/dist/extension.js:1:180337)
[2020-04-10 10:47:16.445] [exthost] [error] [vscode.typescript-language-features] provider FAILED
[2020-04-10 10:47:16.445] [exthost] [error] Error: busy
	at o._provideSemanticTokens (/usr/share/code/resources/app/extensions/typescript-language-features/dist/extension.js:1:180337)
[2020-04-10 10:47:54.348] [exthost] [error] [vscode.typescript-language-features] provider FAILED
[2020-04-10 10:47:54.348] [exthost] [error] Error: busy
	at o._provideSemanticTokens (/usr/share/code/resources/app/extensions/typescript-language-features/dist/extension.js:1:180337)
[2020-04-10 10:51:31.301] [exthost] [error] [vscode.typescript-language-features] provider FAILED
[2020-04-10 10:51:31.301] [exthost] [error] Error: busy
	at o._provideSemanticTokens (/usr/share/code/resources/app/extensions/typescript-language-features/dist/extension.js:1:180337)
[2020-04-10 10:51:32.070] [exthost] [error] [vscode.typescript-language-features] provider FAILED
[2020-04-10 10:51:32.070] [exthost] [error] Error: DisposableStore is missing...
	at F._convertCompletionItem (/usr/share/code/resources/app/out/vs/workbench/services/extensions/node/extensionHostProcess.js:596:373)
	at /usr/share/code/resources/app/out/vs/workbench/services/extensions/node/extensionHostProcess.js:596:151
[2020-04-10 10:51:33.038] [exthost] [error] [vscode.typescript-language-features] provider FAILED
[2020-04-10 10:51:33.038] [exthost] [error] Error: busy
	at o._provideSemanticTokens (/usr/share/code/resources/app/extensions/typescript-language-features/dist/extension.js:1:180337)
[2020-04-10 10:51:43.545] [exthost] [error] [vscode.typescript-language-features] provider FAILED
[2020-04-10 10:51:43.545] [exthost] [error] Error: busy
	at o._provideSemanticTokens (/usr/share/code/resources/app/extensions/typescript-language-features/dist/extension.js:1:180337)
[2020-04-10 10:51:51.064] [exthost] [error] [vscode.typescript-language-features] provider FAILED
[2020-04-10 10:51:51.064] [exthost] [error] Error: busy
	at o._provideSemanticTokens (/usr/share/code/resources/app/extensions/typescript-language-features/dist/extension.js:1:180337)
[2020-04-10 10:51:59.211] [exthost] [error] [vscode.typescript-language-features] provider FAILED
[2020-04-10 10:51:59.211] [exthost] [error] Error: busy
	at o._provideSemanticTokens (/usr/share/code/resources/app/extensions/typescript-language-features/dist/extension.js:1:180337)
[2020-04-10 10:52:14.682] [exthost] [error] [vscode.typescript-language-features] provider FAILED
[2020-04-10 10:52:14.683] [exthost] [error] Error: busy
	at o._provideSemanticTokens (/usr/share/code/resources/app/extensions/typescript-language-features/dist/extension.js:1:180337)
[2020-04-10 10:52:15.719] [exthost] [error] [vscode.typescript-language-features] provider FAILED
[2020-04-10 10:52:15.719] [exthost] [error] Error: busy
	at o._provideSemanticTokens (/usr/share/code/resources/app/extensions/typescript-language-features/dist/extension.js:1:180337)
[2020-04-10 10:52:16.072] [exthost] [error] [vscode.typescript-language-features] provider FAILED
[2020-04-10 10:52:16.072] [exthost] [error] Error: busy
	at o._provideSemanticTokens (/usr/share/code/resources/app/extensions/typescript-language-features/dist/extension.js:1:180337)
[2020-04-10 10:52:28.336] [exthost] [error] [vscode.typescript-language-features] provider FAILED
[2020-04-10 10:52:28.336] [exthost] [error] Error: busy
	at o._provideSemanticTokens (/usr/share/code/resources/app/extensions/typescript-language-features/dist/extension.js:1:180337)
[2020-04-10 10:52:31.727] [exthost] [error] [vscode.typescript-language-features] provider FAILED
[2020-04-10 10:52:31.728] [exthost] [error] Error: busy
	at o._provideSemanticTokens (/usr/share/code/resources/app/extensions/typescript-language-features/dist/extension.js:1:180337)
[2020-04-10 10:52:57.843] [exthost] [error] [vscode.typescript-language-features] provider FAILED
[2020-04-10 10:52:57.843] [exthost] [error] Error: busy
	at o._provideSemanticTokens (/usr/share/code/resources/app/extensions/typescript-language-features/dist/extension.js:1:180337)
[2020-04-10 10:53:05.836] [exthost] [error] [vscode.typescript-language-features] provider FAILED
[2020-04-10 10:53:05.836] [exthost] [error] Error: busy
	at o._provideSemanticTokens (/usr/share/code/resources/app/extensions/typescript-language-features/dist/extension.js:1:180337)
[2020-04-10 10:53:09.271] [exthost] [error] [vscode.typescript-language-features] provider FAILED
[2020-04-10 10:53:09.271] [exthost] [error] Error: busy
	at o._provideSemanticTokens (/usr/share/code/resources/app/extensions/typescript-language-features/dist/extension.js:1:180337)
[2020-04-10 10:53:23.318] [exthost] [error] [vscode.typescript-language-features] provider FAILED
[2020-04-10 10:53:23.318] [exthost] [error] Error: busy
	at o._provideSemanticTokens (/usr/share/code/resources/app/extensions/typescript-language-features/dist/extension.js:1:180337)
[2020-04-10 10:53:24.532] [exthost] [error] [vscode.typescript-language-features] provider FAILED
[2020-04-10 10:53:24.532] [exthost] [error] Error: busy
	at o._provideSemanticTokens (/usr/share/code/resources/app/extensions/typescript-language-features/dist/extension.js:1:180337)
[2020-04-10 10:53:27.858] [exthost] [error] [vscode.typescript-language-features] provider FAILED
[2020-04-10 10:53:27.858] [exthost] [error] Error: busy
	at o._provideSemanticTokens (/usr/share/code/resources/app/extensions/typescript-language-features/dist/extension.js:1:180337)
[2020-04-10 10:53:28.245] [exthost] [error] [vscode.typescript-language-features] provider FAILED
[2020-04-10 10:53:28.245] [exthost] [error] Error: busy
	at o._provideSemanticTokens (/usr/share/code/resources/app/extensions/typescript-language-features/dist/extension.js:1:180337)
[2020-04-10 10:53:28.612] [exthost] [error] [vscode.typescript-language-features] provider FAILED
[2020-04-10 10:53:28.612] [exthost] [error] Error: busy
	at o._provideSemanticTokens (/usr/share/code/resources/app/extensions/typescript-language-features/dist/extension.js:1:180337)
[2020-04-10 10:53:28.884] [exthost] [error] [vscode.typescript-language-features] provider FAILED
[2020-04-10 10:53:28.884] [exthost] [error] Error: busy
	at o._provideSemanticTokens (/usr/share/code/resources/app/extensions/typescript-language-features/dist/extension.js:1:180337)
[2020-04-10 10:53:29.271] [exthost] [error] [vscode.typescript-language-features] provider FAILED
[2020-04-10 10:53:29.271] [exthost] [error] Error: busy
	at o._provideSemanticTokens (/usr/share/code/resources/app/extensions/typescript-language-features/dist/extension.js:1:180337)
[2020-04-10 10:53:29.829] [exthost] [error] [vscode.typescript-language-features] provider FAILED
[2020-04-10 10:53:29.829] [exthost] [error] Error: busy
	at o._provideSemanticTokens (/usr/share/code/resources/app/extensions/typescript-language-features/dist/extension.js:1:180337)
[2020-04-10 10:53:31.146] [exthost] [error] [vscode.typescript-language-features] provider FAILED
[2020-04-10 10:53:31.146] [exthost] [error] Error: busy
	at o._provideSemanticTokens (/usr/share/code/resources/app/extensions/typescript-language-features/dist/extension.js:1:180337)
[2020-04-10 11:16:36.405] [exthost] [error] [vscode.typescript-language-features] provider FAILED
[2020-04-10 11:16:36.406] [exthost] [error] Error: busy
	at o._provideSemanticTokens (/usr/share/code/resources/app/extensions/typescript-language-features/dist/extension.js:1:180337)
[2020-04-10 11:16:37.187] [exthost] [error] [vscode.typescript-language-features] provider FAILED
[2020-04-10 11:16:37.187] [exthost] [error] Error: busy
	at o._provideSemanticTokens (/usr/share/code/resources/app/extensions/typescript-language-features/dist/extension.js:1:180337)
[2020-04-10 11:22:55.498] [exthost] [error] [vscode.typescript-language-features] provider FAILED
[2020-04-10 11:22:55.498] [exthost] [error] Error: busy
	at o._provideSemanticTokens (/usr/share/code/resources/app/extensions/typescript-language-features/dist/extension.js:1:180337)
[2020-04-10 11:23:00.966] [exthost] [error] [vscode.typescript-language-features] provider FAILED
[2020-04-10 11:23:00.966] [exthost] [error] Error: busy
	at o._provideSemanticTokens (/usr/share/code/resources/app/extensions/typescript-language-features/dist/extension.js:1:180337)
[2020-04-10 11:23:02.022] [exthost] [error] [vscode.typescript-language-features] provider FAILED
[2020-04-10 11:23:02.022] [exthost] [error] Error: busy
	at o._provideSemanticTokens (/usr/share/code/resources/app/extensions/typescript-language-features/dist/extension.js:1:180337)
[2020-04-10 11:23:03.322] [exthost] [error] [vscode.typescript-language-features] provider FAILED
[2020-04-10 11:23:03.322] [exthost] [error] Error: busy
	at o._provideSemanticTokens (/usr/share/code/resources/app/extensions/typescript-language-features/dist/extension.js:1:180337)
[2020-04-10 11:29:23.859] [exthost] [error] [vscode.typescript-language-features] provider FAILED
[2020-04-10 11:29:23.859] [exthost] [error] Error: busy
	at o._provideSemanticTokens (/usr/share/code/resources/app/extensions/typescript-language-features/dist/extension.js:1:180337)
[2020-04-10 11:29:26.162] [exthost] [error] [vscode.typescript-language-features] provider FAILED
[2020-04-10 11:29:26.162] [exthost] [error] Error: busy
	at o._provideSemanticTokens (/usr/share/code/resources/app/extensions/typescript-language-features/dist/extension.js:1:180337)
[2020-04-10 11:29:28.436] [exthost] [error] [vscode.typescript-language-features] provider FAILED
[2020-04-10 11:29:28.436] [exthost] [error] Error: busy
	at o._provideSemanticTokens (/usr/share/code/resources/app/extensions/typescript-language-features/dist/extension.js:1:180337)
[2020-04-10 11:29:30.568] [exthost] [error] [vscode.typescript-language-features] provider FAILED
[2020-04-10 11:29:30.568] [exthost] [error] Error: busy
	at o._provideSemanticTokens (/usr/share/code/resources/app/extensions/typescript-language-features/dist/extension.js:1:180337)
[2020-04-10 11:29:30.793] [exthost] [error] [vscode.typescript-language-features] provider FAILED
[2020-04-10 11:29:30.793] [exthost] [error] Error: busy
	at o._provideSemanticTokens (/usr/share/code/resources/app/extensions/typescript-language-features/dist/extension.js:1:180337)
[2020-04-10 11:30:11.382] [exthost] [error] [vscode.typescript-language-features] provider FAILED
[2020-04-10 11:30:11.382] [exthost] [error] Error: busy
	at o._provideSemanticTokens (/usr/share/code/resources/app/extensions/typescript-language-features/dist/extension.js:1:180337)
[2020-04-10 11:30:35.375] [exthost] [error] [vscode.typescript-language-features] provider FAILED
[2020-04-10 11:30:35.375] [exthost] [error] Error: busy
	at o._provideSemanticTokens (/usr/share/code/resources/app/extensions/typescript-language-features/dist/extension.js:1:180337)
[2020-04-10 11:31:34.111] [exthost] [error] [vscode.typescript-language-features] provider FAILED
[2020-04-10 11:31:34.111] [exthost] [error] Error: busy
	at o._provideSemanticTokens (/usr/share/code/resources/app/extensions/typescript-language-features/dist/extension.js:1:180337)
[2020-04-10 11:31:35.385] [exthost] [error] [vscode.typescript-language-features] provider FAILED
[2020-04-10 11:31:35.385] [exthost] [error] Error: busy
	at o._provideSemanticTokens (/usr/share/code/resources/app/extensions/typescript-language-features/dist/extension.js:1:180337)
[2020-04-10 11:31:36.429] [exthost] [error] [vscode.typescript-language-features] provider FAILED
[2020-04-10 11:31:36.430] [exthost] [error] Error: busy
	at o._provideSemanticTokens (/usr/share/code/resources/app/extensions/typescript-language-features/dist/extension.js:1:180337)
[2020-04-10 11:33:06.110] [exthost] [error] [vscode.typescript-language-features] provider FAILED
[2020-04-10 11:33:06.110] [exthost] [error] Error: busy
	at o._provideSemanticTokens (/usr/share/code/resources/app/extensions/typescript-language-features/dist/extension.js:1:180337)
[2020-04-10 11:33:06.486] [exthost] [error] [vscode.typescript-language-features] provider FAILED
[2020-04-10 11:33:06.486] [exthost] [error] Error: busy
	at o._provideSemanticTokens (/usr/share/code/resources/app/extensions/typescript-language-features/dist/extension.js:1:180337)
[2020-04-10 11:33:06.777] [exthost] [error] [vscode.typescript-language-features] provider FAILED
[2020-04-10 11:33:06.777] [exthost] [error] Error: busy
	at o._provideSemanticTokens (/usr/share/code/resources/app/extensions/typescript-language-features/dist/extension.js:1:180337)
[2020-04-10 11:33:17.219] [exthost] [error] [vscode.typescript-language-features] provider FAILED
[2020-04-10 11:33:17.219] [exthost] [error] Error: busy
	at o._provideSemanticTokens (/usr/share/code/resources/app/extensions/typescript-language-features/dist/extension.js:1:180337)
[2020-04-10 11:50:59.514] [exthost] [error] [vscode.typescript-language-features] provider FAILED
[2020-04-10 11:50:59.514] [exthost] [error] Error: busy
	at o._provideSemanticTokens (/usr/share/code/resources/app/extensions/typescript-language-features/dist/extension.js:1:180337)
[2020-04-10 11:51:03.965] [exthost] [error] [vscode.typescript-language-features] provider FAILED
[2020-04-10 11:51:03.965] [exthost] [error] Error: busy
	at o._provideSemanticTokens (/usr/share/code/resources/app/extensions/typescript-language-features/dist/extension.js:1:180337)
[2020-04-10 11:51:07.374] [exthost] [error] [vscode.typescript-language-features] provider FAILED
[2020-04-10 11:51:07.374] [exthost] [error] Error: busy
	at o._provideSemanticTokens (/usr/share/code/resources/app/extensions/typescript-language-features/dist/extension.js:1:180337)
[2020-04-10 11:51:18.360] [exthost] [error] [vscode.typescript-language-features] provider FAILED
[2020-04-10 11:51:18.360] [exthost] [error] Error: busy
	at o._provideSemanticTokens (/usr/share/code/resources/app/extensions/typescript-language-features/dist/extension.js:1:180337)
[2020-04-10 11:52:28.380] [exthost] [error] [vscode.typescript-language-features] provider FAILED
[2020-04-10 11:52:28.380] [exthost] [error] Error: busy
	at o._provideSemanticTokens (/usr/share/code/resources/app/extensions/typescript-language-features/dist/extension.js:1:180337)
[2020-04-10 11:52:28.746] [exthost] [error] [vscode.typescript-language-features] provider FAILED
[2020-04-10 11:52:28.747] [exthost] [error] Error: busy
	at o._provideSemanticTokens (/usr/share/code/resources/app/extensions/typescript-language-features/dist/extension.js:1:180337)
[2020-04-10 11:52:29.115] [exthost] [error] [vscode.typescript-language-features] provider FAILED
[2020-04-10 11:52:29.115] [exthost] [error] Error: busy
	at o._provideSemanticTokens (/usr/share/code/resources/app/extensions/typescript-language-features/dist/extension.js:1:180337)
[2020-04-10 11:52:30.504] [exthost] [error] [vscode.typescript-language-features] provider FAILED
[2020-04-10 11:52:30.504] [exthost] [error] Error: busy
	at o._provideSemanticTokens (/usr/share/code/resources/app/extensions/typescript-language-features/dist/extension.js:1:180337)
[2020-04-10 11:52:36.867] [exthost] [error] [vscode.typescript-language-features] provider FAILED
[2020-04-10 11:52:36.867] [exthost] [error] Error: busy
	at o._provideSemanticTokens (/usr/share/code/resources/app/extensions/typescript-language-features/dist/extension.js:1:180337)
[2020-04-10 11:52:37.280] [exthost] [error] [vscode.typescript-language-features] provider FAILED
[2020-04-10 11:52:37.280] [exthost] [error] Error: busy
	at o._provideSemanticTokens (/usr/share/code/resources/app/extensions/typescript-language-features/dist/extension.js:1:180337)
[2020-04-10 11:52:38.137] [exthost] [error] [vscode.typescript-language-features] provider FAILED
[2020-04-10 11:52:38.137] [exthost] [error] Error: busy
	at o._provideSemanticTokens (/usr/share/code/resources/app/extensions/typescript-language-features/dist/extension.js:1:180337)
[2020-04-10 11:52:40.924] [exthost] [error] [vscode.typescript-language-features] provider FAILED
[2020-04-10 11:52:40.924] [exthost] [error] Error: busy
	at o._provideSemanticTokens (/usr/share/code/resources/app/extensions/typescript-language-features/dist/extension.js:1:180337)
[2020-04-10 11:52:41.237] [exthost] [error] [vscode.typescript-language-features] provider FAILED
[2020-04-10 11:52:41.237] [exthost] [error] Error: busy
	at o._provideSemanticTokens (/usr/share/code/resources/app/extensions/typescript-language-features/dist/extension.js:1:180337)
[2020-04-10 11:52:45.316] [exthost] [error] [vscode.typescript-language-features] provider FAILED
[2020-04-10 11:52:45.316] [exthost] [error] Error: busy
	at o._provideSemanticTokens (/usr/share/code/resources/app/extensions/typescript-language-features/dist/extension.js:1:180337)
[2020-04-10 11:53:13.702] [exthost] [error] [vscode.typescript-language-features] provider FAILED
[2020-04-10 11:53:13.703] [exthost] [error] Error: busy
	at o._provideSemanticTokens (/usr/share/code/resources/app/extensions/typescript-language-features/dist/extension.js:1:180337)
[2020-04-10 11:53:17.345] [exthost] [error] [vscode.typescript-language-features] provider FAILED
[2020-04-10 11:53:17.345] [exthost] [error] Error: busy
	at o._provideSemanticTokens (/usr/share/code/resources/app/extensions/typescript-language-features/dist/extension.js:1:180337)
[2020-04-10 11:53:25.326] [exthost] [error] [vscode.typescript-language-features] provider FAILED
[2020-04-10 11:53:25.327] [exthost] [error] Error: busy
	at o._provideSemanticTokens (/usr/share/code/resources/app/extensions/typescript-language-features/dist/extension.js:1:180337)
[2020-04-10 11:53:26.514] [exthost] [error] [vscode.typescript-language-features] provider FAILED
[2020-04-10 11:53:26.514] [exthost] [error] Error: busy
	at o._provideSemanticTokens (/usr/share/code/resources/app/extensions/typescript-language-features/dist/extension.js:1:180337)
[2020-04-10 11:54:03.279] [exthost] [error] [vscode.typescript-language-features] provider FAILED
[2020-04-10 11:54:03.279] [exthost] [error] Error: busy
	at o._provideSemanticTokens (/usr/share/code/resources/app/extensions/typescript-language-features/dist/extension.js:1:180337)
[2020-04-10 11:54:41.727] [exthost] [error] [vscode.typescript-language-features] provider FAILED
[2020-04-10 11:54:41.728] [exthost] [error] Error: busy
	at o._provideSemanticTokens (/usr/share/code/resources/app/extensions/typescript-language-features/dist/extension.js:1:180337)
[2020-04-10 11:54:42.223] [exthost] [error] [vscode.typescript-language-features] provider FAILED
[2020-04-10 11:54:42.223] [exthost] [error] Error: busy
	at o._provideSemanticTokens (/usr/share/code/resources/app/extensions/typescript-language-features/dist/extension.js:1:180337)
[2020-04-10 11:54:42.655] [exthost] [error] [vscode.typescript-language-features] provider FAILED
[2020-04-10 11:54:42.655] [exthost] [error] Error: busy
	at o._provideSemanticTokens (/usr/share/code/resources/app/extensions/typescript-language-features/dist/extension.js:1:180337)
[2020-04-10 11:54:45.295] [exthost] [error] [vscode.typescript-language-features] provider FAILED
[2020-04-10 11:54:45.295] [exthost] [error] Error: busy
	at o._provideSemanticTokens (/usr/share/code/resources/app/extensions/typescript-language-features/dist/extension.js:1:180337)
[2020-04-10 11:54:47.364] [exthost] [error] [vscode.typescript-language-features] provider FAILED
[2020-04-10 11:54:47.365] [exthost] [error] Error: busy
	at o._provideSemanticTokens (/usr/share/code/resources/app/extensions/typescript-language-features/dist/extension.js:1:180337)
[2020-04-10 11:54:48.954] [exthost] [error] [vscode.typescript-language-features] provider FAILED
[2020-04-10 11:54:48.954] [exthost] [error] Error: busy
	at o._provideSemanticTokens (/usr/share/code/resources/app/extensions/typescript-language-features/dist/extension.js:1:180337)
[2020-04-10 12:12:38.287] [exthost] [error] [vscode.typescript-language-features] provider FAILED
[2020-04-10 12:12:38.289] [exthost] [error] Error: <semantic> TypeScript Server Error (3.8.3)
Cannot read property 'emitNode' of undefined
TypeError: Cannot read property 'emitNode' of undefined
    at Object.getCommentRange (tsserver.js:71102:29)
    at emitNodeList (tsserver.js:95676:51)
    at emitList (tsserver.js:95555:13)
    at Object.writeList (tsserver.js:92891:13)
    at tsserver.js:119315:29
    at Object.mapToDisplayParts (tsserver.js:107201:13)
    at itemInfoForParameters (tsserver.js:119312:41)
    at getSignatureHelpItem (tsserver.js:119278:95)
    at tsserver.js:119251:79
    at Array.map (<anonymous>)
    at createSignatureHelpItems (tsserver.js:119251:36)
    at tsserver.js:118843:23
    at Object.runWithCancellationToken (tsserver.js:34552:28)
    at Object.getSignatureHelpItems (tsserver.js:118841:32)
    at Proxy.getSignatureHelpItems (tsserver.js:135509:37)
    at IOSession.Session.getSignatureHelpItems (tsserver.js:145510:62)
    at Session.handlers.ts.createMapFromTemplate._a.<computed> (tsserver.js:144404:61)
    at tsserver.js:146003:88
    at IOSession.Session.executeWithRequestId (tsserver.js:145994:28)
    at IOSession.Session.executeCommand (tsserver.js:146003:33)
    at IOSession.Session.onMessage (tsserver.js:146027:35)
    at Interface.<anonymous> (tsserver.js:147342:27)
    at Interface.emit (events.js:203:13)
    at Interface._onLine (readline.js:316:10)
    at Interface._normalWrite (readline.js:461:12)
    at Socket.ondata (readline.js:172:10)
    at Socket.emit (events.js:203:13)
    at addChunk (_stream_readable.js:295:12)
    at readableAddChunk (_stream_readable.js:276:11)
    at Socket.Readable.push (_stream_readable.js:210:10)
    at Pipe.onStreamRead (internal/stream_base_commons.js:166:17)
	at Function.create (/usr/share/code/resources/app/extensions/typescript-language-features/dist/extension.js:1:49958)
	at h.dispatchResponse (/usr/share/code/resources/app/extensions/typescript-language-features/dist/extension.js:1:216914)
	at h.dispatchMessage (/usr/share/code/resources/app/extensions/typescript-language-features/dist/extension.js:1:215832)
	at /usr/share/code/resources/app/extensions/typescript-language-features/dist/extension.js:1:215308
	at l.fire (/usr/share/code/resources/app/out/vs/workbench/services/extensions/node/extensionHostProcess.js:48:845)
	at t.Reader.onLengthData (/usr/share/code/resources/app/extensions/typescript-language-features/dist/extension.js:1:223870)
	at Socket.<anonymous> (/usr/share/code/resources/app/extensions/typescript-language-features/dist/extension.js:1:223518)
	at Socket.emit (events.js:203:13)
	at addChunk (_stream_readable.js:295:12)
	at readableAddChunk (_stream_readable.js:276:11)
	at Socket.Readable.push (_stream_readable.js:210:10)
	at Pipe.onStreamRead (internal/stream_base_commons.js:166:17)
[2020-04-10 12:12:44.170] [exthost] [error] [vscode.typescript-language-features] provider FAILED
[2020-04-10 12:12:44.170] [exthost] [error] Error: busy
	at o._provideSemanticTokens (/usr/share/code/resources/app/extensions/typescript-language-features/dist/extension.js:1:180337)
[2020-04-10 12:12:44.544] [exthost] [error] [vscode.typescript-language-features] provider FAILED
[2020-04-10 12:12:44.544] [exthost] [error] Error: busy
	at o._provideSemanticTokens (/usr/share/code/resources/app/extensions/typescript-language-features/dist/extension.js:1:180337)
[2020-04-10 12:12:45.932] [exthost] [error] [vscode.typescript-language-features] provider FAILED
[2020-04-10 12:12:45.933] [exthost] [error] Error: busy
	at o._provideSemanticTokens (/usr/share/code/resources/app/extensions/typescript-language-features/dist/extension.js:1:180337)
[2020-04-10 12:12:46.554] [exthost] [error] [vscode.typescript-language-features] provider FAILED
[2020-04-10 12:12:46.554] [exthost] [error] Error: busy
	at o._provideSemanticTokens (/usr/share/code/resources/app/extensions/typescript-language-features/dist/extension.js:1:180337)
[2020-04-10 12:12:47.953] [exthost] [error] [vscode.typescript-language-features] provider FAILED
[2020-04-10 12:12:47.953] [exthost] [error] Error: busy
	at o._provideSemanticTokens (/usr/share/code/resources/app/extensions/typescript-language-features/dist/extension.js:1:180337)
[2020-04-10 12:12:48.972] [exthost] [error] [vscode.typescript-language-features] provider FAILED
[2020-04-10 12:12:48.972] [exthost] [error] Error: busy
	at o._provideSemanticTokens (/usr/share/code/resources/app/extensions/typescript-language-features/dist/extension.js:1:180337)
[2020-04-10 12:12:49.147] [exthost] [error] [vscode.typescript-language-features] provider FAILED
[2020-04-10 12:12:49.147] [exthost] [error] Error: busy
	at o._provideSemanticTokens (/usr/share/code/resources/app/extensions/typescript-language-features/dist/extension.js:1:180337)
[2020-04-10 12:13:08.191] [exthost] [error] [vscode.typescript-language-features] provider FAILED
[2020-04-10 12:13:08.191] [exthost] [error] Error: busy
	at o._provideSemanticTokens (/usr/share/code/resources/app/extensions/typescript-language-features/dist/extension.js:1:180337)
[2020-04-10 12:13:08.685] [exthost] [error] [vscode.typescript-language-features] provider FAILED
[2020-04-10 12:13:08.685] [exthost] [error] Error: busy
	at o._provideSemanticTokens (/usr/share/code/resources/app/extensions/typescript-language-features/dist/extension.js:1:180337)
[2020-04-10 12:13:09.053] [exthost] [error] [vscode.typescript-language-features] provider FAILED
[2020-04-10 12:13:09.053] [exthost] [error] Error: busy
	at o._provideSemanticTokens (/usr/share/code/resources/app/extensions/typescript-language-features/dist/extension.js:1:180337)
[2020-04-10 12:13:11.161] [exthost] [error] [vscode.typescript-language-features] provider FAILED
[2020-04-10 12:13:11.161] [exthost] [error] Error: busy
	at o._provideSemanticTokens (/usr/share/code/resources/app/extensions/typescript-language-features/dist/extension.js:1:180337)
[2020-04-10 12:13:12.762] [exthost] [error] [vscode.typescript-language-features] provider FAILED
[2020-04-10 12:13:12.762] [exthost] [error] Error: busy
	at o._provideSemanticTokens (/usr/share/code/resources/app/extensions/typescript-language-features/dist/extension.js:1:180337)
[2020-04-10 12:13:36.661] [exthost] [error] [vscode.typescript-language-features] provider FAILED
[2020-04-10 12:13:36.661] [exthost] [error] Error: <semantic> TypeScript Server Error (3.8.3)
Cannot read property 'emitNode' of undefined
TypeError: Cannot read property 'emitNode' of undefined
    at Object.getCommentRange (tsserver.js:71102:29)
    at emitNodeList (tsserver.js:95676:51)
    at emitList (tsserver.js:95555:13)
    at Object.writeList (tsserver.js:92891:13)
    at tsserver.js:119315:29
    at Object.mapToDisplayParts (tsserver.js:107201:13)
    at itemInfoForParameters (tsserver.js:119312:41)
    at getSignatureHelpItem (tsserver.js:119278:95)
    at tsserver.js:119251:79
    at Array.map (<anonymous>)
    at createSignatureHelpItems (tsserver.js:119251:36)
    at tsserver.js:118843:23
    at Object.runWithCancellationToken (tsserver.js:34552:28)
    at Object.getSignatureHelpItems (tsserver.js:118841:32)
    at Proxy.getSignatureHelpItems (tsserver.js:135509:37)
    at IOSession.Session.getSignatureHelpItems (tsserver.js:145510:62)
    at Session.handlers.ts.createMapFromTemplate._a.<computed> (tsserver.js:144404:61)
    at tsserver.js:146003:88
    at IOSession.Session.executeWithRequestId (tsserver.js:145994:28)
    at IOSession.Session.executeCommand (tsserver.js:146003:33)
    at IOSession.Session.onMessage (tsserver.js:146027:35)
    at Interface.<anonymous> (tsserver.js:147342:27)
    at Interface.emit (events.js:203:13)
    at Interface._onLine (readline.js:316:10)
    at Interface._normalWrite (readline.js:461:12)
    at Socket.ondata (readline.js:172:10)
    at Socket.emit (events.js:203:13)
    at addChunk (_stream_readable.js:295:12)
    at readableAddChunk (_stream_readable.js:276:11)
    at Socket.Readable.push (_stream_readable.js:210:10)
    at Pipe.onStreamRead (internal/stream_base_commons.js:166:17)
	at Function.create (/usr/share/code/resources/app/extensions/typescript-language-features/dist/extension.js:1:49958)
	at h.dispatchResponse (/usr/share/code/resources/app/extensions/typescript-language-features/dist/extension.js:1:216914)
	at h.dispatchMessage (/usr/share/code/resources/app/extensions/typescript-language-features/dist/extension.js:1:215832)
	at /usr/share/code/resources/app/extensions/typescript-language-features/dist/extension.js:1:215308
	at l.fire (/usr/share/code/resources/app/out/vs/workbench/services/extensions/node/extensionHostProcess.js:48:845)
	at t.Reader.onLengthData (/usr/share/code/resources/app/extensions/typescript-language-features/dist/extension.js:1:223870)
	at Socket.<anonymous> (/usr/share/code/resources/app/extensions/typescript-language-features/dist/extension.js:1:223518)
	at Socket.emit (events.js:203:13)
	at addChunk (_stream_readable.js:295:12)
	at readableAddChunk (_stream_readable.js:276:11)
	at Socket.Readable.push (_stream_readable.js:210:10)
	at Pipe.onStreamRead (internal/stream_base_commons.js:166:17)
[2020-04-10 12:15:32.523] [exthost] [error] [vscode.typescript-language-features] provider FAILED
[2020-04-10 12:15:32.524] [exthost] [error] Error: busy
	at o._provideSemanticTokens (/usr/share/code/resources/app/extensions/typescript-language-features/dist/extension.js:1:180337)
[2020-04-10 12:15:32.892] [exthost] [error] [vscode.typescript-language-features] provider FAILED
[2020-04-10 12:15:32.892] [exthost] [error] Error: busy
	at o._provideSemanticTokens (/usr/share/code/resources/app/extensions/typescript-language-features/dist/extension.js:1:180337)
[2020-04-10 12:15:33.265] [exthost] [error] [vscode.typescript-language-features] provider FAILED
[2020-04-10 12:15:33.265] [exthost] [error] Error: busy
	at o._provideSemanticTokens (/usr/share/code/resources/app/extensions/typescript-language-features/dist/extension.js:1:180337)
[2020-04-10 12:15:33.928] [exthost] [error] [vscode.typescript-language-features] provider FAILED
[2020-04-10 12:15:33.928] [exthost] [error] Error: busy
	at o._provideSemanticTokens (/usr/share/code/resources/app/extensions/typescript-language-features/dist/extension.js:1:180337)
[2020-04-10 12:15:34.655] [exthost] [error] [vscode.typescript-language-features] provider FAILED
[2020-04-10 12:15:34.655] [exthost] [error] Error: busy
	at o._provideSemanticTokens (/usr/share/code/resources/app/extensions/typescript-language-features/dist/extension.js:1:180337)
[2020-04-10 12:15:34.989] [exthost] [error] [vscode.typescript-language-features] provider FAILED
[2020-04-10 12:15:34.989] [exthost] [error] Error: busy
	at o._provideSemanticTokens (/usr/share/code/resources/app/extensions/typescript-language-features/dist/extension.js:1:180337)
[2020-04-10 12:15:36.904] [exthost] [error] [vscode.typescript-language-features] provider FAILED
[2020-04-10 12:15:36.904] [exthost] [error] Error: busy
	at o._provideSemanticTokens (/usr/share/code/resources/app/extensions/typescript-language-features/dist/extension.js:1:180337)
[2020-04-10 12:15:37.277] [exthost] [error] [vscode.typescript-language-features] provider FAILED
[2020-04-10 12:15:37.278] [exthost] [error] Error: busy
	at o._provideSemanticTokens (/usr/share/code/resources/app/extensions/typescript-language-features/dist/extension.js:1:180337)
[2020-04-10 12:15:37.652] [exthost] [error] [vscode.typescript-language-features] provider FAILED
[2020-04-10 12:15:37.652] [exthost] [error] Error: busy
	at o._provideSemanticTokens (/usr/share/code/resources/app/extensions/typescript-language-features/dist/extension.js:1:180337)
[2020-04-10 12:15:38.066] [exthost] [error] [vscode.typescript-language-features] provider FAILED
[2020-04-10 12:15:38.066] [exthost] [error] Error: busy
	at o._provideSemanticTokens (/usr/share/code/resources/app/extensions/typescript-language-features/dist/extension.js:1:180337)
[2020-04-10 12:15:38.385] [exthost] [error] [vscode.typescript-language-features] provider FAILED
[2020-04-10 12:15:38.385] [exthost] [error] Error: busy
	at o._provideSemanticTokens (/usr/share/code/resources/app/extensions/typescript-language-features/dist/extension.js:1:180337)
[2020-04-10 12:15:39.811] [exthost] [error] [vscode.typescript-language-features] provider FAILED
[2020-04-10 12:15:39.811] [exthost] [error] Error: busy
	at o._provideSemanticTokens (/usr/share/code/resources/app/extensions/typescript-language-features/dist/extension.js:1:180337)
[2020-04-10 12:15:40.389] [exthost] [error] [vscode.typescript-language-features] provider FAILED
[2020-04-10 12:15:40.390] [exthost] [error] Error: busy
	at o._provideSemanticTokens (/usr/share/code/resources/app/extensions/typescript-language-features/dist/extension.js:1:180337)
[2020-04-10 12:15:40.617] [exthost] [error] [vscode.typescript-language-features] provider FAILED
[2020-04-10 12:15:40.618] [exthost] [error] Error: busy
	at o._provideSemanticTokens (/usr/share/code/resources/app/extensions/typescript-language-features/dist/extension.js:1:180337)
[2020-04-10 12:15:42.166] [exthost] [error] [vscode.typescript-language-features] provider FAILED
[2020-04-10 12:15:42.166] [exthost] [error] Error: busy
	at o._provideSemanticTokens (/usr/share/code/resources/app/extensions/typescript-language-features/dist/extension.js:1:180337)
[2020-04-10 12:15:43.871] [exthost] [error] [vscode.typescript-language-features] provider FAILED
[2020-04-10 12:15:43.871] [exthost] [error] Error: busy
	at o._provideSemanticTokens (/usr/share/code/resources/app/extensions/typescript-language-features/dist/extension.js:1:180337)
[2020-04-10 12:15:46.455] [exthost] [error] [vscode.typescript-language-features] provider FAILED
[2020-04-10 12:15:46.455] [exthost] [error] Error: busy
	at o._provideSemanticTokens (/usr/share/code/resources/app/extensions/typescript-language-features/dist/extension.js:1:180337)
[2020-04-10 12:15:46.858] [exthost] [error] [vscode.typescript-language-features] provider FAILED
[2020-04-10 12:15:46.858] [exthost] [error] Error: busy
	at o._provideSemanticTokens (/usr/share/code/resources/app/extensions/typescript-language-features/dist/extension.js:1:180337)
[2020-04-10 12:15:47.247] [exthost] [error] [vscode.typescript-language-features] provider FAILED
[2020-04-10 12:15:47.247] [exthost] [error] Error: busy
	at o._provideSemanticTokens (/usr/share/code/resources/app/extensions/typescript-language-features/dist/extension.js:1:180337)
[2020-04-10 12:16:56.609] [exthost] [error] [vscode.typescript-language-features] provider FAILED
[2020-04-10 12:16:56.610] [exthost] [error] Error: busy
	at o._provideSemanticTokens (/usr/share/code/resources/app/extensions/typescript-language-features/dist/extension.js:1:180337)
[2020-04-10 12:16:59.082] [exthost] [error] [vscode.typescript-language-features] provider FAILED
[2020-04-10 12:16:59.082] [exthost] [error] Error: busy
	at o._provideSemanticTokens (/usr/share/code/resources/app/extensions/typescript-language-features/dist/extension.js:1:180337)
[2020-04-10 12:17:00.393] [exthost] [error] [vscode.typescript-language-features] provider FAILED
[2020-04-10 12:17:00.393] [exthost] [error] Error: busy
	at o._provideSemanticTokens (/usr/share/code/resources/app/extensions/typescript-language-features/dist/extension.js:1:180337)
[2020-04-10 12:17:17.662] [exthost] [error] [vscode.typescript-language-features] provider FAILED
[2020-04-10 12:17:17.662] [exthost] [error] Error: busy
	at o._provideSemanticTokens (/usr/share/code/resources/app/extensions/typescript-language-features/dist/extension.js:1:180337)
[2020-04-10 12:17:19.116] [exthost] [error] [vscode.typescript-language-features] provider FAILED
[2020-04-10 12:17:19.117] [exthost] [error] Error: busy
	at o._provideSemanticTokens (/usr/share/code/resources/app/extensions/typescript-language-features/dist/extension.js:1:180337)
[2020-04-10 12:17:19.480] [exthost] [error] [vscode.typescript-language-features] provider FAILED
[2020-04-10 12:17:19.480] [exthost] [error] Error: busy
	at o._provideSemanticTokens (/usr/share/code/resources/app/extensions/typescript-language-features/dist/extension.js:1:180337)
[2020-04-10 12:17:20.587] [exthost] [error] [vscode.typescript-language-features] provider FAILED
[2020-04-10 12:17:20.587] [exthost] [error] Error: busy
	at o._provideSemanticTokens (/usr/share/code/resources/app/extensions/typescript-language-features/dist/extension.js:1:180337)
[2020-04-10 12:17:23.254] [exthost] [error] [vscode.typescript-language-features] provider FAILED
[2020-04-10 12:17:23.254] [exthost] [error] Error: busy
	at o._provideSemanticTokens (/usr/share/code/resources/app/extensions/typescript-language-features/dist/extension.js:1:180337)
[2020-04-10 12:17:31.378] [exthost] [error] [vscode.typescript-language-features] provider FAILED
[2020-04-10 12:17:31.379] [exthost] [error] Error: busy
	at o._provideSemanticTokens (/usr/share/code/resources/app/extensions/typescript-language-features/dist/extension.js:1:180337)
[2020-04-10 12:17:57.369] [exthost] [error] [vscode.typescript-language-features] provider FAILED
[2020-04-10 12:17:57.370] [exthost] [error] Error: busy
	at o._provideSemanticTokens (/usr/share/code/resources/app/extensions/typescript-language-features/dist/extension.js:1:180337)
[2020-04-10 12:24:19.789] [exthost] [error] [vscode.typescript-language-features] provider FAILED
[2020-04-10 12:24:19.789] [exthost] [error] Error: busy
	at o._provideSemanticTokens (/usr/share/code/resources/app/extensions/typescript-language-features/dist/extension.js:1:180337)
[2020-04-10 12:24:20.133] [exthost] [error] [vscode.typescript-language-features] provider FAILED
[2020-04-10 12:24:20.133] [exthost] [error] Error: busy
	at o._provideSemanticTokens (/usr/share/code/resources/app/extensions/typescript-language-features/dist/extension.js:1:180337)
[2020-04-10 12:24:45.505] [exthost] [error] [vscode.typescript-language-features] provider FAILED
[2020-04-10 12:24:45.507] [exthost] [error] Error: <semantic> TypeScript Server Error (3.8.3)
Cannot read property 'emitNode' of undefined
TypeError: Cannot read property 'emitNode' of undefined
    at Object.getCommentRange (tsserver.js:71102:29)
    at emitNodeList (tsserver.js:95676:51)
    at emitList (tsserver.js:95555:13)
    at Object.writeList (tsserver.js:92891:13)
    at tsserver.js:119315:29
    at Object.mapToDisplayParts (tsserver.js:107201:13)
    at itemInfoForParameters (tsserver.js:119312:41)
    at getSignatureHelpItem (tsserver.js:119278:95)
    at tsserver.js:119251:79
    at Array.map (<anonymous>)
    at createSignatureHelpItems (tsserver.js:119251:36)
    at tsserver.js:118843:23
    at Object.runWithCancellationToken (tsserver.js:34552:28)
    at Object.getSignatureHelpItems (tsserver.js:118841:32)
    at Proxy.getSignatureHelpItems (tsserver.js:135509:37)
    at IOSession.Session.getSignatureHelpItems (tsserver.js:145510:62)
    at Session.handlers.ts.createMapFromTemplate._a.<computed> (tsserver.js:144404:61)
    at tsserver.js:146003:88
    at IOSession.Session.executeWithRequestId (tsserver.js:145994:28)
    at IOSession.Session.executeCommand (tsserver.js:146003:33)
    at IOSession.Session.onMessage (tsserver.js:146027:35)
    at Interface.<anonymous> (tsserver.js:147342:27)
    at Interface.emit (events.js:203:13)
    at Interface._onLine (readline.js:316:10)
    at Interface._normalWrite (readline.js:461:12)
    at Socket.ondata (readline.js:172:10)
    at Socket.emit (events.js:203:13)
    at addChunk (_stream_readable.js:295:12)
    at readableAddChunk (_stream_readable.js:276:11)
    at Socket.Readable.push (_stream_readable.js:210:10)
    at Pipe.onStreamRead (internal/stream_base_commons.js:166:17)
	at Function.create (/usr/share/code/resources/app/extensions/typescript-language-features/dist/extension.js:1:49958)
	at h.dispatchResponse (/usr/share/code/resources/app/extensions/typescript-language-features/dist/extension.js:1:216914)
	at h.dispatchMessage (/usr/share/code/resources/app/extensions/typescript-language-features/dist/extension.js:1:215832)
	at /usr/share/code/resources/app/extensions/typescript-language-features/dist/extension.js:1:215308
	at l.fire (/usr/share/code/resources/app/out/vs/workbench/services/extensions/node/extensionHostProcess.js:48:845)
	at t.Reader.onLengthData (/usr/share/code/resources/app/extensions/typescript-language-features/dist/extension.js:1:223870)
	at Socket.<anonymous> (/usr/share/code/resources/app/extensions/typescript-language-features/dist/extension.js:1:223518)
	at Socket.emit (events.js:203:13)
	at addChunk (_stream_readable.js:295:12)
	at readableAddChunk (_stream_readable.js:276:11)
	at Socket.Readable.push (_stream_readable.js:210:10)
	at Pipe.onStreamRead (internal/stream_base_commons.js:166:17)
[2020-04-10 12:27:12.047] [exthost] [error] [vscode.typescript-language-features] provider FAILED
[2020-04-10 12:27:12.048] [exthost] [error] Error: busy
	at o._provideSemanticTokens (/usr/share/code/resources/app/extensions/typescript-language-features/dist/extension.js:1:180337)
