["INFO" - 11:06:20 AM] Extension Name: "prettier-vscode".
["INFO" - 11:06:20 AM] Extension Version: "4.2.0".
["INFO" - 11:06:21 AM] Enabling prettier for languages
[
  "css",
  "graphql",
  "html",
  "javascript",
  "javascriptreact",
  "json",
  "json5",
  "jsonc",
  "less",
  "markdown",
  "mdx",
  "mongo",
  "postcss",
  "scss",
  "typescript",
  "typescriptreact",
  "vue",
  "yaml"
]
["INFO" - 11:06:21 AM] Enabling prettier for range supported languages
[
  "graphql",
  "javascript",
  "javascriptreact",
  "json",
  "typescript",
  "typescriptreact"
]
["INFO" - 11:44:27 AM] Formatting /home/youssef/Downloads/opt/restaurant-app-v2/server/src/routes/auth/auth.middlewares.js
["INFO" - 11:44:27 AM] Using ignore file (if present) at /home/youssef/Downloads/opt/restaurant-app-v2/.prettierignore
["INFO" - 11:44:27 AM] Using bundled version of prettier.
["INFO" - 11:44:27 AM] File Info:
{
  "ignored": false,
  "inferredParser": "babel"
}
["INFO" - 11:44:27 AM] No local configuration (i.e. .prettierrc or .editorconfig) detected, falling back to VS Code configuration
["INFO" - 11:44:27 AM] Prettier Options:
{
  "arrowParens": "always",
  "bracketSpacing": true,
  "endOfLine": "lf",
  "htmlWhitespaceSensitivity": "css",
  "insertPragma": false,
  "jsxBracketSameLine": false,
  "jsxSingleQuote": false,
  "printWidth": 80,
  "proseWrap": "preserve",
  "quoteProps": "as-needed",
  "requirePragma": false,
  "semi": true,
  "singleQuote": false,
  "tabWidth": 2,
  "trailingComma": "es5",
  "useTabs": false,
  "vueIndentScriptAndStyle": false,
  "filepath": "/home/youssef/Downloads/opt/restaurant-app-v2/server/src/routes/auth/auth.middlewares.js",
  "parser": "babel"
}
["INFO" - 11:44:28 AM] Formatting completed in 494.846299ms.
