Looking for git in: git
Using git 2.17.1 from git
> git rev-parse --show-toplevel
> git rev-parse --git-dir
Open repository: /home/youssef/Downloads/opt/restaurant-app-v2
> git status -z -u
> git check-ignore -v -z --stdin
> git symbolic-ref --short HEAD
> git rev-parse master
> git rev-parse --symbolic-full-name master@{u}
> git rev-list --left-right master...refs/remotes/origin/master
> git for-each-ref --format %(refname) %(objectname) --sort -committerdate
> git remote --verbose
> git config --get commit.template
> git check-ignore -v -z --stdin
> git check-ignore -v -z --stdin
> git check-ignore -v -z --stdin
> git show :server/src/passport/google.js
> git ls-files --stage -- /home/youssef/Downloads/opt/restaurant-app-v2/server/src/passport/google.js
> git cat-file -s 40bf0b5e88a9a1145adda376edae4758ef9b5222
> git check-ignore -v -z --stdin
> git check-ignore -v -z --stdin
> git show :server/src/routes/auth/index.js
> git ls-files --stage -- /home/youssef/Downloads/opt/restaurant-app-v2/server/src/routes/auth/index.js
> git cat-file -s 2e78cc333f6e2df8cf3dc53c6c973c2d5f57c75c
> git status -z -u
> git symbolic-ref --short HEAD
> git rev-parse master
> git rev-parse --symbolic-full-name master@{u}
> git rev-list --left-right master...refs/remotes/origin/master
> git for-each-ref --format %(refname) %(objectname) --sort -committerdate
> git remote --verbose
> git config --get commit.template
> git status -z -u
> git symbolic-ref --short HEAD
> git rev-parse master
> git rev-parse --symbolic-full-name master@{u}
> git rev-list --left-right master...refs/remotes/origin/master
> git for-each-ref --format %(refname) %(objectname) --sort -committerdate
> git remote --verbose
> git config --get commit.template
> git status -z -u
> git symbolic-ref --short HEAD
> git rev-parse master
> git rev-parse --symbolic-full-name master@{u}
> git rev-list --left-right master...refs/remotes/origin/master
> git for-each-ref --format %(refname) %(objectname) --sort -committerdate
> git remote --verbose
> git config --get commit.template
> git status -z -u
> git symbolic-ref --short HEAD
> git rev-parse master
> git rev-parse --symbolic-full-name master@{u}
> git rev-list --left-right master...refs/remotes/origin/master
> git for-each-ref --format %(refname) %(objectname) --sort -committerdate
> git remote --verbose
> git config --get commit.template
> git show :server/src/index.js
> git ls-files --stage -- /home/youssef/Downloads/opt/restaurant-app-v2/server/src/index.js
> git cat-file -s 3907c50175eeadff614b34a43d01874ff9f75c2f
> git check-ignore -v -z --stdin
> git show :database/package.json
> git ls-files --stage -- /home/youssef/Downloads/opt/restaurant-app-v2/database/package.json
> git cat-file -s 3cca4e0d3bd86d3d07104402ac56d18a9706bde9
> git show :server/src/routes/auth/index.js
> git ls-files --stage -- /home/youssef/Downloads/opt/restaurant-app-v2/server/src/routes/auth/index.js
> git cat-file -s 2e78cc333f6e2df8cf3dc53c6c973c2d5f57c75c
> git show :server/src/routes/auth/auth.middlewares.js
> git ls-files --stage -- /home/youssef/Downloads/opt/restaurant-app-v2/server/src/routes/auth/auth.middlewares.js
> git cat-file -s 33cb82ff9b7a623e38fb8b27782112fb83e4be79
> git check-ignore -v -z --stdin
> git show :server/src/helpers/index.js
> git ls-files --stage -- /home/youssef/Downloads/opt/restaurant-app-v2/server/src/helpers/index.js
> git cat-file -s 1aded003471abb9ef0660c8e29e56692c440d4c0
> git show :server/src/routes/auth/index.js
> git ls-files --stage -- /home/youssef/Downloads/opt/restaurant-app-v2/server/src/routes/auth/index.js
> git cat-file -s 2e78cc333f6e2df8cf3dc53c6c973c2d5f57c75c
> git show :server/src/routes/auth/auth.middlewares.js
> git ls-files --stage -- /home/youssef/Downloads/opt/restaurant-app-v2/server/src/routes/auth/auth.middlewares.js
> git cat-file -s 33cb82ff9b7a623e38fb8b27782112fb83e4be79
> git show :server/src/app.js
> git ls-files --stage -- /home/youssef/Downloads/opt/restaurant-app-v2/server/src/app.js
> git cat-file -s f142399e4682acfb97e83f6918c1d4a93524b81f
> git check-ignore -v -z --stdin
> git show :server/src/tasks/createAdminUser.js
> git ls-files --stage -- /home/youssef/Downloads/opt/restaurant-app-v2/server/src/tasks/createAdminUser.js
> git cat-file -s 86a023beaaedb35353c23c7de91d1593e8e22eee
> git check-ignore -v -z --stdin
> git show :server/queries/index.js
> git ls-files --stage -- /home/youssef/Downloads/opt/restaurant-app-v2/server/queries/index.js
> git cat-file -s 04889bd78a5658d4ad0c6faaebb0535bb8334a2f
> git show :server/queries/users.js
> git ls-files --stage -- /home/youssef/Downloads/opt/restaurant-app-v2/server/queries/users.js
> git cat-file -s 226c4bc77bfa0326f5a1102babd04603a9575060
> git show :server/src/tasks/createAdminUser.js
> git ls-files --stage -- /home/youssef/Downloads/opt/restaurant-app-v2/server/src/tasks/createAdminUser.js
> git cat-file -s 86a023beaaedb35353c23c7de91d1593e8e22eee
> git show :server/src/app.js
> git ls-files --stage -- /home/youssef/Downloads/opt/restaurant-app-v2/server/src/app.js
> git cat-file -s f142399e4682acfb97e83f6918c1d4a93524b81f
> git show :server/src/tasks/createAdminUser.js
> git ls-files --stage -- /home/youssef/Downloads/opt/restaurant-app-v2/server/src/tasks/createAdminUser.js
> git cat-file -s 86a023beaaedb35353c23c7de91d1593e8e22eee
> git show :database/migrations/20200405144216_user.js
> git ls-files --stage -- /home/youssef/Downloads/opt/restaurant-app-v2/database/migrations/20200405144216_user.js
> git cat-file -s 68f9677e2ce8e406287257dbbc31802ebcee849c
> git show :README.md
> git ls-files --stage -- /home/youssef/Downloads/opt/restaurant-app-v2/README.md
> git cat-file -s 972cdfd432c2c65f31e3699722a57560e50fb0f3
> git show :TODO.md
> git ls-files --stage -- /home/youssef/Downloads/opt/restaurant-app-v2/TODO.md
> git check-ignore -v -z --stdin
> git status -z -u
> git symbolic-ref --short HEAD
> git rev-parse master
> git rev-parse --symbolic-full-name master@{u}
> git rev-list --left-right master...refs/remotes/origin/master
> git for-each-ref --format %(refname) %(objectname) --sort -committerdate
> git remote --verbose
> git config --get commit.template
> git show :README.md
> git ls-files --stage -- /home/youssef/Downloads/opt/restaurant-app-v2/README.md
> git cat-file -s 972cdfd432c2c65f31e3699722a57560e50fb0f3
> git show :TODO.md
> git ls-files --stage -- /home/youssef/Downloads/opt/restaurant-app-v2/TODO.md
> git show :README.md
> git ls-files --stage -- /home/youssef/Downloads/opt/restaurant-app-v2/README.md
> git cat-file -s 972cdfd432c2c65f31e3699722a57560e50fb0f3
> git show :TODO.md
> git ls-files --stage -- /home/youssef/Downloads/opt/restaurant-app-v2/TODO.md
> git status -z -u
> git symbolic-ref --short HEAD
> git rev-parse master
> git rev-parse --symbolic-full-name master@{u}
> git rev-list --left-right master...refs/remotes/origin/master
> git for-each-ref --format %(refname) %(objectname) --sort -committerdate
> git remote --verbose
> git config --get commit.template
> git show :database/migrations/20200405144216_user.js
> git ls-files --stage -- /home/youssef/Downloads/opt/restaurant-app-v2/database/migrations/20200405144216_user.js
> git cat-file -s 68f9677e2ce8e406287257dbbc31802ebcee849c
> git status -z -u
> git symbolic-ref --short HEAD
> git rev-parse master
> git rev-parse --symbolic-full-name master@{u}
> git rev-list --left-right master...refs/remotes/origin/master
> git for-each-ref --format %(refname) %(objectname) --sort -committerdate
> git remote --verbose
> git config --get commit.template
> git show :TODO.md
> git ls-files --stage -- /home/youssef/Downloads/opt/restaurant-app-v2/TODO.md
> git status -z -u
> git symbolic-ref --short HEAD
> git rev-parse master
> git rev-parse --symbolic-full-name master@{u}
> git rev-list --left-right master...refs/remotes/origin/master
> git for-each-ref --format %(refname) %(objectname) --sort -committerdate
> git remote --verbose
> git config --get commit.template
> git show :server/src/tasks/createAdminUser.js
> git ls-files --stage -- /home/youssef/Downloads/opt/restaurant-app-v2/server/src/tasks/createAdminUser.js
> git cat-file -s 86a023beaaedb35353c23c7de91d1593e8e22eee
> git status -z -u
> git symbolic-ref --short HEAD
> git rev-parse master
> git rev-parse --symbolic-full-name master@{u}
> git rev-list --left-right master...refs/remotes/origin/master
> git for-each-ref --format %(refname) %(objectname) --sort -committerdate
> git remote --verbose
> git config --get commit.template
> git show :TODO.md
> git ls-files --stage -- /home/youssef/Downloads/opt/restaurant-app-v2/TODO.md
> git show :database/migrations/20200406111106_add_role_id_to_user.js
> git ls-files --stage -- /home/youssef/Downloads/opt/restaurant-app-v2/database/migrations/20200406111106_add_role_id_to_user.js
> git cat-file -s 3444b90a402a4a047b543019b862a43e8b7649f6
> git show :database/migrations/20200409184836_product_category.js
> git ls-files --stage -- /home/youssef/Downloads/opt/restaurant-app-v2/database/migrations/20200409184836_product_category.js
> git cat-file -s 079718593055733818afd06e13e618ee71af554c
> git show :database/migrations/20200405144216_user.js
> git ls-files --stage -- /home/youssef/Downloads/opt/restaurant-app-v2/database/migrations/20200405144216_user.js
> git cat-file -s 68f9677e2ce8e406287257dbbc31802ebcee849c
> git status -z -u
> git symbolic-ref --short HEAD
> git rev-parse master
> git rev-parse --symbolic-full-name master@{u}
> git rev-list --left-right master...refs/remotes/origin/master
> git for-each-ref --format %(refname) %(objectname) --sort -committerdate
> git remote --verbose
> git config --get commit.template
> git status -z -u
> git symbolic-ref --short HEAD
> git rev-parse master
> git rev-parse --symbolic-full-name master@{u}
> git rev-list --left-right master...refs/remotes/origin/master
> git for-each-ref --format %(refname) %(objectname) --sort -committerdate
> git remote --verbose
> git config --get commit.template
> git status -z -u
> git symbolic-ref --short HEAD
> git rev-parse master
> git rev-parse --symbolic-full-name master@{u}
> git rev-list --left-right master...refs/remotes/origin/master
> git for-each-ref --format %(refname) %(objectname) --sort -committerdate
> git remote --verbose
> git config --get commit.template
> git status -z -u
> git symbolic-ref --short HEAD
> git rev-parse master
> git rev-parse --symbolic-full-name master@{u}
> git rev-list --left-right master...refs/remotes/origin/master
> git for-each-ref --format %(refname) %(objectname) --sort -committerdate
> git remote --verbose
> git config --get commit.template
> git show :database/package.json
> git ls-files --stage -- /home/youssef/Downloads/opt/restaurant-app-v2/database/package.json
> git cat-file -s 3cca4e0d3bd86d3d07104402ac56d18a9706bde9
> git check-ignore -v -z --stdin
> git status -z -u
> git symbolic-ref --short HEAD
> git rev-parse master
> git rev-parse --symbolic-full-name master@{u}
> git rev-list --left-right master...refs/remotes/origin/master
> git for-each-ref --format %(refname) %(objectname) --sort -committerdate
> git remote --verbose
> git config --get commit.template
> git show :TODO.md
> git ls-files --stage -- /home/youssef/Downloads/opt/restaurant-app-v2/TODO.md
> git status -z -u
> git symbolic-ref --short HEAD
> git rev-parse master
> git rev-parse --symbolic-full-name master@{u}
> git rev-list --left-right master...refs/remotes/origin/master
> git for-each-ref --format %(refname) %(objectname) --sort -committerdate
> git remote --verbose
> git config --get commit.template
> git show :database/migrations/20200405144216_user.js
> git ls-files --stage -- /home/youssef/Downloads/opt/restaurant-app-v2/database/migrations/20200405144216_user.js
> git cat-file -s 68f9677e2ce8e406287257dbbc31802ebcee849c
> git show :database/migrations/20200413114936_product.js
> git ls-files --stage -- /home/youssef/Downloads/opt/restaurant-app-v2/database/migrations/20200413114936_product.js
> git show :TODO.md
> git ls-files --stage -- /home/youssef/Downloads/opt/restaurant-app-v2/TODO.md
> git status -z -u
> git symbolic-ref --short HEAD
> git rev-parse master
> git rev-parse --symbolic-full-name master@{u}
> git rev-list --left-right master...refs/remotes/origin/master
> git for-each-ref --format %(refname) %(objectname) --sort -committerdate
> git remote --verbose
> git config --get commit.template
> git show :database/migrations/20200413114936_product.js
> git ls-files --stage -- /home/youssef/Downloads/opt/restaurant-app-v2/database/migrations/20200413114936_product.js
> git status -z -u
> git symbolic-ref --short HEAD
> git rev-parse master
> git rev-parse --symbolic-full-name master@{u}
> git rev-list --left-right master...refs/remotes/origin/master
> git for-each-ref --format %(refname) %(objectname) --sort -committerdate
> git remote --verbose
> git config --get commit.template
> git show :database/src/db/constants/index.js
> git ls-files --stage -- /home/youssef/Downloads/opt/restaurant-app-v2/database/src/db/constants/index.js
> git check-ignore -v -z --stdin
> git cat-file -s fcd583b2820a18044fb41125cfd01bd39ad5d82c
> git status -z -u
> git symbolic-ref --short HEAD
> git rev-parse master
> git rev-parse --symbolic-full-name master@{u}
> git rev-list --left-right master...refs/remotes/origin/master
> git for-each-ref --format %(refname) %(objectname) --sort -committerdate
> git remote --verbose
> git config --get commit.template
> git show :database/migrations/20200413114936_product.js
> git ls-files --stage -- /home/youssef/Downloads/opt/restaurant-app-v2/database/migrations/20200413114936_product.js
> git show :database/helpers/index.js
> git ls-files --stage -- /home/youssef/Downloads/opt/restaurant-app-v2/database/helpers/index.js
> git cat-file -s 307338dddfccb09e003b8d399dce6b93750d0b06
> git show :database/migrations/20200413114936_product.js
> git ls-files --stage -- /home/youssef/Downloads/opt/restaurant-app-v2/database/migrations/20200413114936_product.js
> git show :database/migrations/20200405144216_user.js
> git ls-files --stage -- /home/youssef/Downloads/opt/restaurant-app-v2/database/migrations/20200405144216_user.js
> git cat-file -s 68f9677e2ce8e406287257dbbc31802ebcee849c
> git show :database/migrations/20200413114936_product.js
> git ls-files --stage -- /home/youssef/Downloads/opt/restaurant-app-v2/database/migrations/20200413114936_product.js
> git show :database/src/db/constants/index.js
> git ls-files --stage -- /home/youssef/Downloads/opt/restaurant-app-v2/database/src/db/constants/index.js
> git cat-file -s fcd583b2820a18044fb41125cfd01bd39ad5d82c
> git show :database/migrations/20200405144216_user.js
> git ls-files --stage -- /home/youssef/Downloads/opt/restaurant-app-v2/database/migrations/20200405144216_user.js
> git cat-file -s 68f9677e2ce8e406287257dbbc31802ebcee849c
> git show :database/migrations/20200413114936_product.js
> git ls-files --stage -- /home/youssef/Downloads/opt/restaurant-app-v2/database/migrations/20200413114936_product.js
> git show :database/helpers/index.js
> git ls-files --stage -- /home/youssef/Downloads/opt/restaurant-app-v2/database/helpers/index.js
> git cat-file -s 307338dddfccb09e003b8d399dce6b93750d0b06
> git status -z -u
> git symbolic-ref --short HEAD
> git rev-parse master
> git rev-parse --symbolic-full-name master@{u}
> git rev-list --left-right master...refs/remotes/origin/master
> git for-each-ref --format %(refname) %(objectname) --sort -committerdate
> git remote --verbose
> git config --get commit.template
> git show :database/migrations/20200405144216_user.js
> git ls-files --stage -- /home/youssef/Downloads/opt/restaurant-app-v2/database/migrations/20200405144216_user.js
> git cat-file -s 68f9677e2ce8e406287257dbbc31802ebcee849c
> git status -z -u
> git symbolic-ref --short HEAD
> git rev-parse master
> git rev-parse --symbolic-full-name master@{u}
> git rev-list --left-right master...refs/remotes/origin/master
> git for-each-ref --format %(refname) %(objectname) --sort -committerdate
> git remote --verbose
> git config --get commit.template
> git show :database/migrations/20200413114936_product.js
> git ls-files --stage -- /home/youssef/Downloads/opt/restaurant-app-v2/database/migrations/20200413114936_product.js
> git status -z -u
> git symbolic-ref --short HEAD
> git rev-parse master
> git rev-parse --symbolic-full-name master@{u}
> git rev-list --left-right master...refs/remotes/origin/master
> git for-each-ref --format %(refname) %(objectname) --sort -committerdate
> git remote --verbose
> git config --get commit.template
> git status -z -u
> git symbolic-ref --short HEAD
> git rev-parse master
> git rev-parse --symbolic-full-name master@{u}
> git rev-list --left-right master...refs/remotes/origin/master
> git for-each-ref --format %(refname) %(objectname) --sort -committerdate
> git remote --verbose
> git config --get commit.template
> git show :database/helpers/index.js
> git ls-files --stage -- /home/youssef/Downloads/opt/restaurant-app-v2/database/helpers/index.js
> git cat-file -s 307338dddfccb09e003b8d399dce6b93750d0b06
> git status -z -u
> git symbolic-ref --short HEAD
> git rev-parse master
> git rev-parse --symbolic-full-name master@{u}
> git rev-list --left-right master...refs/remotes/origin/master
> git for-each-ref --format %(refname) %(objectname) --sort -committerdate
> git remote --verbose
> git config --get commit.template
> git show :database/migrations/20200413114936_product.js
> git ls-files --stage -- /home/youssef/Downloads/opt/restaurant-app-v2/database/migrations/20200413114936_product.js
> git status -z -u
> git symbolic-ref --short HEAD
> git rev-parse master
> git rev-parse --symbolic-full-name master@{u}
> git rev-list --left-right master...refs/remotes/origin/master
> git for-each-ref --format %(refname) %(objectname) --sort -committerdate
> git remote --verbose
> git config --get commit.template
> git show :database/migrations/20200409184836_product_category.js
> git ls-files --stage -- /home/youssef/Downloads/opt/restaurant-app-v2/database/migrations/20200409184836_product_category.js
> git cat-file -s 079718593055733818afd06e13e618ee71af554c
> git show :database/migrations/20200405144216_user.js
> git ls-files --stage -- /home/youssef/Downloads/opt/restaurant-app-v2/database/migrations/20200405144216_user.js
> git cat-file -s 68f9677e2ce8e406287257dbbc31802ebcee849c
> git check-ignore -v -z --stdin
> git status -z -u
> git symbolic-ref --short HEAD
> git rev-parse master
> git rev-parse --symbolic-full-name master@{u}
> git rev-list --left-right master...refs/remotes/origin/master
> git for-each-ref --format %(refname) %(objectname) --sort -committerdate
> git remote --verbose
> git config --get commit.template
> git show :database/migrations/20200413120320_add_product_to_user.js
> git ls-files --stage -- /home/youssef/Downloads/opt/restaurant-app-v2/database/migrations/20200413120320_add_product_to_user.js
> git show :database/migrations/20200406111106_add_role_id_to_user.js
> git ls-files --stage -- /home/youssef/Downloads/opt/restaurant-app-v2/database/migrations/20200406111106_add_role_id_to_user.js
> git cat-file -s 3444b90a402a4a047b543019b862a43e8b7649f6
> git show :database/migrations/20200413120320_add_product_to_user.js
> git ls-files --stage -- /home/youssef/Downloads/opt/restaurant-app-v2/database/migrations/20200413120320_add_product_to_user.js
> git status -z -u
> git symbolic-ref --short HEAD
> git rev-parse master
> git rev-parse --symbolic-full-name master@{u}
> git rev-list --left-right master...refs/remotes/origin/master
> git for-each-ref --format %(refname) %(objectname) --sort -committerdate
> git remote --verbose
> git config --get commit.template
> git show :database/migrations/20200405144216_user.js
> git ls-files --stage -- /home/youssef/Downloads/opt/restaurant-app-v2/database/migrations/20200405144216_user.js
> git cat-file -s 68f9677e2ce8e406287257dbbc31802ebcee849c
> git status -z -u
> git symbolic-ref --short HEAD
> git rev-parse master
> git rev-parse --symbolic-full-name master@{u}
> git rev-list --left-right master...refs/remotes/origin/master
> git for-each-ref --format %(refname) %(objectname) --sort -committerdate
> git remote --verbose
> git config --get commit.template
> git show :database/migrations/20200413120320_add_product_to_user.js
> git ls-files --stage -- /home/youssef/Downloads/opt/restaurant-app-v2/database/migrations/20200413120320_add_product_to_user.js
> git show :database/migrations/20200405144216_user.js
> git ls-files --stage -- /home/youssef/Downloads/opt/restaurant-app-v2/database/migrations/20200405144216_user.js
> git cat-file -s 68f9677e2ce8e406287257dbbc31802ebcee849c
> git status -z -u
> git symbolic-ref --short HEAD
> git rev-parse master
> git rev-parse --symbolic-full-name master@{u}
> git rev-list --left-right master...refs/remotes/origin/master
> git for-each-ref --format %(refname) %(objectname) --sort -committerdate
> git remote --verbose
> git config --get commit.template
> git show :database/migrations/20200413114936_product.js
> git ls-files --stage -- /home/youssef/Downloads/opt/restaurant-app-v2/database/migrations/20200413114936_product.js
> git show :database/helpers/index.js
> git ls-files --stage -- /home/youssef/Downloads/opt/restaurant-app-v2/database/helpers/index.js
> git cat-file -s 307338dddfccb09e003b8d399dce6b93750d0b06
> git show :TODO.md
> git ls-files --stage -- /home/youssef/Downloads/opt/restaurant-app-v2/TODO.md
> git show :database/migrations/20200413114936_product.js
> git ls-files --stage -- /home/youssef/Downloads/opt/restaurant-app-v2/database/migrations/20200413114936_product.js
> git check-ignore -v -z --stdin
> git status -z -u
> git symbolic-ref --short HEAD
> git rev-parse master
> git rev-parse --symbolic-full-name master@{u}
> git rev-list --left-right master...refs/remotes/origin/master
> git for-each-ref --format %(refname) %(objectname) --sort -committerdate
> git remote --verbose
> git config --get commit.template
> git show :database/migrations/20200406110838_role.js
> git ls-files --stage -- /home/youssef/Downloads/opt/restaurant-app-v2/database/migrations/20200406110838_role.js
> git cat-file -s 098e55f3539cfc1a7d6fd569536cbf9a1c66d30c
> git show :database/migrations/20200413120555_add_product_category_to_product.js
> git ls-files --stage -- /home/youssef/Downloads/opt/restaurant-app-v2/database/migrations/20200413120555_add_product_category_to_product.js
> git show :database/migrations/20200406111106_add_role_id_to_user.js
> git ls-files --stage -- /home/youssef/Downloads/opt/restaurant-app-v2/database/migrations/20200406111106_add_role_id_to_user.js
> git cat-file -s 3444b90a402a4a047b543019b862a43e8b7649f6
> git show :database/migrations/20200413120555_add_product_category_to_product.js
> git ls-files --stage -- /home/youssef/Downloads/opt/restaurant-app-v2/database/migrations/20200413120555_add_product_category_to_product.js
> git show :database/migrations/20200406111106_add_role_id_to_user.js
> git ls-files --stage -- /home/youssef/Downloads/opt/restaurant-app-v2/database/migrations/20200406111106_add_role_id_to_user.js
> git cat-file -s 3444b90a402a4a047b543019b862a43e8b7649f6
> git status -z -u
> git symbolic-ref --short HEAD
> git rev-parse master
> git rev-parse --symbolic-full-name master@{u}
> git rev-list --left-right master...refs/remotes/origin/master
> git for-each-ref --format %(refname) %(objectname) --sort -committerdate
> git remote --verbose
> git config --get commit.template
> git show :database/migrations/20200413120555_add_product_category_to_product.js
> git ls-files --stage -- /home/youssef/Downloads/opt/restaurant-app-v2/database/migrations/20200413120555_add_product_category_to_product.js
> git status -z -u
> git symbolic-ref --short HEAD
> git rev-parse master
> git rev-parse --symbolic-full-name master@{u}
> git rev-list --left-right master...refs/remotes/origin/master
> git for-each-ref --format %(refname) %(objectname) --sort -committerdate
> git remote --verbose
> git config --get commit.template
> git show :database/migrations/20200413114936_product.js
> git ls-files --stage -- /home/youssef/Downloads/opt/restaurant-app-v2/database/migrations/20200413114936_product.js
> git status -z -u
> git symbolic-ref --short HEAD
> git rev-parse master
> git rev-parse --symbolic-full-name master@{u}
> git rev-list --left-right master...refs/remotes/origin/master
> git for-each-ref --format %(refname) %(objectname) --sort -committerdate
> git remote --verbose
> git config --get commit.template
> git check-ignore -v -z --stdin
> git show :database/migrations/20200405144216_user.js
> git ls-files --stage -- /home/youssef/Downloads/opt/restaurant-app-v2/database/migrations/20200405144216_user.js
> git cat-file -s 68f9677e2ce8e406287257dbbc31802ebcee849c
> git show :database/migrations/20200413120802_team.js
> git ls-files --stage -- /home/youssef/Downloads/opt/restaurant-app-v2/database/migrations/20200413120802_team.js
> git show :database/helpers/index.js
> git ls-files --stage -- /home/youssef/Downloads/opt/restaurant-app-v2/database/helpers/index.js
> git cat-file -s 307338dddfccb09e003b8d399dce6b93750d0b06
> git show :database/src/db/constants/index.js
> git ls-files --stage -- /home/youssef/Downloads/opt/restaurant-app-v2/database/src/db/constants/index.js
> git cat-file -s fcd583b2820a18044fb41125cfd01bd39ad5d82c
> git check-ignore -v -z --stdin
> git show :database/src/db/tableNames/index.js
> git ls-files --stage -- /home/youssef/Downloads/opt/restaurant-app-v2/database/src/db/tableNames/index.js
> git show :database/migrations/20200413120802_team.js
> git ls-files --stage -- /home/youssef/Downloads/opt/restaurant-app-v2/database/migrations/20200413120802_team.js
> git status -z -u
> git symbolic-ref --short HEAD
> git rev-parse master
> git rev-parse --symbolic-full-name master@{u}
> git rev-list --left-right master...refs/remotes/origin/master
> git for-each-ref --format %(refname) %(objectname) --sort -committerdate
> git remote --verbose
> git config --get commit.template
> git show :database/migrations/20200413114936_product.js
> git ls-files --stage -- /home/youssef/Downloads/opt/restaurant-app-v2/database/migrations/20200413114936_product.js
> git status -z -u
> git symbolic-ref --short HEAD
> git rev-parse master
> git rev-parse --symbolic-full-name master@{u}
> git show :database/migrations/20200413120555_add_product_category_to_product.js
> git ls-files --stage -- /home/youssef/Downloads/opt/restaurant-app-v2/database/migrations/20200413120555_add_product_category_to_product.js
> git rev-list --left-right master...refs/remotes/origin/master
> git for-each-ref --format %(refname) %(objectname) --sort -committerdate
> git remote --verbose
> git config --get commit.template
> git show :database/migrations/20200413120802_team.js
> git ls-files --stage -- /home/youssef/Downloads/opt/restaurant-app-v2/database/migrations/20200413120802_team.js
> git status -z -u
> git symbolic-ref --short HEAD
> git rev-parse master
> git rev-parse --symbolic-full-name master@{u}
> git rev-list --left-right master...refs/remotes/origin/master
> git for-each-ref --format %(refname) %(objectname) --sort -committerdate
> git remote --verbose
> git config --get commit.template
> git show :database/src/db/tableNames/index.js
> git ls-files --stage -- /home/youssef/Downloads/opt/restaurant-app-v2/database/src/db/tableNames/index.js
> git show :database/migrations/20200413120802_team.js
> git ls-files --stage -- /home/youssef/Downloads/opt/restaurant-app-v2/database/migrations/20200413120802_team.js
> git show :TODO.md
> git ls-files --stage -- /home/youssef/Downloads/opt/restaurant-app-v2/TODO.md
> git status -z -u
> git symbolic-ref --short HEAD
> git rev-parse master
> git rev-parse --symbolic-full-name master@{u}
> git rev-list --left-right master...refs/remotes/origin/master
> git for-each-ref --format %(refname) %(objectname) --sort -committerdate
> git remote --verbose
> git config --get commit.template
> git show :database/migrations/20200413120802_team.js
> git ls-files --stage -- /home/youssef/Downloads/opt/restaurant-app-v2/database/migrations/20200413120802_team.js
> git status -z -u
> git symbolic-ref --short HEAD
> git rev-parse master
> git rev-parse --symbolic-full-name master@{u}
> git rev-list --left-right master...refs/remotes/origin/master
> git for-each-ref --format %(refname) %(objectname) --sort -committerdate
> git remote --verbose
> git config --get commit.template
> git show :database/helpers/index.js
> git ls-files --stage -- /home/youssef/Downloads/opt/restaurant-app-v2/database/helpers/index.js
> git cat-file -s 307338dddfccb09e003b8d399dce6b93750d0b06
> git show :database/migrations/20200405144216_user.js
> git ls-files --stage -- /home/youssef/Downloads/opt/restaurant-app-v2/database/migrations/20200405144216_user.js
> git cat-file -s 68f9677e2ce8e406287257dbbc31802ebcee849c
> git show :database/helpers/index.js
> git ls-files --stage -- /home/youssef/Downloads/opt/restaurant-app-v2/database/helpers/index.js
> git cat-file -s 307338dddfccb09e003b8d399dce6b93750d0b06
> git status -z -u
> git symbolic-ref --short HEAD
> git rev-parse master
> git rev-parse --symbolic-full-name master@{u}
> git rev-list --left-right master...refs/remotes/origin/master
> git for-each-ref --format %(refname) %(objectname) --sort -committerdate
> git remote --verbose
> git config --get commit.template
> git show :database/migrations/20200405144216_user.js
> git ls-files --stage -- /home/youssef/Downloads/opt/restaurant-app-v2/database/migrations/20200405144216_user.js
> git cat-file -s 68f9677e2ce8e406287257dbbc31802ebcee849c
> git status -z -u
> git symbolic-ref --short HEAD
> git rev-parse master
> git show :database/migrations/20200413120802_team.js
> git ls-files --stage -- /home/youssef/Downloads/opt/restaurant-app-v2/database/migrations/20200413120802_team.js
> git rev-parse --symbolic-full-name master@{u}
> git rev-list --left-right master...refs/remotes/origin/master
> git for-each-ref --format %(refname) %(objectname) --sort -committerdate
> git remote --verbose
> git config --get commit.template
> git show :database/migrations/20200405144216_user.js
> git ls-files --stage -- /home/youssef/Downloads/opt/restaurant-app-v2/database/migrations/20200405144216_user.js
> git cat-file -s 68f9677e2ce8e406287257dbbc31802ebcee849c
> git show :database/helpers/index.js
> git ls-files --stage -- /home/youssef/Downloads/opt/restaurant-app-v2/database/helpers/index.js
> git cat-file -s 307338dddfccb09e003b8d399dce6b93750d0b06
> git status -z -u
> git symbolic-ref --short HEAD
> git rev-parse master
> git rev-parse --symbolic-full-name master@{u}
> git rev-list --left-right master...refs/remotes/origin/master
> git for-each-ref --format %(refname) %(objectname) --sort -committerdate
> git remote --verbose
> git config --get commit.template
> git show :database/migrations/20200413120802_team.js
> git ls-files --stage -- /home/youssef/Downloads/opt/restaurant-app-v2/database/migrations/20200413120802_team.js
> git show :database/migrations/20200405144216_user.js
> git ls-files --stage -- /home/youssef/Downloads/opt/restaurant-app-v2/database/migrations/20200405144216_user.js
> git cat-file -s 68f9677e2ce8e406287257dbbc31802ebcee849c
> git status -z -u
> git symbolic-ref --short HEAD
> git rev-parse master
> git show :database/migrations/20200413120802_team.js
> git ls-files --stage -- /home/youssef/Downloads/opt/restaurant-app-v2/database/migrations/20200413120802_team.js
> git rev-parse --symbolic-full-name master@{u}
> git rev-list --left-right master...refs/remotes/origin/master
> git for-each-ref --format %(refname) %(objectname) --sort -committerdate
> git remote --verbose
> git config --get commit.template
> git status -z -u
> git symbolic-ref --short HEAD
> git rev-parse master
> git rev-parse --symbolic-full-name master@{u}
> git rev-list --left-right master...refs/remotes/origin/master
> git for-each-ref --format %(refname) %(objectname) --sort -committerdate
> git remote --verbose
> git config --get commit.template
> git check-ignore -v -z --stdin
> git status -z -u
> git symbolic-ref --short HEAD
> git rev-parse master
> git rev-parse --symbolic-full-name master@{u}
> git rev-list --left-right master...refs/remotes/origin/master
> git for-each-ref --format %(refname) %(objectname) --sort -committerdate
> git remote --verbose
> git config --get commit.template
> git show :database/migrations/20200413121418_position.js
> git ls-files --stage -- /home/youssef/Downloads/opt/restaurant-app-v2/database/migrations/20200413121418_position.js
> git status -z -u
> git symbolic-ref --short HEAD
> git rev-parse master
> git rev-parse --symbolic-full-name master@{u}
> git rev-list --left-right master...refs/remotes/origin/master
> git for-each-ref --format %(refname) %(objectname) --sort -committerdate
> git remote --verbose
> git config --get commit.template
> git show :TODO.md
> git ls-files --stage -- /home/youssef/Downloads/opt/restaurant-app-v2/TODO.md
> git show :database/migrations/20200413121418_position.js
> git ls-files --stage -- /home/youssef/Downloads/opt/restaurant-app-v2/database/migrations/20200413121418_position.js
> git status -z -u
> git symbolic-ref --short HEAD
> git rev-parse master
> git rev-parse --symbolic-full-name master@{u}
> git rev-list --left-right master...refs/remotes/origin/master
> git for-each-ref --format %(refname) %(objectname) --sort -committerdate
> git remote --verbose
> git config --get commit.template
> git show :database/src/db/tableNames/index.js
> git ls-files --stage -- /home/youssef/Downloads/opt/restaurant-app-v2/database/src/db/tableNames/index.js
> git status -z -u
> git symbolic-ref --short HEAD
> git rev-parse master
> git rev-parse --symbolic-full-name master@{u}
> git rev-list --left-right master...refs/remotes/origin/master
> git for-each-ref --format %(refname) %(objectname) --sort -committerdate
> git remote --verbose
> git config --get commit.template
> git show :database/migrations/20200413121418_position.js
> git ls-files --stage -- /home/youssef/Downloads/opt/restaurant-app-v2/database/migrations/20200413121418_position.js
> git show :database/migrations/20200409184836_product_category.js
> git ls-files --stage -- /home/youssef/Downloads/opt/restaurant-app-v2/database/migrations/20200409184836_product_category.js
> git cat-file -s 079718593055733818afd06e13e618ee71af554c
> git show :database/helpers/index.js
> git ls-files --stage -- /home/youssef/Downloads/opt/restaurant-app-v2/database/helpers/index.js
> git cat-file -s 307338dddfccb09e003b8d399dce6b93750d0b06
> git status -z -u
> git symbolic-ref --short HEAD
> git rev-parse master
> git rev-parse --symbolic-full-name master@{u}
> git rev-list --left-right master...refs/remotes/origin/master
> git for-each-ref --format %(refname) %(objectname) --sort -committerdate
> git remote --verbose
> git config --get commit.template
> git show :database/migrations/20200409184836_product_category.js
> git ls-files --stage -- /home/youssef/Downloads/opt/restaurant-app-v2/database/migrations/20200409184836_product_category.js
> git cat-file -s 079718593055733818afd06e13e618ee71af554c
> git show :database/helpers/index.js
> git ls-files --stage -- /home/youssef/Downloads/opt/restaurant-app-v2/database/helpers/index.js
> git cat-file -s 307338dddfccb09e003b8d399dce6b93750d0b06
> git show :database/migrations/20200409184836_product_category.js
> git ls-files --stage -- /home/youssef/Downloads/opt/restaurant-app-v2/database/migrations/20200409184836_product_category.js
> git cat-file -s 079718593055733818afd06e13e618ee71af554c
> git show :database/helpers/index.js
> git ls-files --stage -- /home/youssef/Downloads/opt/restaurant-app-v2/database/helpers/index.js
> git cat-file -s 307338dddfccb09e003b8d399dce6b93750d0b06
> git show :database/migrations/20200409184836_product_category.js
> git ls-files --stage -- /home/youssef/Downloads/opt/restaurant-app-v2/database/migrations/20200409184836_product_category.js
> git cat-file -s 079718593055733818afd06e13e618ee71af554c
> git status -z -u
> git symbolic-ref --short HEAD
> git rev-parse master
> git rev-parse --symbolic-full-name master@{u}
> git rev-list --left-right master...refs/remotes/origin/master
> git for-each-ref --format %(refname) %(objectname) --sort -committerdate
> git remote --verbose
> git config --get commit.template
> git show :database/migrations/20200405144216_user.js
> git ls-files --stage -- /home/youssef/Downloads/opt/restaurant-app-v2/database/migrations/20200405144216_user.js
> git cat-file -s 68f9677e2ce8e406287257dbbc31802ebcee849c
> git show :database/migrations/20200406110838_role.js
> git ls-files --stage -- /home/youssef/Downloads/opt/restaurant-app-v2/database/migrations/20200406110838_role.js
> git cat-file -s 098e55f3539cfc1a7d6fd569536cbf9a1c66d30c
> git show :database/migrations/20200406111106_add_role_id_to_user.js
> git ls-files --stage -- /home/youssef/Downloads/opt/restaurant-app-v2/database/migrations/20200406111106_add_role_id_to_user.js
> git cat-file -s 3444b90a402a4a047b543019b862a43e8b7649f6
> git show :database/migrations/20200409184836_product_category.js
> git ls-files --stage -- /home/youssef/Downloads/opt/restaurant-app-v2/database/migrations/20200409184836_product_category.js
> git cat-file -s 079718593055733818afd06e13e618ee71af554c
> git show :database/migrations/20200413114936_product.js
> git ls-files --stage -- /home/youssef/Downloads/opt/restaurant-app-v2/database/migrations/20200413114936_product.js
> git show :database/migrations/20200413120320_add_product_to_user.js
> git ls-files --stage -- /home/youssef/Downloads/opt/restaurant-app-v2/database/migrations/20200413120320_add_product_to_user.js
> git show :database/migrations/20200413120555_add_product_category_to_product.js
> git ls-files --stage -- /home/youssef/Downloads/opt/restaurant-app-v2/database/migrations/20200413120555_add_product_category_to_product.js
> git show :database/migrations/20200413120802_team.js
> git ls-files --stage -- /home/youssef/Downloads/opt/restaurant-app-v2/database/migrations/20200413120802_team.js
> git show :database/migrations/20200413121418_position.js
> git ls-files --stage -- /home/youssef/Downloads/opt/restaurant-app-v2/database/migrations/20200413121418_position.js
> git show :database/migrations/20200406110838_role.js
> git ls-files --stage -- /home/youssef/Downloads/opt/restaurant-app-v2/database/migrations/20200406110838_role.js
> git cat-file -s 098e55f3539cfc1a7d6fd569536cbf9a1c66d30c
> git show :database/migrations/20200413120802_team.js
> git ls-files --stage -- /home/youssef/Downloads/opt/restaurant-app-v2/database/migrations/20200413120802_team.js
> git show :database/migrations/20200413121418_position.js
> git ls-files --stage -- /home/youssef/Downloads/opt/restaurant-app-v2/database/migrations/20200413121418_position.js
> git show :database/migrations/20200405144216_user.js
> git ls-files --stage -- /home/youssef/Downloads/opt/restaurant-app-v2/database/migrations/20200405144216_user.js
> git cat-file -s 68f9677e2ce8e406287257dbbc31802ebcee849c
> git show :database/migrations/20200406110838_role.js
> git ls-files --stage -- /home/youssef/Downloads/opt/restaurant-app-v2/database/migrations/20200406110838_role.js
> git cat-file -s 098e55f3539cfc1a7d6fd569536cbf9a1c66d30c
> git show :database/helpers/index.js
> git ls-files --stage -- /home/youssef/Downloads/opt/restaurant-app-v2/database/helpers/index.js
> git cat-file -s 307338dddfccb09e003b8d399dce6b93750d0b06
> git show :database/migrations/20200406110838_role.js
> git ls-files --stage -- /home/youssef/Downloads/opt/restaurant-app-v2/database/migrations/20200406110838_role.js
> git cat-file -s 098e55f3539cfc1a7d6fd569536cbf9a1c66d30c
> git show :database/helpers/index.js
> git ls-files --stage -- /home/youssef/Downloads/opt/restaurant-app-v2/database/helpers/index.js
> git cat-file -s 307338dddfccb09e003b8d399dce6b93750d0b06
> git status -z -u
> git symbolic-ref --short HEAD
> git rev-parse master
> git rev-parse --symbolic-full-name master@{u}
> git rev-list --left-right master...refs/remotes/origin/master
> git for-each-ref --format %(refname) %(objectname) --sort -committerdate
> git remote --verbose
> git config --get commit.template
> git show :database/migrations/20200406110838_role.js
> git ls-files --stage -- /home/youssef/Downloads/opt/restaurant-app-v2/database/migrations/20200406110838_role.js
> git cat-file -s 098e55f3539cfc1a7d6fd569536cbf9a1c66d30c
> git status -z -u
> git symbolic-ref --short HEAD
> git rev-parse master
> git rev-parse --symbolic-full-name master@{u}
> git rev-list --left-right master...refs/remotes/origin/master
> git for-each-ref --format %(refname) %(objectname) --sort -committerdate
> git remote --verbose
> git config --get commit.template
> git show :database/migrations/20200406111106_add_role_id_to_user.js
> git ls-files --stage -- /home/youssef/Downloads/opt/restaurant-app-v2/database/migrations/20200406111106_add_role_id_to_user.js
> git cat-file -s 3444b90a402a4a047b543019b862a43e8b7649f6
> git show :database/migrations/20200409184836_product_category.js
> git ls-files --stage -- /home/youssef/Downloads/opt/restaurant-app-v2/database/migrations/20200409184836_product_category.js
> git cat-file -s 079718593055733818afd06e13e618ee71af554c
> git show :database/migrations/20200413114936_product.js
> git ls-files --stage -- /home/youssef/Downloads/opt/restaurant-app-v2/database/migrations/20200413114936_product.js
> git show :database/migrations/20200413120320_add_product_to_user.js
> git ls-files --stage -- /home/youssef/Downloads/opt/restaurant-app-v2/database/migrations/20200413120320_add_product_to_user.js
> git show :database/migrations/20200413120555_add_product_category_to_product.js
> git ls-files --stage -- /home/youssef/Downloads/opt/restaurant-app-v2/database/migrations/20200413120555_add_product_category_to_product.js
> git show :database/migrations/20200413120802_team.js
> git ls-files --stage -- /home/youssef/Downloads/opt/restaurant-app-v2/database/migrations/20200413120802_team.js
> git show :database/migrations/20200413121418_position.js
> git ls-files --stage -- /home/youssef/Downloads/opt/restaurant-app-v2/database/migrations/20200413121418_position.js
> git show :database/migrations/20200405144216_user.js
> git ls-files --stage -- /home/youssef/Downloads/opt/restaurant-app-v2/database/migrations/20200405144216_user.js
> git cat-file -s 68f9677e2ce8e406287257dbbc31802ebcee849c
> git show :database/migrations/20200406110838_role.js
> git ls-files --stage -- /home/youssef/Downloads/opt/restaurant-app-v2/database/migrations/20200406110838_role.js
> git cat-file -s 098e55f3539cfc1a7d6fd569536cbf9a1c66d30c
> git show :database/migrations/20200406111106_add_role_id_to_user.js
> git ls-files --stage -- /home/youssef/Downloads/opt/restaurant-app-v2/database/migrations/20200406111106_add_role_id_to_user.js
> git cat-file -s 3444b90a402a4a047b543019b862a43e8b7649f6
> git show :database/migrations/20200409184836_product_category.js
> git ls-files --stage -- /home/youssef/Downloads/opt/restaurant-app-v2/database/migrations/20200409184836_product_category.js
> git cat-file -s 079718593055733818afd06e13e618ee71af554c
> git show :database/migrations/20200413114936_product.js
> git ls-files --stage -- /home/youssef/Downloads/opt/restaurant-app-v2/database/migrations/20200413114936_product.js
> git show :database/migrations/20200413120320_add_product_to_user.js
> git ls-files --stage -- /home/youssef/Downloads/opt/restaurant-app-v2/database/migrations/20200413120320_add_product_to_user.js
> git show :database/migrations/20200413120555_add_product_category_to_product.js
> git ls-files --stage -- /home/youssef/Downloads/opt/restaurant-app-v2/database/migrations/20200413120555_add_product_category_to_product.js
> git show :database/migrations/20200413120802_team.js
> git ls-files --stage -- /home/youssef/Downloads/opt/restaurant-app-v2/database/migrations/20200413120802_team.js
> git show :database/migrations/20200413121418_position.js
> git ls-files --stage -- /home/youssef/Downloads/opt/restaurant-app-v2/database/migrations/20200413121418_position.js
> git show :database/migrations/20200405144216_user.js
> git ls-files --stage -- /home/youssef/Downloads/opt/restaurant-app-v2/database/migrations/20200405144216_user.js
> git cat-file -s 68f9677e2ce8e406287257dbbc31802ebcee849c
> git show :database/migrations/20200406110838_role.js
> git ls-files --stage -- /home/youssef/Downloads/opt/restaurant-app-v2/database/migrations/20200406110838_role.js
> git cat-file -s 098e55f3539cfc1a7d6fd569536cbf9a1c66d30c
> git show :database/migrations/20200409184836_product_category.js
> git ls-files --stage -- /home/youssef/Downloads/opt/restaurant-app-v2/database/migrations/20200409184836_product_category.js
> git cat-file -s 079718593055733818afd06e13e618ee71af554c
> git show :database/migrations/20200413114936_product.js
> git ls-files --stage -- /home/youssef/Downloads/opt/restaurant-app-v2/database/migrations/20200413114936_product.js
> git show :database/migrations/20200413120320_add_product_to_user.js
> git ls-files --stage -- /home/youssef/Downloads/opt/restaurant-app-v2/database/migrations/20200413120320_add_product_to_user.js
> git show :database/migrations/20200413120555_add_product_category_to_product.js
> git ls-files --stage -- /home/youssef/Downloads/opt/restaurant-app-v2/database/migrations/20200413120555_add_product_category_to_product.js
> git show :database/migrations/20200413120802_team.js
> git ls-files --stage -- /home/youssef/Downloads/opt/restaurant-app-v2/database/migrations/20200413120802_team.js
> git check-ignore -v -z --stdin
> git status -z -u
> git symbolic-ref --short HEAD
> git rev-parse master
> git rev-parse --symbolic-full-name master@{u}
> git rev-list --left-right master...refs/remotes/origin/master
> git for-each-ref --format %(refname) %(objectname) --sort -committerdate
> git remote --verbose
> git config --get commit.template
> git show :database/migrations/20200406111106_add_role_id_to_user.js
> git ls-files --stage -- /home/youssef/Downloads/opt/restaurant-app-v2/database/migrations/20200406111106_add_role_id_to_user.js
> git cat-file -s 3444b90a402a4a047b543019b862a43e8b7649f6
> git status -z -u
> git symbolic-ref --short HEAD
> git rev-parse master
> git rev-parse --symbolic-full-name master@{u}
> git rev-list --left-right master...refs/remotes/origin/master
> git for-each-ref --format %(refname) %(objectname) --sort -committerdate
> git remote --verbose
> git config --get commit.template
> git show :database/migrations/20200413123647_add_position_to_team.js
> git ls-files --stage -- /home/youssef/Downloads/opt/restaurant-app-v2/database/migrations/20200413123647_add_position_to_team.js
> git status -z -u
> git symbolic-ref --short HEAD
> git rev-parse master
> git rev-parse --symbolic-full-name master@{u}
> git rev-list --left-right master...refs/remotes/origin/master
> git for-each-ref --format %(refname) %(objectname) --sort -committerdate
> git remote --verbose
> git config --get commit.template
> git show :database/migrations/20200413121418_position.js
> git ls-files --stage -- /home/youssef/Downloads/opt/restaurant-app-v2/database/migrations/20200413121418_position.js
> git show :database/migrations/20200413120802_team.js
> git ls-files --stage -- /home/youssef/Downloads/opt/restaurant-app-v2/database/migrations/20200413120802_team.js
> git status -z -u
> git symbolic-ref --short HEAD
> git rev-parse master
> git rev-parse --symbolic-full-name master@{u}
> git rev-list --left-right master...refs/remotes/origin/master
> git for-each-ref --format %(refname) %(objectname) --sort -committerdate
> git remote --verbose
> git config --get commit.template
> git show :database/migrations/20200405144216_user.js
> git ls-files --stage -- /home/youssef/Downloads/opt/restaurant-app-v2/database/migrations/20200405144216_user.js
> git cat-file -s 68f9677e2ce8e406287257dbbc31802ebcee849c
> git show :database/migrations/20200406110838_role.js
> git ls-files --stage -- /home/youssef/Downloads/opt/restaurant-app-v2/database/migrations/20200406110838_role.js
> git cat-file -s 098e55f3539cfc1a7d6fd569536cbf9a1c66d30c
> git show :database/migrations/20200405144216_user.js
> git ls-files --stage -- /home/youssef/Downloads/opt/restaurant-app-v2/database/migrations/20200405144216_user.js
> git cat-file -s 68f9677e2ce8e406287257dbbc31802ebcee849c
> git show :database/migrations/20200406110838_role.js
> git ls-files --stage -- /home/youssef/Downloads/opt/restaurant-app-v2/database/migrations/20200406110838_role.js
> git cat-file -s 098e55f3539cfc1a7d6fd569536cbf9a1c66d30c
> git show :database/migrations/20200406111106_add_role_id_to_user.js
> git ls-files --stage -- /home/youssef/Downloads/opt/restaurant-app-v2/database/migrations/20200406111106_add_role_id_to_user.js
> git cat-file -s 3444b90a402a4a047b543019b862a43e8b7649f6
> git show :database/migrations/20200409184836_product_category.js
> git ls-files --stage -- /home/youssef/Downloads/opt/restaurant-app-v2/database/migrations/20200409184836_product_category.js
> git cat-file -s 079718593055733818afd06e13e618ee71af554c
> git show :database/migrations/20200413114936_product.js
> git ls-files --stage -- /home/youssef/Downloads/opt/restaurant-app-v2/database/migrations/20200413114936_product.js
> git show :database/migrations/20200413120320_add_product_to_user.js
> git ls-files --stage -- /home/youssef/Downloads/opt/restaurant-app-v2/database/migrations/20200413120320_add_product_to_user.js
> git show :database/migrations/20200413120555_add_product_category_to_product.js
> git ls-files --stage -- /home/youssef/Downloads/opt/restaurant-app-v2/database/migrations/20200413120555_add_product_category_to_product.js
> git show :database/migrations/20200413120802_team.js
> git ls-files --stage -- /home/youssef/Downloads/opt/restaurant-app-v2/database/migrations/20200413120802_team.js
> git show :database/migrations/20200413121418_position.js
> git ls-files --stage -- /home/youssef/Downloads/opt/restaurant-app-v2/database/migrations/20200413121418_position.js
> git show :database/migrations/20200413123647_add_position_to_team.js
> git ls-files --stage -- /home/youssef/Downloads/opt/restaurant-app-v2/database/migrations/20200413123647_add_position_to_team.js
> git show :database/migrations/20200413121418_position.js
> git ls-files --stage -- /home/youssef/Downloads/opt/restaurant-app-v2/database/migrations/20200413121418_position.js
> git show :database/migrations/20200413120802_team.js
> git ls-files --stage -- /home/youssef/Downloads/opt/restaurant-app-v2/database/migrations/20200413120802_team.js
> git show :database/migrations/20200413114936_product.js
> git ls-files --stage -- /home/youssef/Downloads/opt/restaurant-app-v2/database/migrations/20200413114936_product.js
> git status -z -u
> git symbolic-ref --short HEAD
> git rev-parse master
> git rev-parse --symbolic-full-name master@{u}
> git rev-list --left-right master...refs/remotes/origin/master
> git for-each-ref --format %(refname) %(objectname) --sort -committerdate
> git remote --verbose
> git config --get commit.template
> git show :database/migrations/20200405144216_user.js
> git ls-files --stage -- /home/youssef/Downloads/opt/restaurant-app-v2/database/migrations/20200405144216_user.js
> git cat-file -s 68f9677e2ce8e406287257dbbc31802ebcee849c
> git show :database/helpers/index.js
> git ls-files --stage -- /home/youssef/Downloads/opt/restaurant-app-v2/database/helpers/index.js
> git cat-file -s 307338dddfccb09e003b8d399dce6b93750d0b06
> git status -z -u
> git symbolic-ref --short HEAD
> git rev-parse master
> git rev-parse --symbolic-full-name master@{u}
> git rev-list --left-right master...refs/remotes/origin/master
> git for-each-ref --format %(refname) %(objectname) --sort -committerdate
> git remote --verbose
> git config --get commit.template
> git show :database/migrations/20200413114936_product.js
> git ls-files --stage -- /home/youssef/Downloads/opt/restaurant-app-v2/database/migrations/20200413114936_product.js
> git show :database/migrations/20200413120802_team.js
> git ls-files --stage -- /home/youssef/Downloads/opt/restaurant-app-v2/database/migrations/20200413120802_team.js
> git show :TODO.md
> git ls-files --stage -- /home/youssef/Downloads/opt/restaurant-app-v2/TODO.md
> git status -z -u
> git check-ignore -v -z --stdin
> git symbolic-ref --short HEAD
> git rev-parse master
> git rev-parse --symbolic-full-name master@{u}
> git rev-list --left-right master...refs/remotes/origin/master
> git for-each-ref --format %(refname) %(objectname) --sort -committerdate
> git remote --verbose
> git config --get commit.template
> git show :database/migrations/20200413130518_order.js
> git ls-files --stage -- /home/youssef/Downloads/opt/restaurant-app-v2/database/migrations/20200413130518_order.js
> git show :database/migrations/20200413123647_add_position_to_team.js
> git ls-files --stage -- /home/youssef/Downloads/opt/restaurant-app-v2/database/migrations/20200413123647_add_position_to_team.js
> git show :database/migrations/20200413121418_position.js
> git ls-files --stage -- /home/youssef/Downloads/opt/restaurant-app-v2/database/migrations/20200413121418_position.js
> git show :database/migrations/20200413130518_order.js
> git ls-files --stage -- /home/youssef/Downloads/opt/restaurant-app-v2/database/migrations/20200413130518_order.js
> git show :database/migrations/20200413121418_position.js
> git ls-files --stage -- /home/youssef/Downloads/opt/restaurant-app-v2/database/migrations/20200413121418_position.js
> git show :database/migrations/20200413130518_order.js
> git ls-files --stage -- /home/youssef/Downloads/opt/restaurant-app-v2/database/migrations/20200413130518_order.js
> git show :TODO.md
> git ls-files --stage -- /home/youssef/Downloads/opt/restaurant-app-v2/TODO.md
> git status -z -u
> git symbolic-ref --short HEAD
> git rev-parse master
> git rev-parse --symbolic-full-name master@{u}
> git rev-list --left-right master...refs/remotes/origin/master
> git for-each-ref --format %(refname) %(objectname) --sort -committerdate
> git remote --verbose
> git show :database/migrations/20200413130518_order.js
> git ls-files --stage -- /home/youssef/Downloads/opt/restaurant-app-v2/database/migrations/20200413130518_order.js
> git config --get commit.template
> git status -z -u
> git symbolic-ref --short HEAD
> git rev-parse master
> git rev-parse --symbolic-full-name master@{u}
> git rev-list --left-right master...refs/remotes/origin/master
> git for-each-ref --format %(refname) %(objectname) --sort -committerdate
> git remote --verbose
> git config --get commit.template
> git check-ignore -v -z --stdin
> git status -z -u
> git symbolic-ref --short HEAD
> git rev-parse master
> git rev-parse --symbolic-full-name master@{u}
> git rev-list --left-right master...refs/remotes/origin/master
> git for-each-ref --format %(refname) %(objectname) --sort -committerdate
> git remote --verbose
> git config --get commit.template
> git show :database/migrations/20200406111106_add_role_id_to_user.js
> git ls-files --stage -- /home/youssef/Downloads/opt/restaurant-app-v2/database/migrations/20200406111106_add_role_id_to_user.js
> git cat-file -s 3444b90a402a4a047b543019b862a43e8b7649f6
> git check-ignore -v -z --stdin
> git status -z -u
> git symbolic-ref --short HEAD
> git rev-parse master
> git rev-parse --symbolic-full-name master@{u}
> git rev-list --left-right master...refs/remotes/origin/master
> git for-each-ref --format %(refname) %(objectname) --sort -committerdate
> git remote --verbose
> git config --get commit.template
> git check-ignore -v -z --stdin
> git status -z -u
> git symbolic-ref --short HEAD
> git rev-parse master
> git rev-parse --symbolic-full-name master@{u}
> git rev-list --left-right master...refs/remotes/origin/master
> git for-each-ref --format %(refname) %(objectname) --sort -committerdate
> git remote --verbose
> git config --get commit.template
> git check-ignore -v -z --stdin
> git status -z -u
> git symbolic-ref --short HEAD
> git rev-parse master
> git rev-parse --symbolic-full-name master@{u}
> git rev-list --left-right master...refs/remotes/origin/master
> git for-each-ref --format %(refname) %(objectname) --sort -committerdate
> git remote --verbose
> git config --get commit.template
> git check-ignore -v -z --stdin
> git status -z -u
> git symbolic-ref --short HEAD
> git rev-parse master
> git rev-parse --symbolic-full-name master@{u}
> git rev-list --left-right master...refs/remotes/origin/master
> git for-each-ref --format %(refname) %(objectname) --sort -committerdate
> git remote --verbose
> git config --get commit.template
> git show :database/migrations/20200413130938_add_product_id_to_order.js
> git ls-files --stage -- /home/youssef/Downloads/opt/restaurant-app-v2/database/migrations/20200413130938_add_product_id_to_order.js
> git show :database/migrations/20200413130518_order.js
> git ls-files --stage -- /home/youssef/Downloads/opt/restaurant-app-v2/database/migrations/20200413130518_order.js
> git status -z -u
> git symbolic-ref --short HEAD
> git rev-parse master
> git rev-parse --symbolic-full-name master@{u}
> git rev-list --left-right master...refs/remotes/origin/master
> git for-each-ref --format %(refname) %(objectname) --sort -committerdate
> git remote --verbose
> git config --get commit.template
> git show :database/src/db/tableNames/index.js
> git ls-files --stage -- /home/youssef/Downloads/opt/restaurant-app-v2/database/src/db/tableNames/index.js
> git status -z -u
> git symbolic-ref --short HEAD
> git rev-parse master
> git rev-parse --symbolic-full-name master@{u}
> git rev-list --left-right master...refs/remotes/origin/master
> git for-each-ref --format %(refname) %(objectname) --sort -committerdate
> git remote --verbose
> git config --get commit.template
> git status -z -u
> git symbolic-ref --short HEAD
> git rev-parse master
> git rev-parse --symbolic-full-name master@{u}
> git rev-list --left-right master...refs/remotes/origin/master
> git for-each-ref --format %(refname) %(objectname) --sort -committerdate
> git remote --verbose
> git config --get commit.template
> git show :database/migrations/20200413130518_order.js
> git ls-files --stage -- /home/youssef/Downloads/opt/restaurant-app-v2/database/migrations/20200413130518_order.js
> git show :database/migrations/20200413130938_add_product_id_to_order.js
> git ls-files --stage -- /home/youssef/Downloads/opt/restaurant-app-v2/database/migrations/20200413130938_add_product_id_to_order.js
> git show :database/migrations/20200413130518_order.js
> git ls-files --stage -- /home/youssef/Downloads/opt/restaurant-app-v2/database/migrations/20200413130518_order.js
> git show :database/migrations/20200413130938_add_product_id_to_order.js
> git ls-files --stage -- /home/youssef/Downloads/opt/restaurant-app-v2/database/migrations/20200413130938_add_product_id_to_order.js
> git status -z -u
> git symbolic-ref --short HEAD
> git rev-parse master
> git rev-parse --symbolic-full-name master@{u}
> git rev-list --left-right master...refs/remotes/origin/master
> git for-each-ref --format %(refname) %(objectname) --sort -committerdate
> git remote --verbose
> git config --get commit.template
> git status -z -u
> git symbolic-ref --short HEAD
> git rev-parse master
> git rev-parse --symbolic-full-name master@{u}
> git check-ignore -v -z --stdin
> git rev-list --left-right master...refs/remotes/origin/master
> git for-each-ref --format %(refname) %(objectname) --sort -committerdate
> git remote --verbose
> git config --get commit.template
> git show :database/migrations/20200413131259_add_user_id_to_order.js
> git ls-files --stage -- /home/youssef/Downloads/opt/restaurant-app-v2/database/migrations/20200413131259_add_user_id_to_order.js
> git status -z -u
> git symbolic-ref --short HEAD
> git rev-parse master
> git rev-parse --symbolic-full-name master@{u}
> git rev-list --left-right master...refs/remotes/origin/master
> git for-each-ref --format %(refname) %(objectname) --sort -committerdate
> git remote --verbose
> git config --get commit.template
> git show :database/migrations/20200413130518_order.js
> git ls-files --stage -- /home/youssef/Downloads/opt/restaurant-app-v2/database/migrations/20200413130518_order.js
> git show :TODO.md
> git ls-files --stage -- /home/youssef/Downloads/opt/restaurant-app-v2/TODO.md
> git show :database/migrations/20200413130518_order.js
> git ls-files --stage -- /home/youssef/Downloads/opt/restaurant-app-v2/database/migrations/20200413130518_order.js
> git status -z -u
> git symbolic-ref --short HEAD
> git rev-parse master
> git rev-parse --symbolic-full-name master@{u}
> git rev-list --left-right master...refs/remotes/origin/master
> git for-each-ref --format %(refname) %(objectname) --sort -committerdate
> git remote --verbose
> git config --get commit.template
> git status -z -u
> git symbolic-ref --short HEAD
> git check-ignore -v -z --stdin
> git rev-parse master
> git rev-parse --symbolic-full-name master@{u}
> git rev-list --left-right master...refs/remotes/origin/master
> git for-each-ref --format %(refname) %(objectname) --sort -committerdate
> git remote --verbose
> git config --get commit.template
> git show :database/migrations/20200413121418_position.js
> git ls-files --stage -- /home/youssef/Downloads/opt/restaurant-app-v2/database/migrations/20200413121418_position.js
> git show :database/migrations/20200413131355_product_review.js
> git ls-files --stage -- /home/youssef/Downloads/opt/restaurant-app-v2/database/migrations/20200413131355_product_review.js
> git show :TODO.md
> git ls-files --stage -- /home/youssef/Downloads/opt/restaurant-app-v2/TODO.md
> git status -z -u
> git symbolic-ref --short HEAD
> git rev-parse master
> git rev-parse --symbolic-full-name master@{u}
> git rev-list --left-right master...refs/remotes/origin/master
> git for-each-ref --format %(refname) %(objectname) --sort -committerdate
> git remote --verbose
> git config --get commit.template
> git show :database/migrations/20200413131355_product_review.js
> git ls-files --stage -- /home/youssef/Downloads/opt/restaurant-app-v2/database/migrations/20200413131355_product_review.js
> git status -z -u
> git symbolic-ref --short HEAD
> git rev-parse master
> git rev-parse --symbolic-full-name master@{u}
> git rev-list --left-right master...refs/remotes/origin/master
> git for-each-ref --format %(refname) %(objectname) --sort -committerdate
> git remote --verbose
> git config --get commit.template
> git check-ignore -v -z --stdin
> git status -z -u
> git symbolic-ref --short HEAD
> git check-ignore -v -z --stdin
> git rev-parse master
> git rev-parse --symbolic-full-name master@{u}
> git rev-list --left-right master...refs/remotes/origin/master
> git for-each-ref --format %(refname) %(objectname) --sort -committerdate
> git remote --verbose
> git config --get commit.template
> git show :database/migrations/20200413130938_add_product_id_to_order.js
> git ls-files --stage -- /home/youssef/Downloads/opt/restaurant-app-v2/database/migrations/20200413130938_add_product_id_to_order.js
> git status -z -u
> git symbolic-ref --short HEAD
> git rev-parse master
> git rev-parse --symbolic-full-name master@{u}
> git rev-list --left-right master...refs/remotes/origin/master
> git for-each-ref --format %(refname) %(objectname) --sort -committerdate
> git remote --verbose
> git config --get commit.template
> git show :database/migrations/20200413131535_add_user_id_to_product_review.js
> git ls-files --stage -- /home/youssef/Downloads/opt/restaurant-app-v2/database/migrations/20200413131535_add_user_id_to_product_review.js
> git status -z -u
> git symbolic-ref --short HEAD
> git rev-parse master
> git rev-parse --symbolic-full-name master@{u}
> git rev-list --left-right master...refs/remotes/origin/master
> git for-each-ref --format %(refname) %(objectname) --sort -committerdate
> git remote --verbose
> git config --get commit.template
> git show :database/migrations/20200413131547_add_product_id_to_product_review.js
> git ls-files --stage -- /home/youssef/Downloads/opt/restaurant-app-v2/database/migrations/20200413131547_add_product_id_to_product_review.js
> git status -z -u
> git symbolic-ref --short HEAD
> git rev-parse master
> git rev-parse --symbolic-full-name master@{u}
> git rev-list --left-right master...refs/remotes/origin/master
> git for-each-ref --format %(refname) %(objectname) --sort -committerdate
> git remote --verbose
> git config --get commit.template
> git show :database/migrations/20200413131535_add_user_id_to_product_review.js
> git ls-files --stage -- /home/youssef/Downloads/opt/restaurant-app-v2/database/migrations/20200413131535_add_user_id_to_product_review.js
> git show :TODO.md
> git ls-files --stage -- /home/youssef/Downloads/opt/restaurant-app-v2/TODO.md
> git show :database/migrations/20200413131355_product_review.js
> git ls-files --stage -- /home/youssef/Downloads/opt/restaurant-app-v2/database/migrations/20200413131355_product_review.js
> git status -z -u
> git symbolic-ref --short HEAD
> git rev-parse master
> git rev-parse --symbolic-full-name master@{u}
> git rev-list --left-right master...refs/remotes/origin/master
> git for-each-ref --format %(refname) %(objectname) --sort -committerdate
> git remote --verbose
> git config --get commit.template
> git show :TODO.md
> git ls-files --stage -- /home/youssef/Downloads/opt/restaurant-app-v2/TODO.md
> git status -z -u
> git symbolic-ref --short HEAD
> git rev-parse master
> git rev-parse --symbolic-full-name master@{u}
> git rev-list --left-right master...refs/remotes/origin/master
> git for-each-ref --format %(refname) %(objectname) --sort -committerdate
> git remote --verbose
> git config --get commit.template
> git show :database/migrations/20200405144216_user.js
> git ls-files --stage -- /home/youssef/Downloads/opt/restaurant-app-v2/database/migrations/20200405144216_user.js
> git cat-file -s 68f9677e2ce8e406287257dbbc31802ebcee849c
> git status -z -u
> git symbolic-ref --short HEAD
> git rev-parse master
> git rev-parse --symbolic-full-name master@{u}
> git rev-list --left-right master...refs/remotes/origin/master
> git for-each-ref --format %(refname) %(objectname) --sort -committerdate
> git remote --verbose
> git config --get commit.template
> git show :database/migrations/20200406110838_role.js
> git ls-files --stage -- /home/youssef/Downloads/opt/restaurant-app-v2/database/migrations/20200406110838_role.js
> git cat-file -s 098e55f3539cfc1a7d6fd569536cbf9a1c66d30c
> git status -z -u
> git symbolic-ref --short HEAD
> git rev-parse master
> git rev-parse --symbolic-full-name master@{u}
> git rev-list --left-right master...refs/remotes/origin/master
> git for-each-ref --format %(refname) %(objectname) --sort -committerdate
> git remote --verbose
> git config --get commit.template
> git show :database/migrations/20200406111106_add_role_id_to_user.js
> git ls-files --stage -- /home/youssef/Downloads/opt/restaurant-app-v2/database/migrations/20200406111106_add_role_id_to_user.js
> git cat-file -s 3444b90a402a4a047b543019b862a43e8b7649f6
> git status -z -u
> git symbolic-ref --short HEAD
> git rev-parse master
> git rev-parse --symbolic-full-name master@{u}
> git rev-list --left-right master...refs/remotes/origin/master
> git for-each-ref --format %(refname) %(objectname) --sort -committerdate
> git remote --verbose
> git config --get commit.template
> git show :database/migrations/20200409184836_product_category.js
> git ls-files --stage -- /home/youssef/Downloads/opt/restaurant-app-v2/database/migrations/20200409184836_product_category.js
> git cat-file -s 079718593055733818afd06e13e618ee71af554c
> git status -z -u
> git symbolic-ref --short HEAD
> git rev-parse master
> git rev-parse --symbolic-full-name master@{u}
> git rev-list --left-right master...refs/remotes/origin/master
> git for-each-ref --format %(refname) %(objectname) --sort -committerdate
> git remote --verbose
> git config --get commit.template
> git show :database/migrations/20200413114936_product.js
> git ls-files --stage -- /home/youssef/Downloads/opt/restaurant-app-v2/database/migrations/20200413114936_product.js
> git show :database/migrations/20200413120320_add_product_id_to_user.js
> git ls-files --stage -- /home/youssef/Downloads/opt/restaurant-app-v2/database/migrations/20200413120320_add_product_id_to_user.js
> git status -z -u
> git symbolic-ref --short HEAD
> git rev-parse master
> git rev-parse --symbolic-full-name master@{u}
> git rev-list --left-right master...refs/remotes/origin/master
> git for-each-ref --format %(refname) %(objectname) --sort -committerdate
> git remote --verbose
> git config --get commit.template
> git show :database/migrations/20200413120555_add_product_category_id_to_product.js
> git ls-files --stage -- /home/youssef/Downloads/opt/restaurant-app-v2/database/migrations/20200413120555_add_product_category_id_to_product.js
> git show :database/migrations/20200413120802_team.js
> git ls-files --stage -- /home/youssef/Downloads/opt/restaurant-app-v2/database/migrations/20200413120802_team.js
> git show :database/migrations/20200413121418_position.js
> git ls-files --stage -- /home/youssef/Downloads/opt/restaurant-app-v2/database/migrations/20200413121418_position.js
> git show :database/migrations/20200413123647_add_position_id_to_team.js
> git ls-files --stage -- /home/youssef/Downloads/opt/restaurant-app-v2/database/migrations/20200413123647_add_position_id_to_team.js
> git show :database/migrations/20200413130518_order.js
> git ls-files --stage -- /home/youssef/Downloads/opt/restaurant-app-v2/database/migrations/20200413130518_order.js
> git show :database/migrations/20200413130938_add_product_id_to_order.js
> git ls-files --stage -- /home/youssef/Downloads/opt/restaurant-app-v2/database/migrations/20200413130938_add_product_id_to_order.js
> git status -z -u
> git symbolic-ref --short HEAD
> git rev-parse master
> git rev-parse --symbolic-full-name master@{u}
> git rev-list --left-right master...refs/remotes/origin/master
> git for-each-ref --format %(refname) %(objectname) --sort -committerdate
> git remote --verbose
> git config --get commit.template
> git show :database/migrations/20200413131259_add_user_id_to_order.js
> git ls-files --stage -- /home/youssef/Downloads/opt/restaurant-app-v2/database/migrations/20200413131259_add_user_id_to_order.js
> git status -z -u
> git symbolic-ref --short HEAD
> git rev-parse master
> git rev-parse --symbolic-full-name master@{u}
> git rev-list --left-right master...refs/remotes/origin/master
> git for-each-ref --format %(refname) %(objectname) --sort -committerdate
> git remote --verbose
> git config --get commit.template
> git show :database/migrations/20200413131355_product_review.js
> git ls-files --stage -- /home/youssef/Downloads/opt/restaurant-app-v2/database/migrations/20200413131355_product_review.js
> git show :database/migrations/20200413131547_add_product_id_to_product_review.js
> git ls-files --stage -- /home/youssef/Downloads/opt/restaurant-app-v2/database/migrations/20200413131547_add_product_id_to_product_review.js
> git status -z -u
> git symbolic-ref --short HEAD
> git rev-parse master
> git rev-parse --symbolic-full-name master@{u}
> git rev-list --left-right master...refs/remotes/origin/master
> git for-each-ref --format %(refname) %(objectname) --sort -committerdate
> git remote --verbose
> git config --get commit.template
> git show :database/migrations/20200413131535_add_user_id_to_product_review.js
> git ls-files --stage -- /home/youssef/Downloads/opt/restaurant-app-v2/database/migrations/20200413131535_add_user_id_to_product_review.js
> git status -z -u
> git symbolic-ref --short HEAD
> git rev-parse master
> git rev-parse --symbolic-full-name master@{u}
> git rev-list --left-right master...refs/remotes/origin/master
> git for-each-ref --format %(refname) %(objectname) --sort -committerdate
> git remote --verbose
> git config --get commit.template
> git show :database/migrations/20200413131547_add_product_id_to_product_review.js
> git ls-files --stage -- /home/youssef/Downloads/opt/restaurant-app-v2/database/migrations/20200413131547_add_product_id_to_product_review.js
> git show :database/migrations/20200413131535_add_user_id_to_product_review.js
> git ls-files --stage -- /home/youssef/Downloads/opt/restaurant-app-v2/database/migrations/20200413131535_add_user_id_to_product_review.js
> git show :database/migrations/20200413131355_product_review.js
> git ls-files --stage -- /home/youssef/Downloads/opt/restaurant-app-v2/database/migrations/20200413131355_product_review.js
> git show :database/migrations/20200413131259_add_user_id_to_order.js
> git ls-files --stage -- /home/youssef/Downloads/opt/restaurant-app-v2/database/migrations/20200413131259_add_user_id_to_order.js
> git show :database/migrations/20200413130938_add_product_id_to_order.js
> git ls-files --stage -- /home/youssef/Downloads/opt/restaurant-app-v2/database/migrations/20200413130938_add_product_id_to_order.js
> git show :database/migrations/20200413130518_order.js
> git ls-files --stage -- /home/youssef/Downloads/opt/restaurant-app-v2/database/migrations/20200413130518_order.js
> git show :database/migrations/20200413123647_add_position_id_to_team.js
> git ls-files --stage -- /home/youssef/Downloads/opt/restaurant-app-v2/database/migrations/20200413123647_add_position_id_to_team.js
> git status -z -u
> git symbolic-ref --short HEAD
> git rev-parse master
> git rev-parse --symbolic-full-name master@{u}
> git rev-list --left-right master...refs/remotes/origin/master
> git for-each-ref --format %(refname) %(objectname) --sort -committerdate
> git remote --verbose
> git config --get commit.template
> git show :database/migrations/20200413121418_position.js
> git ls-files --stage -- /home/youssef/Downloads/opt/restaurant-app-v2/database/migrations/20200413121418_position.js
> git status -z -u
> git symbolic-ref --short HEAD
> git rev-parse master
> git rev-parse --symbolic-full-name master@{u}
> git rev-list --left-right master...refs/remotes/origin/master
> git for-each-ref --format %(refname) %(objectname) --sort -committerdate
> git remote --verbose
> git config --get commit.template
> git show :database/migrations/20200413130518_order.js
> git ls-files --stage -- /home/youssef/Downloads/opt/restaurant-app-v2/database/migrations/20200413130518_order.js
> git status -z -u
> git symbolic-ref --short HEAD
> git rev-parse master
> git rev-parse --symbolic-full-name master@{u}
> git rev-list --left-right master...refs/remotes/origin/master
> git for-each-ref --format %(refname) %(objectname) --sort -committerdate
> git remote --verbose
> git config --get commit.template
> git show :database/migrations/20200413131355_product_review.js
> git ls-files --stage -- /home/youssef/Downloads/opt/restaurant-app-v2/database/migrations/20200413131355_product_review.js
> git status -z -u
> git symbolic-ref --short HEAD
> git rev-parse master
> git rev-parse --symbolic-full-name master@{u}
> git rev-list --left-right master...refs/remotes/origin/master
> git for-each-ref --format %(refname) %(objectname) --sort -committerdate
> git remote --verbose
> git config --get commit.template
> git show :database/migrations/20200413131355_product_review.js
> git ls-files --stage -- /home/youssef/Downloads/opt/restaurant-app-v2/database/migrations/20200413131355_product_review.js
