["INFO" - 12:56:25 PM] Extension Name: "prettier-vscode".
["INFO" - 12:56:25 PM] Extension Version: "4.0.0".
["INFO" - 12:56:25 PM] Enabling prettier for languages
[
  "css",
  "graphql",
  "html",
  "javascript",
  "javascriptreact",
  "json",
  "json5",
  "jsonc",
  "less",
  "markdown",
  "mdx",
  "mongo",
  "postcss",
  "scss",
  "typescript",
  "typescriptreact",
  "vue",
  "yaml"
]
["INFO" - 12:56:26 PM] Enabling prettier for range supported languages
[
  "graphql",
  "javascript",
  "javascriptreact",
  "json",
  "typescript",
  "typescriptreact"
]
["INFO" - 12:59:42 PM] Formatting /home/youssef/Downloads/opt/restaurant-app-v2/README.md
["INFO" - 12:59:42 PM] Using ignore file (if present) at /home/youssef/Downloads/opt/restaurant-app-v2/.prettierignore
["INFO" - 12:59:42 PM] Using bundled version of prettier.
["INFO" - 12:59:42 PM] File Info:
{
  "ignored": false,
  "inferredParser": "markdown"
}
["INFO" - 12:59:42 PM] No local configuration (i.e. .prettierrc or .editorconfig) detected, falling back to VS Code configuration
["INFO" - 12:59:42 PM] Prettier Options:
{
  "arrowParens": "always",
  "bracketSpacing": true,
  "endOfLine": "lf",
  "htmlWhitespaceSensitivity": "css",
  "insertPragma": false,
  "jsxBracketSameLine": false,
  "jsxSingleQuote": false,
  "printWidth": 80,
  "proseWrap": "preserve",
  "quoteProps": "as-needed",
  "requirePragma": false,
  "semi": true,
  "singleQuote": false,
  "tabWidth": 2,
  "trailingComma": "es5",
  "useTabs": false,
  "vueIndentScriptAndStyle": false,
  "filepath": "/home/youssef/Downloads/opt/restaurant-app-v2/README.md",
  "parser": "markdown"
}
["INFO" - 12:59:42 PM] Formatting completed in 325.425754ms.
["INFO" - 1:00:05 PM] Formatting /home/youssef/Downloads/opt/restaurant-app-v2/README.md
["INFO" - 1:00:05 PM] Using ignore file (if present) at /home/youssef/Downloads/opt/restaurant-app-v2/.prettierignore
["INFO" - 1:00:05 PM] Using bundled version of prettier.
["INFO" - 1:00:05 PM] File Info:
{
  "ignored": false,
  "inferredParser": "markdown"
}
["INFO" - 1:00:05 PM] No local configuration (i.e. .prettierrc or .editorconfig) detected, falling back to VS Code configuration
["INFO" - 1:00:05 PM] Prettier Options:
{
  "arrowParens": "always",
  "bracketSpacing": true,
  "endOfLine": "lf",
  "htmlWhitespaceSensitivity": "css",
  "insertPragma": false,
  "jsxBracketSameLine": false,
  "jsxSingleQuote": false,
  "printWidth": 80,
  "proseWrap": "preserve",
  "quoteProps": "as-needed",
  "requirePragma": false,
  "semi": true,
  "singleQuote": false,
  "tabWidth": 2,
  "trailingComma": "es5",
  "useTabs": false,
  "vueIndentScriptAndStyle": false,
  "filepath": "/home/youssef/Downloads/opt/restaurant-app-v2/README.md",
  "parser": "markdown"
}
["INFO" - 1:00:05 PM] Formatting completed in 141.404443ms.
["INFO" - 1:05:35 PM] Formatting /home/youssef/Downloads/opt/restaurant-app-v2/database/index.js
["INFO" - 1:05:35 PM] Using ignore file (if present) at /home/youssef/Downloads/opt/restaurant-app-v2/.prettierignore
["INFO" - 1:05:35 PM] Using bundled version of prettier.
["INFO" - 1:05:35 PM] File Info:
{
  "ignored": false,
  "inferredParser": "babel"
}
["INFO" - 1:05:35 PM] No local configuration (i.e. .prettierrc or .editorconfig) detected, falling back to VS Code configuration
["INFO" - 1:05:35 PM] Prettier Options:
{
  "arrowParens": "always",
  "bracketSpacing": true,
  "endOfLine": "lf",
  "htmlWhitespaceSensitivity": "css",
  "insertPragma": false,
  "jsxBracketSameLine": false,
  "jsxSingleQuote": false,
  "printWidth": 80,
  "proseWrap": "preserve",
  "quoteProps": "as-needed",
  "requirePragma": false,
  "semi": true,
  "singleQuote": false,
  "tabWidth": 2,
  "trailingComma": "es5",
  "useTabs": false,
  "vueIndentScriptAndStyle": false,
  "filepath": "/home/youssef/Downloads/opt/restaurant-app-v2/database/index.js",
  "parser": "babel"
}
["INFO" - 1:05:35 PM] Formatting completed in 480.835768ms.
["INFO" - 1:05:55 PM] Formatting /home/youssef/Downloads/opt/restaurant-app-v2/database/package.json
["INFO" - 1:05:55 PM] Using ignore file (if present) at /home/youssef/Downloads/opt/restaurant-app-v2/.prettierignore
["INFO" - 1:05:55 PM] Using bundled version of prettier.
["INFO" - 1:05:55 PM] File Info:
{
  "ignored": false,
  "inferredParser": "json-stringify"
}
["INFO" - 1:05:55 PM] No local configuration (i.e. .prettierrc or .editorconfig) detected, falling back to VS Code configuration
["INFO" - 1:05:55 PM] Prettier Options:
{
  "arrowParens": "always",
  "bracketSpacing": true,
  "endOfLine": "lf",
  "htmlWhitespaceSensitivity": "css",
  "insertPragma": false,
  "jsxBracketSameLine": false,
  "jsxSingleQuote": false,
  "printWidth": 80,
  "proseWrap": "preserve",
  "quoteProps": "as-needed",
  "requirePragma": false,
  "semi": true,
  "singleQuote": false,
  "tabWidth": 2,
  "trailingComma": "es5",
  "useTabs": false,
  "vueIndentScriptAndStyle": false,
  "filepath": "/home/youssef/Downloads/opt/restaurant-app-v2/database/package.json",
  "parser": "json-stringify"
}
["INFO" - 1:05:55 PM] Formatting completed in 97.673578ms.
["INFO" - 1:05:55 PM] Enabling prettier for languages
[
  "css",
  "graphql",
  "html",
  "javascript",
  "javascriptreact",
  "json",
  "json5",
  "jsonc",
  "less",
  "markdown",
  "mdx",
  "mongo",
  "postcss",
  "scss",
  "typescript",
  "typescriptreact",
  "vue",
  "yaml"
]
["INFO" - 1:05:55 PM] Enabling prettier for range supported languages
[
  "graphql",
  "javascript",
  "javascriptreact",
  "json",
  "typescript",
  "typescriptreact"
]
["INFO" - 1:05:55 PM] Enabling prettier for languages
[
  "css",
  "graphql",
  "html",
  "javascript",
  "javascriptreact",
  "json",
  "json5",
  "jsonc",
  "less",
  "markdown",
  "mdx",
  "mongo",
  "postcss",
  "scss",
  "typescript",
  "typescriptreact",
  "vue",
  "yaml"
]
["INFO" - 1:05:55 PM] Enabling prettier for range supported languages
[
  "graphql",
  "javascript",
  "javascriptreact",
  "json",
  "typescript",
  "typescriptreact"
]
["INFO" - 1:45:40 PM] Formatting /home/youssef/Downloads/opt/restaurant-app-v2/database/index.js
["INFO" - 1:45:41 PM] Using ignore file (if present) at /home/youssef/Downloads/opt/restaurant-app-v2/.prettierignore
["INFO" - 1:45:41 PM] Using bundled version of prettier.
["INFO" - 1:45:41 PM] File Info:
{
  "ignored": false,
  "inferredParser": "babel"
}
["INFO" - 1:45:41 PM] No local configuration (i.e. .prettierrc or .editorconfig) detected, falling back to VS Code configuration
["INFO" - 1:45:41 PM] Prettier Options:
{
  "arrowParens": "always",
  "bracketSpacing": true,
  "endOfLine": "lf",
  "htmlWhitespaceSensitivity": "css",
  "insertPragma": false,
  "jsxBracketSameLine": false,
  "jsxSingleQuote": false,
  "printWidth": 80,
  "proseWrap": "preserve",
  "quoteProps": "as-needed",
  "requirePragma": false,
  "semi": true,
  "singleQuote": false,
  "tabWidth": 2,
  "trailingComma": "es5",
  "useTabs": false,
  "vueIndentScriptAndStyle": false,
  "filepath": "/home/youssef/Downloads/opt/restaurant-app-v2/database/index.js",
  "parser": "babel"
}
["INFO" - 1:45:41 PM] Formatting completed in 235.927086ms.
["INFO" - 1:50:17 PM] Enabling prettier for languages
[
  "css",
  "graphql",
  "html",
  "javascript",
  "javascriptreact",
  "json",
  "json5",
  "jsonc",
  "less",
  "markdown",
  "mdx",
  "mongo",
  "postcss",
  "scss",
  "typescript",
  "typescriptreact",
  "vue",
  "yaml"
]
["INFO" - 1:50:17 PM] Enabling prettier for range supported languages
[
  "graphql",
  "javascript",
  "javascriptreact",
  "json",
  "typescript",
  "typescriptreact"
]
["INFO" - 1:50:17 PM] Enabling prettier for languages
[
  "css",
  "graphql",
  "html",
  "javascript",
  "javascriptreact",
  "json",
  "json5",
  "jsonc",
  "less",
  "markdown",
  "mdx",
  "mongo",
  "postcss",
  "scss",
  "typescript",
  "typescriptreact",
  "vue",
  "yaml"
]
["INFO" - 1:50:17 PM] Enabling prettier for range supported languages
[
  "graphql",
  "javascript",
  "javascriptreact",
  "json",
  "typescript",
  "typescriptreact"
]
["INFO" - 2:03:05 PM] Formatting /home/youssef/Downloads/opt/restaurant-app-v2/README.md
["INFO" - 2:03:05 PM] Using ignore file (if present) at /home/youssef/Downloads/opt/restaurant-app-v2/.prettierignore
["INFO" - 2:03:05 PM] Using bundled version of prettier.
["INFO" - 2:03:05 PM] File Info:
{
  "ignored": false,
  "inferredParser": "markdown"
}
["INFO" - 2:03:05 PM] No local configuration (i.e. .prettierrc or .editorconfig) detected, falling back to VS Code configuration
["INFO" - 2:03:05 PM] Prettier Options:
{
  "arrowParens": "always",
  "bracketSpacing": true,
  "endOfLine": "lf",
  "htmlWhitespaceSensitivity": "css",
  "insertPragma": false,
  "jsxBracketSameLine": false,
  "jsxSingleQuote": false,
  "printWidth": 80,
  "proseWrap": "preserve",
  "quoteProps": "as-needed",
  "requirePragma": false,
  "semi": true,
  "singleQuote": false,
  "tabWidth": 2,
  "trailingComma": "es5",
  "useTabs": false,
  "vueIndentScriptAndStyle": false,
  "filepath": "/home/youssef/Downloads/opt/restaurant-app-v2/README.md",
  "parser": "markdown"
}
["INFO" - 2:03:05 PM] Formatting completed in 199.275037ms.
["INFO" - 3:19:27 PM] Formatting /home/youssef/Downloads/opt/restaurant-app-v2/README.md
["INFO" - 3:19:27 PM] Using ignore file (if present) at /home/youssef/Downloads/opt/restaurant-app-v2/.prettierignore
["INFO" - 3:19:27 PM] Using bundled version of prettier.
["INFO" - 3:19:27 PM] File Info:
{
  "ignored": false,
  "inferredParser": "markdown"
}
["INFO" - 3:19:27 PM] No local configuration (i.e. .prettierrc or .editorconfig) detected, falling back to VS Code configuration
["INFO" - 3:19:27 PM] Prettier Options:
{
  "arrowParens": "always",
  "bracketSpacing": true,
  "endOfLine": "lf",
  "htmlWhitespaceSensitivity": "css",
  "insertPragma": false,
  "jsxBracketSameLine": false,
  "jsxSingleQuote": false,
  "printWidth": 80,
  "proseWrap": "preserve",
  "quoteProps": "as-needed",
  "requirePragma": false,
  "semi": true,
  "singleQuote": false,
  "tabWidth": 2,
  "trailingComma": "es5",
  "useTabs": false,
  "vueIndentScriptAndStyle": false,
  "filepath": "/home/youssef/Downloads/opt/restaurant-app-v2/README.md",
  "parser": "markdown"
}
["INFO" - 3:19:27 PM] Formatting completed in 151.342331ms.
["INFO" - 3:52:41 PM] Formatting /home/youssef/Downloads/opt/restaurant-app-v2/README.md
["INFO" - 3:52:41 PM] Using ignore file (if present) at /home/youssef/Downloads/opt/restaurant-app-v2/.prettierignore
["INFO" - 3:52:41 PM] Using bundled version of prettier.
["INFO" - 3:52:41 PM] File Info:
{
  "ignored": false,
  "inferredParser": "markdown"
}
["INFO" - 3:52:41 PM] No local configuration (i.e. .prettierrc or .editorconfig) detected, falling back to VS Code configuration
["INFO" - 3:52:41 PM] Prettier Options:
{
  "arrowParens": "always",
  "bracketSpacing": true,
  "endOfLine": "lf",
  "htmlWhitespaceSensitivity": "css",
  "insertPragma": false,
  "jsxBracketSameLine": false,
  "jsxSingleQuote": false,
  "printWidth": 80,
  "proseWrap": "preserve",
  "quoteProps": "as-needed",
  "requirePragma": false,
  "semi": true,
  "singleQuote": false,
  "tabWidth": 2,
  "trailingComma": "es5",
  "useTabs": false,
  "vueIndentScriptAndStyle": false,
  "filepath": "/home/youssef/Downloads/opt/restaurant-app-v2/README.md",
  "parser": "markdown"
}
["INFO" - 3:52:41 PM] Formatting completed in 142.475184ms.
["INFO" - 3:54:48 PM] Formatting /home/youssef/Downloads/opt/restaurant-app-v2/README.md
["INFO" - 3:54:48 PM] Using ignore file (if present) at /home/youssef/Downloads/opt/restaurant-app-v2/.prettierignore
["INFO" - 3:54:48 PM] Using bundled version of prettier.
["INFO" - 3:54:48 PM] File Info:
{
  "ignored": false,
  "inferredParser": "markdown"
}
["INFO" - 3:54:48 PM] No local configuration (i.e. .prettierrc or .editorconfig) detected, falling back to VS Code configuration
["INFO" - 3:54:48 PM] Prettier Options:
{
  "arrowParens": "always",
  "bracketSpacing": true,
  "endOfLine": "lf",
  "htmlWhitespaceSensitivity": "css",
  "insertPragma": false,
  "jsxBracketSameLine": false,
  "jsxSingleQuote": false,
  "printWidth": 80,
  "proseWrap": "preserve",
  "quoteProps": "as-needed",
  "requirePragma": false,
  "semi": true,
  "singleQuote": false,
  "tabWidth": 2,
  "trailingComma": "es5",
  "useTabs": false,
  "vueIndentScriptAndStyle": false,
  "filepath": "/home/youssef/Downloads/opt/restaurant-app-v2/README.md",
  "parser": "markdown"
}
["INFO" - 3:54:48 PM] Formatting completed in 144.841593ms.
["INFO" - 3:55:59 PM] Formatting /home/youssef/Downloads/opt/restaurant-app-v2/database/knexfile.js
["INFO" - 3:55:59 PM] Using ignore file (if present) at /home/youssef/Downloads/opt/restaurant-app-v2/.prettierignore
["INFO" - 3:55:59 PM] Using bundled version of prettier.
["INFO" - 3:55:59 PM] File Info:
{
  "ignored": false,
  "inferredParser": "babel"
}
["INFO" - 3:55:59 PM] No local configuration (i.e. .prettierrc or .editorconfig) detected, falling back to VS Code configuration
["INFO" - 3:55:59 PM] Prettier Options:
{
  "arrowParens": "always",
  "bracketSpacing": true,
  "endOfLine": "lf",
  "htmlWhitespaceSensitivity": "css",
  "insertPragma": false,
  "jsxBracketSameLine": false,
  "jsxSingleQuote": false,
  "printWidth": 80,
  "proseWrap": "preserve",
  "quoteProps": "as-needed",
  "requirePragma": false,
  "semi": true,
  "singleQuote": false,
  "tabWidth": 2,
  "trailingComma": "es5",
  "useTabs": false,
  "vueIndentScriptAndStyle": false,
  "filepath": "/home/youssef/Downloads/opt/restaurant-app-v2/database/knexfile.js",
  "parser": "babel"
}
["INFO" - 3:55:59 PM] Formatting completed in 163.694152ms.
["INFO" - 3:58:46 PM] Formatting /home/youssef/Downloads/opt/restaurant-app-v2/README.md
["INFO" - 3:58:46 PM] Using ignore file (if present) at /home/youssef/Downloads/opt/restaurant-app-v2/.prettierignore
["INFO" - 3:58:46 PM] Using bundled version of prettier.
["INFO" - 3:58:46 PM] File Info:
{
  "ignored": false,
  "inferredParser": "markdown"
}
["INFO" - 3:58:46 PM] No local configuration (i.e. .prettierrc or .editorconfig) detected, falling back to VS Code configuration
["INFO" - 3:58:46 PM] Prettier Options:
{
  "arrowParens": "always",
  "bracketSpacing": true,
  "endOfLine": "lf",
  "htmlWhitespaceSensitivity": "css",
  "insertPragma": false,
  "jsxBracketSameLine": false,
  "jsxSingleQuote": false,
  "printWidth": 80,
  "proseWrap": "preserve",
  "quoteProps": "as-needed",
  "requirePragma": false,
  "semi": true,
  "singleQuote": false,
  "tabWidth": 2,
  "trailingComma": "es5",
  "useTabs": false,
  "vueIndentScriptAndStyle": false,
  "filepath": "/home/youssef/Downloads/opt/restaurant-app-v2/README.md",
  "parser": "markdown"
}
["INFO" - 3:58:46 PM] Formatting completed in 137.14778ms.
["INFO" - 4:16:08 PM] Formatting /home/youssef/Downloads/opt/restaurant-app-v2/README.md
["INFO" - 4:16:08 PM] Using ignore file (if present) at /home/youssef/Downloads/opt/restaurant-app-v2/.prettierignore
["INFO" - 4:16:08 PM] Using bundled version of prettier.
["INFO" - 4:16:08 PM] File Info:
{
  "ignored": false,
  "inferredParser": "markdown"
}
["INFO" - 4:16:08 PM] No local configuration (i.e. .prettierrc or .editorconfig) detected, falling back to VS Code configuration
["INFO" - 4:16:08 PM] Prettier Options:
{
  "arrowParens": "always",
  "bracketSpacing": true,
  "endOfLine": "lf",
  "htmlWhitespaceSensitivity": "css",
  "insertPragma": false,
  "jsxBracketSameLine": false,
  "jsxSingleQuote": false,
  "printWidth": 80,
  "proseWrap": "preserve",
  "quoteProps": "as-needed",
  "requirePragma": false,
  "semi": true,
  "singleQuote": false,
  "tabWidth": 2,
  "trailingComma": "es5",
  "useTabs": false,
  "vueIndentScriptAndStyle": false,
  "filepath": "/home/youssef/Downloads/opt/restaurant-app-v2/README.md",
  "parser": "markdown"
}
["INFO" - 4:16:08 PM] Formatting completed in 151.418254ms.
["INFO" - 4:18:18 PM] Formatting /home/youssef/Downloads/opt/restaurant-app-v2/database/knexfile.js
["INFO" - 4:18:18 PM] Using ignore file (if present) at /home/youssef/Downloads/opt/restaurant-app-v2/.prettierignore
["INFO" - 4:18:18 PM] Using bundled version of prettier.
["INFO" - 4:18:18 PM] File Info:
{
  "ignored": false,
  "inferredParser": "babel"
}
["INFO" - 4:18:18 PM] No local configuration (i.e. .prettierrc or .editorconfig) detected, falling back to VS Code configuration
["INFO" - 4:18:18 PM] Prettier Options:
{
  "arrowParens": "always",
  "bracketSpacing": true,
  "endOfLine": "lf",
  "htmlWhitespaceSensitivity": "css",
  "insertPragma": false,
  "jsxBracketSameLine": false,
  "jsxSingleQuote": false,
  "printWidth": 80,
  "proseWrap": "preserve",
  "quoteProps": "as-needed",
  "requirePragma": false,
  "semi": true,
  "singleQuote": false,
  "tabWidth": 2,
  "trailingComma": "es5",
  "useTabs": false,
  "vueIndentScriptAndStyle": false,
  "filepath": "/home/youssef/Downloads/opt/restaurant-app-v2/database/knexfile.js",
  "parser": "babel"
}
["INFO" - 4:18:18 PM] Formatting completed in 64.42341ms.
["INFO" - 4:20:49 PM] Formatting /home/youssef/Downloads/opt/restaurant-app-v2/database/knexfile.js
["INFO" - 4:20:49 PM] Using ignore file (if present) at /home/youssef/Downloads/opt/restaurant-app-v2/.prettierignore
["INFO" - 4:20:49 PM] Using bundled version of prettier.
["INFO" - 4:20:49 PM] File Info:
{
  "ignored": false,
  "inferredParser": "babel"
}
["INFO" - 4:20:49 PM] No local configuration (i.e. .prettierrc or .editorconfig) detected, falling back to VS Code configuration
["INFO" - 4:20:49 PM] Prettier Options:
{
  "arrowParens": "always",
  "bracketSpacing": true,
  "endOfLine": "lf",
  "htmlWhitespaceSensitivity": "css",
  "insertPragma": false,
  "jsxBracketSameLine": false,
  "jsxSingleQuote": false,
  "printWidth": 80,
  "proseWrap": "preserve",
  "quoteProps": "as-needed",
  "requirePragma": false,
  "semi": true,
  "singleQuote": false,
  "tabWidth": 2,
  "trailingComma": "es5",
  "useTabs": false,
  "vueIndentScriptAndStyle": false,
  "filepath": "/home/youssef/Downloads/opt/restaurant-app-v2/database/knexfile.js",
  "parser": "babel"
}
["INFO" - 4:20:49 PM] Formatting completed in 72.375109ms.
["INFO" - 4:21:39 PM] Formatting /home/youssef/Downloads/opt/restaurant-app-v2/database/knexfile.js
["INFO" - 4:21:39 PM] Using ignore file (if present) at /home/youssef/Downloads/opt/restaurant-app-v2/.prettierignore
["INFO" - 4:21:39 PM] Using bundled version of prettier.
["INFO" - 4:21:39 PM] File Info:
{
  "ignored": false,
  "inferredParser": "babel"
}
["INFO" - 4:21:39 PM] No local configuration (i.e. .prettierrc or .editorconfig) detected, falling back to VS Code configuration
["INFO" - 4:21:39 PM] Prettier Options:
{
  "arrowParens": "always",
  "bracketSpacing": true,
  "endOfLine": "lf",
  "htmlWhitespaceSensitivity": "css",
  "insertPragma": false,
  "jsxBracketSameLine": false,
  "jsxSingleQuote": false,
  "printWidth": 80,
  "proseWrap": "preserve",
  "quoteProps": "as-needed",
  "requirePragma": false,
  "semi": true,
  "singleQuote": false,
  "tabWidth": 2,
  "trailingComma": "es5",
  "useTabs": false,
  "vueIndentScriptAndStyle": false,
  "filepath": "/home/youssef/Downloads/opt/restaurant-app-v2/database/knexfile.js",
  "parser": "babel"
}
["INFO" - 4:21:39 PM] Formatting completed in 119.155409ms.
["INFO" - 4:24:15 PM] Formatting /home/youssef/Downloads/opt/restaurant-app-v2/database/knexfile.js
["INFO" - 4:24:15 PM] Using ignore file (if present) at /home/youssef/Downloads/opt/restaurant-app-v2/.prettierignore
["INFO" - 4:24:15 PM] Using bundled version of prettier.
["INFO" - 4:24:15 PM] File Info:
{
  "ignored": false,
  "inferredParser": "babel"
}
["INFO" - 4:24:15 PM] No local configuration (i.e. .prettierrc or .editorconfig) detected, falling back to VS Code configuration
["INFO" - 4:24:15 PM] Prettier Options:
{
  "arrowParens": "always",
  "bracketSpacing": true,
  "endOfLine": "lf",
  "htmlWhitespaceSensitivity": "css",
  "insertPragma": false,
  "jsxBracketSameLine": false,
  "jsxSingleQuote": false,
  "printWidth": 80,
  "proseWrap": "preserve",
  "quoteProps": "as-needed",
  "requirePragma": false,
  "semi": true,
  "singleQuote": false,
  "tabWidth": 2,
  "trailingComma": "es5",
  "useTabs": false,
  "vueIndentScriptAndStyle": false,
  "filepath": "/home/youssef/Downloads/opt/restaurant-app-v2/database/knexfile.js",
  "parser": "babel"
}
["INFO" - 4:24:16 PM] Formatting completed in 280.663664ms.
["INFO" - 4:32:42 PM] Formatting /home/youssef/Downloads/opt/restaurant-app-v2/README.md
["INFO" - 4:32:42 PM] Using ignore file (if present) at /home/youssef/Downloads/opt/restaurant-app-v2/.prettierignore
["INFO" - 4:32:42 PM] Using bundled version of prettier.
["INFO" - 4:32:42 PM] File Info:
{
  "ignored": false,
  "inferredParser": "markdown"
}
["INFO" - 4:32:42 PM] No local configuration (i.e. .prettierrc or .editorconfig) detected, falling back to VS Code configuration
["INFO" - 4:32:42 PM] Prettier Options:
{
  "arrowParens": "always",
  "bracketSpacing": true,
  "endOfLine": "lf",
  "htmlWhitespaceSensitivity": "css",
  "insertPragma": false,
  "jsxBracketSameLine": false,
  "jsxSingleQuote": false,
  "printWidth": 80,
  "proseWrap": "preserve",
  "quoteProps": "as-needed",
  "requirePragma": false,
  "semi": true,
  "singleQuote": false,
  "tabWidth": 2,
  "trailingComma": "es5",
  "useTabs": false,
  "vueIndentScriptAndStyle": false,
  "filepath": "/home/youssef/Downloads/opt/restaurant-app-v2/README.md",
  "parser": "markdown"
}
["INFO" - 4:32:42 PM] Formatting completed in 148.089075ms.
["INFO" - 4:33:42 PM] Formatting /home/youssef/Downloads/opt/restaurant-app-v2/README.md
["INFO" - 4:33:42 PM] Using ignore file (if present) at /home/youssef/Downloads/opt/restaurant-app-v2/.prettierignore
["INFO" - 4:33:42 PM] Using bundled version of prettier.
["INFO" - 4:33:42 PM] File Info:
{
  "ignored": false,
  "inferredParser": "markdown"
}
["INFO" - 4:33:42 PM] No local configuration (i.e. .prettierrc or .editorconfig) detected, falling back to VS Code configuration
["INFO" - 4:33:42 PM] Prettier Options:
{
  "arrowParens": "always",
  "bracketSpacing": true,
  "endOfLine": "lf",
  "htmlWhitespaceSensitivity": "css",
  "insertPragma": false,
  "jsxBracketSameLine": false,
  "jsxSingleQuote": false,
  "printWidth": 80,
  "proseWrap": "preserve",
  "quoteProps": "as-needed",
  "requirePragma": false,
  "semi": true,
  "singleQuote": false,
  "tabWidth": 2,
  "trailingComma": "es5",
  "useTabs": false,
  "vueIndentScriptAndStyle": false,
  "filepath": "/home/youssef/Downloads/opt/restaurant-app-v2/README.md",
  "parser": "markdown"
}
["INFO" - 4:33:42 PM] Formatting completed in 153.034515ms.
["INFO" - 4:35:11 PM] Formatting /home/youssef/Downloads/opt/restaurant-app-v2/README.md
["INFO" - 4:35:11 PM] Using ignore file (if present) at /home/youssef/Downloads/opt/restaurant-app-v2/.prettierignore
["INFO" - 4:35:11 PM] Using bundled version of prettier.
["INFO" - 4:35:11 PM] File Info:
{
  "ignored": false,
  "inferredParser": "markdown"
}
["INFO" - 4:35:11 PM] No local configuration (i.e. .prettierrc or .editorconfig) detected, falling back to VS Code configuration
["INFO" - 4:35:11 PM] Prettier Options:
{
  "arrowParens": "always",
  "bracketSpacing": true,
  "endOfLine": "lf",
  "htmlWhitespaceSensitivity": "css",
  "insertPragma": false,
  "jsxBracketSameLine": false,
  "jsxSingleQuote": false,
  "printWidth": 80,
  "proseWrap": "preserve",
  "quoteProps": "as-needed",
  "requirePragma": false,
  "semi": true,
  "singleQuote": false,
  "tabWidth": 2,
  "trailingComma": "es5",
  "useTabs": false,
  "vueIndentScriptAndStyle": false,
  "filepath": "/home/youssef/Downloads/opt/restaurant-app-v2/README.md",
  "parser": "markdown"
}
["INFO" - 4:35:12 PM] Formatting completed in 110.740226ms.
["INFO" - 4:35:35 PM] Formatting /home/youssef/Downloads/opt/restaurant-app-v2/README.md
["INFO" - 4:35:35 PM] Using ignore file (if present) at /home/youssef/Downloads/opt/restaurant-app-v2/.prettierignore
["INFO" - 4:35:35 PM] Using bundled version of prettier.
["INFO" - 4:35:35 PM] File Info:
{
  "ignored": false,
  "inferredParser": "markdown"
}
["INFO" - 4:35:35 PM] No local configuration (i.e. .prettierrc or .editorconfig) detected, falling back to VS Code configuration
["INFO" - 4:35:35 PM] Prettier Options:
{
  "arrowParens": "always",
  "bracketSpacing": true,
  "endOfLine": "lf",
  "htmlWhitespaceSensitivity": "css",
  "insertPragma": false,
  "jsxBracketSameLine": false,
  "jsxSingleQuote": false,
  "printWidth": 80,
  "proseWrap": "preserve",
  "quoteProps": "as-needed",
  "requirePragma": false,
  "semi": true,
  "singleQuote": false,
  "tabWidth": 2,
  "trailingComma": "es5",
  "useTabs": false,
  "vueIndentScriptAndStyle": false,
  "filepath": "/home/youssef/Downloads/opt/restaurant-app-v2/README.md",
  "parser": "markdown"
}
["INFO" - 4:35:35 PM] Formatting completed in 111.691574ms.
["INFO" - 4:44:41 PM] Formatting /home/youssef/Downloads/opt/restaurant-app-v2/README.md
["INFO" - 4:44:41 PM] Using ignore file (if present) at /home/youssef/Downloads/opt/restaurant-app-v2/.prettierignore
["INFO" - 4:44:41 PM] Using bundled version of prettier.
["INFO" - 4:44:41 PM] File Info:
{
  "ignored": false,
  "inferredParser": "markdown"
}
["INFO" - 4:44:41 PM] No local configuration (i.e. .prettierrc or .editorconfig) detected, falling back to VS Code configuration
["INFO" - 4:44:41 PM] Prettier Options:
{
  "arrowParens": "always",
  "bracketSpacing": true,
  "endOfLine": "lf",
  "htmlWhitespaceSensitivity": "css",
  "insertPragma": false,
  "jsxBracketSameLine": false,
  "jsxSingleQuote": false,
  "printWidth": 80,
  "proseWrap": "preserve",
  "quoteProps": "as-needed",
  "requirePragma": false,
  "semi": true,
  "singleQuote": false,
  "tabWidth": 2,
  "trailingComma": "es5",
  "useTabs": false,
  "vueIndentScriptAndStyle": false,
  "filepath": "/home/youssef/Downloads/opt/restaurant-app-v2/README.md",
  "parser": "markdown"
}
["INFO" - 4:44:41 PM] Formatting completed in 144.426669ms.
["INFO" - 4:47:05 PM] Formatting /home/youssef/Downloads/opt/restaurant-app-v2/README.md
["INFO" - 4:47:05 PM] Using ignore file (if present) at /home/youssef/Downloads/opt/restaurant-app-v2/.prettierignore
["INFO" - 4:47:05 PM] Using bundled version of prettier.
["INFO" - 4:47:05 PM] File Info:
{
  "ignored": false,
  "inferredParser": "markdown"
}
["INFO" - 4:47:05 PM] No local configuration (i.e. .prettierrc or .editorconfig) detected, falling back to VS Code configuration
["INFO" - 4:47:05 PM] Prettier Options:
{
  "arrowParens": "always",
  "bracketSpacing": true,
  "endOfLine": "lf",
  "htmlWhitespaceSensitivity": "css",
  "insertPragma": false,
  "jsxBracketSameLine": false,
  "jsxSingleQuote": false,
  "printWidth": 80,
  "proseWrap": "preserve",
  "quoteProps": "as-needed",
  "requirePragma": false,
  "semi": true,
  "singleQuote": false,
  "tabWidth": 2,
  "trailingComma": "es5",
  "useTabs": false,
  "vueIndentScriptAndStyle": false,
  "filepath": "/home/youssef/Downloads/opt/restaurant-app-v2/README.md",
  "parser": "markdown"
}
["INFO" - 4:47:05 PM] Formatting completed in 133.33964ms.
["INFO" - 4:47:23 PM] Formatting /home/youssef/Downloads/opt/restaurant-app-v2/README.md
["INFO" - 4:47:23 PM] Using ignore file (if present) at /home/youssef/Downloads/opt/restaurant-app-v2/.prettierignore
["INFO" - 4:47:23 PM] Using bundled version of prettier.
["INFO" - 4:47:23 PM] File Info:
{
  "ignored": false,
  "inferredParser": "markdown"
}
["INFO" - 4:47:23 PM] No local configuration (i.e. .prettierrc or .editorconfig) detected, falling back to VS Code configuration
["INFO" - 4:47:23 PM] Prettier Options:
{
  "arrowParens": "always",
  "bracketSpacing": true,
  "endOfLine": "lf",
  "htmlWhitespaceSensitivity": "css",
  "insertPragma": false,
  "jsxBracketSameLine": false,
  "jsxSingleQuote": false,
  "printWidth": 80,
  "proseWrap": "preserve",
  "quoteProps": "as-needed",
  "requirePragma": false,
  "semi": true,
  "singleQuote": false,
  "tabWidth": 2,
  "trailingComma": "es5",
  "useTabs": false,
  "vueIndentScriptAndStyle": false,
  "filepath": "/home/youssef/Downloads/opt/restaurant-app-v2/README.md",
  "parser": "markdown"
}
["INFO" - 4:47:23 PM] Formatting completed in 124.216595ms.
["INFO" - 4:48:00 PM] Formatting /home/youssef/Downloads/opt/restaurant-app-v2/README.md
["INFO" - 4:48:00 PM] Using ignore file (if present) at /home/youssef/Downloads/opt/restaurant-app-v2/.prettierignore
["INFO" - 4:48:00 PM] Using bundled version of prettier.
["INFO" - 4:48:00 PM] File Info:
{
  "ignored": false,
  "inferredParser": "markdown"
}
["INFO" - 4:48:00 PM] No local configuration (i.e. .prettierrc or .editorconfig) detected, falling back to VS Code configuration
["INFO" - 4:48:00 PM] Prettier Options:
{
  "arrowParens": "always",
  "bracketSpacing": true,
  "endOfLine": "lf",
  "htmlWhitespaceSensitivity": "css",
  "insertPragma": false,
  "jsxBracketSameLine": false,
  "jsxSingleQuote": false,
  "printWidth": 80,
  "proseWrap": "preserve",
  "quoteProps": "as-needed",
  "requirePragma": false,
  "semi": true,
  "singleQuote": false,
  "tabWidth": 2,
  "trailingComma": "es5",
  "useTabs": false,
  "vueIndentScriptAndStyle": false,
  "filepath": "/home/youssef/Downloads/opt/restaurant-app-v2/README.md",
  "parser": "markdown"
}
["INFO" - 4:48:00 PM] Formatting completed in 135.02204ms.
["INFO" - 4:52:18 PM] Enabling prettier for languages
[
  "css",
  "graphql",
  "html",
  "javascript",
  "javascriptreact",
  "json",
  "json5",
  "jsonc",
  "less",
  "markdown",
  "mdx",
  "mongo",
  "postcss",
  "scss",
  "typescript",
  "typescriptreact",
  "vue",
  "yaml"
]
["INFO" - 4:52:18 PM] Enabling prettier for range supported languages
[
  "graphql",
  "javascript",
  "javascriptreact",
  "json",
  "typescript",
  "typescriptreact"
]
["INFO" - 4:52:18 PM] Enabling prettier for languages
[
  "css",
  "graphql",
  "html",
  "javascript",
  "javascriptreact",
  "json",
  "json5",
  "jsonc",
  "less",
  "markdown",
  "mdx",
  "mongo",
  "postcss",
  "scss",
  "typescript",
  "typescriptreact",
  "vue",
  "yaml"
]
["INFO" - 4:52:18 PM] Enabling prettier for range supported languages
[
  "graphql",
  "javascript",
  "javascriptreact",
  "json",
  "typescript",
  "typescriptreact"
]
["INFO" - 5:01:52 PM] Formatting /home/youssef/Downloads/opt/restaurant-app-v2/server/src/passport/google.js
["INFO" - 5:01:52 PM] Using ignore file (if present) at /home/youssef/Downloads/opt/restaurant-app-v2/.prettierignore
["INFO" - 5:01:52 PM] Using bundled version of prettier.
["INFO" - 5:01:52 PM] File Info:
{
  "ignored": false,
  "inferredParser": "babel"
}
["INFO" - 5:01:52 PM] No local configuration (i.e. .prettierrc or .editorconfig) detected, falling back to VS Code configuration
["INFO" - 5:01:52 PM] Prettier Options:
{
  "arrowParens": "always",
  "bracketSpacing": true,
  "endOfLine": "lf",
  "htmlWhitespaceSensitivity": "css",
  "insertPragma": false,
  "jsxBracketSameLine": false,
  "jsxSingleQuote": false,
  "printWidth": 80,
  "proseWrap": "preserve",
  "quoteProps": "as-needed",
  "requirePragma": false,
  "semi": true,
  "singleQuote": false,
  "tabWidth": 2,
  "trailingComma": "es5",
  "useTabs": false,
  "vueIndentScriptAndStyle": false,
  "filepath": "/home/youssef/Downloads/opt/restaurant-app-v2/server/src/passport/google.js",
  "parser": "babel"
}
["INFO" - 5:01:52 PM] Formatting completed in 228.493269ms.
["INFO" - 5:02:08 PM] Formatting /home/youssef/Downloads/opt/restaurant-app-v2/server/src/passport/google.js
["INFO" - 5:02:08 PM] Using ignore file (if present) at /home/youssef/Downloads/opt/restaurant-app-v2/.prettierignore
["INFO" - 5:02:08 PM] Using bundled version of prettier.
["INFO" - 5:02:08 PM] File Info:
{
  "ignored": false,
  "inferredParser": "babel"
}
["INFO" - 5:02:08 PM] No local configuration (i.e. .prettierrc or .editorconfig) detected, falling back to VS Code configuration
["INFO" - 5:02:08 PM] Prettier Options:
{
  "arrowParens": "always",
  "bracketSpacing": true,
  "endOfLine": "lf",
  "htmlWhitespaceSensitivity": "css",
  "insertPragma": false,
  "jsxBracketSameLine": false,
  "jsxSingleQuote": false,
  "printWidth": 80,
  "proseWrap": "preserve",
  "quoteProps": "as-needed",
  "requirePragma": false,
  "semi": true,
  "singleQuote": false,
  "tabWidth": 2,
  "trailingComma": "es5",
  "useTabs": false,
  "vueIndentScriptAndStyle": false,
  "filepath": "/home/youssef/Downloads/opt/restaurant-app-v2/server/src/passport/google.js",
  "parser": "babel"
}
["INFO" - 5:02:08 PM] Formatting completed in 64.408905ms.
["INFO" - 5:02:57 PM] Formatting /home/youssef/Downloads/opt/restaurant-app-v2/server/src/passport/google.js
["INFO" - 5:02:57 PM] Using ignore file (if present) at /home/youssef/Downloads/opt/restaurant-app-v2/.prettierignore
["INFO" - 5:02:57 PM] Using bundled version of prettier.
["INFO" - 5:02:57 PM] File Info:
{
  "ignored": false,
  "inferredParser": "babel"
}
["INFO" - 5:02:57 PM] No local configuration (i.e. .prettierrc or .editorconfig) detected, falling back to VS Code configuration
["INFO" - 5:02:57 PM] Prettier Options:
{
  "arrowParens": "always",
  "bracketSpacing": true,
  "endOfLine": "lf",
  "htmlWhitespaceSensitivity": "css",
  "insertPragma": false,
  "jsxBracketSameLine": false,
  "jsxSingleQuote": false,
  "printWidth": 80,
  "proseWrap": "preserve",
  "quoteProps": "as-needed",
  "requirePragma": false,
  "semi": true,
  "singleQuote": false,
  "tabWidth": 2,
  "trailingComma": "es5",
  "useTabs": false,
  "vueIndentScriptAndStyle": false,
  "filepath": "/home/youssef/Downloads/opt/restaurant-app-v2/server/src/passport/google.js",
  "parser": "babel"
}
["INFO" - 5:02:57 PM] Formatting completed in 83.74438ms.
["INFO" - 5:03:22 PM] Enabling prettier for languages
[
  "css",
  "graphql",
  "html",
  "javascript",
  "javascriptreact",
  "json",
  "json5",
  "jsonc",
  "less",
  "markdown",
  "mdx",
  "mongo",
  "postcss",
  "scss",
  "typescript",
  "typescriptreact",
  "vue",
  "yaml"
]
["INFO" - 5:03:22 PM] Enabling prettier for range supported languages
[
  "graphql",
  "javascript",
  "javascriptreact",
  "json",
  "typescript",
  "typescriptreact"
]
["INFO" - 5:03:22 PM] Enabling prettier for languages
[
  "css",
  "graphql",
  "html",
  "javascript",
  "javascriptreact",
  "json",
  "json5",
  "jsonc",
  "less",
  "markdown",
  "mdx",
  "mongo",
  "postcss",
  "scss",
  "typescript",
  "typescriptreact",
  "vue",
  "yaml"
]
["INFO" - 5:03:22 PM] Enabling prettier for range supported languages
[
  "graphql",
  "javascript",
  "javascriptreact",
  "json",
  "typescript",
  "typescriptreact"
]
["INFO" - 5:15:49 PM] Formatting /home/youssef/Downloads/opt/restaurant-app-v2/server/src/passport/google.js
["INFO" - 5:15:49 PM] Using ignore file (if present) at /home/youssef/Downloads/opt/restaurant-app-v2/.prettierignore
["INFO" - 5:15:49 PM] Using bundled version of prettier.
["INFO" - 5:15:49 PM] File Info:
{
  "ignored": false,
  "inferredParser": "babel"
}
["INFO" - 5:15:49 PM] No local configuration (i.e. .prettierrc or .editorconfig) detected, falling back to VS Code configuration
["INFO" - 5:15:49 PM] Prettier Options:
{
  "arrowParens": "always",
  "bracketSpacing": true,
  "endOfLine": "lf",
  "htmlWhitespaceSensitivity": "css",
  "insertPragma": false,
  "jsxBracketSameLine": false,
  "jsxSingleQuote": false,
  "printWidth": 80,
  "proseWrap": "preserve",
  "quoteProps": "as-needed",
  "requirePragma": false,
  "semi": true,
  "singleQuote": false,
  "tabWidth": 2,
  "trailingComma": "es5",
  "useTabs": false,
  "vueIndentScriptAndStyle": false,
  "filepath": "/home/youssef/Downloads/opt/restaurant-app-v2/server/src/passport/google.js",
  "parser": "babel"
}
["INFO" - 5:15:49 PM] Formatting completed in 120.795013ms.
["INFO" - 5:17:18 PM] Formatting /home/youssef/Downloads/opt/restaurant-app-v2/server/src/passport/google.js
["INFO" - 5:17:18 PM] Using ignore file (if present) at /home/youssef/Downloads/opt/restaurant-app-v2/.prettierignore
["INFO" - 5:17:18 PM] Using bundled version of prettier.
["INFO" - 5:17:18 PM] File Info:
{
  "ignored": false,
  "inferredParser": "babel"
}
["INFO" - 5:17:18 PM] No local configuration (i.e. .prettierrc or .editorconfig) detected, falling back to VS Code configuration
["INFO" - 5:17:18 PM] Prettier Options:
{
  "arrowParens": "always",
  "bracketSpacing": true,
  "endOfLine": "lf",
  "htmlWhitespaceSensitivity": "css",
  "insertPragma": false,
  "jsxBracketSameLine": false,
  "jsxSingleQuote": false,
  "printWidth": 80,
  "proseWrap": "preserve",
  "quoteProps": "as-needed",
  "requirePragma": false,
  "semi": true,
  "singleQuote": false,
  "tabWidth": 2,
  "trailingComma": "es5",
  "useTabs": false,
  "vueIndentScriptAndStyle": false,
  "filepath": "/home/youssef/Downloads/opt/restaurant-app-v2/server/src/passport/google.js",
  "parser": "babel"
}
["INFO" - 5:17:18 PM] Formatting completed in 79.419765ms.
["INFO" - 5:18:06 PM] Formatting /home/youssef/Downloads/opt/restaurant-app-v2/server/src/passport/google.js
["INFO" - 5:18:06 PM] Using ignore file (if present) at /home/youssef/Downloads/opt/restaurant-app-v2/.prettierignore
["INFO" - 5:18:06 PM] Using bundled version of prettier.
["INFO" - 5:18:06 PM] File Info:
{
  "ignored": false,
  "inferredParser": "babel"
}
["INFO" - 5:18:06 PM] No local configuration (i.e. .prettierrc or .editorconfig) detected, falling back to VS Code configuration
["INFO" - 5:18:06 PM] Prettier Options:
{
  "arrowParens": "always",
  "bracketSpacing": true,
  "endOfLine": "lf",
  "htmlWhitespaceSensitivity": "css",
  "insertPragma": false,
  "jsxBracketSameLine": false,
  "jsxSingleQuote": false,
  "printWidth": 80,
  "proseWrap": "preserve",
  "quoteProps": "as-needed",
  "requirePragma": false,
  "semi": true,
  "singleQuote": false,
  "tabWidth": 2,
  "trailingComma": "es5",
  "useTabs": false,
  "vueIndentScriptAndStyle": false,
  "filepath": "/home/youssef/Downloads/opt/restaurant-app-v2/server/src/passport/google.js",
  "parser": "babel"
}
["INFO" - 5:18:06 PM] Formatting completed in 64.375955ms.
["INFO" - 5:18:20 PM] Formatting /home/youssef/Downloads/opt/restaurant-app-v2/server/src/passport/google.js
["INFO" - 5:18:20 PM] Using ignore file (if present) at /home/youssef/Downloads/opt/restaurant-app-v2/.prettierignore
["INFO" - 5:18:20 PM] Using bundled version of prettier.
["INFO" - 5:18:20 PM] File Info:
{
  "ignored": false,
  "inferredParser": "babel"
}
["INFO" - 5:18:20 PM] No local configuration (i.e. .prettierrc or .editorconfig) detected, falling back to VS Code configuration
["INFO" - 5:18:20 PM] Prettier Options:
{
  "arrowParens": "always",
  "bracketSpacing": true,
  "endOfLine": "lf",
  "htmlWhitespaceSensitivity": "css",
  "insertPragma": false,
  "jsxBracketSameLine": false,
  "jsxSingleQuote": false,
  "printWidth": 80,
  "proseWrap": "preserve",
  "quoteProps": "as-needed",
  "requirePragma": false,
  "semi": true,
  "singleQuote": false,
  "tabWidth": 2,
  "trailingComma": "es5",
  "useTabs": false,
  "vueIndentScriptAndStyle": false,
  "filepath": "/home/youssef/Downloads/opt/restaurant-app-v2/server/src/passport/google.js",
  "parser": "babel"
}
["INFO" - 5:18:20 PM] Formatting completed in 61.021551ms.
["INFO" - 5:19:03 PM] Formatting /home/youssef/Downloads/opt/restaurant-app-v2/server/src/passport/google.js
["INFO" - 5:19:03 PM] Using ignore file (if present) at /home/youssef/Downloads/opt/restaurant-app-v2/.prettierignore
["INFO" - 5:19:03 PM] Using bundled version of prettier.
["INFO" - 5:19:03 PM] File Info:
{
  "ignored": false,
  "inferredParser": "babel"
}
["INFO" - 5:19:03 PM] No local configuration (i.e. .prettierrc or .editorconfig) detected, falling back to VS Code configuration
["INFO" - 5:19:03 PM] Prettier Options:
{
  "arrowParens": "always",
  "bracketSpacing": true,
  "endOfLine": "lf",
  "htmlWhitespaceSensitivity": "css",
  "insertPragma": false,
  "jsxBracketSameLine": false,
  "jsxSingleQuote": false,
  "printWidth": 80,
  "proseWrap": "preserve",
  "quoteProps": "as-needed",
  "requirePragma": false,
  "semi": true,
  "singleQuote": false,
  "tabWidth": 2,
  "trailingComma": "es5",
  "useTabs": false,
  "vueIndentScriptAndStyle": false,
  "filepath": "/home/youssef/Downloads/opt/restaurant-app-v2/server/src/passport/google.js",
  "parser": "babel"
}
["INFO" - 5:19:04 PM] Formatting completed in 53.860215ms.
["INFO" - 5:19:13 PM] Formatting /home/youssef/Downloads/opt/restaurant-app-v2/server/src/passport/google.js
["INFO" - 5:19:13 PM] Using ignore file (if present) at /home/youssef/Downloads/opt/restaurant-app-v2/.prettierignore
["INFO" - 5:19:13 PM] Using bundled version of prettier.
["INFO" - 5:19:13 PM] File Info:
{
  "ignored": false,
  "inferredParser": "babel"
}
["INFO" - 5:19:13 PM] No local configuration (i.e. .prettierrc or .editorconfig) detected, falling back to VS Code configuration
["INFO" - 5:19:13 PM] Prettier Options:
{
  "arrowParens": "always",
  "bracketSpacing": true,
  "endOfLine": "lf",
  "htmlWhitespaceSensitivity": "css",
  "insertPragma": false,
  "jsxBracketSameLine": false,
  "jsxSingleQuote": false,
  "printWidth": 80,
  "proseWrap": "preserve",
  "quoteProps": "as-needed",
  "requirePragma": false,
  "semi": true,
  "singleQuote": false,
  "tabWidth": 2,
  "trailingComma": "es5",
  "useTabs": false,
  "vueIndentScriptAndStyle": false,
  "filepath": "/home/youssef/Downloads/opt/restaurant-app-v2/server/src/passport/google.js",
  "parser": "babel"
}
["INFO" - 5:19:13 PM] Formatting completed in 67.050544ms.
["INFO" - 5:21:45 PM] Formatting /home/youssef/Downloads/opt/restaurant-app-v2/server/src/app.js
["INFO" - 5:21:45 PM] Using ignore file (if present) at /home/youssef/Downloads/opt/restaurant-app-v2/.prettierignore
["INFO" - 5:21:45 PM] Using bundled version of prettier.
["INFO" - 5:21:45 PM] File Info:
{
  "ignored": false,
  "inferredParser": "babel"
}
["INFO" - 5:21:45 PM] No local configuration (i.e. .prettierrc or .editorconfig) detected, falling back to VS Code configuration
["INFO" - 5:21:45 PM] Prettier Options:
{
  "arrowParens": "always",
  "bracketSpacing": true,
  "endOfLine": "lf",
  "htmlWhitespaceSensitivity": "css",
  "insertPragma": false,
  "jsxBracketSameLine": false,
  "jsxSingleQuote": false,
  "printWidth": 80,
  "proseWrap": "preserve",
  "quoteProps": "as-needed",
  "requirePragma": false,
  "semi": true,
  "singleQuote": false,
  "tabWidth": 2,
  "trailingComma": "es5",
  "useTabs": false,
  "vueIndentScriptAndStyle": false,
  "filepath": "/home/youssef/Downloads/opt/restaurant-app-v2/server/src/app.js",
  "parser": "babel"
}
["INFO" - 5:21:45 PM] Formatting completed in 158.259543ms.
["INFO" - 5:24:05 PM] Formatting /home/youssef/Downloads/opt/restaurant-app-v2/server/src/controller/auth/index.js
["INFO" - 5:24:05 PM] Using ignore file (if present) at /home/youssef/Downloads/opt/restaurant-app-v2/.prettierignore
["INFO" - 5:24:05 PM] Using bundled version of prettier.
["INFO" - 5:24:05 PM] File Info:
{
  "ignored": false,
  "inferredParser": "babel"
}
["INFO" - 5:24:05 PM] No local configuration (i.e. .prettierrc or .editorconfig) detected, falling back to VS Code configuration
["INFO" - 5:24:05 PM] Prettier Options:
{
  "arrowParens": "always",
  "bracketSpacing": true,
  "endOfLine": "lf",
  "htmlWhitespaceSensitivity": "css",
  "insertPragma": false,
  "jsxBracketSameLine": false,
  "jsxSingleQuote": false,
  "printWidth": 80,
  "proseWrap": "preserve",
  "quoteProps": "as-needed",
  "requirePragma": false,
  "semi": true,
  "singleQuote": false,
  "tabWidth": 2,
  "trailingComma": "es5",
  "useTabs": false,
  "vueIndentScriptAndStyle": false,
  "filepath": "/home/youssef/Downloads/opt/restaurant-app-v2/server/src/controller/auth/index.js",
  "parser": "babel"
}
["INFO" - 5:24:05 PM] Formatting completed in 102.631376ms.
["INFO" - 5:24:55 PM] Formatting /home/youssef/Downloads/opt/restaurant-app-v2/server/src/app.js
["INFO" - 5:24:55 PM] Using ignore file (if present) at /home/youssef/Downloads/opt/restaurant-app-v2/.prettierignore
["INFO" - 5:24:55 PM] Using bundled version of prettier.
["INFO" - 5:24:55 PM] File Info:
{
  "ignored": false,
  "inferredParser": "babel"
}
["INFO" - 5:24:55 PM] No local configuration (i.e. .prettierrc or .editorconfig) detected, falling back to VS Code configuration
["INFO" - 5:24:55 PM] Prettier Options:
{
  "arrowParens": "always",
  "bracketSpacing": true,
  "endOfLine": "lf",
  "htmlWhitespaceSensitivity": "css",
  "insertPragma": false,
  "jsxBracketSameLine": false,
  "jsxSingleQuote": false,
  "printWidth": 80,
  "proseWrap": "preserve",
  "quoteProps": "as-needed",
  "requirePragma": false,
  "semi": true,
  "singleQuote": false,
  "tabWidth": 2,
  "trailingComma": "es5",
  "useTabs": false,
  "vueIndentScriptAndStyle": false,
  "filepath": "/home/youssef/Downloads/opt/restaurant-app-v2/server/src/app.js",
  "parser": "babel"
}
["INFO" - 5:24:55 PM] Formatting completed in 136.43419ms.
["INFO" - 5:25:06 PM] Formatting /home/youssef/Downloads/opt/restaurant-app-v2/server/src/app.js
["INFO" - 5:25:06 PM] Using ignore file (if present) at /home/youssef/Downloads/opt/restaurant-app-v2/.prettierignore
["INFO" - 5:25:06 PM] Using bundled version of prettier.
["INFO" - 5:25:06 PM] File Info:
{
  "ignored": false,
  "inferredParser": "babel"
}
["INFO" - 5:25:06 PM] No local configuration (i.e. .prettierrc or .editorconfig) detected, falling back to VS Code configuration
["INFO" - 5:25:06 PM] Prettier Options:
{
  "arrowParens": "always",
  "bracketSpacing": true,
  "endOfLine": "lf",
  "htmlWhitespaceSensitivity": "css",
  "insertPragma": false,
  "jsxBracketSameLine": false,
  "jsxSingleQuote": false,
  "printWidth": 80,
  "proseWrap": "preserve",
  "quoteProps": "as-needed",
  "requirePragma": false,
  "semi": true,
  "singleQuote": false,
  "tabWidth": 2,
  "trailingComma": "es5",
  "useTabs": false,
  "vueIndentScriptAndStyle": false,
  "filepath": "/home/youssef/Downloads/opt/restaurant-app-v2/server/src/app.js",
  "parser": "babel"
}
["INFO" - 5:25:06 PM] Formatting completed in 165.814963ms.
["INFO" - 5:25:40 PM] Formatting /home/youssef/Downloads/opt/restaurant-app-v2/server/src/app.js
["INFO" - 5:25:40 PM] Using ignore file (if present) at /home/youssef/Downloads/opt/restaurant-app-v2/.prettierignore
["INFO" - 5:25:40 PM] Using bundled version of prettier.
["INFO" - 5:25:40 PM] File Info:
{
  "ignored": false,
  "inferredParser": "babel"
}
["INFO" - 5:25:40 PM] No local configuration (i.e. .prettierrc or .editorconfig) detected, falling back to VS Code configuration
["INFO" - 5:25:40 PM] Prettier Options:
{
  "arrowParens": "always",
  "bracketSpacing": true,
  "endOfLine": "lf",
  "htmlWhitespaceSensitivity": "css",
  "insertPragma": false,
  "jsxBracketSameLine": false,
  "jsxSingleQuote": false,
  "printWidth": 80,
  "proseWrap": "preserve",
  "quoteProps": "as-needed",
  "requirePragma": false,
  "semi": true,
  "singleQuote": false,
  "tabWidth": 2,
  "trailingComma": "es5",
  "useTabs": false,
  "vueIndentScriptAndStyle": false,
  "filepath": "/home/youssef/Downloads/opt/restaurant-app-v2/server/src/app.js",
  "parser": "babel"
}
["INFO" - 5:25:40 PM] Formatting completed in 105.509378ms.
["INFO" - 5:26:38 PM] Formatting /home/youssef/Downloads/opt/restaurant-app-v2/server/src/app.js
["INFO" - 5:26:38 PM] Using ignore file (if present) at /home/youssef/Downloads/opt/restaurant-app-v2/.prettierignore
["INFO" - 5:26:38 PM] Using bundled version of prettier.
["INFO" - 5:26:38 PM] File Info:
{
  "ignored": false,
  "inferredParser": "babel"
}
["INFO" - 5:26:38 PM] No local configuration (i.e. .prettierrc or .editorconfig) detected, falling back to VS Code configuration
["INFO" - 5:26:38 PM] Prettier Options:
{
  "arrowParens": "always",
  "bracketSpacing": true,
  "endOfLine": "lf",
  "htmlWhitespaceSensitivity": "css",
  "insertPragma": false,
  "jsxBracketSameLine": false,
  "jsxSingleQuote": false,
  "printWidth": 80,
  "proseWrap": "preserve",
  "quoteProps": "as-needed",
  "requirePragma": false,
  "semi": true,
  "singleQuote": false,
  "tabWidth": 2,
  "trailingComma": "es5",
  "useTabs": false,
  "vueIndentScriptAndStyle": false,
  "filepath": "/home/youssef/Downloads/opt/restaurant-app-v2/server/src/app.js",
  "parser": "babel"
}
["INFO" - 5:26:38 PM] Formatting completed in 98.539814ms.
["INFO" - 5:27:29 PM] Formatting /home/youssef/Downloads/opt/restaurant-app-v2/server/src/routes/auth/index.js
["INFO" - 5:27:29 PM] Using ignore file (if present) at /home/youssef/Downloads/opt/restaurant-app-v2/.prettierignore
["INFO" - 5:27:29 PM] Using bundled version of prettier.
["INFO" - 5:27:29 PM] File Info:
{
  "ignored": false,
  "inferredParser": "babel"
}
["INFO" - 5:27:29 PM] No local configuration (i.e. .prettierrc or .editorconfig) detected, falling back to VS Code configuration
["INFO" - 5:27:29 PM] Prettier Options:
{
  "arrowParens": "always",
  "bracketSpacing": true,
  "endOfLine": "lf",
  "htmlWhitespaceSensitivity": "css",
  "insertPragma": false,
  "jsxBracketSameLine": false,
  "jsxSingleQuote": false,
  "printWidth": 80,
  "proseWrap": "preserve",
  "quoteProps": "as-needed",
  "requirePragma": false,
  "semi": true,
  "singleQuote": false,
  "tabWidth": 2,
  "trailingComma": "es5",
  "useTabs": false,
  "vueIndentScriptAndStyle": false,
  "filepath": "/home/youssef/Downloads/opt/restaurant-app-v2/server/src/routes/auth/index.js",
  "parser": "babel"
}
["INFO" - 5:27:29 PM] Formatting completed in 116.900979ms.
["INFO" - 5:27:42 PM] Formatting /home/youssef/Downloads/opt/restaurant-app-v2/server/src/routes/auth/index.js
["INFO" - 5:27:42 PM] Using ignore file (if present) at /home/youssef/Downloads/opt/restaurant-app-v2/.prettierignore
["INFO" - 5:27:42 PM] Using bundled version of prettier.
["INFO" - 5:27:42 PM] File Info:
{
  "ignored": false,
  "inferredParser": "babel"
}
["INFO" - 5:27:42 PM] No local configuration (i.e. .prettierrc or .editorconfig) detected, falling back to VS Code configuration
["INFO" - 5:27:42 PM] Prettier Options:
{
  "arrowParens": "always",
  "bracketSpacing": true,
  "endOfLine": "lf",
  "htmlWhitespaceSensitivity": "css",
  "insertPragma": false,
  "jsxBracketSameLine": false,
  "jsxSingleQuote": false,
  "printWidth": 80,
  "proseWrap": "preserve",
  "quoteProps": "as-needed",
  "requirePragma": false,
  "semi": true,
  "singleQuote": false,
  "tabWidth": 2,
  "trailingComma": "es5",
  "useTabs": false,
  "vueIndentScriptAndStyle": false,
  "filepath": "/home/youssef/Downloads/opt/restaurant-app-v2/server/src/routes/auth/index.js",
  "parser": "babel"
}
["INFO" - 5:27:43 PM] Formatting completed in 83.39864ms.
["INFO" - 5:28:00 PM] Formatting /home/youssef/Downloads/opt/restaurant-app-v2/server/src/routes/auth/index.js
["INFO" - 5:28:00 PM] Using ignore file (if present) at /home/youssef/Downloads/opt/restaurant-app-v2/.prettierignore
["INFO" - 5:28:00 PM] Using bundled version of prettier.
["INFO" - 5:28:00 PM] File Info:
{
  "ignored": false,
  "inferredParser": "babel"
}
["INFO" - 5:28:00 PM] No local configuration (i.e. .prettierrc or .editorconfig) detected, falling back to VS Code configuration
["INFO" - 5:28:00 PM] Prettier Options:
{
  "arrowParens": "always",
  "bracketSpacing": true,
  "endOfLine": "lf",
  "htmlWhitespaceSensitivity": "css",
  "insertPragma": false,
  "jsxBracketSameLine": false,
  "jsxSingleQuote": false,
  "printWidth": 80,
  "proseWrap": "preserve",
  "quoteProps": "as-needed",
  "requirePragma": false,
  "semi": true,
  "singleQuote": false,
  "tabWidth": 2,
  "trailingComma": "es5",
  "useTabs": false,
  "vueIndentScriptAndStyle": false,
  "filepath": "/home/youssef/Downloads/opt/restaurant-app-v2/server/src/routes/auth/index.js",
  "parser": "babel"
}
["INFO" - 5:28:00 PM] Formatting completed in 84.556052ms.
["INFO" - 5:28:34 PM] Formatting /home/youssef/Downloads/opt/restaurant-app-v2/server/src/routes/auth/index.js
["INFO" - 5:28:34 PM] Using ignore file (if present) at /home/youssef/Downloads/opt/restaurant-app-v2/.prettierignore
["INFO" - 5:28:34 PM] Using bundled version of prettier.
["INFO" - 5:28:34 PM] File Info:
{
  "ignored": false,
  "inferredParser": "babel"
}
["INFO" - 5:28:34 PM] No local configuration (i.e. .prettierrc or .editorconfig) detected, falling back to VS Code configuration
["INFO" - 5:28:34 PM] Prettier Options:
{
  "arrowParens": "always",
  "bracketSpacing": true,
  "endOfLine": "lf",
  "htmlWhitespaceSensitivity": "css",
  "insertPragma": false,
  "jsxBracketSameLine": false,
  "jsxSingleQuote": false,
  "printWidth": 80,
  "proseWrap": "preserve",
  "quoteProps": "as-needed",
  "requirePragma": false,
  "semi": true,
  "singleQuote": false,
  "tabWidth": 2,
  "trailingComma": "es5",
  "useTabs": false,
  "vueIndentScriptAndStyle": false,
  "filepath": "/home/youssef/Downloads/opt/restaurant-app-v2/server/src/routes/auth/index.js",
  "parser": "babel"
}
["INFO" - 5:28:34 PM] Formatting completed in 158.363165ms.
["INFO" - 5:29:11 PM] Formatting /home/youssef/Downloads/opt/restaurant-app-v2/server/src/app.js
["INFO" - 5:29:11 PM] Using ignore file (if present) at /home/youssef/Downloads/opt/restaurant-app-v2/.prettierignore
["INFO" - 5:29:11 PM] Using bundled version of prettier.
["INFO" - 5:29:11 PM] File Info:
{
  "ignored": false,
  "inferredParser": "babel"
}
["INFO" - 5:29:11 PM] No local configuration (i.e. .prettierrc or .editorconfig) detected, falling back to VS Code configuration
["INFO" - 5:29:11 PM] Prettier Options:
{
  "arrowParens": "always",
  "bracketSpacing": true,
  "endOfLine": "lf",
  "htmlWhitespaceSensitivity": "css",
  "insertPragma": false,
  "jsxBracketSameLine": false,
  "jsxSingleQuote": false,
  "printWidth": 80,
  "proseWrap": "preserve",
  "quoteProps": "as-needed",
  "requirePragma": false,
  "semi": true,
  "singleQuote": false,
  "tabWidth": 2,
  "trailingComma": "es5",
  "useTabs": false,
  "vueIndentScriptAndStyle": false,
  "filepath": "/home/youssef/Downloads/opt/restaurant-app-v2/server/src/app.js",
  "parser": "babel"
}
["INFO" - 5:29:11 PM] Formatting completed in 120.926183ms.
["INFO" - 5:55:35 PM] Formatting /home/youssef/Downloads/opt/restaurant-app-v2/server/src/routes/auth/index.js
["INFO" - 5:55:35 PM] Using ignore file (if present) at /home/youssef/Downloads/opt/restaurant-app-v2/.prettierignore
["INFO" - 5:55:35 PM] Using bundled version of prettier.
["INFO" - 5:55:35 PM] File Info:
{
  "ignored": false,
  "inferredParser": "babel"
}
["INFO" - 5:55:36 PM] No local configuration (i.e. .prettierrc or .editorconfig) detected, falling back to VS Code configuration
["INFO" - 5:55:36 PM] Prettier Options:
{
  "arrowParens": "always",
  "bracketSpacing": true,
  "endOfLine": "lf",
  "htmlWhitespaceSensitivity": "css",
  "insertPragma": false,
  "jsxBracketSameLine": false,
  "jsxSingleQuote": false,
  "printWidth": 80,
  "proseWrap": "preserve",
  "quoteProps": "as-needed",
  "requirePragma": false,
  "semi": true,
  "singleQuote": false,
  "tabWidth": 2,
  "trailingComma": "es5",
  "useTabs": false,
  "vueIndentScriptAndStyle": false,
  "filepath": "/home/youssef/Downloads/opt/restaurant-app-v2/server/src/routes/auth/index.js",
  "parser": "babel"
}
["INFO" - 5:55:36 PM] Formatting completed in 198.708426ms.
["INFO" - 6:16:03 PM] Formatting /home/youssef/Downloads/opt/restaurant-app-v2/server/src/routes/auth/index.js
["INFO" - 6:16:03 PM] Using ignore file (if present) at /home/youssef/Downloads/opt/restaurant-app-v2/.prettierignore
["INFO" - 6:16:03 PM] Using bundled version of prettier.
["INFO" - 6:16:03 PM] File Info:
{
  "ignored": false,
  "inferredParser": "babel"
}
["INFO" - 6:16:03 PM] No local configuration (i.e. .prettierrc or .editorconfig) detected, falling back to VS Code configuration
["INFO" - 6:16:03 PM] Prettier Options:
{
  "arrowParens": "always",
  "bracketSpacing": true,
  "endOfLine": "lf",
  "htmlWhitespaceSensitivity": "css",
  "insertPragma": false,
  "jsxBracketSameLine": false,
  "jsxSingleQuote": false,
  "printWidth": 80,
  "proseWrap": "preserve",
  "quoteProps": "as-needed",
  "requirePragma": false,
  "semi": true,
  "singleQuote": false,
  "tabWidth": 2,
  "trailingComma": "es5",
  "useTabs": false,
  "vueIndentScriptAndStyle": false,
  "filepath": "/home/youssef/Downloads/opt/restaurant-app-v2/server/src/routes/auth/index.js",
  "parser": "babel"
}
["INFO" - 6:16:04 PM] Formatting completed in 98.156733ms.
["INFO" - 6:17:52 PM] Formatting /home/youssef/Downloads/opt/restaurant-app-v2/README.md
["INFO" - 6:17:52 PM] Using ignore file (if present) at /home/youssef/Downloads/opt/restaurant-app-v2/.prettierignore
["INFO" - 6:17:52 PM] Using bundled version of prettier.
["INFO" - 6:17:52 PM] File Info:
{
  "ignored": false,
  "inferredParser": "markdown"
}
["INFO" - 6:17:52 PM] No local configuration (i.e. .prettierrc or .editorconfig) detected, falling back to VS Code configuration
["INFO" - 6:17:52 PM] Prettier Options:
{
  "arrowParens": "always",
  "bracketSpacing": true,
  "endOfLine": "lf",
  "htmlWhitespaceSensitivity": "css",
  "insertPragma": false,
  "jsxBracketSameLine": false,
  "jsxSingleQuote": false,
  "printWidth": 80,
  "proseWrap": "preserve",
  "quoteProps": "as-needed",
  "requirePragma": false,
  "semi": true,
  "singleQuote": false,
  "tabWidth": 2,
  "trailingComma": "es5",
  "useTabs": false,
  "vueIndentScriptAndStyle": false,
  "filepath": "/home/youssef/Downloads/opt/restaurant-app-v2/README.md",
  "parser": "markdown"
}
["INFO" - 6:17:53 PM] Formatting completed in 252.670955ms.
["INFO" - 6:18:07 PM] Formatting /home/youssef/Downloads/opt/restaurant-app-v2/README.md
["INFO" - 6:18:07 PM] Using ignore file (if present) at /home/youssef/Downloads/opt/restaurant-app-v2/.prettierignore
["INFO" - 6:18:07 PM] Using bundled version of prettier.
["INFO" - 6:18:07 PM] File Info:
{
  "ignored": false,
  "inferredParser": "markdown"
}
["INFO" - 6:18:07 PM] No local configuration (i.e. .prettierrc or .editorconfig) detected, falling back to VS Code configuration
["INFO" - 6:18:07 PM] Prettier Options:
{
  "arrowParens": "always",
  "bracketSpacing": true,
  "endOfLine": "lf",
  "htmlWhitespaceSensitivity": "css",
  "insertPragma": false,
  "jsxBracketSameLine": false,
  "jsxSingleQuote": false,
  "printWidth": 80,
  "proseWrap": "preserve",
  "quoteProps": "as-needed",
  "requirePragma": false,
  "semi": true,
  "singleQuote": false,
  "tabWidth": 2,
  "trailingComma": "es5",
  "useTabs": false,
  "vueIndentScriptAndStyle": false,
  "filepath": "/home/youssef/Downloads/opt/restaurant-app-v2/README.md",
  "parser": "markdown"
}
["INFO" - 6:18:07 PM] Formatting completed in 145.333792ms.
["INFO" - 6:42:04 PM] Formatting /home/youssef/Downloads/opt/restaurant-app-v2/server/src/routes/auth/index.js
["INFO" - 6:42:04 PM] Using ignore file (if present) at /home/youssef/Downloads/opt/restaurant-app-v2/.prettierignore
["INFO" - 6:42:04 PM] Using bundled version of prettier.
["INFO" - 6:42:04 PM] File Info:
{
  "ignored": false,
  "inferredParser": "babel"
}
["INFO" - 6:42:04 PM] No local configuration (i.e. .prettierrc or .editorconfig) detected, falling back to VS Code configuration
["INFO" - 6:42:04 PM] Prettier Options:
{
  "arrowParens": "always",
  "bracketSpacing": true,
  "endOfLine": "lf",
  "htmlWhitespaceSensitivity": "css",
  "insertPragma": false,
  "jsxBracketSameLine": false,
  "jsxSingleQuote": false,
  "printWidth": 80,
  "proseWrap": "preserve",
  "quoteProps": "as-needed",
  "requirePragma": false,
  "semi": true,
  "singleQuote": false,
  "tabWidth": 2,
  "trailingComma": "es5",
  "useTabs": false,
  "vueIndentScriptAndStyle": false,
  "filepath": "/home/youssef/Downloads/opt/restaurant-app-v2/server/src/routes/auth/index.js",
  "parser": "babel"
}
["INFO" - 6:42:04 PM] Formatting completed in 109.000561ms.
["INFO" - 6:53:45 PM] Formatting /home/youssef/Downloads/opt/restaurant-app-v2/server/knexfile.js
["INFO" - 6:53:45 PM] Using ignore file (if present) at /home/youssef/Downloads/opt/restaurant-app-v2/.prettierignore
["INFO" - 6:53:45 PM] Using bundled version of prettier.
["INFO" - 6:53:45 PM] File Info:
{
  "ignored": false,
  "inferredParser": "babel"
}
["INFO" - 6:53:45 PM] No local configuration (i.e. .prettierrc or .editorconfig) detected, falling back to VS Code configuration
["INFO" - 6:53:45 PM] Prettier Options:
{
  "arrowParens": "always",
  "bracketSpacing": true,
  "endOfLine": "lf",
  "htmlWhitespaceSensitivity": "css",
  "insertPragma": false,
  "jsxBracketSameLine": false,
  "jsxSingleQuote": false,
  "printWidth": 80,
  "proseWrap": "preserve",
  "quoteProps": "as-needed",
  "requirePragma": false,
  "semi": true,
  "singleQuote": false,
  "tabWidth": 2,
  "trailingComma": "es5",
  "useTabs": false,
  "vueIndentScriptAndStyle": false,
  "filepath": "/home/youssef/Downloads/opt/restaurant-app-v2/server/knexfile.js",
  "parser": "babel"
}
["INFO" - 6:53:46 PM] Formatting completed in 135.251003ms.
["INFO" - 6:56:42 PM] Enabling prettier for languages
[
  "css",
  "graphql",
  "html",
  "javascript",
  "javascriptreact",
  "json",
  "json5",
  "jsonc",
  "less",
  "markdown",
  "mdx",
  "mongo",
  "postcss",
  "scss",
  "typescript",
  "typescriptreact",
  "vue",
  "yaml"
]
["INFO" - 6:56:42 PM] Enabling prettier for range supported languages
[
  "graphql",
  "javascript",
  "javascriptreact",
  "json",
  "typescript",
  "typescriptreact"
]
["INFO" - 6:56:42 PM] Enabling prettier for languages
[
  "css",
  "graphql",
  "html",
  "javascript",
  "javascriptreact",
  "json",
  "json5",
  "jsonc",
  "less",
  "markdown",
  "mdx",
  "mongo",
  "postcss",
  "scss",
  "typescript",
  "typescriptreact",
  "vue",
  "yaml"
]
["INFO" - 6:56:42 PM] Enabling prettier for range supported languages
[
  "graphql",
  "javascript",
  "javascriptreact",
  "json",
  "typescript",
  "typescriptreact"
]
["INFO" - 6:59:41 PM] Formatting /home/youssef/Downloads/opt/restaurant-app-v2/server/db/index.js
["INFO" - 6:59:41 PM] Using ignore file (if present) at /home/youssef/Downloads/opt/restaurant-app-v2/.prettierignore
["INFO" - 6:59:41 PM] Using bundled version of prettier.
["INFO" - 6:59:41 PM] File Info:
{
  "ignored": false,
  "inferredParser": "babel"
}
["INFO" - 6:59:41 PM] No local configuration (i.e. .prettierrc or .editorconfig) detected, falling back to VS Code configuration
["INFO" - 6:59:41 PM] Prettier Options:
{
  "arrowParens": "always",
  "bracketSpacing": true,
  "endOfLine": "lf",
  "htmlWhitespaceSensitivity": "css",
  "insertPragma": false,
  "jsxBracketSameLine": false,
  "jsxSingleQuote": false,
  "printWidth": 80,
  "proseWrap": "preserve",
  "quoteProps": "as-needed",
  "requirePragma": false,
  "semi": true,
  "singleQuote": false,
  "tabWidth": 2,
  "trailingComma": "es5",
  "useTabs": false,
  "vueIndentScriptAndStyle": false,
  "filepath": "/home/youssef/Downloads/opt/restaurant-app-v2/server/db/index.js",
  "parser": "babel"
}
["ERROR" - 6:59:41 PM] Error formatting document.
["ERROR" - 6:59:41 PM] Unexpected token (3:7)
  1 | const environment =  process.env.NODE_ENV || "development";
  2 | const knexConfig = require("../knexfile");
> 3 | const 
    |       ^
SyntaxError: Unexpected token (3:7)
  1 | const environment =  process.env.NODE_ENV || "development";
  2 | const knexConfig = require("../knexfile");
> 3 | const 
    |       ^
	at e (/home/youssef/.vscode/extensions/esbenp.prettier-vscode-4.0.0/node_modules/prettier/parser-babel.js:1:344)
	at Object.parse (/home/youssef/.vscode/extensions/esbenp.prettier-vscode-4.0.0/node_modules/prettier/parser-babel.js:1:262471)
	at Object.parse (/home/youssef/.vscode/extensions/esbenp.prettier-vscode-4.0.0/node_modules/prettier/index.js:11379:19)
	at coreFormat (/home/youssef/.vscode/extensions/esbenp.prettier-vscode-4.0.0/node_modules/prettier/index.js:14795:25)
	at format (/home/youssef/.vscode/extensions/esbenp.prettier-vscode-4.0.0/node_modules/prettier/index.js:15031:75)
	at formatWithCursor (/home/youssef/.vscode/extensions/esbenp.prettier-vscode-4.0.0/node_modules/prettier/index.js:15047:12)
	at /home/youssef/.vscode/extensions/esbenp.prettier-vscode-4.0.0/node_modules/prettier/index.js:50695:12
	at Object.format (/home/youssef/.vscode/extensions/esbenp.prettier-vscode-4.0.0/node_modules/prettier/index.js:50715:12)
	at /home/youssef/.vscode/extensions/esbenp.prettier-vscode-4.0.0/dist/extension.js:1:328141
	at t.default.safeExecution (/home/youssef/.vscode/extensions/esbenp.prettier-vscode-4.0.0/dist/extension.js:1:328441)
	at t.default.<anonymous> (/home/youssef/.vscode/extensions/esbenp.prettier-vscode-4.0.0/dist/extension.js:1:328121)
	at Generator.next (<anonymous>)
	at s (/home/youssef/.vscode/extensions/esbenp.prettier-vscode-4.0.0/dist/extension.js:1:322312)
["INFO" - 6:59:41 PM] Formatting completed in 160.039211ms.
["INFO" - 7:00:19 PM] Formatting /home/youssef/Downloads/opt/restaurant-app-v2/server/db/index.js
["INFO" - 7:00:19 PM] Using ignore file (if present) at /home/youssef/Downloads/opt/restaurant-app-v2/.prettierignore
["INFO" - 7:00:19 PM] Using bundled version of prettier.
["INFO" - 7:00:19 PM] File Info:
{
  "ignored": false,
  "inferredParser": "babel"
}
["INFO" - 7:00:19 PM] No local configuration (i.e. .prettierrc or .editorconfig) detected, falling back to VS Code configuration
["INFO" - 7:00:19 PM] Prettier Options:
{
  "arrowParens": "always",
  "bracketSpacing": true,
  "endOfLine": "lf",
  "htmlWhitespaceSensitivity": "css",
  "insertPragma": false,
  "jsxBracketSameLine": false,
  "jsxSingleQuote": false,
  "printWidth": 80,
  "proseWrap": "preserve",
  "quoteProps": "as-needed",
  "requirePragma": false,
  "semi": true,
  "singleQuote": false,
  "tabWidth": 2,
  "trailingComma": "es5",
  "useTabs": false,
  "vueIndentScriptAndStyle": false,
  "filepath": "/home/youssef/Downloads/opt/restaurant-app-v2/server/db/index.js",
  "parser": "babel"
}
["INFO" - 7:00:19 PM] Formatting completed in 74.315981ms.
["INFO" - 7:01:09 PM] Formatting /home/youssef/Downloads/opt/restaurant-app-v2/server/db/index.js
["INFO" - 7:01:09 PM] Using ignore file (if present) at /home/youssef/Downloads/opt/restaurant-app-v2/.prettierignore
["INFO" - 7:01:09 PM] Using bundled version of prettier.
["INFO" - 7:01:09 PM] File Info:
{
  "ignored": false,
  "inferredParser": "babel"
}
["INFO" - 7:01:09 PM] No local configuration (i.e. .prettierrc or .editorconfig) detected, falling back to VS Code configuration
["INFO" - 7:01:09 PM] Prettier Options:
{
  "arrowParens": "always",
  "bracketSpacing": true,
  "endOfLine": "lf",
  "htmlWhitespaceSensitivity": "css",
  "insertPragma": false,
  "jsxBracketSameLine": false,
  "jsxSingleQuote": false,
  "printWidth": 80,
  "proseWrap": "preserve",
  "quoteProps": "as-needed",
  "requirePragma": false,
  "semi": true,
  "singleQuote": false,
  "tabWidth": 2,
  "trailingComma": "es5",
  "useTabs": false,
  "vueIndentScriptAndStyle": false,
  "filepath": "/home/youssef/Downloads/opt/restaurant-app-v2/server/db/index.js",
  "parser": "babel"
}
["INFO" - 7:01:09 PM] Formatting completed in 61.737762ms.
["INFO" - 7:02:07 PM] Formatting /home/youssef/Downloads/opt/restaurant-app-v2/server/db/index.js
["INFO" - 7:02:07 PM] Using ignore file (if present) at /home/youssef/Downloads/opt/restaurant-app-v2/.prettierignore
["INFO" - 7:02:07 PM] Using bundled version of prettier.
["INFO" - 7:02:07 PM] File Info:
{
  "ignored": false,
  "inferredParser": "babel"
}
["INFO" - 7:02:07 PM] No local configuration (i.e. .prettierrc or .editorconfig) detected, falling back to VS Code configuration
["INFO" - 7:02:07 PM] Prettier Options:
{
  "arrowParens": "always",
  "bracketSpacing": true,
  "endOfLine": "lf",
  "htmlWhitespaceSensitivity": "css",
  "insertPragma": false,
  "jsxBracketSameLine": false,
  "jsxSingleQuote": false,
  "printWidth": 80,
  "proseWrap": "preserve",
  "quoteProps": "as-needed",
  "requirePragma": false,
  "semi": true,
  "singleQuote": false,
  "tabWidth": 2,
  "trailingComma": "es5",
  "useTabs": false,
  "vueIndentScriptAndStyle": false,
  "filepath": "/home/youssef/Downloads/opt/restaurant-app-v2/server/db/index.js",
  "parser": "babel"
}
["INFO" - 7:02:07 PM] Formatting completed in 51.443681ms.
["INFO" - 7:02:47 PM] Formatting /home/youssef/Downloads/opt/restaurant-app-v2/server/db/index.js
["INFO" - 7:02:47 PM] Using ignore file (if present) at /home/youssef/Downloads/opt/restaurant-app-v2/.prettierignore
["INFO" - 7:02:47 PM] Using bundled version of prettier.
["INFO" - 7:02:47 PM] File Info:
{
  "ignored": false,
  "inferredParser": "babel"
}
["INFO" - 7:02:47 PM] No local configuration (i.e. .prettierrc or .editorconfig) detected, falling back to VS Code configuration
["INFO" - 7:02:47 PM] Prettier Options:
{
  "arrowParens": "always",
  "bracketSpacing": true,
  "endOfLine": "lf",
  "htmlWhitespaceSensitivity": "css",
  "insertPragma": false,
  "jsxBracketSameLine": false,
  "jsxSingleQuote": false,
  "printWidth": 80,
  "proseWrap": "preserve",
  "quoteProps": "as-needed",
  "requirePragma": false,
  "semi": true,
  "singleQuote": false,
  "tabWidth": 2,
  "trailingComma": "es5",
  "useTabs": false,
  "vueIndentScriptAndStyle": false,
  "filepath": "/home/youssef/Downloads/opt/restaurant-app-v2/server/db/index.js",
  "parser": "babel"
}
["INFO" - 7:02:47 PM] Formatting completed in 53.249579ms.
["INFO" - 7:53:18 PM] Formatting /home/youssef/Downloads/opt/restaurant-app-v2/server/db/index.js
["INFO" - 7:53:18 PM] Using ignore file (if present) at /home/youssef/Downloads/opt/restaurant-app-v2/.prettierignore
["INFO" - 7:53:18 PM] Using bundled version of prettier.
["INFO" - 7:53:18 PM] File Info:
{
  "ignored": false,
  "inferredParser": "babel"
}
["INFO" - 7:53:18 PM] No local configuration (i.e. .prettierrc or .editorconfig) detected, falling back to VS Code configuration
["INFO" - 7:53:18 PM] Prettier Options:
{
  "arrowParens": "always",
  "bracketSpacing": true,
  "endOfLine": "lf",
  "htmlWhitespaceSensitivity": "css",
  "insertPragma": false,
  "jsxBracketSameLine": false,
  "jsxSingleQuote": false,
  "printWidth": 80,
  "proseWrap": "preserve",
  "quoteProps": "as-needed",
  "requirePragma": false,
  "semi": true,
  "singleQuote": false,
  "tabWidth": 2,
  "trailingComma": "es5",
  "useTabs": false,
  "vueIndentScriptAndStyle": false,
  "filepath": "/home/youssef/Downloads/opt/restaurant-app-v2/server/db/index.js",
  "parser": "babel"
}
["INFO" - 7:53:18 PM] Formatting completed in 57.707707ms.
["INFO" - 7:57:32 PM] Formatting /home/youssef/Downloads/opt/restaurant-app-v2/server/queries/users.js
["INFO" - 7:57:32 PM] Using ignore file (if present) at /home/youssef/Downloads/opt/restaurant-app-v2/.prettierignore
["INFO" - 7:57:32 PM] Using bundled version of prettier.
["INFO" - 7:57:32 PM] File Info:
{
  "ignored": false,
  "inferredParser": "babel"
}
["INFO" - 7:57:33 PM] No local configuration (i.e. .prettierrc or .editorconfig) detected, falling back to VS Code configuration
["INFO" - 7:57:33 PM] Prettier Options:
{
  "arrowParens": "always",
  "bracketSpacing": true,
  "endOfLine": "lf",
  "htmlWhitespaceSensitivity": "css",
  "insertPragma": false,
  "jsxBracketSameLine": false,
  "jsxSingleQuote": false,
  "printWidth": 80,
  "proseWrap": "preserve",
  "quoteProps": "as-needed",
  "requirePragma": false,
  "semi": true,
  "singleQuote": false,
  "tabWidth": 2,
  "trailingComma": "es5",
  "useTabs": false,
  "vueIndentScriptAndStyle": false,
  "filepath": "/home/youssef/Downloads/opt/restaurant-app-v2/server/queries/users.js",
  "parser": "babel"
}
["INFO" - 7:57:33 PM] Formatting completed in 261.716419ms.
["INFO" - 7:58:31 PM] Formatting /home/youssef/Downloads/opt/restaurant-app-v2/server/queries/users.js
["INFO" - 7:58:31 PM] Using ignore file (if present) at /home/youssef/Downloads/opt/restaurant-app-v2/.prettierignore
["INFO" - 7:58:31 PM] Using bundled version of prettier.
["INFO" - 7:58:31 PM] File Info:
{
  "ignored": false,
  "inferredParser": "babel"
}
["INFO" - 7:58:31 PM] No local configuration (i.e. .prettierrc or .editorconfig) detected, falling back to VS Code configuration
["INFO" - 7:58:31 PM] Prettier Options:
{
  "arrowParens": "always",
  "bracketSpacing": true,
  "endOfLine": "lf",
  "htmlWhitespaceSensitivity": "css",
  "insertPragma": false,
  "jsxBracketSameLine": false,
  "jsxSingleQuote": false,
  "printWidth": 80,
  "proseWrap": "preserve",
  "quoteProps": "as-needed",
  "requirePragma": false,
  "semi": true,
  "singleQuote": false,
  "tabWidth": 2,
  "trailingComma": "es5",
  "useTabs": false,
  "vueIndentScriptAndStyle": false,
  "filepath": "/home/youssef/Downloads/opt/restaurant-app-v2/server/queries/users.js",
  "parser": "babel"
}
["INFO" - 7:58:31 PM] Formatting completed in 166.159038ms.
["INFO" - 8:01:16 PM] Enabling prettier for languages
[
  "css",
  "graphql",
  "html",
  "javascript",
  "javascriptreact",
  "json",
  "json5",
  "jsonc",
  "less",
  "markdown",
  "mdx",
  "mongo",
  "postcss",
  "scss",
  "typescript",
  "typescriptreact",
  "vue",
  "yaml"
]
["INFO" - 8:01:16 PM] Enabling prettier for range supported languages
[
  "graphql",
  "javascript",
  "javascriptreact",
  "json",
  "typescript",
  "typescriptreact"
]
["INFO" - 8:01:16 PM] Enabling prettier for languages
[
  "css",
  "graphql",
  "html",
  "javascript",
  "javascriptreact",
  "json",
  "json5",
  "jsonc",
  "less",
  "markdown",
  "mdx",
  "mongo",
  "postcss",
  "scss",
  "typescript",
  "typescriptreact",
  "vue",
  "yaml"
]
["INFO" - 8:01:16 PM] Enabling prettier for range supported languages
[
  "graphql",
  "javascript",
  "javascriptreact",
  "json",
  "typescript",
  "typescriptreact"
]
["INFO" - 8:02:31 PM] Formatting /home/youssef/Downloads/opt/restaurant-app-v2/server/queries/users.js
["INFO" - 8:02:31 PM] Using ignore file (if present) at /home/youssef/Downloads/opt/restaurant-app-v2/.prettierignore
["INFO" - 8:02:31 PM] Using bundled version of prettier.
["INFO" - 8:02:31 PM] File Info:
{
  "ignored": false,
  "inferredParser": "babel"
}
["INFO" - 8:02:31 PM] No local configuration (i.e. .prettierrc or .editorconfig) detected, falling back to VS Code configuration
["INFO" - 8:02:31 PM] Prettier Options:
{
  "arrowParens": "always",
  "bracketSpacing": true,
  "endOfLine": "lf",
  "htmlWhitespaceSensitivity": "css",
  "insertPragma": false,
  "jsxBracketSameLine": false,
  "jsxSingleQuote": false,
  "printWidth": 80,
  "proseWrap": "preserve",
  "quoteProps": "as-needed",
  "requirePragma": false,
  "semi": true,
  "singleQuote": false,
  "tabWidth": 2,
  "trailingComma": "es5",
  "useTabs": false,
  "vueIndentScriptAndStyle": false,
  "filepath": "/home/youssef/Downloads/opt/restaurant-app-v2/server/queries/users.js",
  "parser": "babel"
}
["INFO" - 8:02:32 PM] Formatting completed in 138.622989ms.
["INFO" - 8:04:29 PM] Formatting /home/youssef/Downloads/opt/restaurant-app-v2/database/migrations/20200405144216_user.js
["INFO" - 8:04:29 PM] Using ignore file (if present) at /home/youssef/Downloads/opt/restaurant-app-v2/.prettierignore
["INFO" - 8:04:29 PM] Using bundled version of prettier.
["INFO" - 8:04:29 PM] File Info:
{
  "ignored": false,
  "inferredParser": "babel"
}
["INFO" - 8:04:29 PM] No local configuration (i.e. .prettierrc or .editorconfig) detected, falling back to VS Code configuration
["INFO" - 8:04:29 PM] Prettier Options:
{
  "arrowParens": "always",
  "bracketSpacing": true,
  "endOfLine": "lf",
  "htmlWhitespaceSensitivity": "css",
  "insertPragma": false,
  "jsxBracketSameLine": false,
  "jsxSingleQuote": false,
  "printWidth": 80,
  "proseWrap": "preserve",
  "quoteProps": "as-needed",
  "requirePragma": false,
  "semi": true,
  "singleQuote": false,
  "tabWidth": 2,
  "trailingComma": "es5",
  "useTabs": false,
  "vueIndentScriptAndStyle": false,
  "filepath": "/home/youssef/Downloads/opt/restaurant-app-v2/database/migrations/20200405144216_user.js",
  "parser": "babel"
}
["INFO" - 8:04:29 PM] Formatting completed in 245.647391ms.
["INFO" - 8:07:20 PM] Formatting /home/youssef/Downloads/opt/restaurant-app-v2/database/migrations/20200406111106_add_role_id_to_user.js
["INFO" - 8:07:20 PM] Using ignore file (if present) at /home/youssef/Downloads/opt/restaurant-app-v2/.prettierignore
["INFO" - 8:07:20 PM] Using bundled version of prettier.
["INFO" - 8:07:20 PM] File Info:
{
  "ignored": false,
  "inferredParser": "babel"
}
["INFO" - 8:07:20 PM] No local configuration (i.e. .prettierrc or .editorconfig) detected, falling back to VS Code configuration
["INFO" - 8:07:20 PM] Prettier Options:
{
  "arrowParens": "always",
  "bracketSpacing": true,
  "endOfLine": "lf",
  "htmlWhitespaceSensitivity": "css",
  "insertPragma": false,
  "jsxBracketSameLine": false,
  "jsxSingleQuote": false,
  "printWidth": 80,
  "proseWrap": "preserve",
  "quoteProps": "as-needed",
  "requirePragma": false,
  "semi": true,
  "singleQuote": false,
  "tabWidth": 2,
  "trailingComma": "es5",
  "useTabs": false,
  "vueIndentScriptAndStyle": false,
  "filepath": "/home/youssef/Downloads/opt/restaurant-app-v2/database/migrations/20200406111106_add_role_id_to_user.js",
  "parser": "babel"
}
["INFO" - 8:07:20 PM] Formatting completed in 110.694901ms.
