["INFO" - 4:38:23 PM] Extension Name: "prettier-vscode".
["INFO" - 4:38:24 PM] Extension Version: "4.1.1".
["INFO" - 4:38:24 PM] Enabling prettier for languages
[
  "css",
  "graphql",
  "html",
  "javascript",
  "javascriptreact",
  "json",
  "json5",
  "jsonc",
  "less",
  "markdown",
  "mdx",
  "mongo",
  "postcss",
  "scss",
  "typescript",
  "typescriptreact",
  "vue",
  "yaml"
]
["INFO" - 4:38:25 PM] Enabling prettier for range supported languages
[
  "graphql",
  "javascript",
  "javascriptreact",
  "json",
  "typescript",
  "typescriptreact"
]
["INFO" - 4:45:17 PM] Formatting /home/youssef/Downloads/opt/restaurant-app-v2/frontend/src/store.js
["INFO" - 4:45:17 PM] Using ignore file (if present) at /home/youssef/Downloads/opt/restaurant-app-v2/.prettierignore
["INFO" - 4:45:17 PM] Loaded module 'prettier@1.19.1' from '/home/youssef/Downloads/opt/restaurant-app-v2/frontend/node_modules/prettier/index.js'
["INFO" - 4:45:17 PM] File Info:
{
  "ignored": false,
  "inferredParser": "babel"
}
["INFO" - 4:45:17 PM] No local configuration (i.e. .prettierrc or .editorconfig) detected, falling back to VS Code configuration
["INFO" - 4:45:17 PM] Prettier Options:
{
  "arrowParens": "always",
  "bracketSpacing": true,
  "endOfLine": "lf",
  "htmlWhitespaceSensitivity": "css",
  "insertPragma": false,
  "jsxBracketSameLine": false,
  "jsxSingleQuote": false,
  "printWidth": 80,
  "proseWrap": "preserve",
  "quoteProps": "as-needed",
  "requirePragma": false,
  "semi": true,
  "singleQuote": false,
  "tabWidth": 2,
  "trailingComma": "es5",
  "useTabs": false,
  "vueIndentScriptAndStyle": false,
  "filepath": "/home/youssef/Downloads/opt/restaurant-app-v2/frontend/src/store.js",
  "parser": "babel"
}
["INFO" - 4:45:18 PM] Formatting completed in 243.213381ms.
["INFO" - 4:49:03 PM] Formatting /home/youssef/Downloads/opt/restaurant-app-v2/README.md
["INFO" - 4:49:03 PM] Using ignore file (if present) at /home/youssef/Downloads/opt/restaurant-app-v2/.prettierignore
["INFO" - 4:49:03 PM] Using bundled version of prettier.
["INFO" - 4:49:03 PM] File Info:
{
  "ignored": false,
  "inferredParser": "markdown"
}
["INFO" - 4:49:03 PM] No local configuration (i.e. .prettierrc or .editorconfig) detected, falling back to VS Code configuration
["INFO" - 4:49:03 PM] Prettier Options:
{
  "arrowParens": "always",
  "bracketSpacing": true,
  "endOfLine": "lf",
  "htmlWhitespaceSensitivity": "css",
  "insertPragma": false,
  "jsxBracketSameLine": false,
  "jsxSingleQuote": false,
  "printWidth": 80,
  "proseWrap": "preserve",
  "quoteProps": "as-needed",
  "requirePragma": false,
  "semi": true,
  "singleQuote": false,
  "tabWidth": 2,
  "trailingComma": "es5",
  "useTabs": false,
  "vueIndentScriptAndStyle": false,
  "filepath": "/home/youssef/Downloads/opt/restaurant-app-v2/README.md",
  "parser": "markdown"
}
["INFO" - 4:49:03 PM] Formatting completed in 314.159935ms.
["INFO" - 4:49:06 PM] Formatting /home/youssef/Downloads/opt/restaurant-app-v2/README.md
["INFO" - 4:49:06 PM] Using ignore file (if present) at /home/youssef/Downloads/opt/restaurant-app-v2/.prettierignore
["INFO" - 4:49:06 PM] Using bundled version of prettier.
["INFO" - 4:49:06 PM] File Info:
{
  "ignored": false,
  "inferredParser": "markdown"
}
["INFO" - 4:49:06 PM] No local configuration (i.e. .prettierrc or .editorconfig) detected, falling back to VS Code configuration
["INFO" - 4:49:06 PM] Prettier Options:
{
  "arrowParens": "always",
  "bracketSpacing": true,
  "endOfLine": "lf",
  "htmlWhitespaceSensitivity": "css",
  "insertPragma": false,
  "jsxBracketSameLine": false,
  "jsxSingleQuote": false,
  "printWidth": 80,
  "proseWrap": "preserve",
  "quoteProps": "as-needed",
  "requirePragma": false,
  "semi": true,
  "singleQuote": false,
  "tabWidth": 2,
  "trailingComma": "es5",
  "useTabs": false,
  "vueIndentScriptAndStyle": false,
  "filepath": "/home/youssef/Downloads/opt/restaurant-app-v2/README.md",
  "parser": "markdown"
}
["INFO" - 4:49:07 PM] Formatting completed in 189.210614ms.
["INFO" - 4:56:02 PM] Formatting /home/youssef/Downloads/opt/restaurant-app-v2/frontend/src/helpers/index.js
["INFO" - 4:56:03 PM] Using ignore file (if present) at /home/youssef/Downloads/opt/restaurant-app-v2/.prettierignore
["INFO" - 4:56:03 PM] Loaded module 'prettier@1.19.1' from '/home/youssef/Downloads/opt/restaurant-app-v2/frontend/node_modules/prettier/index.js'
["INFO" - 4:56:03 PM] File Info:
{
  "ignored": false,
  "inferredParser": "babel"
}
["INFO" - 4:56:03 PM] No local configuration (i.e. .prettierrc or .editorconfig) detected, falling back to VS Code configuration
["INFO" - 4:56:03 PM] Prettier Options:
{
  "arrowParens": "always",
  "bracketSpacing": true,
  "endOfLine": "lf",
  "htmlWhitespaceSensitivity": "css",
  "insertPragma": false,
  "jsxBracketSameLine": false,
  "jsxSingleQuote": false,
  "printWidth": 80,
  "proseWrap": "preserve",
  "quoteProps": "as-needed",
  "requirePragma": false,
  "semi": true,
  "singleQuote": false,
  "tabWidth": 2,
  "trailingComma": "es5",
  "useTabs": false,
  "vueIndentScriptAndStyle": false,
  "filepath": "/home/youssef/Downloads/opt/restaurant-app-v2/frontend/src/helpers/index.js",
  "parser": "babel"
}
["INFO" - 4:56:03 PM] Formatting completed in 160.359891ms.
["INFO" - 4:56:54 PM] Formatting /home/youssef/Downloads/opt/restaurant-app-v2/frontend/src/store.js
["INFO" - 4:56:54 PM] Using ignore file (if present) at /home/youssef/Downloads/opt/restaurant-app-v2/.prettierignore
["INFO" - 4:56:54 PM] Loaded module 'prettier@1.19.1' from '/home/youssef/Downloads/opt/restaurant-app-v2/frontend/node_modules/prettier/index.js'
["INFO" - 4:56:54 PM] File Info:
{
  "ignored": false,
  "inferredParser": "babel"
}
["INFO" - 4:56:54 PM] No local configuration (i.e. .prettierrc or .editorconfig) detected, falling back to VS Code configuration
["INFO" - 4:56:54 PM] Prettier Options:
{
  "arrowParens": "always",
  "bracketSpacing": true,
  "endOfLine": "lf",
  "htmlWhitespaceSensitivity": "css",
  "insertPragma": false,
  "jsxBracketSameLine": false,
  "jsxSingleQuote": false,
  "printWidth": 80,
  "proseWrap": "preserve",
  "quoteProps": "as-needed",
  "requirePragma": false,
  "semi": true,
  "singleQuote": false,
  "tabWidth": 2,
  "trailingComma": "es5",
  "useTabs": false,
  "vueIndentScriptAndStyle": false,
  "filepath": "/home/youssef/Downloads/opt/restaurant-app-v2/frontend/src/store.js",
  "parser": "babel"
}
["INFO" - 4:56:54 PM] Formatting completed in 137.561653ms.
["INFO" - 4:57:08 PM] Formatting /home/youssef/Downloads/opt/restaurant-app-v2/frontend/src/store.js
["INFO" - 4:57:08 PM] Using ignore file (if present) at /home/youssef/Downloads/opt/restaurant-app-v2/.prettierignore
["INFO" - 4:57:08 PM] Loaded module 'prettier@1.19.1' from '/home/youssef/Downloads/opt/restaurant-app-v2/frontend/node_modules/prettier/index.js'
["INFO" - 4:57:08 PM] File Info:
{
  "ignored": false,
  "inferredParser": "babel"
}
["INFO" - 4:57:08 PM] No local configuration (i.e. .prettierrc or .editorconfig) detected, falling back to VS Code configuration
["INFO" - 4:57:08 PM] Prettier Options:
{
  "arrowParens": "always",
  "bracketSpacing": true,
  "endOfLine": "lf",
  "htmlWhitespaceSensitivity": "css",
  "insertPragma": false,
  "jsxBracketSameLine": false,
  "jsxSingleQuote": false,
  "printWidth": 80,
  "proseWrap": "preserve",
  "quoteProps": "as-needed",
  "requirePragma": false,
  "semi": true,
  "singleQuote": false,
  "tabWidth": 2,
  "trailingComma": "es5",
  "useTabs": false,
  "vueIndentScriptAndStyle": false,
  "filepath": "/home/youssef/Downloads/opt/restaurant-app-v2/frontend/src/store.js",
  "parser": "babel"
}
["INFO" - 4:57:08 PM] Formatting completed in 128.862699ms.
["INFO" - 4:58:05 PM] Formatting /home/youssef/Downloads/opt/restaurant-app-v2/frontend/src/router.js
["INFO" - 4:58:05 PM] Using ignore file (if present) at /home/youssef/Downloads/opt/restaurant-app-v2/.prettierignore
["INFO" - 4:58:05 PM] Loaded module 'prettier@1.19.1' from '/home/youssef/Downloads/opt/restaurant-app-v2/frontend/node_modules/prettier/index.js'
["INFO" - 4:58:05 PM] File Info:
{
  "ignored": false,
  "inferredParser": "babel"
}
["INFO" - 4:58:05 PM] No local configuration (i.e. .prettierrc or .editorconfig) detected, falling back to VS Code configuration
["INFO" - 4:58:05 PM] Prettier Options:
{
  "arrowParens": "always",
  "bracketSpacing": true,
  "endOfLine": "lf",
  "htmlWhitespaceSensitivity": "css",
  "insertPragma": false,
  "jsxBracketSameLine": false,
  "jsxSingleQuote": false,
  "printWidth": 80,
  "proseWrap": "preserve",
  "quoteProps": "as-needed",
  "requirePragma": false,
  "semi": true,
  "singleQuote": false,
  "tabWidth": 2,
  "trailingComma": "es5",
  "useTabs": false,
  "vueIndentScriptAndStyle": false,
  "filepath": "/home/youssef/Downloads/opt/restaurant-app-v2/frontend/src/router.js",
  "parser": "babel"
}
["INFO" - 4:58:05 PM] Formatting completed in 119.521432ms.
["INFO" - 4:59:03 PM] Formatting /home/youssef/Downloads/opt/restaurant-app-v2/frontend/src/store.js
["INFO" - 4:59:03 PM] Using ignore file (if present) at /home/youssef/Downloads/opt/restaurant-app-v2/.prettierignore
["INFO" - 4:59:03 PM] Loaded module 'prettier@1.19.1' from '/home/youssef/Downloads/opt/restaurant-app-v2/frontend/node_modules/prettier/index.js'
["INFO" - 4:59:03 PM] File Info:
{
  "ignored": false,
  "inferredParser": "babel"
}
["INFO" - 4:59:03 PM] No local configuration (i.e. .prettierrc or .editorconfig) detected, falling back to VS Code configuration
["INFO" - 4:59:03 PM] Prettier Options:
{
  "arrowParens": "always",
  "bracketSpacing": true,
  "endOfLine": "lf",
  "htmlWhitespaceSensitivity": "css",
  "insertPragma": false,
  "jsxBracketSameLine": false,
  "jsxSingleQuote": false,
  "printWidth": 80,
  "proseWrap": "preserve",
  "quoteProps": "as-needed",
  "requirePragma": false,
  "semi": true,
  "singleQuote": false,
  "tabWidth": 2,
  "trailingComma": "es5",
  "useTabs": false,
  "vueIndentScriptAndStyle": false,
  "filepath": "/home/youssef/Downloads/opt/restaurant-app-v2/frontend/src/store.js",
  "parser": "babel"
}
["INFO" - 4:59:03 PM] Formatting completed in 142.957065ms.
["INFO" - 4:59:33 PM] Formatting /home/youssef/Downloads/opt/restaurant-app-v2/frontend/src/router.js
["INFO" - 4:59:33 PM] Using ignore file (if present) at /home/youssef/Downloads/opt/restaurant-app-v2/.prettierignore
["INFO" - 4:59:33 PM] Loaded module 'prettier@1.19.1' from '/home/youssef/Downloads/opt/restaurant-app-v2/frontend/node_modules/prettier/index.js'
["INFO" - 4:59:33 PM] File Info:
{
  "ignored": false,
  "inferredParser": "babel"
}
["INFO" - 4:59:33 PM] No local configuration (i.e. .prettierrc or .editorconfig) detected, falling back to VS Code configuration
["INFO" - 4:59:33 PM] Prettier Options:
{
  "arrowParens": "always",
  "bracketSpacing": true,
  "endOfLine": "lf",
  "htmlWhitespaceSensitivity": "css",
  "insertPragma": false,
  "jsxBracketSameLine": false,
  "jsxSingleQuote": false,
  "printWidth": 80,
  "proseWrap": "preserve",
  "quoteProps": "as-needed",
  "requirePragma": false,
  "semi": true,
  "singleQuote": false,
  "tabWidth": 2,
  "trailingComma": "es5",
  "useTabs": false,
  "vueIndentScriptAndStyle": false,
  "filepath": "/home/youssef/Downloads/opt/restaurant-app-v2/frontend/src/router.js",
  "parser": "babel"
}
["INFO" - 4:59:34 PM] Formatting completed in 121.924169ms.
["INFO" - 6:38:41 PM] Formatting /home/youssef/Downloads/opt/restaurant-app-v2/README.md
["INFO" - 6:38:41 PM] Using ignore file (if present) at /home/youssef/Downloads/opt/restaurant-app-v2/.prettierignore
["INFO" - 6:38:41 PM] Using bundled version of prettier.
["INFO" - 6:38:41 PM] File Info:
{
  "ignored": false,
  "inferredParser": "markdown"
}
["INFO" - 6:38:41 PM] No local configuration (i.e. .prettierrc or .editorconfig) detected, falling back to VS Code configuration
["INFO" - 6:38:41 PM] Prettier Options:
{
  "arrowParens": "always",
  "bracketSpacing": true,
  "endOfLine": "lf",
  "htmlWhitespaceSensitivity": "css",
  "insertPragma": false,
  "jsxBracketSameLine": false,
  "jsxSingleQuote": false,
  "printWidth": 80,
  "proseWrap": "preserve",
  "quoteProps": "as-needed",
  "requirePragma": false,
  "semi": true,
  "singleQuote": false,
  "tabWidth": 2,
  "trailingComma": "es5",
  "useTabs": false,
  "vueIndentScriptAndStyle": false,
  "filepath": "/home/youssef/Downloads/opt/restaurant-app-v2/README.md",
  "parser": "markdown"
}
["INFO" - 6:38:42 PM] Formatting completed in 830.944874ms.
["INFO" - 6:38:51 PM] Formatting /home/youssef/Downloads/opt/restaurant-app-v2/README.md
["INFO" - 6:38:51 PM] Using ignore file (if present) at /home/youssef/Downloads/opt/restaurant-app-v2/.prettierignore
["INFO" - 6:38:51 PM] Using bundled version of prettier.
["INFO" - 6:38:51 PM] File Info:
{
  "ignored": false,
  "inferredParser": "markdown"
}
["INFO" - 6:38:51 PM] No local configuration (i.e. .prettierrc or .editorconfig) detected, falling back to VS Code configuration
["INFO" - 6:38:51 PM] Prettier Options:
{
  "arrowParens": "always",
  "bracketSpacing": true,
  "endOfLine": "lf",
  "htmlWhitespaceSensitivity": "css",
  "insertPragma": false,
  "jsxBracketSameLine": false,
  "jsxSingleQuote": false,
  "printWidth": 80,
  "proseWrap": "preserve",
  "quoteProps": "as-needed",
  "requirePragma": false,
  "semi": true,
  "singleQuote": false,
  "tabWidth": 2,
  "trailingComma": "es5",
  "useTabs": false,
  "vueIndentScriptAndStyle": false,
  "filepath": "/home/youssef/Downloads/opt/restaurant-app-v2/README.md",
  "parser": "markdown"
}
["INFO" - 6:38:51 PM] Formatting completed in 269.240157ms.
["INFO" - 6:41:37 PM] Formatting /home/youssef/Downloads/opt/restaurant-app-v2/README.md
["INFO" - 6:41:37 PM] Using ignore file (if present) at /home/youssef/Downloads/opt/restaurant-app-v2/.prettierignore
["INFO" - 6:41:37 PM] Using bundled version of prettier.
["INFO" - 6:41:37 PM] File Info:
{
  "ignored": false,
  "inferredParser": "markdown"
}
["INFO" - 6:41:37 PM] No local configuration (i.e. .prettierrc or .editorconfig) detected, falling back to VS Code configuration
["INFO" - 6:41:37 PM] Prettier Options:
{
  "arrowParens": "always",
  "bracketSpacing": true,
  "endOfLine": "lf",
  "htmlWhitespaceSensitivity": "css",
  "insertPragma": false,
  "jsxBracketSameLine": false,
  "jsxSingleQuote": false,
  "printWidth": 80,
  "proseWrap": "preserve",
  "quoteProps": "as-needed",
  "requirePragma": false,
  "semi": true,
  "singleQuote": false,
  "tabWidth": 2,
  "trailingComma": "es5",
  "useTabs": false,
  "vueIndentScriptAndStyle": false,
  "filepath": "/home/youssef/Downloads/opt/restaurant-app-v2/README.md",
  "parser": "markdown"
}
["INFO" - 6:41:37 PM] Formatting completed in 330.729982ms.
["INFO" - 6:42:23 PM] Formatting /home/youssef/Downloads/opt/restaurant-app-v2/README.md
["INFO" - 6:42:23 PM] Using ignore file (if present) at /home/youssef/Downloads/opt/restaurant-app-v2/.prettierignore
["INFO" - 6:42:23 PM] Using bundled version of prettier.
["INFO" - 6:42:23 PM] File Info:
{
  "ignored": false,
  "inferredParser": "markdown"
}
["INFO" - 6:42:23 PM] No local configuration (i.e. .prettierrc or .editorconfig) detected, falling back to VS Code configuration
["INFO" - 6:42:23 PM] Prettier Options:
{
  "arrowParens": "always",
  "bracketSpacing": true,
  "endOfLine": "lf",
  "htmlWhitespaceSensitivity": "css",
  "insertPragma": false,
  "jsxBracketSameLine": false,
  "jsxSingleQuote": false,
  "printWidth": 80,
  "proseWrap": "preserve",
  "quoteProps": "as-needed",
  "requirePragma": false,
  "semi": true,
  "singleQuote": false,
  "tabWidth": 2,
  "trailingComma": "es5",
  "useTabs": false,
  "vueIndentScriptAndStyle": false,
  "filepath": "/home/youssef/Downloads/opt/restaurant-app-v2/README.md",
  "parser": "markdown"
}
["INFO" - 6:42:23 PM] Formatting completed in 339.940991ms.
["INFO" - 6:44:16 PM] Formatting /home/youssef/Downloads/opt/restaurant-app-v2/README.md
["INFO" - 6:44:16 PM] Using ignore file (if present) at /home/youssef/Downloads/opt/restaurant-app-v2/.prettierignore
["INFO" - 6:44:16 PM] Using bundled version of prettier.
["INFO" - 6:44:16 PM] File Info:
{
  "ignored": false,
  "inferredParser": "markdown"
}
["INFO" - 6:44:16 PM] No local configuration (i.e. .prettierrc or .editorconfig) detected, falling back to VS Code configuration
["INFO" - 6:44:16 PM] Prettier Options:
{
  "arrowParens": "always",
  "bracketSpacing": true,
  "endOfLine": "lf",
  "htmlWhitespaceSensitivity": "css",
  "insertPragma": false,
  "jsxBracketSameLine": false,
  "jsxSingleQuote": false,
  "printWidth": 80,
  "proseWrap": "preserve",
  "quoteProps": "as-needed",
  "requirePragma": false,
  "semi": true,
  "singleQuote": false,
  "tabWidth": 2,
  "trailingComma": "es5",
  "useTabs": false,
  "vueIndentScriptAndStyle": false,
  "filepath": "/home/youssef/Downloads/opt/restaurant-app-v2/README.md",
  "parser": "markdown"
}
["INFO" - 6:44:17 PM] Formatting completed in 432.856476ms.
["INFO" - 6:44:21 PM] Formatting /home/youssef/Downloads/opt/restaurant-app-v2/README.md
["INFO" - 6:44:21 PM] Using ignore file (if present) at /home/youssef/Downloads/opt/restaurant-app-v2/.prettierignore
["INFO" - 6:44:21 PM] Using bundled version of prettier.
["INFO" - 6:44:21 PM] File Info:
{
  "ignored": false,
  "inferredParser": "markdown"
}
["INFO" - 6:44:21 PM] No local configuration (i.e. .prettierrc or .editorconfig) detected, falling back to VS Code configuration
["INFO" - 6:44:21 PM] Prettier Options:
{
  "arrowParens": "always",
  "bracketSpacing": true,
  "endOfLine": "lf",
  "htmlWhitespaceSensitivity": "css",
  "insertPragma": false,
  "jsxBracketSameLine": false,
  "jsxSingleQuote": false,
  "printWidth": 80,
  "proseWrap": "preserve",
  "quoteProps": "as-needed",
  "requirePragma": false,
  "semi": true,
  "singleQuote": false,
  "tabWidth": 2,
  "trailingComma": "es5",
  "useTabs": false,
  "vueIndentScriptAndStyle": false,
  "filepath": "/home/youssef/Downloads/opt/restaurant-app-v2/README.md",
  "parser": "markdown"
}
["INFO" - 6:44:22 PM] Formatting completed in 336.707628ms.
["INFO" - 6:47:19 PM] Formatting /home/youssef/Downloads/opt/restaurant-app-v2/README.md
["INFO" - 6:47:19 PM] Using ignore file (if present) at /home/youssef/Downloads/opt/restaurant-app-v2/.prettierignore
["INFO" - 6:47:19 PM] Using bundled version of prettier.
["INFO" - 6:47:20 PM] File Info:
{
  "ignored": false,
  "inferredParser": "markdown"
}
["INFO" - 6:47:20 PM] No local configuration (i.e. .prettierrc or .editorconfig) detected, falling back to VS Code configuration
["INFO" - 6:47:20 PM] Prettier Options:
{
  "arrowParens": "always",
  "bracketSpacing": true,
  "endOfLine": "lf",
  "htmlWhitespaceSensitivity": "css",
  "insertPragma": false,
  "jsxBracketSameLine": false,
  "jsxSingleQuote": false,
  "printWidth": 80,
  "proseWrap": "preserve",
  "quoteProps": "as-needed",
  "requirePragma": false,
  "semi": true,
  "singleQuote": false,
  "tabWidth": 2,
  "trailingComma": "es5",
  "useTabs": false,
  "vueIndentScriptAndStyle": false,
  "filepath": "/home/youssef/Downloads/opt/restaurant-app-v2/README.md",
  "parser": "markdown"
}
["INFO" - 6:47:20 PM] Formatting completed in 324.813613ms.
["INFO" - 6:49:49 PM] Formatting /home/youssef/Downloads/opt/restaurant-app-v2/README.md
["INFO" - 6:49:49 PM] Using ignore file (if present) at /home/youssef/Downloads/opt/restaurant-app-v2/.prettierignore
["INFO" - 6:49:49 PM] Using bundled version of prettier.
["INFO" - 6:49:49 PM] File Info:
{
  "ignored": false,
  "inferredParser": "markdown"
}
["INFO" - 6:49:50 PM] No local configuration (i.e. .prettierrc or .editorconfig) detected, falling back to VS Code configuration
["INFO" - 6:49:50 PM] Prettier Options:
{
  "arrowParens": "always",
  "bracketSpacing": true,
  "endOfLine": "lf",
  "htmlWhitespaceSensitivity": "css",
  "insertPragma": false,
  "jsxBracketSameLine": false,
  "jsxSingleQuote": false,
  "printWidth": 80,
  "proseWrap": "preserve",
  "quoteProps": "as-needed",
  "requirePragma": false,
  "semi": true,
  "singleQuote": false,
  "tabWidth": 2,
  "trailingComma": "es5",
  "useTabs": false,
  "vueIndentScriptAndStyle": false,
  "filepath": "/home/youssef/Downloads/opt/restaurant-app-v2/README.md",
  "parser": "markdown"
}
["INFO" - 6:49:50 PM] Formatting completed in 428.764614ms.
["INFO" - 6:50:14 PM] Formatting /home/youssef/Downloads/opt/restaurant-app-v2/database/migrations/20200409184836_product_category.js
["INFO" - 6:50:14 PM] Using ignore file (if present) at /home/youssef/Downloads/opt/restaurant-app-v2/.prettierignore
["INFO" - 6:50:14 PM] Using bundled version of prettier.
["INFO" - 6:50:14 PM] File Info:
{
  "ignored": false,
  "inferredParser": "babel"
}
["INFO" - 6:50:14 PM] No local configuration (i.e. .prettierrc or .editorconfig) detected, falling back to VS Code configuration
["INFO" - 6:50:14 PM] Prettier Options:
{
  "arrowParens": "always",
  "bracketSpacing": true,
  "endOfLine": "lf",
  "htmlWhitespaceSensitivity": "css",
  "insertPragma": false,
  "jsxBracketSameLine": false,
  "jsxSingleQuote": false,
  "printWidth": 80,
  "proseWrap": "preserve",
  "quoteProps": "as-needed",
  "requirePragma": false,
  "semi": true,
  "singleQuote": false,
  "tabWidth": 2,
  "trailingComma": "es5",
  "useTabs": false,
  "vueIndentScriptAndStyle": false,
  "filepath": "/home/youssef/Downloads/opt/restaurant-app-v2/database/migrations/20200409184836_product_category.js",
  "parser": "babel"
}
["INFO" - 6:50:14 PM] Formatting completed in 235.229002ms.
["INFO" - 6:51:53 PM] Formatting /home/youssef/Downloads/opt/restaurant-app-v2/database/helpers/index.js
["INFO" - 6:51:53 PM] Using ignore file (if present) at /home/youssef/Downloads/opt/restaurant-app-v2/.prettierignore
["INFO" - 6:51:53 PM] Using bundled version of prettier.
["INFO" - 6:51:53 PM] File Info:
{
  "ignored": false,
  "inferredParser": "babel"
}
["INFO" - 6:51:53 PM] No local configuration (i.e. .prettierrc or .editorconfig) detected, falling back to VS Code configuration
["INFO" - 6:51:53 PM] Prettier Options:
{
  "arrowParens": "always",
  "bracketSpacing": true,
  "endOfLine": "lf",
  "htmlWhitespaceSensitivity": "css",
  "insertPragma": false,
  "jsxBracketSameLine": false,
  "jsxSingleQuote": false,
  "printWidth": 80,
  "proseWrap": "preserve",
  "quoteProps": "as-needed",
  "requirePragma": false,
  "semi": true,
  "singleQuote": false,
  "tabWidth": 2,
  "trailingComma": "es5",
  "useTabs": false,
  "vueIndentScriptAndStyle": false,
  "filepath": "/home/youssef/Downloads/opt/restaurant-app-v2/database/helpers/index.js",
  "parser": "babel"
}
["INFO" - 6:51:53 PM] Formatting completed in 195.715356ms.
["INFO" - 6:53:18 PM] Formatting /home/youssef/Downloads/opt/restaurant-app-v2/database/migrations/20200405144216_user.js
["INFO" - 6:53:18 PM] Using ignore file (if present) at /home/youssef/Downloads/opt/restaurant-app-v2/.prettierignore
["INFO" - 6:53:18 PM] Using bundled version of prettier.
["INFO" - 6:53:18 PM] File Info:
{
  "ignored": false,
  "inferredParser": "babel"
}
["INFO" - 6:53:18 PM] No local configuration (i.e. .prettierrc or .editorconfig) detected, falling back to VS Code configuration
["INFO" - 6:53:18 PM] Prettier Options:
{
  "arrowParens": "always",
  "bracketSpacing": true,
  "endOfLine": "lf",
  "htmlWhitespaceSensitivity": "css",
  "insertPragma": false,
  "jsxBracketSameLine": false,
  "jsxSingleQuote": false,
  "printWidth": 80,
  "proseWrap": "preserve",
  "quoteProps": "as-needed",
  "requirePragma": false,
  "semi": true,
  "singleQuote": false,
  "tabWidth": 2,
  "trailingComma": "es5",
  "useTabs": false,
  "vueIndentScriptAndStyle": false,
  "filepath": "/home/youssef/Downloads/opt/restaurant-app-v2/database/migrations/20200405144216_user.js",
  "parser": "babel"
}
["INFO" - 6:53:18 PM] Formatting completed in 267.902459ms.
["INFO" - 6:54:42 PM] Formatting /home/youssef/Downloads/opt/restaurant-app-v2/database/helpers/index.js
["INFO" - 6:54:42 PM] Using ignore file (if present) at /home/youssef/Downloads/opt/restaurant-app-v2/.prettierignore
["INFO" - 6:54:42 PM] Using bundled version of prettier.
["INFO" - 6:54:42 PM] File Info:
{
  "ignored": false,
  "inferredParser": "babel"
}
["INFO" - 6:54:42 PM] No local configuration (i.e. .prettierrc or .editorconfig) detected, falling back to VS Code configuration
["INFO" - 6:54:42 PM] Prettier Options:
{
  "arrowParens": "always",
  "bracketSpacing": true,
  "endOfLine": "lf",
  "htmlWhitespaceSensitivity": "css",
  "insertPragma": false,
  "jsxBracketSameLine": false,
  "jsxSingleQuote": false,
  "printWidth": 80,
  "proseWrap": "preserve",
  "quoteProps": "as-needed",
  "requirePragma": false,
  "semi": true,
  "singleQuote": false,
  "tabWidth": 2,
  "trailingComma": "es5",
  "useTabs": false,
  "vueIndentScriptAndStyle": false,
  "filepath": "/home/youssef/Downloads/opt/restaurant-app-v2/database/helpers/index.js",
  "parser": "babel"
}
["INFO" - 6:54:42 PM] Formatting completed in 88.120241ms.
["INFO" - 6:54:59 PM] Formatting /home/youssef/Downloads/opt/restaurant-app-v2/database/migrations/20200405144216_user.js
["INFO" - 6:54:59 PM] Using ignore file (if present) at /home/youssef/Downloads/opt/restaurant-app-v2/.prettierignore
["INFO" - 6:54:59 PM] Using bundled version of prettier.
["INFO" - 6:54:59 PM] File Info:
{
  "ignored": false,
  "inferredParser": "babel"
}
["INFO" - 6:54:59 PM] No local configuration (i.e. .prettierrc or .editorconfig) detected, falling back to VS Code configuration
["INFO" - 6:54:59 PM] Prettier Options:
{
  "arrowParens": "always",
  "bracketSpacing": true,
  "endOfLine": "lf",
  "htmlWhitespaceSensitivity": "css",
  "insertPragma": false,
  "jsxBracketSameLine": false,
  "jsxSingleQuote": false,
  "printWidth": 80,
  "proseWrap": "preserve",
  "quoteProps": "as-needed",
  "requirePragma": false,
  "semi": true,
  "singleQuote": false,
  "tabWidth": 2,
  "trailingComma": "es5",
  "useTabs": false,
  "vueIndentScriptAndStyle": false,
  "filepath": "/home/youssef/Downloads/opt/restaurant-app-v2/database/migrations/20200405144216_user.js",
  "parser": "babel"
}
["INFO" - 6:54:59 PM] Formatting completed in 80.175297ms.
["INFO" - 6:56:18 PM] Formatting /home/youssef/Downloads/opt/restaurant-app-v2/database/helpers/index.js
["INFO" - 6:56:18 PM] Using ignore file (if present) at /home/youssef/Downloads/opt/restaurant-app-v2/.prettierignore
["INFO" - 6:56:18 PM] Using bundled version of prettier.
["INFO" - 6:56:18 PM] File Info:
{
  "ignored": false,
  "inferredParser": "babel"
}
["INFO" - 6:56:18 PM] No local configuration (i.e. .prettierrc or .editorconfig) detected, falling back to VS Code configuration
["INFO" - 6:56:18 PM] Prettier Options:
{
  "arrowParens": "always",
  "bracketSpacing": true,
  "endOfLine": "lf",
  "htmlWhitespaceSensitivity": "css",
  "insertPragma": false,
  "jsxBracketSameLine": false,
  "jsxSingleQuote": false,
  "printWidth": 80,
  "proseWrap": "preserve",
  "quoteProps": "as-needed",
  "requirePragma": false,
  "semi": true,
  "singleQuote": false,
  "tabWidth": 2,
  "trailingComma": "es5",
  "useTabs": false,
  "vueIndentScriptAndStyle": false,
  "filepath": "/home/youssef/Downloads/opt/restaurant-app-v2/database/helpers/index.js",
  "parser": "babel"
}
["INFO" - 6:56:19 PM] Formatting completed in 88.386302ms.
["INFO" - 6:57:08 PM] Formatting /home/youssef/Downloads/opt/restaurant-app-v2/database/helpers/index.js
["INFO" - 6:57:08 PM] Using ignore file (if present) at /home/youssef/Downloads/opt/restaurant-app-v2/.prettierignore
["INFO" - 6:57:08 PM] Using bundled version of prettier.
["INFO" - 6:57:08 PM] File Info:
{
  "ignored": false,
  "inferredParser": "babel"
}
["INFO" - 6:57:08 PM] No local configuration (i.e. .prettierrc or .editorconfig) detected, falling back to VS Code configuration
["INFO" - 6:57:08 PM] Prettier Options:
{
  "arrowParens": "always",
  "bracketSpacing": true,
  "endOfLine": "lf",
  "htmlWhitespaceSensitivity": "css",
  "insertPragma": false,
  "jsxBracketSameLine": false,
  "jsxSingleQuote": false,
  "printWidth": 80,
  "proseWrap": "preserve",
  "quoteProps": "as-needed",
  "requirePragma": false,
  "semi": true,
  "singleQuote": false,
  "tabWidth": 2,
  "trailingComma": "es5",
  "useTabs": false,
  "vueIndentScriptAndStyle": false,
  "filepath": "/home/youssef/Downloads/opt/restaurant-app-v2/database/helpers/index.js",
  "parser": "babel"
}
["INFO" - 6:57:08 PM] Formatting completed in 73.556427ms.
["INFO" - 6:57:37 PM] Formatting /home/youssef/Downloads/opt/restaurant-app-v2/database/migrations/20200409184836_product_category.js
["INFO" - 6:57:37 PM] Using ignore file (if present) at /home/youssef/Downloads/opt/restaurant-app-v2/.prettierignore
["INFO" - 6:57:37 PM] Using bundled version of prettier.
["INFO" - 6:57:37 PM] File Info:
{
  "ignored": false,
  "inferredParser": "babel"
}
["INFO" - 6:57:37 PM] No local configuration (i.e. .prettierrc or .editorconfig) detected, falling back to VS Code configuration
["INFO" - 6:57:37 PM] Prettier Options:
{
  "arrowParens": "always",
  "bracketSpacing": true,
  "endOfLine": "lf",
  "htmlWhitespaceSensitivity": "css",
  "insertPragma": false,
  "jsxBracketSameLine": false,
  "jsxSingleQuote": false,
  "printWidth": 80,
  "proseWrap": "preserve",
  "quoteProps": "as-needed",
  "requirePragma": false,
  "semi": true,
  "singleQuote": false,
  "tabWidth": 2,
  "trailingComma": "es5",
  "useTabs": false,
  "vueIndentScriptAndStyle": false,
  "filepath": "/home/youssef/Downloads/opt/restaurant-app-v2/database/migrations/20200409184836_product_category.js",
  "parser": "babel"
}
["INFO" - 6:57:37 PM] Formatting completed in 78.831923ms.
["INFO" - 6:58:46 PM] Formatting /home/youssef/Downloads/opt/restaurant-app-v2/database/helpers/index.js
["INFO" - 6:58:46 PM] Using ignore file (if present) at /home/youssef/Downloads/opt/restaurant-app-v2/.prettierignore
["INFO" - 6:58:46 PM] Using bundled version of prettier.
["INFO" - 6:58:46 PM] File Info:
{
  "ignored": false,
  "inferredParser": "babel"
}
["INFO" - 6:58:46 PM] No local configuration (i.e. .prettierrc or .editorconfig) detected, falling back to VS Code configuration
["INFO" - 6:58:46 PM] Prettier Options:
{
  "arrowParens": "always",
  "bracketSpacing": true,
  "endOfLine": "lf",
  "htmlWhitespaceSensitivity": "css",
  "insertPragma": false,
  "jsxBracketSameLine": false,
  "jsxSingleQuote": false,
  "printWidth": 80,
  "proseWrap": "preserve",
  "quoteProps": "as-needed",
  "requirePragma": false,
  "semi": true,
  "singleQuote": false,
  "tabWidth": 2,
  "trailingComma": "es5",
  "useTabs": false,
  "vueIndentScriptAndStyle": false,
  "filepath": "/home/youssef/Downloads/opt/restaurant-app-v2/database/helpers/index.js",
  "parser": "babel"
}
["INFO" - 6:58:46 PM] Formatting completed in 95.321307ms.
["INFO" - 6:58:54 PM] Formatting /home/youssef/Downloads/opt/restaurant-app-v2/database/migrations/20200409184836_product_category.js
["INFO" - 6:58:54 PM] Using ignore file (if present) at /home/youssef/Downloads/opt/restaurant-app-v2/.prettierignore
["INFO" - 6:58:54 PM] Using bundled version of prettier.
["INFO" - 6:58:54 PM] File Info:
{
  "ignored": false,
  "inferredParser": "babel"
}
["INFO" - 6:58:54 PM] No local configuration (i.e. .prettierrc or .editorconfig) detected, falling back to VS Code configuration
["INFO" - 6:58:54 PM] Prettier Options:
{
  "arrowParens": "always",
  "bracketSpacing": true,
  "endOfLine": "lf",
  "htmlWhitespaceSensitivity": "css",
  "insertPragma": false,
  "jsxBracketSameLine": false,
  "jsxSingleQuote": false,
  "printWidth": 80,
  "proseWrap": "preserve",
  "quoteProps": "as-needed",
  "requirePragma": false,
  "semi": true,
  "singleQuote": false,
  "tabWidth": 2,
  "trailingComma": "es5",
  "useTabs": false,
  "vueIndentScriptAndStyle": false,
  "filepath": "/home/youssef/Downloads/opt/restaurant-app-v2/database/migrations/20200409184836_product_category.js",
  "parser": "babel"
}
["INFO" - 6:58:54 PM] Formatting completed in 72.839352ms.
["INFO" - 6:59:34 PM] Formatting /home/youssef/Downloads/opt/restaurant-app-v2/database/migrations/20200409184836_product_category.js
["INFO" - 6:59:34 PM] Using ignore file (if present) at /home/youssef/Downloads/opt/restaurant-app-v2/.prettierignore
["INFO" - 6:59:34 PM] Using bundled version of prettier.
["INFO" - 6:59:34 PM] File Info:
{
  "ignored": false,
  "inferredParser": "babel"
}
["INFO" - 6:59:34 PM] No local configuration (i.e. .prettierrc or .editorconfig) detected, falling back to VS Code configuration
["INFO" - 6:59:34 PM] Prettier Options:
{
  "arrowParens": "always",
  "bracketSpacing": true,
  "endOfLine": "lf",
  "htmlWhitespaceSensitivity": "css",
  "insertPragma": false,
  "jsxBracketSameLine": false,
  "jsxSingleQuote": false,
  "printWidth": 80,
  "proseWrap": "preserve",
  "quoteProps": "as-needed",
  "requirePragma": false,
  "semi": true,
  "singleQuote": false,
  "tabWidth": 2,
  "trailingComma": "es5",
  "useTabs": false,
  "vueIndentScriptAndStyle": false,
  "filepath": "/home/youssef/Downloads/opt/restaurant-app-v2/database/migrations/20200409184836_product_category.js",
  "parser": "babel"
}
["INFO" - 6:59:34 PM] Formatting completed in 70.923786ms.
["INFO" - 6:59:54 PM] Formatting /home/youssef/Downloads/opt/restaurant-app-v2/database/migrations/20200409184836_product_category.js
["INFO" - 6:59:54 PM] Using ignore file (if present) at /home/youssef/Downloads/opt/restaurant-app-v2/.prettierignore
["INFO" - 6:59:54 PM] Using bundled version of prettier.
["INFO" - 6:59:54 PM] File Info:
{
  "ignored": false,
  "inferredParser": "babel"
}
["INFO" - 6:59:54 PM] No local configuration (i.e. .prettierrc or .editorconfig) detected, falling back to VS Code configuration
["INFO" - 6:59:54 PM] Prettier Options:
{
  "arrowParens": "always",
  "bracketSpacing": true,
  "endOfLine": "lf",
  "htmlWhitespaceSensitivity": "css",
  "insertPragma": false,
  "jsxBracketSameLine": false,
  "jsxSingleQuote": false,
  "printWidth": 80,
  "proseWrap": "preserve",
  "quoteProps": "as-needed",
  "requirePragma": false,
  "semi": true,
  "singleQuote": false,
  "tabWidth": 2,
  "trailingComma": "es5",
  "useTabs": false,
  "vueIndentScriptAndStyle": false,
  "filepath": "/home/youssef/Downloads/opt/restaurant-app-v2/database/migrations/20200409184836_product_category.js",
  "parser": "babel"
}
["INFO" - 6:59:54 PM] Formatting completed in 102.419498ms.
["INFO" - 7:00:21 PM] Formatting /home/youssef/Downloads/opt/restaurant-app-v2/database/src/db/constants/index.js
["INFO" - 7:00:21 PM] Using ignore file (if present) at /home/youssef/Downloads/opt/restaurant-app-v2/.prettierignore
["INFO" - 7:00:21 PM] Using bundled version of prettier.
["INFO" - 7:00:21 PM] File Info:
{
  "ignored": false,
  "inferredParser": "babel"
}
["INFO" - 7:00:21 PM] No local configuration (i.e. .prettierrc or .editorconfig) detected, falling back to VS Code configuration
["INFO" - 7:00:21 PM] Prettier Options:
{
  "arrowParens": "always",
  "bracketSpacing": true,
  "endOfLine": "lf",
  "htmlWhitespaceSensitivity": "css",
  "insertPragma": false,
  "jsxBracketSameLine": false,
  "jsxSingleQuote": false,
  "printWidth": 80,
  "proseWrap": "preserve",
  "quoteProps": "as-needed",
  "requirePragma": false,
  "semi": true,
  "singleQuote": false,
  "tabWidth": 2,
  "trailingComma": "es5",
  "useTabs": false,
  "vueIndentScriptAndStyle": false,
  "filepath": "/home/youssef/Downloads/opt/restaurant-app-v2/database/src/db/constants/index.js",
  "parser": "babel"
}
["INFO" - 7:00:21 PM] Formatting completed in 80.23824ms.
