[2020-04-13 11:50:05.462] [renderer1] [error] <syntax> TypeScript Server Error (3.8.3)
Debug Failure. False expression: Expected line to be non-zero
Error: Debug Failure. False expression: Expected line to be non-zero
    at failIfInvalidLocation (tsserver.js:138899:22)
    at ScriptInfo.positionToLineOffset (tsserver.js:138872:17)
    at toProtocolTextSpan (tsserver.js:146077:35)
    at tsserver.js:145608:68
    at Array.map (<anonymous>)
    at IOSession.Session.toLocationNavigationTree (tsserver.js:145608:39)
    at IOSession.Session.getNavigationTree (tsserver.js:145619:32)
    at Session.handlers.ts.createMapFromTemplate._a.<computed> (tsserver.js:144481:61)
    at tsserver.js:146003:88
    at IOSession.Session.executeWithRequestId (tsserver.js:145994:28)
    at IOSession.Session.executeCommand (tsserver.js:146003:33)
    at IOSession.Session.onMessage (tsserver.js:146027:35)
    at Interface.<anonymous> (tsserver.js:147342:27)
    at Interface.emit (events.js:203:13)
    at Interface._onLine (readline.js:316:10)
    at Interface._normalWrite (readline.js:461:12)
    at Socket.ondata (readline.js:172:10)
    at Socket.emit (events.js:203:13)
    at addChunk (_stream_readable.js:295:12)
    at readableAddChunk (_stream_readable.js:276:11)
    at Socket.Readable.push (_stream_readable.js:210:10)
    at Pipe.onStreamRead (internal/stream_base_commons.js:166:17): Error: <syntax> TypeScript Server Error (3.8.3)
Debug Failure. False expression: Expected line to be non-zero
Error: Debug Failure. False expression: Expected line to be non-zero
    at failIfInvalidLocation (tsserver.js:138899:22)
    at ScriptInfo.positionToLineOffset (tsserver.js:138872:17)
    at toProtocolTextSpan (tsserver.js:146077:35)
    at tsserver.js:145608:68
    at Array.map (<anonymous>)
    at IOSession.Session.toLocationNavigationTree (tsserver.js:145608:39)
    at IOSession.Session.getNavigationTree (tsserver.js:145619:32)
    at Session.handlers.ts.createMapFromTemplate._a.<computed> (tsserver.js:144481:61)
    at tsserver.js:146003:88
    at IOSession.Session.executeWithRequestId (tsserver.js:145994:28)
    at IOSession.Session.executeCommand (tsserver.js:146003:33)
    at IOSession.Session.onMessage (tsserver.js:146027:35)
    at Interface.<anonymous> (tsserver.js:147342:27)
    at Interface.emit (events.js:203:13)
    at Interface._onLine (readline.js:316:10)
    at Interface._normalWrite (readline.js:461:12)
    at Socket.ondata (readline.js:172:10)
    at Socket.emit (events.js:203:13)
    at addChunk (_stream_readable.js:295:12)
    at readableAddChunk (_stream_readable.js:276:11)
    at Socket.Readable.push (_stream_readable.js:210:10)
    at Pipe.onStreamRead (internal/stream_base_commons.js:166:17)
	at Function.create (/usr/share/code/resources/app/extensions/typescript-language-features/dist/extension.js:1:49958)
	at h.dispatchResponse (/usr/share/code/resources/app/extensions/typescript-language-features/dist/extension.js:1:216914)
	at h.dispatchMessage (/usr/share/code/resources/app/extensions/typescript-language-features/dist/extension.js:1:215832)
	at /usr/share/code/resources/app/extensions/typescript-language-features/dist/extension.js:1:215308
	at l.fire (/usr/share/code/resources/app/out/vs/workbench/services/extensions/node/extensionHostProcess.js:48:845)
	at t.Reader.onLengthData (/usr/share/code/resources/app/extensions/typescript-language-features/dist/extension.js:1:223870)
	at Socket.<anonymous> (/usr/share/code/resources/app/extensions/typescript-language-features/dist/extension.js:1:223518)
	at Socket.emit (events.js:203:13)
	at addChunk (_stream_readable.js:295:12)
	at readableAddChunk (_stream_readable.js:276:11)
	at Socket.Readable.push (_stream_readable.js:210:10)
	at Pipe.onStreamRead (internal/stream_base_commons.js:166:17)
[2020-04-13 12:06:35.605] [renderer1] [error] <syntax> TypeScript Server Error (3.8.3)
Debug Failure. False expression: Expected line to be non-zero
Error: Debug Failure. False expression: Expected line to be non-zero
    at failIfInvalidLocation (tsserver.js:138899:22)
    at ScriptInfo.positionToLineOffset (tsserver.js:138872:17)
    at toProtocolTextSpan (tsserver.js:146077:35)
    at tsserver.js:145608:68
    at Array.map (<anonymous>)
    at IOSession.Session.toLocationNavigationTree (tsserver.js:145608:39)
    at IOSession.Session.getNavigationTree (tsserver.js:145619:32)
    at Session.handlers.ts.createMapFromTemplate._a.<computed> (tsserver.js:144481:61)
    at tsserver.js:146003:88
    at IOSession.Session.executeWithRequestId (tsserver.js:145994:28)
    at IOSession.Session.executeCommand (tsserver.js:146003:33)
    at IOSession.Session.onMessage (tsserver.js:146027:35)
    at Interface.<anonymous> (tsserver.js:147342:27)
    at Interface.emit (events.js:203:13)
    at Interface._onLine (readline.js:316:10)
    at Interface._normalWrite (readline.js:461:12)
    at Socket.ondata (readline.js:172:10)
    at Socket.emit (events.js:203:13)
    at addChunk (_stream_readable.js:295:12)
    at readableAddChunk (_stream_readable.js:276:11)
    at Socket.Readable.push (_stream_readable.js:210:10)
    at Pipe.onStreamRead (internal/stream_base_commons.js:166:17): Error: <syntax> TypeScript Server Error (3.8.3)
Debug Failure. False expression: Expected line to be non-zero
Error: Debug Failure. False expression: Expected line to be non-zero
    at failIfInvalidLocation (tsserver.js:138899:22)
    at ScriptInfo.positionToLineOffset (tsserver.js:138872:17)
    at toProtocolTextSpan (tsserver.js:146077:35)
    at tsserver.js:145608:68
    at Array.map (<anonymous>)
    at IOSession.Session.toLocationNavigationTree (tsserver.js:145608:39)
    at IOSession.Session.getNavigationTree (tsserver.js:145619:32)
    at Session.handlers.ts.createMapFromTemplate._a.<computed> (tsserver.js:144481:61)
    at tsserver.js:146003:88
    at IOSession.Session.executeWithRequestId (tsserver.js:145994:28)
    at IOSession.Session.executeCommand (tsserver.js:146003:33)
    at IOSession.Session.onMessage (tsserver.js:146027:35)
    at Interface.<anonymous> (tsserver.js:147342:27)
    at Interface.emit (events.js:203:13)
    at Interface._onLine (readline.js:316:10)
    at Interface._normalWrite (readline.js:461:12)
    at Socket.ondata (readline.js:172:10)
    at Socket.emit (events.js:203:13)
    at addChunk (_stream_readable.js:295:12)
    at readableAddChunk (_stream_readable.js:276:11)
    at Socket.Readable.push (_stream_readable.js:210:10)
    at Pipe.onStreamRead (internal/stream_base_commons.js:166:17)
	at Function.create (/usr/share/code/resources/app/extensions/typescript-language-features/dist/extension.js:1:49958)
	at h.dispatchResponse (/usr/share/code/resources/app/extensions/typescript-language-features/dist/extension.js:1:216914)
	at h.dispatchMessage (/usr/share/code/resources/app/extensions/typescript-language-features/dist/extension.js:1:215832)
	at /usr/share/code/resources/app/extensions/typescript-language-features/dist/extension.js:1:215308
	at l.fire (/usr/share/code/resources/app/out/vs/workbench/services/extensions/node/extensionHostProcess.js:48:845)
	at t.Reader.onLengthData (/usr/share/code/resources/app/extensions/typescript-language-features/dist/extension.js:1:223870)
	at Socket.<anonymous> (/usr/share/code/resources/app/extensions/typescript-language-features/dist/extension.js:1:223518)
	at Socket.emit (events.js:203:13)
	at addChunk (_stream_readable.js:295:12)
	at readableAddChunk (_stream_readable.js:276:11)
	at Socket.Readable.push (_stream_readable.js:210:10)
	at Pipe.onStreamRead (internal/stream_base_commons.js:166:17)
[2020-04-13 12:08:14.198] [renderer1] [error] <syntax> TypeScript Server Error (3.8.3)
Debug Failure. False expression: Expected line to be non-zero
Error: Debug Failure. False expression: Expected line to be non-zero
    at failIfInvalidLocation (tsserver.js:138899:22)
    at ScriptInfo.positionToLineOffset (tsserver.js:138872:17)
    at toProtocolTextSpan (tsserver.js:146077:35)
    at tsserver.js:145608:68
    at Array.map (<anonymous>)
    at IOSession.Session.toLocationNavigationTree (tsserver.js:145608:39)
    at IOSession.Session.getNavigationTree (tsserver.js:145619:32)
    at Session.handlers.ts.createMapFromTemplate._a.<computed> (tsserver.js:144481:61)
    at tsserver.js:146003:88
    at IOSession.Session.executeWithRequestId (tsserver.js:145994:28)
    at IOSession.Session.executeCommand (tsserver.js:146003:33)
    at IOSession.Session.onMessage (tsserver.js:146027:35)
    at Interface.<anonymous> (tsserver.js:147342:27)
    at Interface.emit (events.js:203:13)
    at Interface._onLine (readline.js:316:10)
    at Interface._normalWrite (readline.js:461:12)
    at Socket.ondata (readline.js:172:10)
    at Socket.emit (events.js:203:13)
    at addChunk (_stream_readable.js:295:12)
    at readableAddChunk (_stream_readable.js:276:11)
    at Socket.Readable.push (_stream_readable.js:210:10)
    at Pipe.onStreamRead (internal/stream_base_commons.js:166:17): Error: <syntax> TypeScript Server Error (3.8.3)
Debug Failure. False expression: Expected line to be non-zero
Error: Debug Failure. False expression: Expected line to be non-zero
    at failIfInvalidLocation (tsserver.js:138899:22)
    at ScriptInfo.positionToLineOffset (tsserver.js:138872:17)
    at toProtocolTextSpan (tsserver.js:146077:35)
    at tsserver.js:145608:68
    at Array.map (<anonymous>)
    at IOSession.Session.toLocationNavigationTree (tsserver.js:145608:39)
    at IOSession.Session.getNavigationTree (tsserver.js:145619:32)
    at Session.handlers.ts.createMapFromTemplate._a.<computed> (tsserver.js:144481:61)
    at tsserver.js:146003:88
    at IOSession.Session.executeWithRequestId (tsserver.js:145994:28)
    at IOSession.Session.executeCommand (tsserver.js:146003:33)
    at IOSession.Session.onMessage (tsserver.js:146027:35)
    at Interface.<anonymous> (tsserver.js:147342:27)
    at Interface.emit (events.js:203:13)
    at Interface._onLine (readline.js:316:10)
    at Interface._normalWrite (readline.js:461:12)
    at Socket.ondata (readline.js:172:10)
    at Socket.emit (events.js:203:13)
    at addChunk (_stream_readable.js:295:12)
    at readableAddChunk (_stream_readable.js:276:11)
    at Socket.Readable.push (_stream_readable.js:210:10)
    at Pipe.onStreamRead (internal/stream_base_commons.js:166:17)
	at Function.create (/usr/share/code/resources/app/extensions/typescript-language-features/dist/extension.js:1:49958)
	at h.dispatchResponse (/usr/share/code/resources/app/extensions/typescript-language-features/dist/extension.js:1:216914)
	at h.dispatchMessage (/usr/share/code/resources/app/extensions/typescript-language-features/dist/extension.js:1:215832)
	at /usr/share/code/resources/app/extensions/typescript-language-features/dist/extension.js:1:215308
	at l.fire (/usr/share/code/resources/app/out/vs/workbench/services/extensions/node/extensionHostProcess.js:48:845)
	at t.Reader.onLengthData (/usr/share/code/resources/app/extensions/typescript-language-features/dist/extension.js:1:223870)
	at Socket.<anonymous> (/usr/share/code/resources/app/extensions/typescript-language-features/dist/extension.js:1:223518)
	at Socket.emit (events.js:203:13)
	at addChunk (_stream_readable.js:295:12)
	at readableAddChunk (_stream_readable.js:276:11)
	at Socket.Readable.push (_stream_readable.js:210:10)
	at Pipe.onStreamRead (internal/stream_base_commons.js:166:17)
[2020-04-13 12:14:30.366] [renderer1] [error] <syntax> TypeScript Server Error (3.8.3)
Debug Failure. False expression: Expected line to be non-zero
Error: Debug Failure. False expression: Expected line to be non-zero
    at failIfInvalidLocation (tsserver.js:138899:22)
    at ScriptInfo.positionToLineOffset (tsserver.js:138872:17)
    at toProtocolTextSpan (tsserver.js:146077:35)
    at tsserver.js:145608:68
    at Array.map (<anonymous>)
    at IOSession.Session.toLocationNavigationTree (tsserver.js:145608:39)
    at IOSession.Session.getNavigationTree (tsserver.js:145619:32)
    at Session.handlers.ts.createMapFromTemplate._a.<computed> (tsserver.js:144481:61)
    at tsserver.js:146003:88
    at IOSession.Session.executeWithRequestId (tsserver.js:145994:28)
    at IOSession.Session.executeCommand (tsserver.js:146003:33)
    at IOSession.Session.onMessage (tsserver.js:146027:35)
    at Interface.<anonymous> (tsserver.js:147342:27)
    at Interface.emit (events.js:203:13)
    at Interface._onLine (readline.js:316:10)
    at Interface._normalWrite (readline.js:461:12)
    at Socket.ondata (readline.js:172:10)
    at Socket.emit (events.js:203:13)
    at addChunk (_stream_readable.js:295:12)
    at readableAddChunk (_stream_readable.js:276:11)
    at Socket.Readable.push (_stream_readable.js:210:10)
    at Pipe.onStreamRead (internal/stream_base_commons.js:166:17): Error: <syntax> TypeScript Server Error (3.8.3)
Debug Failure. False expression: Expected line to be non-zero
Error: Debug Failure. False expression: Expected line to be non-zero
    at failIfInvalidLocation (tsserver.js:138899:22)
    at ScriptInfo.positionToLineOffset (tsserver.js:138872:17)
    at toProtocolTextSpan (tsserver.js:146077:35)
    at tsserver.js:145608:68
    at Array.map (<anonymous>)
    at IOSession.Session.toLocationNavigationTree (tsserver.js:145608:39)
    at IOSession.Session.getNavigationTree (tsserver.js:145619:32)
    at Session.handlers.ts.createMapFromTemplate._a.<computed> (tsserver.js:144481:61)
    at tsserver.js:146003:88
    at IOSession.Session.executeWithRequestId (tsserver.js:145994:28)
    at IOSession.Session.executeCommand (tsserver.js:146003:33)
    at IOSession.Session.onMessage (tsserver.js:146027:35)
    at Interface.<anonymous> (tsserver.js:147342:27)
    at Interface.emit (events.js:203:13)
    at Interface._onLine (readline.js:316:10)
    at Interface._normalWrite (readline.js:461:12)
    at Socket.ondata (readline.js:172:10)
    at Socket.emit (events.js:203:13)
    at addChunk (_stream_readable.js:295:12)
    at readableAddChunk (_stream_readable.js:276:11)
    at Socket.Readable.push (_stream_readable.js:210:10)
    at Pipe.onStreamRead (internal/stream_base_commons.js:166:17)
	at Function.create (/usr/share/code/resources/app/extensions/typescript-language-features/dist/extension.js:1:49958)
	at h.dispatchResponse (/usr/share/code/resources/app/extensions/typescript-language-features/dist/extension.js:1:216914)
	at h.dispatchMessage (/usr/share/code/resources/app/extensions/typescript-language-features/dist/extension.js:1:215832)
	at /usr/share/code/resources/app/extensions/typescript-language-features/dist/extension.js:1:215308
	at l.fire (/usr/share/code/resources/app/out/vs/workbench/services/extensions/node/extensionHostProcess.js:48:845)
	at t.Reader.onLengthData (/usr/share/code/resources/app/extensions/typescript-language-features/dist/extension.js:1:223870)
	at Socket.<anonymous> (/usr/share/code/resources/app/extensions/typescript-language-features/dist/extension.js:1:223518)
	at Socket.emit (events.js:203:13)
	at addChunk (_stream_readable.js:295:12)
	at readableAddChunk (_stream_readable.js:276:11)
	at Socket.Readable.push (_stream_readable.js:210:10)
	at Pipe.onStreamRead (internal/stream_base_commons.js:166:17)
[2020-04-13 12:37:00.626] [renderer1] [error] <syntax> TypeScript Server Error (3.8.3)
Debug Failure. False expression: Expected line to be non-zero
Error: Debug Failure. False expression: Expected line to be non-zero
    at failIfInvalidLocation (tsserver.js:138899:22)
    at ScriptInfo.positionToLineOffset (tsserver.js:138872:17)
    at toProtocolTextSpan (tsserver.js:146077:35)
    at tsserver.js:145608:68
    at Array.map (<anonymous>)
    at IOSession.Session.toLocationNavigationTree (tsserver.js:145608:39)
    at IOSession.Session.getNavigationTree (tsserver.js:145619:32)
    at Session.handlers.ts.createMapFromTemplate._a.<computed> (tsserver.js:144481:61)
    at tsserver.js:146003:88
    at IOSession.Session.executeWithRequestId (tsserver.js:145994:28)
    at IOSession.Session.executeCommand (tsserver.js:146003:33)
    at IOSession.Session.onMessage (tsserver.js:146027:35)
    at Interface.<anonymous> (tsserver.js:147342:27)
    at Interface.emit (events.js:203:13)
    at Interface._onLine (readline.js:316:10)
    at Interface._normalWrite (readline.js:461:12)
    at Socket.ondata (readline.js:172:10)
    at Socket.emit (events.js:203:13)
    at addChunk (_stream_readable.js:295:12)
    at readableAddChunk (_stream_readable.js:276:11)
    at Socket.Readable.push (_stream_readable.js:210:10)
    at Pipe.onStreamRead (internal/stream_base_commons.js:166:17): Error: <syntax> TypeScript Server Error (3.8.3)
Debug Failure. False expression: Expected line to be non-zero
Error: Debug Failure. False expression: Expected line to be non-zero
    at failIfInvalidLocation (tsserver.js:138899:22)
    at ScriptInfo.positionToLineOffset (tsserver.js:138872:17)
    at toProtocolTextSpan (tsserver.js:146077:35)
    at tsserver.js:145608:68
    at Array.map (<anonymous>)
    at IOSession.Session.toLocationNavigationTree (tsserver.js:145608:39)
    at IOSession.Session.getNavigationTree (tsserver.js:145619:32)
    at Session.handlers.ts.createMapFromTemplate._a.<computed> (tsserver.js:144481:61)
    at tsserver.js:146003:88
    at IOSession.Session.executeWithRequestId (tsserver.js:145994:28)
    at IOSession.Session.executeCommand (tsserver.js:146003:33)
    at IOSession.Session.onMessage (tsserver.js:146027:35)
    at Interface.<anonymous> (tsserver.js:147342:27)
    at Interface.emit (events.js:203:13)
    at Interface._onLine (readline.js:316:10)
    at Interface._normalWrite (readline.js:461:12)
    at Socket.ondata (readline.js:172:10)
    at Socket.emit (events.js:203:13)
    at addChunk (_stream_readable.js:295:12)
    at readableAddChunk (_stream_readable.js:276:11)
    at Socket.Readable.push (_stream_readable.js:210:10)
    at Pipe.onStreamRead (internal/stream_base_commons.js:166:17)
	at Function.create (/usr/share/code/resources/app/extensions/typescript-language-features/dist/extension.js:1:49958)
	at h.dispatchResponse (/usr/share/code/resources/app/extensions/typescript-language-features/dist/extension.js:1:216914)
	at h.dispatchMessage (/usr/share/code/resources/app/extensions/typescript-language-features/dist/extension.js:1:215832)
	at /usr/share/code/resources/app/extensions/typescript-language-features/dist/extension.js:1:215308
	at l.fire (/usr/share/code/resources/app/out/vs/workbench/services/extensions/node/extensionHostProcess.js:48:845)
	at t.Reader.onLengthData (/usr/share/code/resources/app/extensions/typescript-language-features/dist/extension.js:1:223870)
	at Socket.<anonymous> (/usr/share/code/resources/app/extensions/typescript-language-features/dist/extension.js:1:223518)
	at Socket.emit (events.js:203:13)
	at addChunk (_stream_readable.js:295:12)
	at readableAddChunk (_stream_readable.js:276:11)
	at Socket.Readable.push (_stream_readable.js:210:10)
	at Pipe.onStreamRead (internal/stream_base_commons.js:166:17)
[2020-04-13 13:05:26.724] [renderer1] [error] <syntax> TypeScript Server Error (3.8.3)
Debug Failure. False expression: Expected line to be non-zero
Error: Debug Failure. False expression: Expected line to be non-zero
    at failIfInvalidLocation (tsserver.js:138899:22)
    at ScriptInfo.positionToLineOffset (tsserver.js:138872:17)
    at toProtocolTextSpan (tsserver.js:146077:35)
    at tsserver.js:145608:68
    at Array.map (<anonymous>)
    at IOSession.Session.toLocationNavigationTree (tsserver.js:145608:39)
    at IOSession.Session.getNavigationTree (tsserver.js:145619:32)
    at Session.handlers.ts.createMapFromTemplate._a.<computed> (tsserver.js:144481:61)
    at tsserver.js:146003:88
    at IOSession.Session.executeWithRequestId (tsserver.js:145994:28)
    at IOSession.Session.executeCommand (tsserver.js:146003:33)
    at IOSession.Session.onMessage (tsserver.js:146027:35)
    at Interface.<anonymous> (tsserver.js:147342:27)
    at Interface.emit (events.js:203:13)
    at Interface._onLine (readline.js:316:10)
    at Interface._normalWrite (readline.js:461:12)
    at Socket.ondata (readline.js:172:10)
    at Socket.emit (events.js:203:13)
    at addChunk (_stream_readable.js:295:12)
    at readableAddChunk (_stream_readable.js:276:11)
    at Socket.Readable.push (_stream_readable.js:210:10)
    at Pipe.onStreamRead (internal/stream_base_commons.js:166:17): Error: <syntax> TypeScript Server Error (3.8.3)
Debug Failure. False expression: Expected line to be non-zero
Error: Debug Failure. False expression: Expected line to be non-zero
    at failIfInvalidLocation (tsserver.js:138899:22)
    at ScriptInfo.positionToLineOffset (tsserver.js:138872:17)
    at toProtocolTextSpan (tsserver.js:146077:35)
    at tsserver.js:145608:68
    at Array.map (<anonymous>)
    at IOSession.Session.toLocationNavigationTree (tsserver.js:145608:39)
    at IOSession.Session.getNavigationTree (tsserver.js:145619:32)
    at Session.handlers.ts.createMapFromTemplate._a.<computed> (tsserver.js:144481:61)
    at tsserver.js:146003:88
    at IOSession.Session.executeWithRequestId (tsserver.js:145994:28)
    at IOSession.Session.executeCommand (tsserver.js:146003:33)
    at IOSession.Session.onMessage (tsserver.js:146027:35)
    at Interface.<anonymous> (tsserver.js:147342:27)
    at Interface.emit (events.js:203:13)
    at Interface._onLine (readline.js:316:10)
    at Interface._normalWrite (readline.js:461:12)
    at Socket.ondata (readline.js:172:10)
    at Socket.emit (events.js:203:13)
    at addChunk (_stream_readable.js:295:12)
    at readableAddChunk (_stream_readable.js:276:11)
    at Socket.Readable.push (_stream_readable.js:210:10)
    at Pipe.onStreamRead (internal/stream_base_commons.js:166:17)
	at Function.create (/usr/share/code/resources/app/extensions/typescript-language-features/dist/extension.js:1:49958)
	at h.dispatchResponse (/usr/share/code/resources/app/extensions/typescript-language-features/dist/extension.js:1:216914)
	at h.dispatchMessage (/usr/share/code/resources/app/extensions/typescript-language-features/dist/extension.js:1:215832)
	at /usr/share/code/resources/app/extensions/typescript-language-features/dist/extension.js:1:215308
	at l.fire (/usr/share/code/resources/app/out/vs/workbench/services/extensions/node/extensionHostProcess.js:48:845)
	at t.Reader.onLengthData (/usr/share/code/resources/app/extensions/typescript-language-features/dist/extension.js:1:223870)
	at Socket.<anonymous> (/usr/share/code/resources/app/extensions/typescript-language-features/dist/extension.js:1:223518)
	at Socket.emit (events.js:203:13)
	at addChunk (_stream_readable.js:295:12)
	at readableAddChunk (_stream_readable.js:276:11)
	at Socket.Readable.push (_stream_readable.js:210:10)
	at Pipe.onStreamRead (internal/stream_base_commons.js:166:17)
[2020-04-13 13:05:37.318] [renderer1] [error] <syntax> TypeScript Server Error (3.8.3)
Debug Failure. False expression: Expected line to be non-zero
Error: Debug Failure. False expression: Expected line to be non-zero
    at failIfInvalidLocation (tsserver.js:138899:22)
    at ScriptInfo.positionToLineOffset (tsserver.js:138872:17)
    at toProtocolTextSpan (tsserver.js:146077:35)
    at tsserver.js:145608:68
    at Array.map (<anonymous>)
    at IOSession.Session.toLocationNavigationTree (tsserver.js:145608:39)
    at IOSession.Session.getNavigationTree (tsserver.js:145619:32)
    at Session.handlers.ts.createMapFromTemplate._a.<computed> (tsserver.js:144481:61)
    at tsserver.js:146003:88
    at IOSession.Session.executeWithRequestId (tsserver.js:145994:28)
    at IOSession.Session.executeCommand (tsserver.js:146003:33)
    at IOSession.Session.onMessage (tsserver.js:146027:35)
    at Interface.<anonymous> (tsserver.js:147342:27)
    at Interface.emit (events.js:203:13)
    at Interface._onLine (readline.js:316:10)
    at Interface._normalWrite (readline.js:461:12)
    at Socket.ondata (readline.js:172:10)
    at Socket.emit (events.js:203:13)
    at addChunk (_stream_readable.js:295:12)
    at readableAddChunk (_stream_readable.js:276:11)
    at Socket.Readable.push (_stream_readable.js:210:10)
    at Pipe.onStreamRead (internal/stream_base_commons.js:166:17): Error: <syntax> TypeScript Server Error (3.8.3)
Debug Failure. False expression: Expected line to be non-zero
Error: Debug Failure. False expression: Expected line to be non-zero
    at failIfInvalidLocation (tsserver.js:138899:22)
    at ScriptInfo.positionToLineOffset (tsserver.js:138872:17)
    at toProtocolTextSpan (tsserver.js:146077:35)
    at tsserver.js:145608:68
    at Array.map (<anonymous>)
    at IOSession.Session.toLocationNavigationTree (tsserver.js:145608:39)
    at IOSession.Session.getNavigationTree (tsserver.js:145619:32)
    at Session.handlers.ts.createMapFromTemplate._a.<computed> (tsserver.js:144481:61)
    at tsserver.js:146003:88
    at IOSession.Session.executeWithRequestId (tsserver.js:145994:28)
    at IOSession.Session.executeCommand (tsserver.js:146003:33)
    at IOSession.Session.onMessage (tsserver.js:146027:35)
    at Interface.<anonymous> (tsserver.js:147342:27)
    at Interface.emit (events.js:203:13)
    at Interface._onLine (readline.js:316:10)
    at Interface._normalWrite (readline.js:461:12)
    at Socket.ondata (readline.js:172:10)
    at Socket.emit (events.js:203:13)
    at addChunk (_stream_readable.js:295:12)
    at readableAddChunk (_stream_readable.js:276:11)
    at Socket.Readable.push (_stream_readable.js:210:10)
    at Pipe.onStreamRead (internal/stream_base_commons.js:166:17)
	at Function.create (/usr/share/code/resources/app/extensions/typescript-language-features/dist/extension.js:1:49958)
	at h.dispatchResponse (/usr/share/code/resources/app/extensions/typescript-language-features/dist/extension.js:1:216914)
	at h.dispatchMessage (/usr/share/code/resources/app/extensions/typescript-language-features/dist/extension.js:1:215832)
	at /usr/share/code/resources/app/extensions/typescript-language-features/dist/extension.js:1:215308
	at l.fire (/usr/share/code/resources/app/out/vs/workbench/services/extensions/node/extensionHostProcess.js:48:845)
	at t.Reader.onLengthData (/usr/share/code/resources/app/extensions/typescript-language-features/dist/extension.js:1:223870)
	at Socket.<anonymous> (/usr/share/code/resources/app/extensions/typescript-language-features/dist/extension.js:1:223518)
	at Socket.emit (events.js:203:13)
	at addChunk (_stream_readable.js:295:12)
	at readableAddChunk (_stream_readable.js:276:11)
	at Socket.Readable.push (_stream_readable.js:210:10)
	at Pipe.onStreamRead (internal/stream_base_commons.js:166:17)
[2020-04-13 13:05:43.612] [renderer1] [error] <syntax> TypeScript Server Error (3.8.3)
Debug Failure. False expression: Expected line to be non-zero
Error: Debug Failure. False expression: Expected line to be non-zero
    at failIfInvalidLocation (tsserver.js:138899:22)
    at ScriptInfo.positionToLineOffset (tsserver.js:138872:17)
    at toProtocolTextSpan (tsserver.js:146077:35)
    at tsserver.js:145608:68
    at Array.map (<anonymous>)
    at IOSession.Session.toLocationNavigationTree (tsserver.js:145608:39)
    at IOSession.Session.getNavigationTree (tsserver.js:145619:32)
    at Session.handlers.ts.createMapFromTemplate._a.<computed> (tsserver.js:144481:61)
    at tsserver.js:146003:88
    at IOSession.Session.executeWithRequestId (tsserver.js:145994:28)
    at IOSession.Session.executeCommand (tsserver.js:146003:33)
    at IOSession.Session.onMessage (tsserver.js:146027:35)
    at Interface.<anonymous> (tsserver.js:147342:27)
    at Interface.emit (events.js:203:13)
    at Interface._onLine (readline.js:316:10)
    at Interface._normalWrite (readline.js:461:12)
    at Socket.ondata (readline.js:172:10)
    at Socket.emit (events.js:203:13)
    at addChunk (_stream_readable.js:295:12)
    at readableAddChunk (_stream_readable.js:276:11)
    at Socket.Readable.push (_stream_readable.js:210:10)
    at Pipe.onStreamRead (internal/stream_base_commons.js:166:17): Error: <syntax> TypeScript Server Error (3.8.3)
Debug Failure. False expression: Expected line to be non-zero
Error: Debug Failure. False expression: Expected line to be non-zero
    at failIfInvalidLocation (tsserver.js:138899:22)
    at ScriptInfo.positionToLineOffset (tsserver.js:138872:17)
    at toProtocolTextSpan (tsserver.js:146077:35)
    at tsserver.js:145608:68
    at Array.map (<anonymous>)
    at IOSession.Session.toLocationNavigationTree (tsserver.js:145608:39)
    at IOSession.Session.getNavigationTree (tsserver.js:145619:32)
    at Session.handlers.ts.createMapFromTemplate._a.<computed> (tsserver.js:144481:61)
    at tsserver.js:146003:88
    at IOSession.Session.executeWithRequestId (tsserver.js:145994:28)
    at IOSession.Session.executeCommand (tsserver.js:146003:33)
    at IOSession.Session.onMessage (tsserver.js:146027:35)
    at Interface.<anonymous> (tsserver.js:147342:27)
    at Interface.emit (events.js:203:13)
    at Interface._onLine (readline.js:316:10)
    at Interface._normalWrite (readline.js:461:12)
    at Socket.ondata (readline.js:172:10)
    at Socket.emit (events.js:203:13)
    at addChunk (_stream_readable.js:295:12)
    at readableAddChunk (_stream_readable.js:276:11)
    at Socket.Readable.push (_stream_readable.js:210:10)
    at Pipe.onStreamRead (internal/stream_base_commons.js:166:17)
	at Function.create (/usr/share/code/resources/app/extensions/typescript-language-features/dist/extension.js:1:49958)
	at h.dispatchResponse (/usr/share/code/resources/app/extensions/typescript-language-features/dist/extension.js:1:216914)
	at h.dispatchMessage (/usr/share/code/resources/app/extensions/typescript-language-features/dist/extension.js:1:215832)
	at /usr/share/code/resources/app/extensions/typescript-language-features/dist/extension.js:1:215308
	at l.fire (/usr/share/code/resources/app/out/vs/workbench/services/extensions/node/extensionHostProcess.js:48:845)
	at t.Reader.onLengthData (/usr/share/code/resources/app/extensions/typescript-language-features/dist/extension.js:1:223870)
	at Socket.<anonymous> (/usr/share/code/resources/app/extensions/typescript-language-features/dist/extension.js:1:223518)
	at Socket.emit (events.js:203:13)
	at addChunk (_stream_readable.js:295:12)
	at readableAddChunk (_stream_readable.js:276:11)
	at Socket.Readable.push (_stream_readable.js:210:10)
	at Pipe.onStreamRead (internal/stream_base_commons.js:166:17)
[2020-04-13 13:11:03.692] [renderer1] [error] <syntax> TypeScript Server Error (3.8.3)
Debug Failure. False expression: Expected line to be non-zero
Error: Debug Failure. False expression: Expected line to be non-zero
    at failIfInvalidLocation (tsserver.js:138899:22)
    at ScriptInfo.positionToLineOffset (tsserver.js:138872:17)
    at toProtocolTextSpan (tsserver.js:146077:35)
    at tsserver.js:145608:68
    at Array.map (<anonymous>)
    at IOSession.Session.toLocationNavigationTree (tsserver.js:145608:39)
    at IOSession.Session.getNavigationTree (tsserver.js:145619:32)
    at Session.handlers.ts.createMapFromTemplate._a.<computed> (tsserver.js:144481:61)
    at tsserver.js:146003:88
    at IOSession.Session.executeWithRequestId (tsserver.js:145994:28)
    at IOSession.Session.executeCommand (tsserver.js:146003:33)
    at IOSession.Session.onMessage (tsserver.js:146027:35)
    at Interface.<anonymous> (tsserver.js:147342:27)
    at Interface.emit (events.js:203:13)
    at Interface._onLine (readline.js:316:10)
    at Interface._normalWrite (readline.js:461:12)
    at Socket.ondata (readline.js:172:10)
    at Socket.emit (events.js:203:13)
    at addChunk (_stream_readable.js:295:12)
    at readableAddChunk (_stream_readable.js:276:11)
    at Socket.Readable.push (_stream_readable.js:210:10)
    at Pipe.onStreamRead (internal/stream_base_commons.js:166:17): Error: <syntax> TypeScript Server Error (3.8.3)
Debug Failure. False expression: Expected line to be non-zero
Error: Debug Failure. False expression: Expected line to be non-zero
    at failIfInvalidLocation (tsserver.js:138899:22)
    at ScriptInfo.positionToLineOffset (tsserver.js:138872:17)
    at toProtocolTextSpan (tsserver.js:146077:35)
    at tsserver.js:145608:68
    at Array.map (<anonymous>)
    at IOSession.Session.toLocationNavigationTree (tsserver.js:145608:39)
    at IOSession.Session.getNavigationTree (tsserver.js:145619:32)
    at Session.handlers.ts.createMapFromTemplate._a.<computed> (tsserver.js:144481:61)
    at tsserver.js:146003:88
    at IOSession.Session.executeWithRequestId (tsserver.js:145994:28)
    at IOSession.Session.executeCommand (tsserver.js:146003:33)
    at IOSession.Session.onMessage (tsserver.js:146027:35)
    at Interface.<anonymous> (tsserver.js:147342:27)
    at Interface.emit (events.js:203:13)
    at Interface._onLine (readline.js:316:10)
    at Interface._normalWrite (readline.js:461:12)
    at Socket.ondata (readline.js:172:10)
    at Socket.emit (events.js:203:13)
    at addChunk (_stream_readable.js:295:12)
    at readableAddChunk (_stream_readable.js:276:11)
    at Socket.Readable.push (_stream_readable.js:210:10)
    at Pipe.onStreamRead (internal/stream_base_commons.js:166:17)
	at Function.create (/usr/share/code/resources/app/extensions/typescript-language-features/dist/extension.js:1:49958)
	at h.dispatchResponse (/usr/share/code/resources/app/extensions/typescript-language-features/dist/extension.js:1:216914)
	at h.dispatchMessage (/usr/share/code/resources/app/extensions/typescript-language-features/dist/extension.js:1:215832)
	at /usr/share/code/resources/app/extensions/typescript-language-features/dist/extension.js:1:215308
	at l.fire (/usr/share/code/resources/app/out/vs/workbench/services/extensions/node/extensionHostProcess.js:48:845)
	at t.Reader.onLengthData (/usr/share/code/resources/app/extensions/typescript-language-features/dist/extension.js:1:223870)
	at Socket.<anonymous> (/usr/share/code/resources/app/extensions/typescript-language-features/dist/extension.js:1:223518)
	at Socket.emit (events.js:203:13)
	at addChunk (_stream_readable.js:295:12)
	at readableAddChunk (_stream_readable.js:276:11)
	at Socket.Readable.push (_stream_readable.js:210:10)
	at Pipe.onStreamRead (internal/stream_base_commons.js:166:17)
[2020-04-13 13:13:05.295] [renderer1] [error] <syntax> TypeScript Server Error (3.8.3)
Debug Failure. False expression: Expected line to be non-zero
Error: Debug Failure. False expression: Expected line to be non-zero
    at failIfInvalidLocation (tsserver.js:138899:22)
    at ScriptInfo.positionToLineOffset (tsserver.js:138872:17)
    at toProtocolTextSpan (tsserver.js:146077:35)
    at tsserver.js:145608:68
    at Array.map (<anonymous>)
    at IOSession.Session.toLocationNavigationTree (tsserver.js:145608:39)
    at IOSession.Session.getNavigationTree (tsserver.js:145619:32)
    at Session.handlers.ts.createMapFromTemplate._a.<computed> (tsserver.js:144481:61)
    at tsserver.js:146003:88
    at IOSession.Session.executeWithRequestId (tsserver.js:145994:28)
    at IOSession.Session.executeCommand (tsserver.js:146003:33)
    at IOSession.Session.onMessage (tsserver.js:146027:35)
    at Interface.<anonymous> (tsserver.js:147342:27)
    at Interface.emit (events.js:203:13)
    at Interface._onLine (readline.js:316:10)
    at Interface._normalWrite (readline.js:461:12)
    at Socket.ondata (readline.js:172:10)
    at Socket.emit (events.js:203:13)
    at addChunk (_stream_readable.js:295:12)
    at readableAddChunk (_stream_readable.js:276:11)
    at Socket.Readable.push (_stream_readable.js:210:10)
    at Pipe.onStreamRead (internal/stream_base_commons.js:166:17): Error: <syntax> TypeScript Server Error (3.8.3)
Debug Failure. False expression: Expected line to be non-zero
Error: Debug Failure. False expression: Expected line to be non-zero
    at failIfInvalidLocation (tsserver.js:138899:22)
    at ScriptInfo.positionToLineOffset (tsserver.js:138872:17)
    at toProtocolTextSpan (tsserver.js:146077:35)
    at tsserver.js:145608:68
    at Array.map (<anonymous>)
    at IOSession.Session.toLocationNavigationTree (tsserver.js:145608:39)
    at IOSession.Session.getNavigationTree (tsserver.js:145619:32)
    at Session.handlers.ts.createMapFromTemplate._a.<computed> (tsserver.js:144481:61)
    at tsserver.js:146003:88
    at IOSession.Session.executeWithRequestId (tsserver.js:145994:28)
    at IOSession.Session.executeCommand (tsserver.js:146003:33)
    at IOSession.Session.onMessage (tsserver.js:146027:35)
    at Interface.<anonymous> (tsserver.js:147342:27)
    at Interface.emit (events.js:203:13)
    at Interface._onLine (readline.js:316:10)
    at Interface._normalWrite (readline.js:461:12)
    at Socket.ondata (readline.js:172:10)
    at Socket.emit (events.js:203:13)
    at addChunk (_stream_readable.js:295:12)
    at readableAddChunk (_stream_readable.js:276:11)
    at Socket.Readable.push (_stream_readable.js:210:10)
    at Pipe.onStreamRead (internal/stream_base_commons.js:166:17)
	at Function.create (/usr/share/code/resources/app/extensions/typescript-language-features/dist/extension.js:1:49958)
	at h.dispatchResponse (/usr/share/code/resources/app/extensions/typescript-language-features/dist/extension.js:1:216914)
	at h.dispatchMessage (/usr/share/code/resources/app/extensions/typescript-language-features/dist/extension.js:1:215832)
	at /usr/share/code/resources/app/extensions/typescript-language-features/dist/extension.js:1:215308
	at l.fire (/usr/share/code/resources/app/out/vs/workbench/services/extensions/node/extensionHostProcess.js:48:845)
	at t.Reader.onLengthData (/usr/share/code/resources/app/extensions/typescript-language-features/dist/extension.js:1:223870)
	at Socket.<anonymous> (/usr/share/code/resources/app/extensions/typescript-language-features/dist/extension.js:1:223518)
	at Socket.emit (events.js:203:13)
	at addChunk (_stream_readable.js:295:12)
	at readableAddChunk (_stream_readable.js:276:11)
	at Socket.Readable.push (_stream_readable.js:210:10)
	at Pipe.onStreamRead (internal/stream_base_commons.js:166:17)
[2020-04-13 13:14:05.697] [renderer1] [error] Illegal value for lineNumber: Error: Illegal value for lineNumber
    at N.getLineContent (file:///usr/share/code/resources/app/out/vs/workbench/workbench.desktop.main.js:1414:838)
    at e.update (file:///usr/share/code/resources/app/out/vs/workbench/workbench.desktop.main.js:2305:600)
    at update (file:///usr/share/code/resources/app/out/vs/workbench/workbench.desktop.main.js:2431:419)
    at runMicrotasks (<anonymous>)
    at processTicksAndRejections (internal/process/task_queues.js:85:5)
[2020-04-13 13:14:05.998] [renderer1] [error] <syntax> TypeScript Server Error (3.8.3)
Debug Failure. False expression: Expected line to be non-zero
Error: Debug Failure. False expression: Expected line to be non-zero
    at failIfInvalidLocation (tsserver.js:138899:22)
    at ScriptInfo.positionToLineOffset (tsserver.js:138872:17)
    at toProtocolTextSpan (tsserver.js:146077:35)
    at tsserver.js:145608:68
    at Array.map (<anonymous>)
    at IOSession.Session.toLocationNavigationTree (tsserver.js:145608:39)
    at IOSession.Session.getNavigationTree (tsserver.js:145619:32)
    at Session.handlers.ts.createMapFromTemplate._a.<computed> (tsserver.js:144481:61)
    at tsserver.js:146003:88
    at IOSession.Session.executeWithRequestId (tsserver.js:145994:28)
    at IOSession.Session.executeCommand (tsserver.js:146003:33)
    at IOSession.Session.onMessage (tsserver.js:146027:35)
    at Interface.<anonymous> (tsserver.js:147342:27)
    at Interface.emit (events.js:203:13)
    at Interface._onLine (readline.js:316:10)
    at Interface._normalWrite (readline.js:461:12)
    at Socket.ondata (readline.js:172:10)
    at Socket.emit (events.js:203:13)
    at addChunk (_stream_readable.js:295:12)
    at readableAddChunk (_stream_readable.js:276:11)
    at Socket.Readable.push (_stream_readable.js:210:10)
    at Pipe.onStreamRead (internal/stream_base_commons.js:166:17): Error: <syntax> TypeScript Server Error (3.8.3)
Debug Failure. False expression: Expected line to be non-zero
Error: Debug Failure. False expression: Expected line to be non-zero
    at failIfInvalidLocation (tsserver.js:138899:22)
    at ScriptInfo.positionToLineOffset (tsserver.js:138872:17)
    at toProtocolTextSpan (tsserver.js:146077:35)
    at tsserver.js:145608:68
    at Array.map (<anonymous>)
    at IOSession.Session.toLocationNavigationTree (tsserver.js:145608:39)
    at IOSession.Session.getNavigationTree (tsserver.js:145619:32)
    at Session.handlers.ts.createMapFromTemplate._a.<computed> (tsserver.js:144481:61)
    at tsserver.js:146003:88
    at IOSession.Session.executeWithRequestId (tsserver.js:145994:28)
    at IOSession.Session.executeCommand (tsserver.js:146003:33)
    at IOSession.Session.onMessage (tsserver.js:146027:35)
    at Interface.<anonymous> (tsserver.js:147342:27)
    at Interface.emit (events.js:203:13)
    at Interface._onLine (readline.js:316:10)
    at Interface._normalWrite (readline.js:461:12)
    at Socket.ondata (readline.js:172:10)
    at Socket.emit (events.js:203:13)
    at addChunk (_stream_readable.js:295:12)
    at readableAddChunk (_stream_readable.js:276:11)
    at Socket.Readable.push (_stream_readable.js:210:10)
    at Pipe.onStreamRead (internal/stream_base_commons.js:166:17)
	at Function.create (/usr/share/code/resources/app/extensions/typescript-language-features/dist/extension.js:1:49958)
	at h.dispatchResponse (/usr/share/code/resources/app/extensions/typescript-language-features/dist/extension.js:1:216914)
	at h.dispatchMessage (/usr/share/code/resources/app/extensions/typescript-language-features/dist/extension.js:1:215832)
	at /usr/share/code/resources/app/extensions/typescript-language-features/dist/extension.js:1:215308
	at l.fire (/usr/share/code/resources/app/out/vs/workbench/services/extensions/node/extensionHostProcess.js:48:845)
	at t.Reader.onLengthData (/usr/share/code/resources/app/extensions/typescript-language-features/dist/extension.js:1:223870)
	at Socket.<anonymous> (/usr/share/code/resources/app/extensions/typescript-language-features/dist/extension.js:1:223518)
	at Socket.emit (events.js:203:13)
	at addChunk (_stream_readable.js:295:12)
	at readableAddChunk (_stream_readable.js:276:11)
	at Socket.Readable.push (_stream_readable.js:210:10)
	at Pipe.onStreamRead (internal/stream_base_commons.js:166:17)
[2020-04-13 13:16:00.558] [renderer1] [error] <syntax> TypeScript Server Error (3.8.3)
Debug Failure. False expression: Expected line to be non-zero
Error: Debug Failure. False expression: Expected line to be non-zero
    at failIfInvalidLocation (tsserver.js:138899:22)
    at ScriptInfo.positionToLineOffset (tsserver.js:138872:17)
    at toProtocolTextSpan (tsserver.js:146077:35)
    at tsserver.js:145608:68
    at Array.map (<anonymous>)
    at IOSession.Session.toLocationNavigationTree (tsserver.js:145608:39)
    at IOSession.Session.getNavigationTree (tsserver.js:145619:32)
    at Session.handlers.ts.createMapFromTemplate._a.<computed> (tsserver.js:144481:61)
    at tsserver.js:146003:88
    at IOSession.Session.executeWithRequestId (tsserver.js:145994:28)
    at IOSession.Session.executeCommand (tsserver.js:146003:33)
    at IOSession.Session.onMessage (tsserver.js:146027:35)
    at Interface.<anonymous> (tsserver.js:147342:27)
    at Interface.emit (events.js:203:13)
    at Interface._onLine (readline.js:316:10)
    at Interface._normalWrite (readline.js:461:12)
    at Socket.ondata (readline.js:172:10)
    at Socket.emit (events.js:203:13)
    at addChunk (_stream_readable.js:295:12)
    at readableAddChunk (_stream_readable.js:276:11)
    at Socket.Readable.push (_stream_readable.js:210:10)
    at Pipe.onStreamRead (internal/stream_base_commons.js:166:17): Error: <syntax> TypeScript Server Error (3.8.3)
Debug Failure. False expression: Expected line to be non-zero
Error: Debug Failure. False expression: Expected line to be non-zero
    at failIfInvalidLocation (tsserver.js:138899:22)
    at ScriptInfo.positionToLineOffset (tsserver.js:138872:17)
    at toProtocolTextSpan (tsserver.js:146077:35)
    at tsserver.js:145608:68
    at Array.map (<anonymous>)
    at IOSession.Session.toLocationNavigationTree (tsserver.js:145608:39)
    at IOSession.Session.getNavigationTree (tsserver.js:145619:32)
    at Session.handlers.ts.createMapFromTemplate._a.<computed> (tsserver.js:144481:61)
    at tsserver.js:146003:88
    at IOSession.Session.executeWithRequestId (tsserver.js:145994:28)
    at IOSession.Session.executeCommand (tsserver.js:146003:33)
    at IOSession.Session.onMessage (tsserver.js:146027:35)
    at Interface.<anonymous> (tsserver.js:147342:27)
    at Interface.emit (events.js:203:13)
    at Interface._onLine (readline.js:316:10)
    at Interface._normalWrite (readline.js:461:12)
    at Socket.ondata (readline.js:172:10)
    at Socket.emit (events.js:203:13)
    at addChunk (_stream_readable.js:295:12)
    at readableAddChunk (_stream_readable.js:276:11)
    at Socket.Readable.push (_stream_readable.js:210:10)
    at Pipe.onStreamRead (internal/stream_base_commons.js:166:17)
	at Function.create (/usr/share/code/resources/app/extensions/typescript-language-features/dist/extension.js:1:49958)
	at h.dispatchResponse (/usr/share/code/resources/app/extensions/typescript-language-features/dist/extension.js:1:216914)
	at h.dispatchMessage (/usr/share/code/resources/app/extensions/typescript-language-features/dist/extension.js:1:215832)
	at /usr/share/code/resources/app/extensions/typescript-language-features/dist/extension.js:1:215308
	at l.fire (/usr/share/code/resources/app/out/vs/workbench/services/extensions/node/extensionHostProcess.js:48:845)
	at t.Reader.onLengthData (/usr/share/code/resources/app/extensions/typescript-language-features/dist/extension.js:1:223870)
	at Socket.<anonymous> (/usr/share/code/resources/app/extensions/typescript-language-features/dist/extension.js:1:223518)
	at Socket.emit (events.js:203:13)
	at addChunk (_stream_readable.js:295:12)
	at readableAddChunk (_stream_readable.js:276:11)
	at Socket.Readable.push (_stream_readable.js:210:10)
	at Pipe.onStreamRead (internal/stream_base_commons.js:166:17)
[2020-04-13 13:16:54.372] [renderer1] [error] <syntax> TypeScript Server Error (3.8.3)
Debug Failure. False expression: Expected line to be non-zero
Error: Debug Failure. False expression: Expected line to be non-zero
    at failIfInvalidLocation (tsserver.js:138899:22)
    at ScriptInfo.positionToLineOffset (tsserver.js:138872:17)
    at toProtocolTextSpan (tsserver.js:146077:35)
    at tsserver.js:145608:68
    at Array.map (<anonymous>)
    at IOSession.Session.toLocationNavigationTree (tsserver.js:145608:39)
    at IOSession.Session.getNavigationTree (tsserver.js:145619:32)
    at Session.handlers.ts.createMapFromTemplate._a.<computed> (tsserver.js:144481:61)
    at tsserver.js:146003:88
    at IOSession.Session.executeWithRequestId (tsserver.js:145994:28)
    at IOSession.Session.executeCommand (tsserver.js:146003:33)
    at IOSession.Session.onMessage (tsserver.js:146027:35)
    at Interface.<anonymous> (tsserver.js:147342:27)
    at Interface.emit (events.js:203:13)
    at Interface._onLine (readline.js:316:10)
    at Interface._normalWrite (readline.js:461:12)
    at Socket.ondata (readline.js:172:10)
    at Socket.emit (events.js:203:13)
    at addChunk (_stream_readable.js:295:12)
    at readableAddChunk (_stream_readable.js:276:11)
    at Socket.Readable.push (_stream_readable.js:210:10)
    at Pipe.onStreamRead (internal/stream_base_commons.js:166:17): Error: <syntax> TypeScript Server Error (3.8.3)
Debug Failure. False expression: Expected line to be non-zero
Error: Debug Failure. False expression: Expected line to be non-zero
    at failIfInvalidLocation (tsserver.js:138899:22)
    at ScriptInfo.positionToLineOffset (tsserver.js:138872:17)
    at toProtocolTextSpan (tsserver.js:146077:35)
    at tsserver.js:145608:68
    at Array.map (<anonymous>)
    at IOSession.Session.toLocationNavigationTree (tsserver.js:145608:39)
    at IOSession.Session.getNavigationTree (tsserver.js:145619:32)
    at Session.handlers.ts.createMapFromTemplate._a.<computed> (tsserver.js:144481:61)
    at tsserver.js:146003:88
    at IOSession.Session.executeWithRequestId (tsserver.js:145994:28)
    at IOSession.Session.executeCommand (tsserver.js:146003:33)
    at IOSession.Session.onMessage (tsserver.js:146027:35)
    at Interface.<anonymous> (tsserver.js:147342:27)
    at Interface.emit (events.js:203:13)
    at Interface._onLine (readline.js:316:10)
    at Interface._normalWrite (readline.js:461:12)
    at Socket.ondata (readline.js:172:10)
    at Socket.emit (events.js:203:13)
    at addChunk (_stream_readable.js:295:12)
    at readableAddChunk (_stream_readable.js:276:11)
    at Socket.Readable.push (_stream_readable.js:210:10)
    at Pipe.onStreamRead (internal/stream_base_commons.js:166:17)
	at Function.create (/usr/share/code/resources/app/extensions/typescript-language-features/dist/extension.js:1:49958)
	at h.dispatchResponse (/usr/share/code/resources/app/extensions/typescript-language-features/dist/extension.js:1:216914)
	at h.dispatchMessage (/usr/share/code/resources/app/extensions/typescript-language-features/dist/extension.js:1:215832)
	at /usr/share/code/resources/app/extensions/typescript-language-features/dist/extension.js:1:215308
	at l.fire (/usr/share/code/resources/app/out/vs/workbench/services/extensions/node/extensionHostProcess.js:48:845)
	at t.Reader.onLengthData (/usr/share/code/resources/app/extensions/typescript-language-features/dist/extension.js:1:223870)
	at Socket.<anonymous> (/usr/share/code/resources/app/extensions/typescript-language-features/dist/extension.js:1:223518)
	at Socket.emit (events.js:203:13)
	at addChunk (_stream_readable.js:295:12)
	at readableAddChunk (_stream_readable.js:276:11)
	at Socket.Readable.push (_stream_readable.js:210:10)
	at Pipe.onStreamRead (internal/stream_base_commons.js:166:17)
