[2020-04-06 12:56:18.899] [exthost] [info] extension host started
[2020-04-06 12:56:19.937] [exthost] [info] ExtensionService#_doActivateExtension vscode.debug-auto-launch {"startup":true,"extensionId":{"value":"vscode.debug-auto-launch","_lower":"vscode.debug-auto-launch"},"activationEvent":"*"}
[2020-04-06 12:56:19.960] [exthost] [info] ExtensionService#loadCommonJSModule file:///usr/share/code/resources/app/extensions/debug-auto-launch/dist/extension
[2020-04-06 12:56:20.081] [exthost] [info] ExtensionService#_doActivateExtension vscode.emmet {"startup":true,"extensionId":{"value":"vscode.emmet","_lower":"vscode.emmet"},"activationEvent":"*"}
[2020-04-06 12:56:20.090] [exthost] [info] ExtensionService#loadCommonJSModule file:///usr/share/code/resources/app/extensions/emmet/dist/extension
[2020-04-06 12:56:20.529] [exthost] [info] ExtensionService#_doActivateExtension vscode.git {"startup":true,"extensionId":{"value":"vscode.git","_lower":"vscode.git"},"activationEvent":"*"}
[2020-04-06 12:56:20.536] [exthost] [info] ExtensionService#loadCommonJSModule file:///usr/share/code/resources/app/extensions/git/dist/main
[2020-04-06 12:56:21.286] [exthost] [info] ExtensionService#_doActivateExtension vscode.github-authentication {"startup":true,"extensionId":{"value":"vscode.github-authentication","_lower":"vscode.github-authentication"},"activationEvent":"*"}
[2020-04-06 12:56:21.287] [exthost] [info] ExtensionService#loadCommonJSModule file:///usr/share/code/resources/app/extensions/github-authentication/dist/extension.js
[2020-04-06 12:56:21.335] [exthost] [info] ExtensionService#_doActivateExtension vscode.merge-conflict {"startup":true,"extensionId":{"value":"vscode.merge-conflict","_lower":"vscode.merge-conflict"},"activationEvent":"*"}
[2020-04-06 12:56:21.335] [exthost] [info] ExtensionService#loadCommonJSModule file:///usr/share/code/resources/app/extensions/merge-conflict/dist/extension
[2020-04-06 12:56:21.434] [exthost] [info] ExtensionService#_doActivateExtension vscode.search-result {"startup":true,"extensionId":{"value":"vscode.search-result","_lower":"vscode.search-result"},"activationEvent":"*"}
[2020-04-06 12:56:21.435] [exthost] [info] ExtensionService#loadCommonJSModule file:///usr/share/code/resources/app/extensions/search-result/dist/extension.js
[2020-04-06 12:56:21.462] [exthost] [info] ExtensionService#_doActivateExtension vscode.vscode-account {"startup":true,"extensionId":{"value":"vscode.vscode-account","_lower":"vscode.vscode-account"},"activationEvent":"*"}
[2020-04-06 12:56:21.462] [exthost] [info] ExtensionService#loadCommonJSModule file:///usr/share/code/resources/app/extensions/vscode-account/dist/extension.js
[2020-04-06 12:56:21.598] [exthost] [info] ExtensionService#_doActivateExtension esbenp.prettier-vscode {"startup":true,"extensionId":{"value":"esbenp.prettier-vscode","_lower":"esbenp.prettier-vscode"},"activationEvent":"*"}
[2020-04-06 12:56:21.598] [exthost] [info] ExtensionService#loadCommonJSModule file:///home/youssef/.vscode/extensions/esbenp.prettier-vscode-4.0.0/dist/extension
[2020-04-06 12:56:24.093] [exthost] [info] ExtensionService#_doActivateExtension vscode.extension-editing {"startup":false,"extensionId":{"value":"vscode.extension-editing","_lower":"vscode.extension-editing"},"activationEvent":"onLanguage:markdown"}
[2020-04-06 12:56:24.093] [exthost] [info] ExtensionService#loadCommonJSModule file:///usr/share/code/resources/app/extensions/extension-editing/dist/extension
[2020-04-06 12:56:24.286] [exthost] [info] ExtensionService#_doActivateExtension vscode.markdown-language-features {"startup":false,"extensionId":{"value":"vscode.markdown-language-features","_lower":"vscode.markdown-language-features"},"activationEvent":"onLanguage:markdown"}
[2020-04-06 12:56:24.286] [exthost] [info] ExtensionService#loadCommonJSModule file:///usr/share/code/resources/app/extensions/markdown-language-features/dist/extension
[2020-04-06 12:56:24.716] [exthost] [info] eager extensions activated
[2020-04-06 12:57:23.139] [exthost] [info] ExtensionService#_doActivateExtension vscode.configuration-editing {"startup":false,"extensionId":{"value":"vscode.configuration-editing","_lower":"vscode.configuration-editing"},"activationEvent":"onLanguage:jsonc"}
[2020-04-06 12:57:23.139] [exthost] [info] ExtensionService#loadCommonJSModule file:///usr/share/code/resources/app/extensions/configuration-editing/dist/extension
[2020-04-06 12:57:23.204] [exthost] [info] ExtensionService#_doActivateExtension vscode.json-language-features {"startup":false,"extensionId":{"value":"vscode.json-language-features","_lower":"vscode.json-language-features"},"activationEvent":"onLanguage:jsonc"}
[2020-04-06 12:57:23.204] [exthost] [info] ExtensionService#loadCommonJSModule file:///usr/share/code/resources/app/extensions/json-language-features/client/dist/jsonMain
[2020-04-06 12:57:23.768] [exthost] [info] ExtensionService#_doActivateExtension vscode.typescript-language-features {"startup":false,"extensionId":{"value":"vscode.typescript-language-features","_lower":"vscode.typescript-language-features"},"activationEvent":"onLanguage:jsonc"}
[2020-04-06 12:57:23.769] [exthost] [info] ExtensionService#loadCommonJSModule file:///usr/share/code/resources/app/extensions/typescript-language-features/dist/extension
[2020-04-06 13:03:01.227] [exthost] [error] [vscode.typescript-language-features] provider FAILED
[2020-04-06 13:03:01.233] [exthost] [error] Error: busy
	at o._provideSemanticTokens (/usr/share/code/resources/app/extensions/typescript-language-features/dist/extension.js:1:180337)
[2020-04-06 13:04:10.561] [exthost] [error] [vscode.typescript-language-features] provider FAILED
[2020-04-06 13:04:10.561] [exthost] [error] Error: busy
	at o._provideSemanticTokens (/usr/share/code/resources/app/extensions/typescript-language-features/dist/extension.js:1:180337)
[2020-04-06 13:04:13.960] [exthost] [error] [vscode.typescript-language-features] provider FAILED
[2020-04-06 13:04:13.960] [exthost] [error] Error: busy
	at o._provideSemanticTokens (/usr/share/code/resources/app/extensions/typescript-language-features/dist/extension.js:1:180337)
[2020-04-06 13:04:14.322] [exthost] [info] [vscode.typescript-language-features] UNSAVE result from 'resolveCompletionItem', extension SHOULD NOT change any of: additionalTextEdits, or command
[2020-04-06 13:04:18.904] [exthost] [error] [vscode.typescript-language-features] provider FAILED
[2020-04-06 13:04:18.904] [exthost] [error] Error: busy
	at o._provideSemanticTokens (/usr/share/code/resources/app/extensions/typescript-language-features/dist/extension.js:1:180337)
[2020-04-06 13:04:21.131] [exthost] [error] [vscode.typescript-language-features] provider FAILED
[2020-04-06 13:04:21.131] [exthost] [error] Error: busy
	at o._provideSemanticTokens (/usr/share/code/resources/app/extensions/typescript-language-features/dist/extension.js:1:180337)
[2020-04-06 13:04:21.265] [exthost] [error] [vscode.typescript-language-features] provider FAILED
[2020-04-06 13:04:21.276] [exthost] [error] Error: <semantic> TypeScript Server Error (3.8.3)
Cannot read property 'emitNode' of undefined
TypeError: Cannot read property 'emitNode' of undefined
    at Object.getCommentRange (tsserver.js:71102:29)
    at emitNodeList (tsserver.js:95676:51)
    at emitList (tsserver.js:95555:13)
    at Object.writeList (tsserver.js:92891:13)
    at tsserver.js:119315:29
    at Object.mapToDisplayParts (tsserver.js:107201:13)
    at itemInfoForParameters (tsserver.js:119312:41)
    at getSignatureHelpItem (tsserver.js:119278:95)
    at tsserver.js:119251:79
    at Array.map (<anonymous>)
    at createSignatureHelpItems (tsserver.js:119251:36)
    at tsserver.js:118843:23
    at Object.runWithCancellationToken (tsserver.js:34552:28)
    at Object.getSignatureHelpItems (tsserver.js:118841:32)
    at Proxy.getSignatureHelpItems (tsserver.js:135509:37)
    at IOSession.Session.getSignatureHelpItems (tsserver.js:145510:62)
    at Session.handlers.ts.createMapFromTemplate._a.<computed> (tsserver.js:144404:61)
    at tsserver.js:146003:88
    at IOSession.Session.executeWithRequestId (tsserver.js:145994:28)
    at IOSession.Session.executeCommand (tsserver.js:146003:33)
    at IOSession.Session.onMessage (tsserver.js:146027:35)
    at Interface.<anonymous> (tsserver.js:147342:27)
    at Interface.emit (events.js:203:13)
    at Interface._onLine (readline.js:316:10)
    at Interface._normalWrite (readline.js:461:12)
    at Socket.ondata (readline.js:172:10)
    at Socket.emit (events.js:203:13)
    at addChunk (_stream_readable.js:295:12)
    at readableAddChunk (_stream_readable.js:276:11)
    at Socket.Readable.push (_stream_readable.js:210:10)
    at Pipe.onStreamRead (internal/stream_base_commons.js:166:17)
	at Function.create (/usr/share/code/resources/app/extensions/typescript-language-features/dist/extension.js:1:49958)
	at h.dispatchResponse (/usr/share/code/resources/app/extensions/typescript-language-features/dist/extension.js:1:216914)
	at h.dispatchMessage (/usr/share/code/resources/app/extensions/typescript-language-features/dist/extension.js:1:215832)
	at /usr/share/code/resources/app/extensions/typescript-language-features/dist/extension.js:1:215308
	at l.fire (/usr/share/code/resources/app/out/vs/workbench/services/extensions/node/extensionHostProcess.js:48:845)
	at t.Reader.onLengthData (/usr/share/code/resources/app/extensions/typescript-language-features/dist/extension.js:1:223870)
	at Socket.<anonymous> (/usr/share/code/resources/app/extensions/typescript-language-features/dist/extension.js:1:223518)
	at Socket.emit (events.js:203:13)
	at addChunk (_stream_readable.js:295:12)
	at readableAddChunk (_stream_readable.js:276:11)
	at Socket.Readable.push (_stream_readable.js:210:10)
	at Pipe.onStreamRead (internal/stream_base_commons.js:166:17)
[2020-04-06 13:04:23.375] [exthost] [error] [vscode.typescript-language-features] provider FAILED
[2020-04-06 13:04:23.375] [exthost] [error] Error: <semantic> TypeScript Server Error (3.8.3)
Cannot read property 'emitNode' of undefined
TypeError: Cannot read property 'emitNode' of undefined
    at Object.getCommentRange (tsserver.js:71102:29)
    at emitNodeList (tsserver.js:95676:51)
    at emitList (tsserver.js:95555:13)
    at Object.writeList (tsserver.js:92891:13)
    at tsserver.js:119315:29
    at Object.mapToDisplayParts (tsserver.js:107201:13)
    at itemInfoForParameters (tsserver.js:119312:41)
    at getSignatureHelpItem (tsserver.js:119278:95)
    at tsserver.js:119251:79
    at Array.map (<anonymous>)
    at createSignatureHelpItems (tsserver.js:119251:36)
    at tsserver.js:118843:23
    at Object.runWithCancellationToken (tsserver.js:34552:28)
    at Object.getSignatureHelpItems (tsserver.js:118841:32)
    at Proxy.getSignatureHelpItems (tsserver.js:135509:37)
    at IOSession.Session.getSignatureHelpItems (tsserver.js:145510:62)
    at Session.handlers.ts.createMapFromTemplate._a.<computed> (tsserver.js:144404:61)
    at tsserver.js:146003:88
    at IOSession.Session.executeWithRequestId (tsserver.js:145994:28)
    at IOSession.Session.executeCommand (tsserver.js:146003:33)
    at IOSession.Session.onMessage (tsserver.js:146027:35)
    at Interface.<anonymous> (tsserver.js:147342:27)
    at Interface.emit (events.js:203:13)
    at Interface._onLine (readline.js:316:10)
    at Interface._normalWrite (readline.js:461:12)
    at Socket.ondata (readline.js:172:10)
    at Socket.emit (events.js:203:13)
    at addChunk (_stream_readable.js:295:12)
    at readableAddChunk (_stream_readable.js:276:11)
    at Socket.Readable.push (_stream_readable.js:210:10)
    at Pipe.onStreamRead (internal/stream_base_commons.js:166:17)
	at Function.create (/usr/share/code/resources/app/extensions/typescript-language-features/dist/extension.js:1:49958)
	at h.dispatchResponse (/usr/share/code/resources/app/extensions/typescript-language-features/dist/extension.js:1:216914)
	at h.dispatchMessage (/usr/share/code/resources/app/extensions/typescript-language-features/dist/extension.js:1:215832)
	at /usr/share/code/resources/app/extensions/typescript-language-features/dist/extension.js:1:215308
	at l.fire (/usr/share/code/resources/app/out/vs/workbench/services/extensions/node/extensionHostProcess.js:48:845)
	at t.Reader.onLengthData (/usr/share/code/resources/app/extensions/typescript-language-features/dist/extension.js:1:223870)
	at Socket.<anonymous> (/usr/share/code/resources/app/extensions/typescript-language-features/dist/extension.js:1:223518)
	at Socket.emit (events.js:203:13)
	at addChunk (_stream_readable.js:295:12)
	at readableAddChunk (_stream_readable.js:276:11)
	at Socket.Readable.push (_stream_readable.js:210:10)
	at Pipe.onStreamRead (internal/stream_base_commons.js:166:17)
[2020-04-06 13:04:24.807] [exthost] [error] [vscode.typescript-language-features] provider FAILED
[2020-04-06 13:04:24.808] [exthost] [error] Error: busy
	at o._provideSemanticTokens (/usr/share/code/resources/app/extensions/typescript-language-features/dist/extension.js:1:180337)
[2020-04-06 13:04:24.946] [exthost] [error] [vscode.typescript-language-features] provider FAILED
[2020-04-06 13:04:24.946] [exthost] [error] Error: <semantic> TypeScript Server Error (3.8.3)
Cannot read property 'emitNode' of undefined
TypeError: Cannot read property 'emitNode' of undefined
    at Object.getCommentRange (tsserver.js:71102:29)
    at emitNodeList (tsserver.js:95676:51)
    at emitList (tsserver.js:95555:13)
    at Object.writeList (tsserver.js:92891:13)
    at tsserver.js:119315:29
    at Object.mapToDisplayParts (tsserver.js:107201:13)
    at itemInfoForParameters (tsserver.js:119312:41)
    at getSignatureHelpItem (tsserver.js:119278:95)
    at tsserver.js:119251:79
    at Array.map (<anonymous>)
    at createSignatureHelpItems (tsserver.js:119251:36)
    at tsserver.js:118843:23
    at Object.runWithCancellationToken (tsserver.js:34552:28)
    at Object.getSignatureHelpItems (tsserver.js:118841:32)
    at Proxy.getSignatureHelpItems (tsserver.js:135509:37)
    at IOSession.Session.getSignatureHelpItems (tsserver.js:145510:62)
    at Session.handlers.ts.createMapFromTemplate._a.<computed> (tsserver.js:144404:61)
    at tsserver.js:146003:88
    at IOSession.Session.executeWithRequestId (tsserver.js:145994:28)
    at IOSession.Session.executeCommand (tsserver.js:146003:33)
    at IOSession.Session.onMessage (tsserver.js:146027:35)
    at Interface.<anonymous> (tsserver.js:147342:27)
    at Interface.emit (events.js:203:13)
    at Interface._onLine (readline.js:316:10)
    at Interface._normalWrite (readline.js:461:12)
    at Socket.ondata (readline.js:172:10)
    at Socket.emit (events.js:203:13)
    at addChunk (_stream_readable.js:295:12)
    at readableAddChunk (_stream_readable.js:276:11)
    at Socket.Readable.push (_stream_readable.js:210:10)
    at Pipe.onStreamRead (internal/stream_base_commons.js:166:17)
	at Function.create (/usr/share/code/resources/app/extensions/typescript-language-features/dist/extension.js:1:49958)
	at h.dispatchResponse (/usr/share/code/resources/app/extensions/typescript-language-features/dist/extension.js:1:216914)
	at h.dispatchMessage (/usr/share/code/resources/app/extensions/typescript-language-features/dist/extension.js:1:215832)
	at /usr/share/code/resources/app/extensions/typescript-language-features/dist/extension.js:1:215308
	at l.fire (/usr/share/code/resources/app/out/vs/workbench/services/extensions/node/extensionHostProcess.js:48:845)
	at t.Reader.onLengthData (/usr/share/code/resources/app/extensions/typescript-language-features/dist/extension.js:1:223870)
	at Socket.<anonymous> (/usr/share/code/resources/app/extensions/typescript-language-features/dist/extension.js:1:223518)
	at Socket.emit (events.js:203:13)
	at addChunk (_stream_readable.js:295:12)
	at readableAddChunk (_stream_readable.js:276:11)
	at Socket.Readable.push (_stream_readable.js:210:10)
	at Pipe.onStreamRead (internal/stream_base_commons.js:166:17)
[2020-04-06 13:04:29.176] [exthost] [error] [vscode.typescript-language-features] provider FAILED
[2020-04-06 13:04:29.176] [exthost] [error] Error: busy
	at o._provideSemanticTokens (/usr/share/code/resources/app/extensions/typescript-language-features/dist/extension.js:1:180337)
[2020-04-06 13:04:31.924] [exthost] [error] [vscode.typescript-language-features] provider FAILED
[2020-04-06 13:04:31.925] [exthost] [error] Error: DisposableStore is missing...
	at F._convertCompletionItem (/usr/share/code/resources/app/out/vs/workbench/services/extensions/node/extensionHostProcess.js:596:373)
	at /usr/share/code/resources/app/out/vs/workbench/services/extensions/node/extensionHostProcess.js:596:151
[2020-04-06 13:04:32.793] [exthost] [error] [vscode.typescript-language-features] provider FAILED
[2020-04-06 13:04:32.793] [exthost] [error] Error: busy
	at o._provideSemanticTokens (/usr/share/code/resources/app/extensions/typescript-language-features/dist/extension.js:1:180337)
[2020-04-06 13:04:37.411] [exthost] [error] [vscode.typescript-language-features] provider FAILED
[2020-04-06 13:04:37.411] [exthost] [error] Error: busy
	at o._provideSemanticTokens (/usr/share/code/resources/app/extensions/typescript-language-features/dist/extension.js:1:180337)
[2020-04-06 13:04:41.589] [exthost] [error] [vscode.typescript-language-features] provider FAILED
[2020-04-06 13:04:41.589] [exthost] [error] Error: busy
	at o._provideSemanticTokens (/usr/share/code/resources/app/extensions/typescript-language-features/dist/extension.js:1:180337)
[2020-04-06 13:04:43.873] [exthost] [error] [vscode.typescript-language-features] provider FAILED
[2020-04-06 13:04:43.873] [exthost] [error] Error: busy
	at o._provideSemanticTokens (/usr/share/code/resources/app/extensions/typescript-language-features/dist/extension.js:1:180337)
[2020-04-06 13:04:45.354] [exthost] [error] [vscode.typescript-language-features] provider FAILED
[2020-04-06 13:04:45.354] [exthost] [error] Error: busy
	at o._provideSemanticTokens (/usr/share/code/resources/app/extensions/typescript-language-features/dist/extension.js:1:180337)
[2020-04-06 13:05:03.314] [exthost] [error] [vscode.typescript-language-features] provider FAILED
[2020-04-06 13:05:03.315] [exthost] [error] Error: busy
	at o._provideSemanticTokens (/usr/share/code/resources/app/extensions/typescript-language-features/dist/extension.js:1:180337)
[2020-04-06 13:05:06.494] [exthost] [error] [vscode.typescript-language-features] provider FAILED
[2020-04-06 13:05:06.494] [exthost] [error] Error: busy
	at o._provideSemanticTokens (/usr/share/code/resources/app/extensions/typescript-language-features/dist/extension.js:1:180337)
[2020-04-06 13:05:11.563] [exthost] [error] [vscode.typescript-language-features] provider FAILED
[2020-04-06 13:05:11.563] [exthost] [error] Error: busy
	at o._provideSemanticTokens (/usr/share/code/resources/app/extensions/typescript-language-features/dist/extension.js:1:180337)
[2020-04-06 13:05:12.215] [exthost] [error] [vscode.typescript-language-features] provider FAILED
[2020-04-06 13:05:12.215] [exthost] [error] Error: busy
	at o._provideSemanticTokens (/usr/share/code/resources/app/extensions/typescript-language-features/dist/extension.js:1:180337)
[2020-04-06 13:05:12.936] [exthost] [error] [vscode.typescript-language-features] provider FAILED
[2020-04-06 13:05:12.936] [exthost] [error] Error: busy
	at o._provideSemanticTokens (/usr/share/code/resources/app/extensions/typescript-language-features/dist/extension.js:1:180337)
[2020-04-06 13:05:13.279] [exthost] [error] [vscode.typescript-language-features] provider FAILED
[2020-04-06 13:05:13.279] [exthost] [error] Error: busy
	at o._provideSemanticTokens (/usr/share/code/resources/app/extensions/typescript-language-features/dist/extension.js:1:180337)
[2020-04-06 13:05:23.829] [exthost] [error] [vscode.typescript-language-features] provider FAILED
[2020-04-06 13:05:23.830] [exthost] [error] Error: busy
	at o._provideSemanticTokens (/usr/share/code/resources/app/extensions/typescript-language-features/dist/extension.js:1:180337)
[2020-04-06 13:05:26.496] [exthost] [error] [vscode.typescript-language-features] provider FAILED
[2020-04-06 13:05:26.497] [exthost] [error] Error: busy
	at o._provideSemanticTokens (/usr/share/code/resources/app/extensions/typescript-language-features/dist/extension.js:1:180337)
[2020-04-06 13:05:26.830] [exthost] [error] [vscode.typescript-language-features] provider FAILED
[2020-04-06 13:05:26.830] [exthost] [error] Error: busy
	at o._provideSemanticTokens (/usr/share/code/resources/app/extensions/typescript-language-features/dist/extension.js:1:180337)
[2020-04-06 13:05:27.193] [exthost] [error] [vscode.typescript-language-features] provider FAILED
[2020-04-06 13:05:27.193] [exthost] [error] Error: busy
	at o._provideSemanticTokens (/usr/share/code/resources/app/extensions/typescript-language-features/dist/extension.js:1:180337)
[2020-04-06 13:05:27.714] [exthost] [error] [vscode.typescript-language-features] provider FAILED
[2020-04-06 13:05:27.715] [exthost] [error] Error: busy
	at o._provideSemanticTokens (/usr/share/code/resources/app/extensions/typescript-language-features/dist/extension.js:1:180337)
[2020-04-06 13:05:29.449] [exthost] [error] [vscode.typescript-language-features] provider FAILED
[2020-04-06 13:05:29.449] [exthost] [error] Error: busy
	at o._provideSemanticTokens (/usr/share/code/resources/app/extensions/typescript-language-features/dist/extension.js:1:180337)
[2020-04-06 13:05:42.146] [exthost] [info] ExtensionService#_doActivateExtension vscode.npm {"startup":false,"extensionId":{"value":"vscode.npm","_lower":"vscode.npm"},"activationEvent":"onLanguage:json"}
[2020-04-06 13:05:42.148] [exthost] [info] ExtensionService#loadCommonJSModule file:///usr/share/code/resources/app/extensions/npm/dist/main
[2020-04-06 13:45:15.205] [exthost] [error] [vscode.typescript-language-features] provider FAILED
[2020-04-06 13:45:15.205] [exthost] [error] Error: busy
	at o._provideSemanticTokens (/usr/share/code/resources/app/extensions/typescript-language-features/dist/extension.js:1:180337)
[2020-04-06 13:45:15.881] [exthost] [error] [vscode.typescript-language-features] provider FAILED
[2020-04-06 13:45:15.881] [exthost] [error] Error: busy
	at o._provideSemanticTokens (/usr/share/code/resources/app/extensions/typescript-language-features/dist/extension.js:1:180337)
[2020-04-06 13:45:16.535] [exthost] [error] [vscode.typescript-language-features] provider FAILED
[2020-04-06 13:45:16.535] [exthost] [error] Error: busy
	at o._provideSemanticTokens (/usr/share/code/resources/app/extensions/typescript-language-features/dist/extension.js:1:180337)
[2020-04-06 13:45:24.862] [exthost] [error] [vscode.typescript-language-features] provider FAILED
[2020-04-06 13:45:24.863] [exthost] [error] Error: busy
	at o._provideSemanticTokens (/usr/share/code/resources/app/extensions/typescript-language-features/dist/extension.js:1:180337)
[2020-04-06 13:45:25.215] [exthost] [error] [vscode.typescript-language-features] provider FAILED
[2020-04-06 13:45:25.215] [exthost] [error] Error: busy
	at o._provideSemanticTokens (/usr/share/code/resources/app/extensions/typescript-language-features/dist/extension.js:1:180337)
[2020-04-06 13:45:25.774] [exthost] [error] [vscode.typescript-language-features] provider FAILED
[2020-04-06 13:45:25.774] [exthost] [error] Error: busy
	at o._provideSemanticTokens (/usr/share/code/resources/app/extensions/typescript-language-features/dist/extension.js:1:180337)
[2020-04-06 13:45:28.957] [exthost] [error] [vscode.typescript-language-features] provider FAILED
[2020-04-06 13:45:28.957] [exthost] [error] Error: busy
	at o._provideSemanticTokens (/usr/share/code/resources/app/extensions/typescript-language-features/dist/extension.js:1:180337)
[2020-04-06 13:45:29.562] [exthost] [error] [vscode.typescript-language-features] provider FAILED
[2020-04-06 13:45:29.562] [exthost] [error] Error: busy
	at o._provideSemanticTokens (/usr/share/code/resources/app/extensions/typescript-language-features/dist/extension.js:1:180337)
[2020-04-06 13:45:29.999] [exthost] [error] [vscode.typescript-language-features] provider FAILED
[2020-04-06 13:45:29.999] [exthost] [error] Error: busy
	at o._provideSemanticTokens (/usr/share/code/resources/app/extensions/typescript-language-features/dist/extension.js:1:180337)
[2020-04-06 13:45:33.687] [exthost] [error] [vscode.typescript-language-features] provider FAILED
[2020-04-06 13:45:33.688] [exthost] [error] Error: busy
	at o._provideSemanticTokens (/usr/share/code/resources/app/extensions/typescript-language-features/dist/extension.js:1:180337)
[2020-04-06 13:45:38.204] [exthost] [error] [vscode.typescript-language-features] provider FAILED
[2020-04-06 13:45:38.204] [exthost] [error] Error: busy
	at o._provideSemanticTokens (/usr/share/code/resources/app/extensions/typescript-language-features/dist/extension.js:1:180337)
[2020-04-06 15:55:51.970] [exthost] [error] [vscode.typescript-language-features] provider FAILED
[2020-04-06 15:55:51.989] [exthost] [error] Error: busy
	at o._provideSemanticTokens (/usr/share/code/resources/app/extensions/typescript-language-features/dist/extension.js:1:180337)
[2020-04-06 16:24:21.405] [exthost] [error] [vscode.typescript-language-features] provider FAILED
[2020-04-06 16:24:21.504] [exthost] [error] Error: busy
	at o._provideSemanticTokens (/usr/share/code/resources/app/extensions/typescript-language-features/dist/extension.js:1:180337)
[2020-04-06 17:01:43.449] [exthost] [error] [vscode.typescript-language-features] provider FAILED
[2020-04-06 17:01:43.449] [exthost] [error] Error: busy
	at o._provideSemanticTokens (/usr/share/code/resources/app/extensions/typescript-language-features/dist/extension.js:1:180337)
[2020-04-06 17:02:01.615] [exthost] [error] [vscode.typescript-language-features] provider FAILED
[2020-04-06 17:02:01.615] [exthost] [error] Error: busy
	at o._provideSemanticTokens (/usr/share/code/resources/app/extensions/typescript-language-features/dist/extension.js:1:180337)
[2020-04-06 17:02:47.267] [exthost] [error] [vscode.typescript-language-features] provider FAILED
[2020-04-06 17:02:47.267] [exthost] [error] Error: busy
	at o._provideSemanticTokens (/usr/share/code/resources/app/extensions/typescript-language-features/dist/extension.js:1:180337)
[2020-04-06 17:02:54.321] [exthost] [error] [vscode.typescript-language-features] provider FAILED
[2020-04-06 17:02:54.321] [exthost] [error] Error: busy
	at o._provideSemanticTokens (/usr/share/code/resources/app/extensions/typescript-language-features/dist/extension.js:1:180337)
[2020-04-06 17:02:54.578] [exthost] [error] [vscode.typescript-language-features] provider FAILED
[2020-04-06 17:02:54.578] [exthost] [error] Error: busy
	at o._provideSemanticTokens (/usr/share/code/resources/app/extensions/typescript-language-features/dist/extension.js:1:180337)
[2020-04-06 17:15:47.647] [exthost] [error] [vscode.typescript-language-features] provider FAILED
[2020-04-06 17:15:47.648] [exthost] [error] Error: busy
	at o._provideSemanticTokens (/usr/share/code/resources/app/extensions/typescript-language-features/dist/extension.js:1:180337)
[2020-04-06 17:15:48.342] [exthost] [error] [vscode.typescript-language-features] provider FAILED
[2020-04-06 17:15:48.342] [exthost] [error] Error: busy
	at o._provideSemanticTokens (/usr/share/code/resources/app/extensions/typescript-language-features/dist/extension.js:1:180337)
[2020-04-06 17:16:49.025] [exthost] [error] [vscode.typescript-language-features] provider FAILED
[2020-04-06 17:16:49.026] [exthost] [error] Error: busy
	at o._provideSemanticTokens (/usr/share/code/resources/app/extensions/typescript-language-features/dist/extension.js:1:180337)
[2020-04-06 17:16:49.380] [exthost] [error] [vscode.typescript-language-features] provider FAILED
[2020-04-06 17:16:49.380] [exthost] [error] Error: busy
	at o._provideSemanticTokens (/usr/share/code/resources/app/extensions/typescript-language-features/dist/extension.js:1:180337)
[2020-04-06 17:17:55.629] [exthost] [error] [vscode.typescript-language-features] provider FAILED
[2020-04-06 17:17:55.629] [exthost] [error] Error: busy
	at o._provideSemanticTokens (/usr/share/code/resources/app/extensions/typescript-language-features/dist/extension.js:1:180337)
[2020-04-06 17:17:56.087] [exthost] [error] [vscode.typescript-language-features] provider FAILED
[2020-04-06 17:17:56.087] [exthost] [error] Error: busy
	at o._provideSemanticTokens (/usr/share/code/resources/app/extensions/typescript-language-features/dist/extension.js:1:180337)
[2020-04-06 17:18:00.332] [exthost] [error] [vscode.typescript-language-features] provider FAILED
[2020-04-06 17:18:00.332] [exthost] [error] Error: busy
	at o._provideSemanticTokens (/usr/share/code/resources/app/extensions/typescript-language-features/dist/extension.js:1:180337)
[2020-04-06 17:18:13.285] [exthost] [error] [vscode.typescript-language-features] provider FAILED
[2020-04-06 17:18:13.285] [exthost] [error] Error: busy
	at o._provideSemanticTokens (/usr/share/code/resources/app/extensions/typescript-language-features/dist/extension.js:1:180337)
[2020-04-06 17:18:14.913] [exthost] [error] [vscode.typescript-language-features] provider FAILED
[2020-04-06 17:18:14.913] [exthost] [error] Error: busy
	at o._provideSemanticTokens (/usr/share/code/resources/app/extensions/typescript-language-features/dist/extension.js:1:180337)
[2020-04-06 17:18:53.172] [exthost] [error] [vscode.typescript-language-features] provider FAILED
[2020-04-06 17:18:53.172] [exthost] [error] Error: busy
	at o._provideSemanticTokens (/usr/share/code/resources/app/extensions/typescript-language-features/dist/extension.js:1:180337)
[2020-04-06 17:18:57.024] [exthost] [error] [vscode.typescript-language-features] provider FAILED
[2020-04-06 17:18:57.024] [exthost] [error] Error: busy
	at o._provideSemanticTokens (/usr/share/code/resources/app/extensions/typescript-language-features/dist/extension.js:1:180337)
[2020-04-06 17:22:36.826] [exthost] [error] [vscode.typescript-language-features] provider FAILED
[2020-04-06 17:22:36.827] [exthost] [error] Error: busy
	at o._provideSemanticTokens (/usr/share/code/resources/app/extensions/typescript-language-features/dist/extension.js:1:180337)
[2020-04-06 17:22:37.101] [exthost] [error] [vscode.typescript-language-features] provider FAILED
[2020-04-06 17:22:37.101] [exthost] [error] Error: busy
	at o._provideSemanticTokens (/usr/share/code/resources/app/extensions/typescript-language-features/dist/extension.js:1:180337)
[2020-04-06 17:22:40.046] [exthost] [error] [vscode.typescript-language-features] provider FAILED
[2020-04-06 17:22:40.046] [exthost] [error] Error: busy
	at o._provideSemanticTokens (/usr/share/code/resources/app/extensions/typescript-language-features/dist/extension.js:1:180337)
[2020-04-06 17:24:02.887] [exthost] [error] [vscode.typescript-language-features] provider FAILED
[2020-04-06 17:24:02.887] [exthost] [error] Error: busy
	at o._provideSemanticTokens (/usr/share/code/resources/app/extensions/typescript-language-features/dist/extension.js:1:180337)
[2020-04-06 17:24:04.773] [exthost] [error] [vscode.typescript-language-features] provider FAILED
[2020-04-06 17:24:04.773] [exthost] [error] Error: busy
	at o._provideSemanticTokens (/usr/share/code/resources/app/extensions/typescript-language-features/dist/extension.js:1:180337)
[2020-04-06 17:25:05.822] [exthost] [error] [vscode.typescript-language-features] provider FAILED
[2020-04-06 17:25:05.822] [exthost] [error] Error: busy
	at o._provideSemanticTokens (/usr/share/code/resources/app/extensions/typescript-language-features/dist/extension.js:1:180337)
[2020-04-06 17:25:34.120] [exthost] [error] [vscode.typescript-language-features] provider FAILED
[2020-04-06 17:25:34.120] [exthost] [error] Error: busy
	at o._provideSemanticTokens (/usr/share/code/resources/app/extensions/typescript-language-features/dist/extension.js:1:180337)
[2020-04-06 17:25:36.040] [exthost] [error] [vscode.typescript-language-features] provider FAILED
[2020-04-06 17:25:36.041] [exthost] [error] Error: busy
	at o._provideSemanticTokens (/usr/share/code/resources/app/extensions/typescript-language-features/dist/extension.js:1:180337)
[2020-04-06 17:25:37.011] [exthost] [error] [vscode.typescript-language-features] provider FAILED
[2020-04-06 17:25:37.011] [exthost] [error] Error: busy
	at o._provideSemanticTokens (/usr/share/code/resources/app/extensions/typescript-language-features/dist/extension.js:1:180337)
[2020-04-06 17:25:37.404] [exthost] [error] [vscode.typescript-language-features] provider FAILED
[2020-04-06 17:25:37.405] [exthost] [error] Error: busy
	at o._provideSemanticTokens (/usr/share/code/resources/app/extensions/typescript-language-features/dist/extension.js:1:180337)
[2020-04-06 17:25:37.988] [exthost] [error] [vscode.typescript-language-features] provider FAILED
[2020-04-06 17:25:37.988] [exthost] [error] Error: busy
	at o._provideSemanticTokens (/usr/share/code/resources/app/extensions/typescript-language-features/dist/extension.js:1:180337)
[2020-04-06 17:25:40.962] [exthost] [error] [vscode.typescript-language-features] provider FAILED
[2020-04-06 17:25:40.962] [exthost] [error] Error: busy
	at o._provideSemanticTokens (/usr/share/code/resources/app/extensions/typescript-language-features/dist/extension.js:1:180337)
[2020-04-06 17:26:37.862] [exthost] [error] [vscode.typescript-language-features] provider FAILED
[2020-04-06 17:26:37.862] [exthost] [error] Error: busy
	at o._provideSemanticTokens (/usr/share/code/resources/app/extensions/typescript-language-features/dist/extension.js:1:180337)
[2020-04-06 17:27:00.973] [exthost] [error] [vscode.typescript-language-features] provider FAILED
[2020-04-06 17:27:00.973] [exthost] [error] Error: busy
	at o._provideSemanticTokens (/usr/share/code/resources/app/extensions/typescript-language-features/dist/extension.js:1:180337)
[2020-04-06 17:27:01.737] [exthost] [error] [vscode.typescript-language-features] provider FAILED
[2020-04-06 17:27:01.737] [exthost] [error] Error: busy
	at o._provideSemanticTokens (/usr/share/code/resources/app/extensions/typescript-language-features/dist/extension.js:1:180337)
[2020-04-06 17:27:05.424] [exthost] [error] [vscode.typescript-language-features] provider FAILED
[2020-04-06 17:27:05.424] [exthost] [error] Error: busy
	at o._provideSemanticTokens (/usr/share/code/resources/app/extensions/typescript-language-features/dist/extension.js:1:180337)
[2020-04-06 17:27:21.108] [exthost] [error] [vscode.typescript-language-features] provider FAILED
[2020-04-06 17:27:21.108] [exthost] [error] Error: busy
	at o._provideSemanticTokens (/usr/share/code/resources/app/extensions/typescript-language-features/dist/extension.js:1:180337)
[2020-04-06 17:27:24.606] [exthost] [error] [vscode.typescript-language-features] provider FAILED
[2020-04-06 17:27:24.607] [exthost] [error] Error: busy
	at o._provideSemanticTokens (/usr/share/code/resources/app/extensions/typescript-language-features/dist/extension.js:1:180337)
[2020-04-06 17:27:37.087] [exthost] [error] [vscode.typescript-language-features] provider FAILED
[2020-04-06 17:27:37.087] [exthost] [error] Error: busy
	at o._provideSemanticTokens (/usr/share/code/resources/app/extensions/typescript-language-features/dist/extension.js:1:180337)
[2020-04-06 17:27:41.516] [exthost] [error] [vscode.typescript-language-features] provider FAILED
[2020-04-06 17:27:41.516] [exthost] [error] Error: busy
	at o._provideSemanticTokens (/usr/share/code/resources/app/extensions/typescript-language-features/dist/extension.js:1:180337)
[2020-04-06 17:28:27.899] [exthost] [error] [vscode.typescript-language-features] provider FAILED
[2020-04-06 17:28:27.900] [exthost] [error] Error: busy
	at o._provideSemanticTokens (/usr/share/code/resources/app/extensions/typescript-language-features/dist/extension.js:1:180337)
[2020-04-06 17:28:31.450] [exthost] [error] [vscode.typescript-language-features] provider FAILED
[2020-04-06 17:28:31.450] [exthost] [error] Error: busy
	at o._provideSemanticTokens (/usr/share/code/resources/app/extensions/typescript-language-features/dist/extension.js:1:180337)
[2020-04-06 17:55:29.135] [exthost] [error] [vscode.typescript-language-features] provider FAILED
[2020-04-06 17:55:29.136] [exthost] [error] Error: busy
	at o._provideSemanticTokens (/usr/share/code/resources/app/extensions/typescript-language-features/dist/extension.js:1:180337)
[2020-04-06 17:55:32.554] [exthost] [error] [vscode.typescript-language-features] provider FAILED
[2020-04-06 17:55:32.554] [exthost] [error] Error: busy
	at o._provideSemanticTokens (/usr/share/code/resources/app/extensions/typescript-language-features/dist/extension.js:1:180337)
[2020-04-06 18:15:52.250] [exthost] [error] [vscode.typescript-language-features] provider FAILED
[2020-04-06 18:15:52.251] [exthost] [error] Error: busy
	at o._provideSemanticTokens (/usr/share/code/resources/app/extensions/typescript-language-features/dist/extension.js:1:180337)
[2020-04-06 18:15:52.645] [exthost] [error] [vscode.typescript-language-features] provider FAILED
[2020-04-06 18:15:52.645] [exthost] [error] Error: busy
	at o._provideSemanticTokens (/usr/share/code/resources/app/extensions/typescript-language-features/dist/extension.js:1:180337)
[2020-04-06 18:15:53.175] [exthost] [error] [vscode.typescript-language-features] provider FAILED
[2020-04-06 18:15:53.175] [exthost] [error] Error: busy
	at o._provideSemanticTokens (/usr/share/code/resources/app/extensions/typescript-language-features/dist/extension.js:1:180337)
[2020-04-06 18:15:54.500] [exthost] [error] [vscode.typescript-language-features] provider FAILED
[2020-04-06 18:15:54.500] [exthost] [error] Error: busy
	at o._provideSemanticTokens (/usr/share/code/resources/app/extensions/typescript-language-features/dist/extension.js:1:180337)
[2020-04-06 18:15:58.318] [exthost] [error] [vscode.typescript-language-features] provider FAILED
[2020-04-06 18:15:58.318] [exthost] [error] Error: busy
	at o._provideSemanticTokens (/usr/share/code/resources/app/extensions/typescript-language-features/dist/extension.js:1:180337)
[2020-04-06 18:42:03.445] [exthost] [error] [vscode.typescript-language-features] provider FAILED
[2020-04-06 18:42:03.445] [exthost] [error] Error: busy
	at o._provideSemanticTokens (/usr/share/code/resources/app/extensions/typescript-language-features/dist/extension.js:1:180337)
[2020-04-06 18:42:03.930] [exthost] [error] [vscode.typescript-language-features] provider FAILED
[2020-04-06 18:42:03.930] [exthost] [error] Error: busy
	at o._provideSemanticTokens (/usr/share/code/resources/app/extensions/typescript-language-features/dist/extension.js:1:180337)
[2020-04-06 18:56:41.567] [exthost] [error] [vscode.typescript-language-features] provider FAILED
[2020-04-06 18:56:41.567] [exthost] [error] Error: busy
	at o._provideSemanticTokens (/usr/share/code/resources/app/extensions/typescript-language-features/dist/extension.js:1:180337)
[2020-04-06 18:58:02.679] [exthost] [error] [vscode.typescript-language-features] provider FAILED
[2020-04-06 18:58:02.680] [exthost] [error] Error: busy
	at o._provideSemanticTokens (/usr/share/code/resources/app/extensions/typescript-language-features/dist/extension.js:1:180337)
[2020-04-06 18:58:05.556] [exthost] [error] [vscode.typescript-language-features] provider FAILED
[2020-04-06 18:58:05.556] [exthost] [error] Error: busy
	at o._provideSemanticTokens (/usr/share/code/resources/app/extensions/typescript-language-features/dist/extension.js:1:180337)
[2020-04-06 18:58:14.169] [exthost] [error] [vscode.typescript-language-features] provider FAILED
[2020-04-06 18:58:14.169] [exthost] [error] Error: busy
	at o._provideSemanticTokens (/usr/share/code/resources/app/extensions/typescript-language-features/dist/extension.js:1:180337)
[2020-04-06 18:59:08.888] [exthost] [error] [vscode.typescript-language-features] provider FAILED
[2020-04-06 18:59:08.888] [exthost] [error] Error: busy
	at o._provideSemanticTokens (/usr/share/code/resources/app/extensions/typescript-language-features/dist/extension.js:1:180337)
[2020-04-06 18:59:15.227] [exthost] [error] [vscode.typescript-language-features] provider FAILED
[2020-04-06 18:59:15.227] [exthost] [error] Error: busy
	at o._provideSemanticTokens (/usr/share/code/resources/app/extensions/typescript-language-features/dist/extension.js:1:180337)
[2020-04-06 18:59:18.392] [exthost] [error] [vscode.typescript-language-features] provider FAILED
[2020-04-06 18:59:18.392] [exthost] [error] Error: busy
	at o._provideSemanticTokens (/usr/share/code/resources/app/extensions/typescript-language-features/dist/extension.js:1:180337)
[2020-04-06 18:59:31.629] [exthost] [error] [vscode.typescript-language-features] provider FAILED
[2020-04-06 18:59:31.629] [exthost] [error] Error: busy
	at o._provideSemanticTokens (/usr/share/code/resources/app/extensions/typescript-language-features/dist/extension.js:1:180337)
[2020-04-06 19:00:10.796] [exthost] [error] [vscode.typescript-language-features] provider FAILED
[2020-04-06 19:00:10.796] [exthost] [error] Error: busy
	at o._provideSemanticTokens (/usr/share/code/resources/app/extensions/typescript-language-features/dist/extension.js:1:180337)
[2020-04-06 19:00:16.048] [exthost] [error] [vscode.typescript-language-features] provider FAILED
[2020-04-06 19:00:16.048] [exthost] [error] Error: busy
	at o._provideSemanticTokens (/usr/share/code/resources/app/extensions/typescript-language-features/dist/extension.js:1:180337)
[2020-04-06 19:00:17.530] [exthost] [error] [vscode.typescript-language-features] provider FAILED
[2020-04-06 19:00:17.535] [exthost] [error] Error: DisposableStore is missing...
	at F._convertCompletionItem (/usr/share/code/resources/app/out/vs/workbench/services/extensions/node/extensionHostProcess.js:596:373)
	at /usr/share/code/resources/app/out/vs/workbench/services/extensions/node/extensionHostProcess.js:596:151
[2020-04-06 19:00:17.585] [exthost] [error] [vscode.typescript-language-features] provider FAILED
[2020-04-06 19:00:17.585] [exthost] [error] Error: busy
	at o._provideSemanticTokens (/usr/share/code/resources/app/extensions/typescript-language-features/dist/extension.js:1:180337)
[2020-04-06 19:01:01.748] [exthost] [error] [vscode.typescript-language-features] provider FAILED
[2020-04-06 19:01:01.748] [exthost] [error] Error: busy
	at o._provideSemanticTokens (/usr/share/code/resources/app/extensions/typescript-language-features/dist/extension.js:1:180337)
[2020-04-06 19:01:04.970] [exthost] [error] [vscode.typescript-language-features] provider FAILED
[2020-04-06 19:01:04.970] [exthost] [error] Error: busy
	at o._provideSemanticTokens (/usr/share/code/resources/app/extensions/typescript-language-features/dist/extension.js:1:180337)
[2020-04-06 19:01:06.605] [exthost] [error] [vscode.typescript-language-features] provider FAILED
[2020-04-06 19:01:06.606] [exthost] [error] Error: busy
	at o._provideSemanticTokens (/usr/share/code/resources/app/extensions/typescript-language-features/dist/extension.js:1:180337)
[2020-04-06 19:01:07.323] [exthost] [error] [vscode.typescript-language-features] provider FAILED
[2020-04-06 19:01:07.323] [exthost] [error] Error: busy
	at o._provideSemanticTokens (/usr/share/code/resources/app/extensions/typescript-language-features/dist/extension.js:1:180337)
[2020-04-06 19:01:45.323] [exthost] [error] [vscode.typescript-language-features] provider FAILED
[2020-04-06 19:01:45.323] [exthost] [error] Error: busy
	at o._provideSemanticTokens (/usr/share/code/resources/app/extensions/typescript-language-features/dist/extension.js:1:180337)
[2020-04-06 19:01:45.650] [exthost] [error] [vscode.typescript-language-features] provider FAILED
[2020-04-06 19:01:45.650] [exthost] [error] Error: busy
	at o._provideSemanticTokens (/usr/share/code/resources/app/extensions/typescript-language-features/dist/extension.js:1:180337)
[2020-04-06 19:01:46.412] [exthost] [error] [vscode.typescript-language-features] provider FAILED
[2020-04-06 19:01:46.412] [exthost] [error] Error: busy
	at o._provideSemanticTokens (/usr/share/code/resources/app/extensions/typescript-language-features/dist/extension.js:1:180337)
[2020-04-06 19:01:46.790] [exthost] [error] [vscode.typescript-language-features] provider FAILED
[2020-04-06 19:01:46.790] [exthost] [error] Error: busy
	at o._provideSemanticTokens (/usr/share/code/resources/app/extensions/typescript-language-features/dist/extension.js:1:180337)
[2020-04-06 19:01:47.644] [exthost] [error] [vscode.typescript-language-features] provider FAILED
[2020-04-06 19:01:47.645] [exthost] [error] Error: busy
	at o._provideSemanticTokens (/usr/share/code/resources/app/extensions/typescript-language-features/dist/extension.js:1:180337)
[2020-04-06 19:01:50.253] [exthost] [error] [vscode.typescript-language-features] provider FAILED
[2020-04-06 19:01:50.253] [exthost] [error] Error: busy
	at o._provideSemanticTokens (/usr/share/code/resources/app/extensions/typescript-language-features/dist/extension.js:1:180337)
[2020-04-06 19:01:57.526] [exthost] [error] [vscode.typescript-language-features] provider FAILED
[2020-04-06 19:01:57.526] [exthost] [error] Error: busy
	at o._provideSemanticTokens (/usr/share/code/resources/app/extensions/typescript-language-features/dist/extension.js:1:180337)
[2020-04-06 19:01:57.953] [exthost] [error] [vscode.typescript-language-features] provider FAILED
[2020-04-06 19:01:57.953] [exthost] [error] Error: busy
	at o._provideSemanticTokens (/usr/share/code/resources/app/extensions/typescript-language-features/dist/extension.js:1:180337)
[2020-04-06 19:02:06.325] [exthost] [error] [vscode.typescript-language-features] provider FAILED
[2020-04-06 19:02:06.325] [exthost] [error] Error: busy
	at o._provideSemanticTokens (/usr/share/code/resources/app/extensions/typescript-language-features/dist/extension.js:1:180337)
[2020-04-06 19:56:18.900] [exthost] [error] [vscode.typescript-language-features] provider FAILED
[2020-04-06 19:56:18.900] [exthost] [error] Error: busy
	at o._provideSemanticTokens (/usr/share/code/resources/app/extensions/typescript-language-features/dist/extension.js:1:180337)
[2020-04-06 19:56:19.495] [exthost] [error] [vscode.typescript-language-features] provider FAILED
[2020-04-06 19:56:19.495] [exthost] [error] Error: busy
	at o._provideSemanticTokens (/usr/share/code/resources/app/extensions/typescript-language-features/dist/extension.js:1:180337)
[2020-04-06 19:56:19.611] [exthost] [error] [vscode.typescript-language-features] provider FAILED
[2020-04-06 19:56:19.617] [exthost] [error] Error: DisposableStore is missing...
	at F._convertCompletionItem (/usr/share/code/resources/app/out/vs/workbench/services/extensions/node/extensionHostProcess.js:596:373)
	at /usr/share/code/resources/app/out/vs/workbench/services/extensions/node/extensionHostProcess.js:596:151
[2020-04-06 19:56:21.426] [exthost] [error] [vscode.typescript-language-features] provider FAILED
[2020-04-06 19:56:21.426] [exthost] [error] Error: busy
	at o._provideSemanticTokens (/usr/share/code/resources/app/extensions/typescript-language-features/dist/extension.js:1:180337)
[2020-04-06 19:56:37.294] [exthost] [error] [vscode.typescript-language-features] provider FAILED
[2020-04-06 19:56:37.294] [exthost] [error] Error: busy
	at o._provideSemanticTokens (/usr/share/code/resources/app/extensions/typescript-language-features/dist/extension.js:1:180337)
[2020-04-06 19:56:52.384] [exthost] [error] [vscode.typescript-language-features] provider FAILED
[2020-04-06 19:56:52.384] [exthost] [error] Error: busy
	at o._provideSemanticTokens (/usr/share/code/resources/app/extensions/typescript-language-features/dist/extension.js:1:180337)
[2020-04-06 19:56:54.366] [exthost] [error] [vscode.typescript-language-features] provider FAILED
[2020-04-06 19:56:54.366] [exthost] [error] Error: busy
	at o._provideSemanticTokens (/usr/share/code/resources/app/extensions/typescript-language-features/dist/extension.js:1:180337)
[2020-04-06 19:57:01.399] [exthost] [error] [vscode.typescript-language-features] provider FAILED
[2020-04-06 19:57:01.399] [exthost] [error] Error: busy
	at o._provideSemanticTokens (/usr/share/code/resources/app/extensions/typescript-language-features/dist/extension.js:1:180337)
[2020-04-06 19:57:11.080] [exthost] [error] [vscode.typescript-language-features] provider FAILED
[2020-04-06 19:57:11.080] [exthost] [error] Error: busy
	at o._provideSemanticTokens (/usr/share/code/resources/app/extensions/typescript-language-features/dist/extension.js:1:180337)
[2020-04-06 19:57:12.697] [exthost] [error] [vscode.typescript-language-features] provider FAILED
[2020-04-06 19:57:12.697] [exthost] [error] Error: busy
	at o._provideSemanticTokens (/usr/share/code/resources/app/extensions/typescript-language-features/dist/extension.js:1:180337)
[2020-04-06 19:57:21.375] [exthost] [error] [vscode.typescript-language-features] provider FAILED
[2020-04-06 19:57:21.376] [exthost] [error] Error: busy
	at o._provideSemanticTokens (/usr/share/code/resources/app/extensions/typescript-language-features/dist/extension.js:1:180337)
[2020-04-06 19:57:22.046] [exthost] [error] [vscode.typescript-language-features] provider FAILED
[2020-04-06 19:57:22.046] [exthost] [error] Error: busy
	at o._provideSemanticTokens (/usr/share/code/resources/app/extensions/typescript-language-features/dist/extension.js:1:180337)
[2020-04-06 19:57:24.646] [exthost] [error] [vscode.typescript-language-features] provider FAILED
[2020-04-06 19:57:24.646] [exthost] [error] Error: DisposableStore is missing...
	at F._convertCompletionItem (/usr/share/code/resources/app/out/vs/workbench/services/extensions/node/extensionHostProcess.js:596:373)
	at /usr/share/code/resources/app/out/vs/workbench/services/extensions/node/extensionHostProcess.js:596:151
[2020-04-06 19:57:24.778] [exthost] [error] [vscode.typescript-language-features] provider FAILED
[2020-04-06 19:57:24.778] [exthost] [error] Error: busy
	at o._provideSemanticTokens (/usr/share/code/resources/app/extensions/typescript-language-features/dist/extension.js:1:180337)
[2020-04-06 19:57:25.315] [exthost] [error] [vscode.typescript-language-features] provider FAILED
[2020-04-06 19:57:25.319] [exthost] [error] Error: <semantic> TypeScript Server Error (3.8.3)
Cannot read property 'emitNode' of undefined
TypeError: Cannot read property 'emitNode' of undefined
    at Object.getCommentRange (tsserver.js:71102:29)
    at emitNodeList (tsserver.js:95676:51)
    at emitList (tsserver.js:95555:13)
    at Object.writeList (tsserver.js:92891:13)
    at tsserver.js:119315:29
    at Object.mapToDisplayParts (tsserver.js:107201:13)
    at itemInfoForParameters (tsserver.js:119312:41)
    at getSignatureHelpItem (tsserver.js:119278:95)
    at tsserver.js:119251:79
    at Array.map (<anonymous>)
    at createSignatureHelpItems (tsserver.js:119251:36)
    at tsserver.js:118843:23
    at Object.runWithCancellationToken (tsserver.js:34552:28)
    at Object.getSignatureHelpItems (tsserver.js:118841:32)
    at Proxy.getSignatureHelpItems (tsserver.js:135509:37)
    at IOSession.Session.getSignatureHelpItems (tsserver.js:145510:62)
    at Session.handlers.ts.createMapFromTemplate._a.<computed> (tsserver.js:144404:61)
    at tsserver.js:146003:88
    at IOSession.Session.executeWithRequestId (tsserver.js:145994:28)
    at IOSession.Session.executeCommand (tsserver.js:146003:33)
    at IOSession.Session.onMessage (tsserver.js:146027:35)
    at Interface.<anonymous> (tsserver.js:147342:27)
    at Interface.emit (events.js:203:13)
    at Interface._onLine (readline.js:316:10)
    at Interface._normalWrite (readline.js:461:12)
    at Socket.ondata (readline.js:172:10)
    at Socket.emit (events.js:203:13)
    at addChunk (_stream_readable.js:295:12)
    at readableAddChunk (_stream_readable.js:276:11)
    at Socket.Readable.push (_stream_readable.js:210:10)
    at Pipe.onStreamRead (internal/stream_base_commons.js:166:17)
	at Function.create (/usr/share/code/resources/app/extensions/typescript-language-features/dist/extension.js:1:49958)
	at h.dispatchResponse (/usr/share/code/resources/app/extensions/typescript-language-features/dist/extension.js:1:216914)
	at h.dispatchMessage (/usr/share/code/resources/app/extensions/typescript-language-features/dist/extension.js:1:215832)
	at /usr/share/code/resources/app/extensions/typescript-language-features/dist/extension.js:1:215308
	at l.fire (/usr/share/code/resources/app/out/vs/workbench/services/extensions/node/extensionHostProcess.js:48:845)
	at t.Reader.onLengthData (/usr/share/code/resources/app/extensions/typescript-language-features/dist/extension.js:1:223870)
	at Socket.<anonymous> (/usr/share/code/resources/app/extensions/typescript-language-features/dist/extension.js:1:223518)
	at Socket.emit (events.js:203:13)
	at addChunk (_stream_readable.js:295:12)
	at readableAddChunk (_stream_readable.js:276:11)
	at Socket.Readable.push (_stream_readable.js:210:10)
	at Pipe.onStreamRead (internal/stream_base_commons.js:166:17)
[2020-04-06 19:58:19.101] [exthost] [error] [vscode.typescript-language-features] provider FAILED
[2020-04-06 19:58:19.101] [exthost] [error] Error: busy
	at o._provideSemanticTokens (/usr/share/code/resources/app/extensions/typescript-language-features/dist/extension.js:1:180337)
[2020-04-06 19:58:20.973] [exthost] [error] [vscode.typescript-language-features] provider FAILED
[2020-04-06 19:58:20.974] [exthost] [error] Error: busy
	at o._provideSemanticTokens (/usr/share/code/resources/app/extensions/typescript-language-features/dist/extension.js:1:180337)
[2020-04-06 19:58:22.110] [exthost] [error] [vscode.typescript-language-features] provider FAILED
[2020-04-06 19:58:22.111] [exthost] [error] Error: DisposableStore is missing...
	at F._convertCompletionItem (/usr/share/code/resources/app/out/vs/workbench/services/extensions/node/extensionHostProcess.js:596:373)
	at /usr/share/code/resources/app/out/vs/workbench/services/extensions/node/extensionHostProcess.js:596:151
[2020-04-06 19:58:22.221] [exthost] [error] [vscode.typescript-language-features] provider FAILED
[2020-04-06 19:58:22.221] [exthost] [error] Error: busy
	at o._provideSemanticTokens (/usr/share/code/resources/app/extensions/typescript-language-features/dist/extension.js:1:180337)
[2020-04-06 19:58:23.474] [exthost] [error] [vscode.typescript-language-features] provider FAILED
[2020-04-06 19:58:23.474] [exthost] [error] Error: busy
	at o._provideSemanticTokens (/usr/share/code/resources/app/extensions/typescript-language-features/dist/extension.js:1:180337)
[2020-04-06 19:58:23.727] [exthost] [error] [vscode.typescript-language-features] provider FAILED
[2020-04-06 19:58:23.727] [exthost] [error] Error: busy
	at o._provideSemanticTokens (/usr/share/code/resources/app/extensions/typescript-language-features/dist/extension.js:1:180337)
[2020-04-06 19:58:26.652] [exthost] [error] [vscode.typescript-language-features] provider FAILED
[2020-04-06 19:58:26.652] [exthost] [error] Error: busy
	at o._provideSemanticTokens (/usr/share/code/resources/app/extensions/typescript-language-features/dist/extension.js:1:180337)
[2020-04-06 19:58:28.343] [exthost] [error] [vscode.typescript-language-features] provider FAILED
[2020-04-06 19:58:28.343] [exthost] [error] Error: busy
	at o._provideSemanticTokens (/usr/share/code/resources/app/extensions/typescript-language-features/dist/extension.js:1:180337)
[2020-04-06 19:58:32.042] [exthost] [error] [vscode.typescript-language-features] provider FAILED
[2020-04-06 19:58:32.042] [exthost] [error] Error: busy
	at o._provideSemanticTokens (/usr/share/code/resources/app/extensions/typescript-language-features/dist/extension.js:1:180337)
[2020-04-06 20:01:52.485] [exthost] [error] [vscode.typescript-language-features] provider FAILED
[2020-04-06 20:01:52.485] [exthost] [error] Error: busy
	at o._provideSemanticTokens (/usr/share/code/resources/app/extensions/typescript-language-features/dist/extension.js:1:180337)
[2020-04-06 20:02:05.422] [exthost] [error] [vscode.typescript-language-features] provider FAILED
[2020-04-06 20:02:05.422] [exthost] [error] Error: busy
	at o._provideSemanticTokens (/usr/share/code/resources/app/extensions/typescript-language-features/dist/extension.js:1:180337)
[2020-04-06 20:04:16.429] [exthost] [error] [vscode.typescript-language-features] provider FAILED
[2020-04-06 20:04:16.429] [exthost] [error] Error: busy
	at o._provideSemanticTokens (/usr/share/code/resources/app/extensions/typescript-language-features/dist/extension.js:1:180337)
[2020-04-06 20:04:16.603] [exthost] [error] [vscode.typescript-language-features] provider FAILED
[2020-04-06 20:04:16.603] [exthost] [error] Error: busy
	at o._provideSemanticTokens (/usr/share/code/resources/app/extensions/typescript-language-features/dist/extension.js:1:180337)
[2020-04-06 20:04:16.995] [exthost] [error] [vscode.typescript-language-features] provider FAILED
[2020-04-06 20:04:16.995] [exthost] [error] Error: busy
	at o._provideSemanticTokens (/usr/share/code/resources/app/extensions/typescript-language-features/dist/extension.js:1:180337)
[2020-04-06 20:04:21.559] [exthost] [error] [vscode.typescript-language-features] provider FAILED
[2020-04-06 20:04:21.559] [exthost] [error] Error: busy
	at o._provideSemanticTokens (/usr/share/code/resources/app/extensions/typescript-language-features/dist/extension.js:1:180337)
[2020-04-06 20:04:24.699] [exthost] [error] [vscode.typescript-language-features] provider FAILED
[2020-04-06 20:04:24.699] [exthost] [error] Error: busy
	at o._provideSemanticTokens (/usr/share/code/resources/app/extensions/typescript-language-features/dist/extension.js:1:180337)
[2020-04-06 20:07:19.216] [exthost] [error] [vscode.typescript-language-features] provider FAILED
[2020-04-06 20:07:19.217] [exthost] [error] Error: busy
	at o._provideSemanticTokens (/usr/share/code/resources/app/extensions/typescript-language-features/dist/extension.js:1:180337)
[2020-04-06 20:22:45.875] [exthost] [error] [vscode.typescript-language-features] provider FAILED
[2020-04-06 20:22:45.875] [exthost] [error] Error: busy
	at o._provideSemanticTokens (/usr/share/code/resources/app/extensions/typescript-language-features/dist/extension.js:1:180337)
[2020-04-06 20:22:46.306] [exthost] [error] [vscode.typescript-language-features] provider FAILED
[2020-04-06 20:22:46.306] [exthost] [error] Error: DisposableStore is missing...
	at F._convertCompletionItem (/usr/share/code/resources/app/out/vs/workbench/services/extensions/node/extensionHostProcess.js:596:373)
	at /usr/share/code/resources/app/out/vs/workbench/services/extensions/node/extensionHostProcess.js:596:151
[2020-04-06 20:22:47.998] [exthost] [error] [vscode.typescript-language-features] provider FAILED
[2020-04-06 20:22:47.998] [exthost] [error] Error: busy
	at o._provideSemanticTokens (/usr/share/code/resources/app/extensions/typescript-language-features/dist/extension.js:1:180337)
[2020-04-06 20:22:50.204] [exthost] [error] [vscode.typescript-language-features] provider FAILED
[2020-04-06 20:22:50.204] [exthost] [error] Error: busy
	at o._provideSemanticTokens (/usr/share/code/resources/app/extensions/typescript-language-features/dist/extension.js:1:180337)
[2020-04-06 20:22:51.596] [exthost] [error] [vscode.typescript-language-features] provider FAILED
[2020-04-06 20:22:51.597] [exthost] [error] Error: busy
	at o._provideSemanticTokens (/usr/share/code/resources/app/extensions/typescript-language-features/dist/extension.js:1:180337)
[2020-04-06 20:22:51.891] [exthost] [error] [vscode.typescript-language-features] provider FAILED
[2020-04-06 20:22:51.891] [exthost] [error] Error: busy
	at o._provideSemanticTokens (/usr/share/code/resources/app/extensions/typescript-language-features/dist/extension.js:1:180337)
[2020-04-06 20:34:03.368] [exthost] [error] [vscode.typescript-language-features] provider FAILED
[2020-04-06 20:34:03.368] [exthost] [error] Error: busy
	at o._provideSemanticTokens (/usr/share/code/resources/app/extensions/typescript-language-features/dist/extension.js:1:180337)
[2020-04-06 20:34:08.166] [exthost] [error] [vscode.typescript-language-features] provider FAILED
[2020-04-06 20:34:08.167] [exthost] [error] Error: busy
	at o._provideSemanticTokens (/usr/share/code/resources/app/extensions/typescript-language-features/dist/extension.js:1:180337)
[2020-04-06 20:34:11.044] [exthost] [error] [vscode.typescript-language-features] provider FAILED
[2020-04-06 20:34:11.044] [exthost] [error] Error: DisposableStore is missing...
	at F._convertCompletionItem (/usr/share/code/resources/app/out/vs/workbench/services/extensions/node/extensionHostProcess.js:596:373)
	at /usr/share/code/resources/app/out/vs/workbench/services/extensions/node/extensionHostProcess.js:596:151
[2020-04-06 20:34:11.318] [exthost] [error] [vscode.typescript-language-features] provider FAILED
[2020-04-06 20:34:11.318] [exthost] [error] Error: busy
	at o._provideSemanticTokens (/usr/share/code/resources/app/extensions/typescript-language-features/dist/extension.js:1:180337)
[2020-04-06 20:34:15.334] [exthost] [error] [vscode.typescript-language-features] provider FAILED
[2020-04-06 20:34:15.334] [exthost] [error] Error: busy
	at o._provideSemanticTokens (/usr/share/code/resources/app/extensions/typescript-language-features/dist/extension.js:1:180337)
[2020-04-06 20:35:27.823] [exthost] [error] [vscode.typescript-language-features] provider FAILED
[2020-04-06 20:35:27.824] [exthost] [error] Error: busy
	at o._provideSemanticTokens (/usr/share/code/resources/app/extensions/typescript-language-features/dist/extension.js:1:180337)
[2020-04-06 20:35:28.224] [exthost] [error] [vscode.typescript-language-features] provider FAILED
[2020-04-06 20:35:28.225] [exthost] [error] Error: busy
	at o._provideSemanticTokens (/usr/share/code/resources/app/extensions/typescript-language-features/dist/extension.js:1:180337)
[2020-04-06 20:35:56.144] [exthost] [error] [vscode.typescript-language-features] provider FAILED
[2020-04-06 20:35:56.144] [exthost] [error] Error: busy
	at o._provideSemanticTokens (/usr/share/code/resources/app/extensions/typescript-language-features/dist/extension.js:1:180337)
[2020-04-06 20:35:57.343] [exthost] [error] [vscode.typescript-language-features] provider FAILED
[2020-04-06 20:35:57.344] [exthost] [error] Error: busy
	at o._provideSemanticTokens (/usr/share/code/resources/app/extensions/typescript-language-features/dist/extension.js:1:180337)
[2020-04-06 20:35:58.174] [exthost] [error] [vscode.typescript-language-features] provider FAILED
[2020-04-06 20:35:58.174] [exthost] [error] Error: busy
	at o._provideSemanticTokens (/usr/share/code/resources/app/extensions/typescript-language-features/dist/extension.js:1:180337)
[2020-04-06 20:35:59.544] [exthost] [error] [vscode.typescript-language-features] provider FAILED
[2020-04-06 20:35:59.544] [exthost] [error] Error: busy
	at o._provideSemanticTokens (/usr/share/code/resources/app/extensions/typescript-language-features/dist/extension.js:1:180337)
[2020-04-06 20:36:05.083] [exthost] [error] [vscode.typescript-language-features] provider FAILED
[2020-04-06 20:36:05.083] [exthost] [error] Error: busy
	at o._provideSemanticTokens (/usr/share/code/resources/app/extensions/typescript-language-features/dist/extension.js:1:180337)
[2020-04-06 20:36:16.107] [exthost] [error] [vscode.typescript-language-features] provider FAILED
[2020-04-06 20:36:16.107] [exthost] [error] Error: busy
	at o._provideSemanticTokens (/usr/share/code/resources/app/extensions/typescript-language-features/dist/extension.js:1:180337)
[2020-04-06 20:38:40.762] [exthost] [error] [vscode.typescript-language-features] provider FAILED
[2020-04-06 20:38:40.762] [exthost] [error] Error: busy
	at o._provideSemanticTokens (/usr/share/code/resources/app/extensions/typescript-language-features/dist/extension.js:1:180337)
[2020-04-06 20:40:17.931] [exthost] [error] [vscode.typescript-language-features] provider FAILED
[2020-04-06 20:40:17.931] [exthost] [error] Error: busy
	at o._provideSemanticTokens (/usr/share/code/resources/app/extensions/typescript-language-features/dist/extension.js:1:180337)
[2020-04-06 20:40:18.143] [exthost] [error] [vscode.typescript-language-features] provider FAILED
[2020-04-06 20:40:18.143] [exthost] [error] Error: DisposableStore is missing...
	at F._convertCompletionItem (/usr/share/code/resources/app/out/vs/workbench/services/extensions/node/extensionHostProcess.js:596:373)
	at /usr/share/code/resources/app/out/vs/workbench/services/extensions/node/extensionHostProcess.js:596:151
[2020-04-06 20:40:26.950] [exthost] [error] [vscode.typescript-language-features] provider FAILED
[2020-04-06 20:40:26.951] [exthost] [error] Error: busy
	at o._provideSemanticTokens (/usr/share/code/resources/app/extensions/typescript-language-features/dist/extension.js:1:180337)
[2020-04-06 20:41:02.499] [exthost] [error] [vscode.typescript-language-features] provider FAILED
[2020-04-06 20:41:02.499] [exthost] [error] Error: busy
	at o._provideSemanticTokens (/usr/share/code/resources/app/extensions/typescript-language-features/dist/extension.js:1:180337)
[2020-04-06 20:43:05.582] [exthost] [error] [vscode.typescript-language-features] provider FAILED
[2020-04-06 20:43:05.582] [exthost] [error] Error: busy
	at o._provideSemanticTokens (/usr/share/code/resources/app/extensions/typescript-language-features/dist/extension.js:1:180337)
[2020-04-06 20:43:05.899] [exthost] [error] [vscode.typescript-language-features] provider FAILED
[2020-04-06 20:43:05.899] [exthost] [error] Error: busy
	at o._provideSemanticTokens (/usr/share/code/resources/app/extensions/typescript-language-features/dist/extension.js:1:180337)
[2020-04-06 20:43:12.840] [exthost] [error] [vscode.typescript-language-features] provider FAILED
[2020-04-06 20:43:12.840] [exthost] [error] Error: busy
	at o._provideSemanticTokens (/usr/share/code/resources/app/extensions/typescript-language-features/dist/extension.js:1:180337)
[2020-04-06 20:43:22.593] [exthost] [error] [vscode.typescript-language-features] provider FAILED
[2020-04-06 20:43:22.593] [exthost] [error] Error: busy
	at o._provideSemanticTokens (/usr/share/code/resources/app/extensions/typescript-language-features/dist/extension.js:1:180337)
[2020-04-06 20:43:23.021] [exthost] [error] [vscode.typescript-language-features] provider FAILED
[2020-04-06 20:43:23.021] [exthost] [error] Error: busy
	at o._provideSemanticTokens (/usr/share/code/resources/app/extensions/typescript-language-features/dist/extension.js:1:180337)
[2020-04-06 20:45:44.236] [exthost] [error] [vscode.typescript-language-features] provider FAILED
[2020-04-06 20:45:44.237] [exthost] [error] Error: busy
	at o._provideSemanticTokens (/usr/share/code/resources/app/extensions/typescript-language-features/dist/extension.js:1:180337)
[2020-04-06 20:45:44.686] [exthost] [error] [vscode.typescript-language-features] provider FAILED
[2020-04-06 20:45:44.687] [exthost] [error] Error: busy
	at o._provideSemanticTokens (/usr/share/code/resources/app/extensions/typescript-language-features/dist/extension.js:1:180337)
[2020-04-06 20:45:44.998] [exthost] [error] [vscode.typescript-language-features] provider FAILED
[2020-04-06 20:45:44.998] [exthost] [error] Error: busy
	at o._provideSemanticTokens (/usr/share/code/resources/app/extensions/typescript-language-features/dist/extension.js:1:180337)
[2020-04-06 20:45:46.912] [exthost] [error] [vscode.typescript-language-features] provider FAILED
[2020-04-06 20:45:46.912] [exthost] [error] Error: busy
	at o._provideSemanticTokens (/usr/share/code/resources/app/extensions/typescript-language-features/dist/extension.js:1:180337)
[2020-04-06 20:45:50.018] [exthost] [error] [vscode.typescript-language-features] provider FAILED
[2020-04-06 20:45:50.018] [exthost] [error] Error: busy
	at o._provideSemanticTokens (/usr/share/code/resources/app/extensions/typescript-language-features/dist/extension.js:1:180337)
[2020-04-06 20:45:52.808] [exthost] [error] [vscode.typescript-language-features] provider FAILED
[2020-04-06 20:45:52.808] [exthost] [error] Error: busy
	at o._provideSemanticTokens (/usr/share/code/resources/app/extensions/typescript-language-features/dist/extension.js:1:180337)
[2020-04-06 20:45:56.133] [exthost] [error] [vscode.typescript-language-features] provider FAILED
[2020-04-06 20:45:56.133] [exthost] [error] Error: busy
	at o._provideSemanticTokens (/usr/share/code/resources/app/extensions/typescript-language-features/dist/extension.js:1:180337)
[2020-04-06 20:45:56.518] [exthost] [error] [vscode.typescript-language-features] provider FAILED
[2020-04-06 20:45:56.518] [exthost] [error] Error: busy
	at o._provideSemanticTokens (/usr/share/code/resources/app/extensions/typescript-language-features/dist/extension.js:1:180337)
[2020-04-06 20:45:59.953] [exthost] [error] [vscode.typescript-language-features] provider FAILED
[2020-04-06 20:45:59.954] [exthost] [error] Error: busy
	at o._provideSemanticTokens (/usr/share/code/resources/app/extensions/typescript-language-features/dist/extension.js:1:180337)
[2020-04-06 20:46:00.334] [exthost] [error] [vscode.typescript-language-features] provider FAILED
[2020-04-06 20:46:00.334] [exthost] [error] Error: busy
	at o._provideSemanticTokens (/usr/share/code/resources/app/extensions/typescript-language-features/dist/extension.js:1:180337)
[2020-04-06 20:46:01.639] [exthost] [error] [vscode.typescript-language-features] provider FAILED
[2020-04-06 20:46:01.639] [exthost] [error] Error: busy
	at o._provideSemanticTokens (/usr/share/code/resources/app/extensions/typescript-language-features/dist/extension.js:1:180337)
[2020-04-06 20:46:01.967] [exthost] [error] [vscode.typescript-language-features] provider FAILED
[2020-04-06 20:46:01.967] [exthost] [error] Error: busy
	at o._provideSemanticTokens (/usr/share/code/resources/app/extensions/typescript-language-features/dist/extension.js:1:180337)
[2020-04-06 20:46:17.800] [exthost] [error] [vscode.typescript-language-features] provider FAILED
[2020-04-06 20:46:17.800] [exthost] [error] Error: busy
	at o._provideSemanticTokens (/usr/share/code/resources/app/extensions/typescript-language-features/dist/extension.js:1:180337)
[2020-04-06 20:46:18.393] [exthost] [error] [vscode.typescript-language-features] provider FAILED
[2020-04-06 20:46:18.394] [exthost] [error] Error: busy
	at o._provideSemanticTokens (/usr/share/code/resources/app/extensions/typescript-language-features/dist/extension.js:1:180337)
[2020-04-06 20:46:49.265] [exthost] [error] [vscode.typescript-language-features] provider FAILED
[2020-04-06 20:46:49.265] [exthost] [error] Error: busy
	at o._provideSemanticTokens (/usr/share/code/resources/app/extensions/typescript-language-features/dist/extension.js:1:180337)
[2020-04-06 20:50:45.405] [exthost] [error] [vscode.typescript-language-features] provider FAILED
[2020-04-06 20:50:45.405] [exthost] [error] Error: busy
	at o._provideSemanticTokens (/usr/share/code/resources/app/extensions/typescript-language-features/dist/extension.js:1:180337)
[2020-04-06 20:50:50.044] [exthost] [error] [vscode.typescript-language-features] provider FAILED
[2020-04-06 20:50:50.044] [exthost] [error] Error: busy
	at o._provideSemanticTokens (/usr/share/code/resources/app/extensions/typescript-language-features/dist/extension.js:1:180337)
[2020-04-06 20:50:50.305] [exthost] [error] [vscode.typescript-language-features] provider FAILED
[2020-04-06 20:50:50.305] [exthost] [error] Error: busy
	at o._provideSemanticTokens (/usr/share/code/resources/app/extensions/typescript-language-features/dist/extension.js:1:180337)
[2020-04-06 20:50:51.063] [exthost] [error] [vscode.typescript-language-features] provider FAILED
[2020-04-06 20:50:51.063] [exthost] [error] Error: busy
	at o._provideSemanticTokens (/usr/share/code/resources/app/extensions/typescript-language-features/dist/extension.js:1:180337)
[2020-04-06 20:50:51.796] [exthost] [error] [vscode.typescript-language-features] provider FAILED
[2020-04-06 20:50:51.796] [exthost] [error] Error: busy
	at o._provideSemanticTokens (/usr/share/code/resources/app/extensions/typescript-language-features/dist/extension.js:1:180337)
[2020-04-06 20:50:52.350] [exthost] [error] [vscode.typescript-language-features] provider FAILED
[2020-04-06 20:50:52.350] [exthost] [error] Error: busy
	at o._provideSemanticTokens (/usr/share/code/resources/app/extensions/typescript-language-features/dist/extension.js:1:180337)
[2020-04-06 20:50:52.620] [exthost] [error] [vscode.typescript-language-features] provider FAILED
[2020-04-06 20:50:52.620] [exthost] [error] Error: busy
	at o._provideSemanticTokens (/usr/share/code/resources/app/extensions/typescript-language-features/dist/extension.js:1:180337)
[2020-04-06 20:50:53.193] [exthost] [error] [vscode.typescript-language-features] provider FAILED
[2020-04-06 20:50:53.193] [exthost] [error] Error: busy
	at o._provideSemanticTokens (/usr/share/code/resources/app/extensions/typescript-language-features/dist/extension.js:1:180337)
[2020-04-06 20:50:54.722] [exthost] [error] [vscode.typescript-language-features] provider FAILED
[2020-04-06 20:50:54.722] [exthost] [error] Error: busy
	at o._provideSemanticTokens (/usr/share/code/resources/app/extensions/typescript-language-features/dist/extension.js:1:180337)
[2020-04-06 20:50:55.629] [exthost] [error] [vscode.typescript-language-features] provider FAILED
[2020-04-06 20:50:55.630] [exthost] [error] Error: busy
	at o._provideSemanticTokens (/usr/share/code/resources/app/extensions/typescript-language-features/dist/extension.js:1:180337)
[2020-04-06 20:51:29.076] [exthost] [error] [vscode.typescript-language-features] provider FAILED
[2020-04-06 20:51:29.076] [exthost] [error] Error: DisposableStore is missing...
	at F._convertCompletionItem (/usr/share/code/resources/app/out/vs/workbench/services/extensions/node/extensionHostProcess.js:596:373)
	at /usr/share/code/resources/app/out/vs/workbench/services/extensions/node/extensionHostProcess.js:596:151
[2020-04-06 20:51:29.106] [exthost] [error] [vscode.typescript-language-features] provider FAILED
[2020-04-06 20:51:29.106] [exthost] [error] Error: busy
	at o._provideSemanticTokens (/usr/share/code/resources/app/extensions/typescript-language-features/dist/extension.js:1:180337)
[2020-04-06 20:51:34.723] [exthost] [error] [vscode.typescript-language-features] provider FAILED
[2020-04-06 20:51:34.723] [exthost] [error] Error: busy
	at o._provideSemanticTokens (/usr/share/code/resources/app/extensions/typescript-language-features/dist/extension.js:1:180337)
[2020-04-06 20:51:42.096] [exthost] [error] [vscode.typescript-language-features] provider FAILED
[2020-04-06 20:51:42.096] [exthost] [error] Error: busy
	at o._provideSemanticTokens (/usr/share/code/resources/app/extensions/typescript-language-features/dist/extension.js:1:180337)
[2020-04-06 20:51:43.239] [exthost] [error] [vscode.typescript-language-features] provider FAILED
[2020-04-06 20:51:43.239] [exthost] [error] Error: busy
	at o._provideSemanticTokens (/usr/share/code/resources/app/extensions/typescript-language-features/dist/extension.js:1:180337)
[2020-04-06 20:53:43.497] [exthost] [error] [vscode.typescript-language-features] provider FAILED
[2020-04-06 20:53:43.497] [exthost] [error] Error: busy
	at o._provideSemanticTokens (/usr/share/code/resources/app/extensions/typescript-language-features/dist/extension.js:1:180337)
[2020-04-06 20:53:45.548] [exthost] [error] [vscode.typescript-language-features] provider FAILED
[2020-04-06 20:53:45.548] [exthost] [error] Error: DisposableStore is missing...
	at F._convertCompletionItem (/usr/share/code/resources/app/out/vs/workbench/services/extensions/node/extensionHostProcess.js:596:373)
	at /usr/share/code/resources/app/out/vs/workbench/services/extensions/node/extensionHostProcess.js:596:151
[2020-04-06 20:53:45.758] [exthost] [error] [vscode.typescript-language-features] provider FAILED
[2020-04-06 20:53:45.758] [exthost] [error] Error: busy
	at o._provideSemanticTokens (/usr/share/code/resources/app/extensions/typescript-language-features/dist/extension.js:1:180337)
[2020-04-06 20:53:48.002] [exthost] [error] [vscode.typescript-language-features] provider FAILED
[2020-04-06 20:53:48.002] [exthost] [error] Error: busy
	at o._provideSemanticTokens (/usr/share/code/resources/app/extensions/typescript-language-features/dist/extension.js:1:180337)
[2020-04-06 20:53:50.980] [exthost] [error] [vscode.typescript-language-features] provider FAILED
[2020-04-06 20:53:50.980] [exthost] [error] Error: busy
	at o._provideSemanticTokens (/usr/share/code/resources/app/extensions/typescript-language-features/dist/extension.js:1:180337)
[2020-04-06 20:54:45.639] [exthost] [error] [vscode.typescript-language-features] provider FAILED
[2020-04-06 20:54:45.639] [exthost] [error] Error: busy
	at o._provideSemanticTokens (/usr/share/code/resources/app/extensions/typescript-language-features/dist/extension.js:1:180337)
[2020-04-06 20:54:46.494] [exthost] [error] [vscode.typescript-language-features] provider FAILED
[2020-04-06 20:54:46.495] [exthost] [error] Error: busy
	at o._provideSemanticTokens (/usr/share/code/resources/app/extensions/typescript-language-features/dist/extension.js:1:180337)
[2020-04-06 20:54:46.914] [exthost] [error] [vscode.typescript-language-features] provider FAILED
[2020-04-06 20:54:46.914] [exthost] [error] Error: busy
	at o._provideSemanticTokens (/usr/share/code/resources/app/extensions/typescript-language-features/dist/extension.js:1:180337)
[2020-04-06 20:54:47.540] [exthost] [error] [vscode.typescript-language-features] provider FAILED
[2020-04-06 20:54:47.540] [exthost] [error] Error: busy
	at o._provideSemanticTokens (/usr/share/code/resources/app/extensions/typescript-language-features/dist/extension.js:1:180337)
[2020-04-06 20:54:47.966] [exthost] [error] [vscode.typescript-language-features] provider FAILED
[2020-04-06 20:54:47.967] [exthost] [error] Error: busy
	at o._provideSemanticTokens (/usr/share/code/resources/app/extensions/typescript-language-features/dist/extension.js:1:180337)
[2020-04-06 20:54:49.050] [exthost] [error] [vscode.typescript-language-features] provider FAILED
[2020-04-06 20:54:49.050] [exthost] [error] Error: busy
	at o._provideSemanticTokens (/usr/share/code/resources/app/extensions/typescript-language-features/dist/extension.js:1:180337)
[2020-04-06 20:54:49.870] [exthost] [error] [vscode.typescript-language-features] provider FAILED
[2020-04-06 20:54:49.870] [exthost] [error] Error: busy
	at o._provideSemanticTokens (/usr/share/code/resources/app/extensions/typescript-language-features/dist/extension.js:1:180337)
[2020-04-06 20:54:51.158] [exthost] [error] [vscode.typescript-language-features] provider FAILED
[2020-04-06 20:54:51.158] [exthost] [error] Error: busy
	at o._provideSemanticTokens (/usr/share/code/resources/app/extensions/typescript-language-features/dist/extension.js:1:180337)
[2020-04-06 20:54:52.544] [exthost] [error] [vscode.typescript-language-features] provider FAILED
[2020-04-06 20:54:52.544] [exthost] [error] Error: busy
	at o._provideSemanticTokens (/usr/share/code/resources/app/extensions/typescript-language-features/dist/extension.js:1:180337)
[2020-04-06 20:54:54.592] [exthost] [error] [vscode.typescript-language-features] provider FAILED
[2020-04-06 20:54:54.593] [exthost] [error] Error: busy
	at o._provideSemanticTokens (/usr/share/code/resources/app/extensions/typescript-language-features/dist/extension.js:1:180337)
[2020-04-06 20:58:04.282] [exthost] [error] [vscode.typescript-language-features] provider FAILED
[2020-04-06 20:58:04.282] [exthost] [error] Error: busy
	at o._provideSemanticTokens (/usr/share/code/resources/app/extensions/typescript-language-features/dist/extension.js:1:180337)
[2020-04-06 20:58:04.799] [exthost] [error] [vscode.typescript-language-features] provider FAILED
[2020-04-06 20:58:04.799] [exthost] [error] Error: busy
	at o._provideSemanticTokens (/usr/share/code/resources/app/extensions/typescript-language-features/dist/extension.js:1:180337)
[2020-04-06 20:58:07.076] [exthost] [error] [vscode.typescript-language-features] provider FAILED
[2020-04-06 20:58:07.076] [exthost] [error] Error: busy
	at o._provideSemanticTokens (/usr/share/code/resources/app/extensions/typescript-language-features/dist/extension.js:1:180337)
[2020-04-06 20:58:09.980] [exthost] [error] [vscode.typescript-language-features] provider FAILED
[2020-04-06 20:58:09.980] [exthost] [error] Error: busy
	at o._provideSemanticTokens (/usr/share/code/resources/app/extensions/typescript-language-features/dist/extension.js:1:180337)
[2020-04-06 20:58:10.951] [exthost] [error] [vscode.typescript-language-features] provider FAILED
[2020-04-06 20:58:10.951] [exthost] [error] Error: busy
	at o._provideSemanticTokens (/usr/share/code/resources/app/extensions/typescript-language-features/dist/extension.js:1:180337)
[2020-04-06 20:58:13.281] [exthost] [error] [vscode.typescript-language-features] provider FAILED
[2020-04-06 20:58:13.281] [exthost] [error] Error: busy
	at o._provideSemanticTokens (/usr/share/code/resources/app/extensions/typescript-language-features/dist/extension.js:1:180337)
[2020-04-06 20:58:17.569] [exthost] [error] [vscode.typescript-language-features] provider FAILED
[2020-04-06 20:58:17.570] [exthost] [error] Error: busy
	at o._provideSemanticTokens (/usr/share/code/resources/app/extensions/typescript-language-features/dist/extension.js:1:180337)
[2020-04-06 20:58:31.347] [exthost] [error] [vscode.typescript-language-features] provider FAILED
[2020-04-06 20:58:31.347] [exthost] [error] Error: busy
	at o._provideSemanticTokens (/usr/share/code/resources/app/extensions/typescript-language-features/dist/extension.js:1:180337)
[2020-04-06 20:58:31.722] [exthost] [error] [vscode.typescript-language-features] provider FAILED
[2020-04-06 20:58:31.722] [exthost] [error] Error: busy
	at o._provideSemanticTokens (/usr/share/code/resources/app/extensions/typescript-language-features/dist/extension.js:1:180337)
[2020-04-06 20:59:25.287] [exthost] [error] [vscode.typescript-language-features] provider FAILED
[2020-04-06 20:59:25.288] [exthost] [error] Error: busy
	at o._provideSemanticTokens (/usr/share/code/resources/app/extensions/typescript-language-features/dist/extension.js:1:180337)
[2020-04-06 20:59:39.402] [exthost] [error] [vscode.typescript-language-features] provider FAILED
[2020-04-06 20:59:39.403] [exthost] [error] Error: busy
	at o._provideSemanticTokens (/usr/share/code/resources/app/extensions/typescript-language-features/dist/extension.js:1:180337)
[2020-04-06 20:59:41.625] [exthost] [error] [vscode.typescript-language-features] provider FAILED
[2020-04-06 20:59:41.625] [exthost] [error] Error: busy
	at o._provideSemanticTokens (/usr/share/code/resources/app/extensions/typescript-language-features/dist/extension.js:1:180337)
[2020-04-06 20:59:54.836] [exthost] [error] [vscode.typescript-language-features] provider FAILED
[2020-04-06 20:59:54.836] [exthost] [error] Error: busy
	at o._provideSemanticTokens (/usr/share/code/resources/app/extensions/typescript-language-features/dist/extension.js:1:180337)
[2020-04-06 20:59:57.119] [exthost] [error] [vscode.typescript-language-features] provider FAILED
[2020-04-06 20:59:57.119] [exthost] [error] Error: busy
	at o._provideSemanticTokens (/usr/share/code/resources/app/extensions/typescript-language-features/dist/extension.js:1:180337)
[2020-04-06 21:00:02.103] [exthost] [error] [vscode.typescript-language-features] provider FAILED
[2020-04-06 21:00:02.103] [exthost] [error] Error: busy
	at o._provideSemanticTokens (/usr/share/code/resources/app/extensions/typescript-language-features/dist/extension.js:1:180337)
[2020-04-06 21:00:03.500] [exthost] [error] [vscode.typescript-language-features] provider FAILED
[2020-04-06 21:00:03.500] [exthost] [error] Error: busy
	at o._provideSemanticTokens (/usr/share/code/resources/app/extensions/typescript-language-features/dist/extension.js:1:180337)
[2020-04-06 21:00:03.795] [exthost] [error] [vscode.typescript-language-features] provider FAILED
[2020-04-06 21:00:03.795] [exthost] [error] Error: busy
	at o._provideSemanticTokens (/usr/share/code/resources/app/extensions/typescript-language-features/dist/extension.js:1:180337)
[2020-04-06 21:00:06.456] [exthost] [error] [vscode.typescript-language-features] provider FAILED
[2020-04-06 21:00:06.456] [exthost] [error] Error: busy
	at o._provideSemanticTokens (/usr/share/code/resources/app/extensions/typescript-language-features/dist/extension.js:1:180337)
[2020-04-06 21:00:11.144] [exthost] [error] [vscode.typescript-language-features] provider FAILED
[2020-04-06 21:00:11.144] [exthost] [error] Error: busy
	at o._provideSemanticTokens (/usr/share/code/resources/app/extensions/typescript-language-features/dist/extension.js:1:180337)
[2020-04-06 21:00:45.464] [exthost] [error] [vscode.typescript-language-features] provider FAILED
[2020-04-06 21:00:45.464] [exthost] [error] Error: busy
	at o._provideSemanticTokens (/usr/share/code/resources/app/extensions/typescript-language-features/dist/extension.js:1:180337)
[2020-04-06 21:00:46.023] [exthost] [error] [vscode.typescript-language-features] provider FAILED
[2020-04-06 21:00:46.023] [exthost] [error] Error: busy
	at o._provideSemanticTokens (/usr/share/code/resources/app/extensions/typescript-language-features/dist/extension.js:1:180337)
[2020-04-06 21:00:48.990] [exthost] [error] [vscode.typescript-language-features] provider FAILED
[2020-04-06 21:00:48.990] [exthost] [error] Error: busy
	at o._provideSemanticTokens (/usr/share/code/resources/app/extensions/typescript-language-features/dist/extension.js:1:180337)
[2020-04-06 21:00:55.341] [exthost] [error] [vscode.typescript-language-features] provider FAILED
[2020-04-06 21:00:55.341] [exthost] [error] Error: busy
	at o._provideSemanticTokens (/usr/share/code/resources/app/extensions/typescript-language-features/dist/extension.js:1:180337)
[2020-04-06 21:00:55.770] [exthost] [error] [vscode.typescript-language-features] provider FAILED
[2020-04-06 21:00:55.770] [exthost] [error] Error: busy
	at o._provideSemanticTokens (/usr/share/code/resources/app/extensions/typescript-language-features/dist/extension.js:1:180337)
[2020-04-06 21:00:57.613] [exthost] [error] [vscode.typescript-language-features] provider FAILED
[2020-04-06 21:00:57.613] [exthost] [error] Error: busy
	at o._provideSemanticTokens (/usr/share/code/resources/app/extensions/typescript-language-features/dist/extension.js:1:180337)
[2020-04-06 21:01:10.125] [exthost] [error] [vscode.typescript-language-features] provider FAILED
[2020-04-06 21:01:10.125] [exthost] [error] Error: busy
	at o._provideSemanticTokens (/usr/share/code/resources/app/extensions/typescript-language-features/dist/extension.js:1:180337)
[2020-04-06 21:01:10.589] [exthost] [error] [vscode.typescript-language-features] provider FAILED
[2020-04-06 21:01:10.589] [exthost] [error] Error: busy
	at o._provideSemanticTokens (/usr/share/code/resources/app/extensions/typescript-language-features/dist/extension.js:1:180337)
[2020-04-06 21:02:23.169] [exthost] [error] [vscode.typescript-language-features] provider FAILED
[2020-04-06 21:02:23.169] [exthost] [error] Error: busy
	at o._provideSemanticTokens (/usr/share/code/resources/app/extensions/typescript-language-features/dist/extension.js:1:180337)
[2020-04-06 21:03:53.679] [exthost] [error] [vscode.typescript-language-features] provider FAILED
[2020-04-06 21:03:53.679] [exthost] [error] Error: busy
	at o._provideSemanticTokens (/usr/share/code/resources/app/extensions/typescript-language-features/dist/extension.js:1:180337)
[2020-04-06 21:03:54.075] [exthost] [error] [vscode.typescript-language-features] provider FAILED
[2020-04-06 21:03:54.075] [exthost] [error] Error: busy
	at o._provideSemanticTokens (/usr/share/code/resources/app/extensions/typescript-language-features/dist/extension.js:1:180337)
[2020-04-06 21:03:55.208] [exthost] [error] [vscode.typescript-language-features] provider FAILED
[2020-04-06 21:03:55.208] [exthost] [error] Error: busy
	at o._provideSemanticTokens (/usr/share/code/resources/app/extensions/typescript-language-features/dist/extension.js:1:180337)
[2020-04-06 21:03:57.143] [exthost] [error] [vscode.typescript-language-features] provider FAILED
[2020-04-06 21:03:57.143] [exthost] [error] Error: busy
	at o._provideSemanticTokens (/usr/share/code/resources/app/extensions/typescript-language-features/dist/extension.js:1:180337)
[2020-04-06 21:03:57.702] [exthost] [error] [vscode.typescript-language-features] provider FAILED
[2020-04-06 21:03:57.703] [exthost] [error] Error: busy
	at o._provideSemanticTokens (/usr/share/code/resources/app/extensions/typescript-language-features/dist/extension.js:1:180337)
[2020-04-06 21:03:58.200] [exthost] [error] [vscode.typescript-language-features] provider FAILED
[2020-04-06 21:03:58.200] [exthost] [error] Error: busy
	at o._provideSemanticTokens (/usr/share/code/resources/app/extensions/typescript-language-features/dist/extension.js:1:180337)
[2020-04-06 21:04:01.612] [exthost] [error] [vscode.typescript-language-features] provider FAILED
[2020-04-06 21:04:01.612] [exthost] [error] Error: busy
	at o._provideSemanticTokens (/usr/share/code/resources/app/extensions/typescript-language-features/dist/extension.js:1:180337)
[2020-04-06 21:05:15.351] [exthost] [error] [vscode.typescript-language-features] provider FAILED
[2020-04-06 21:05:15.351] [exthost] [error] Error: busy
	at o._provideSemanticTokens (/usr/share/code/resources/app/extensions/typescript-language-features/dist/extension.js:1:180337)
[2020-04-06 21:05:17.694] [exthost] [error] [vscode.typescript-language-features] provider FAILED
[2020-04-06 21:05:17.694] [exthost] [error] Error: busy
	at o._provideSemanticTokens (/usr/share/code/resources/app/extensions/typescript-language-features/dist/extension.js:1:180337)
[2020-04-06 21:05:38.079] [exthost] [error] [vscode.typescript-language-features] provider FAILED
[2020-04-06 21:05:38.079] [exthost] [error] Error: busy
	at o._provideSemanticTokens (/usr/share/code/resources/app/extensions/typescript-language-features/dist/extension.js:1:180337)
[2020-04-06 21:05:38.747] [exthost] [error] [vscode.typescript-language-features] provider FAILED
[2020-04-06 21:05:38.747] [exthost] [error] Error: busy
	at o._provideSemanticTokens (/usr/share/code/resources/app/extensions/typescript-language-features/dist/extension.js:1:180337)
[2020-04-06 21:05:39.122] [exthost] [error] [vscode.typescript-language-features] provider FAILED
[2020-04-06 21:05:39.122] [exthost] [error] Error: busy
	at o._provideSemanticTokens (/usr/share/code/resources/app/extensions/typescript-language-features/dist/extension.js:1:180337)
[2020-04-06 21:05:39.501] [exthost] [error] [vscode.typescript-language-features] provider FAILED
[2020-04-06 21:05:39.501] [exthost] [error] Error: busy
	at o._provideSemanticTokens (/usr/share/code/resources/app/extensions/typescript-language-features/dist/extension.js:1:180337)
[2020-04-06 21:05:41.939] [exthost] [error] [vscode.typescript-language-features] provider FAILED
[2020-04-06 21:05:41.939] [exthost] [error] Error: busy
	at o._provideSemanticTokens (/usr/share/code/resources/app/extensions/typescript-language-features/dist/extension.js:1:180337)
[2020-04-06 21:06:21.439] [exthost] [error] [vscode.typescript-language-features] provider FAILED
[2020-04-06 21:06:21.439] [exthost] [error] Error: busy
	at o._provideSemanticTokens (/usr/share/code/resources/app/extensions/typescript-language-features/dist/extension.js:1:180337)
[2020-04-06 21:06:21.714] [exthost] [error] [vscode.typescript-language-features] provider FAILED
[2020-04-06 21:06:21.714] [exthost] [error] Error: busy
	at o._provideSemanticTokens (/usr/share/code/resources/app/extensions/typescript-language-features/dist/extension.js:1:180337)
[2020-04-06 21:06:22.142] [exthost] [error] [vscode.typescript-language-features] provider FAILED
[2020-04-06 21:06:22.142] [exthost] [error] Error: busy
	at o._provideSemanticTokens (/usr/share/code/resources/app/extensions/typescript-language-features/dist/extension.js:1:180337)
[2020-04-06 21:06:24.480] [exthost] [error] [vscode.typescript-language-features] provider FAILED
[2020-04-06 21:06:24.480] [exthost] [error] Error: busy
	at o._provideSemanticTokens (/usr/share/code/resources/app/extensions/typescript-language-features/dist/extension.js:1:180337)
[2020-04-06 21:06:25.628] [exthost] [error] [vscode.typescript-language-features] provider FAILED
[2020-04-06 21:06:25.628] [exthost] [error] Error: busy
	at o._provideSemanticTokens (/usr/share/code/resources/app/extensions/typescript-language-features/dist/extension.js:1:180337)
[2020-04-06 21:06:31.824] [exthost] [error] [vscode.typescript-language-features] provider FAILED
[2020-04-06 21:06:31.825] [exthost] [error] Error: busy
	at o._provideSemanticTokens (/usr/share/code/resources/app/extensions/typescript-language-features/dist/extension.js:1:180337)
[2020-04-06 21:06:34.056] [exthost] [error] [vscode.typescript-language-features] provider FAILED
[2020-04-06 21:06:34.056] [exthost] [error] Error: busy
	at o._provideSemanticTokens (/usr/share/code/resources/app/extensions/typescript-language-features/dist/extension.js:1:180337)
[2020-04-06 21:06:34.444] [exthost] [error] [vscode.typescript-language-features] provider FAILED
[2020-04-06 21:06:34.445] [exthost] [error] Error: busy
	at o._provideSemanticTokens (/usr/share/code/resources/app/extensions/typescript-language-features/dist/extension.js:1:180337)
[2020-04-06 21:06:39.884] [exthost] [error] [vscode.typescript-language-features] provider FAILED
[2020-04-06 21:06:39.885] [exthost] [error] Error: busy
	at o._provideSemanticTokens (/usr/share/code/resources/app/extensions/typescript-language-features/dist/extension.js:1:180337)
[2020-04-06 21:06:45.666] [exthost] [error] [vscode.typescript-language-features] provider FAILED
[2020-04-06 21:06:45.666] [exthost] [error] Error: busy
	at o._provideSemanticTokens (/usr/share/code/resources/app/extensions/typescript-language-features/dist/extension.js:1:180337)
[2020-04-06 21:06:47.183] [exthost] [error] [vscode.typescript-language-features] provider FAILED
[2020-04-06 21:06:47.184] [exthost] [error] Error: busy
	at o._provideSemanticTokens (/usr/share/code/resources/app/extensions/typescript-language-features/dist/extension.js:1:180337)
[2020-04-06 21:06:52.228] [exthost] [error] [vscode.typescript-language-features] provider FAILED
[2020-04-06 21:06:52.228] [exthost] [error] Error: busy
	at o._provideSemanticTokens (/usr/share/code/resources/app/extensions/typescript-language-features/dist/extension.js:1:180337)
[2020-04-06 21:06:58.996] [exthost] [error] [vscode.typescript-language-features] provider FAILED
[2020-04-06 21:06:58.997] [exthost] [error] Error: busy
	at o._provideSemanticTokens (/usr/share/code/resources/app/extensions/typescript-language-features/dist/extension.js:1:180337)
[2020-04-06 21:07:15.507] [exthost] [error] [vscode.typescript-language-features] provider FAILED
[2020-04-06 21:07:15.507] [exthost] [error] Error: busy
	at o._provideSemanticTokens (/usr/share/code/resources/app/extensions/typescript-language-features/dist/extension.js:1:180337)
[2020-04-06 21:07:27.816] [exthost] [error] [vscode.typescript-language-features] provider FAILED
[2020-04-06 21:07:27.817] [exthost] [error] Error: busy
	at o._provideSemanticTokens (/usr/share/code/resources/app/extensions/typescript-language-features/dist/extension.js:1:180337)
[2020-04-06 21:07:28.087] [exthost] [error] [vscode.typescript-language-features] provider FAILED
[2020-04-06 21:07:28.087] [exthost] [error] Error: busy
	at o._provideSemanticTokens (/usr/share/code/resources/app/extensions/typescript-language-features/dist/extension.js:1:180337)
[2020-04-06 21:07:33.654] [exthost] [error] [vscode.typescript-language-features] provider FAILED
[2020-04-06 21:07:33.655] [exthost] [error] Error: busy
	at o._provideSemanticTokens (/usr/share/code/resources/app/extensions/typescript-language-features/dist/extension.js:1:180337)
[2020-04-06 21:08:12.284] [exthost] [error] [vscode.typescript-language-features] provider FAILED
[2020-04-06 21:08:12.285] [exthost] [error] Error: busy
	at o._provideSemanticTokens (/usr/share/code/resources/app/extensions/typescript-language-features/dist/extension.js:1:180337)
[2020-04-06 21:08:15.240] [exthost] [error] [vscode.typescript-language-features] provider FAILED
[2020-04-06 21:08:15.240] [exthost] [error] Error: busy
	at o._provideSemanticTokens (/usr/share/code/resources/app/extensions/typescript-language-features/dist/extension.js:1:180337)
[2020-04-06 21:08:19.700] [exthost] [error] [vscode.typescript-language-features] provider FAILED
[2020-04-06 21:08:19.700] [exthost] [error] Error: busy
	at o._provideSemanticTokens (/usr/share/code/resources/app/extensions/typescript-language-features/dist/extension.js:1:180337)
[2020-04-06 21:10:19.182] [exthost] [error] [vscode.typescript-language-features] provider FAILED
[2020-04-06 21:10:19.182] [exthost] [error] Error: busy
	at o._provideSemanticTokens (/usr/share/code/resources/app/extensions/typescript-language-features/dist/extension.js:1:180337)
[2020-04-06 21:10:22.456] [exthost] [error] [vscode.typescript-language-features] provider FAILED
[2020-04-06 21:10:22.457] [exthost] [error] Error: busy
	at o._provideSemanticTokens (/usr/share/code/resources/app/extensions/typescript-language-features/dist/extension.js:1:180337)
[2020-04-06 21:15:19.223] [exthost] [error] [vscode.typescript-language-features] provider FAILED
[2020-04-06 21:15:19.223] [exthost] [error] Error: busy
	at o._provideSemanticTokens (/usr/share/code/resources/app/extensions/typescript-language-features/dist/extension.js:1:180337)
[2020-04-06 21:15:20.030] [exthost] [error] [vscode.typescript-language-features] provider FAILED
[2020-04-06 21:15:20.030] [exthost] [error] Error: busy
	at o._provideSemanticTokens (/usr/share/code/resources/app/extensions/typescript-language-features/dist/extension.js:1:180337)
[2020-04-06 21:15:21.238] [exthost] [error] [vscode.typescript-language-features] provider FAILED
[2020-04-06 21:15:21.238] [exthost] [error] Error: busy
	at o._provideSemanticTokens (/usr/share/code/resources/app/extensions/typescript-language-features/dist/extension.js:1:180337)
[2020-04-06 21:15:24.165] [exthost] [error] [vscode.typescript-language-features] provider FAILED
[2020-04-06 21:15:24.166] [exthost] [error] Error: busy
	at o._provideSemanticTokens (/usr/share/code/resources/app/extensions/typescript-language-features/dist/extension.js:1:180337)
[2020-04-06 21:15:24.494] [exthost] [error] [vscode.typescript-language-features] provider FAILED
[2020-04-06 21:15:24.494] [exthost] [error] Error: busy
	at o._provideSemanticTokens (/usr/share/code/resources/app/extensions/typescript-language-features/dist/extension.js:1:180337)
[2020-04-06 21:15:25.134] [exthost] [error] [vscode.typescript-language-features] provider FAILED
[2020-04-06 21:15:25.134] [exthost] [error] Error: busy
	at o._provideSemanticTokens (/usr/share/code/resources/app/extensions/typescript-language-features/dist/extension.js:1:180337)
[2020-04-06 21:16:10.836] [exthost] [error] [vscode.typescript-language-features] provider FAILED
[2020-04-06 21:16:10.836] [exthost] [error] Error: busy
	at o._provideSemanticTokens (/usr/share/code/resources/app/extensions/typescript-language-features/dist/extension.js:1:180337)
[2020-04-06 21:16:12.739] [exthost] [error] [vscode.typescript-language-features] provider FAILED
[2020-04-06 21:16:12.739] [exthost] [error] Error: busy
	at o._provideSemanticTokens (/usr/share/code/resources/app/extensions/typescript-language-features/dist/extension.js:1:180337)
