Looking for git in: git
Using git 2.17.1 from git
> git rev-parse --show-toplevel
> git rev-parse --git-dir
Open repository: /home/youssef/Downloads/opt/restaurant-app-v2
> git status -z -u
> git symbolic-ref --short HEAD
> git rev-parse master
> git rev-parse --symbolic-full-name master@{u}
> git rev-list --left-right master...refs/remotes/origin/master
> git for-each-ref --format %(refname) %(objectname) --sort -committerdate
> git remote --verbose
> git check-ignore -v -z --stdin
> git config --get commit.template
> git check-ignore -v -z --stdin
> git show :TODO.md
> git ls-files --stage -- /home/youssef/Downloads/opt/restaurant-app-v2/TODO.md
> git cat-file -s f63d0ca03424648c00ca8a042cfec8cc85c7d5ec
> git check-ignore -v -z --stdin
> git show :server/src/routes/auth/auth.schema.js
> git ls-files --stage -- /home/youssef/Downloads/opt/restaurant-app-v2/server/src/routes/auth/auth.schema.js
> git cat-file -s 0b16c0247a10f8f4c07ea115ecc0c65e94512772
> git show :server/src/routes/auth/index.js
> git ls-files --stage -- /home/youssef/Downloads/opt/restaurant-app-v2/server/src/routes/auth/index.js
> git cat-file -s 1012843ddf082bd13e93eb59c07bed978acd53da
> git show :server/src/routes/auth/auth.schema.js
> git ls-files --stage -- /home/youssef/Downloads/opt/restaurant-app-v2/server/src/routes/auth/auth.schema.js
> git cat-file -s 0b16c0247a10f8f4c07ea115ecc0c65e94512772
> git show :server/src/routes/auth/auth.middlewares.js
> git ls-files --stage -- /home/youssef/Downloads/opt/restaurant-app-v2/server/src/routes/auth/auth.middlewares.js
> git cat-file -s bf7093d40c1a2a391e39dd6ecde98d3a5113bd95
> git status -z -u
> git symbolic-ref --short HEAD
> git rev-parse master
> git rev-parse --symbolic-full-name master@{u}
> git rev-list --left-right master...refs/remotes/origin/master
> git for-each-ref --format %(refname) %(objectname) --sort -committerdate
> git remote --verbose
> git config --get commit.template
> git show :server/src/routes/auth/index.js
> git ls-files --stage -- /home/youssef/Downloads/opt/restaurant-app-v2/server/src/routes/auth/index.js
> git cat-file -s 1012843ddf082bd13e93eb59c07bed978acd53da
> git check-ignore -v -z --stdin
> git show :server/src/controller/auth/index.js
> git ls-files --stage -- /home/youssef/Downloads/opt/restaurant-app-v2/server/src/controller/auth/index.js
> git cat-file -s afa654038f2a09062952f3d66fd9eb1ae91e16a8
> git show :server/src/controller/auth/helpers/index.js
> git ls-files --stage -- /home/youssef/Downloads/opt/restaurant-app-v2/server/src/controller/auth/helpers/index.js
> git cat-file -s 0712e2a3eaaeb696d48f17d3a06a46b70579a1bd
> git status -z -u
> git symbolic-ref --short HEAD
> git rev-parse master
> git rev-parse --symbolic-full-name master@{u}
> git rev-list --left-right master...refs/remotes/origin/master
> git for-each-ref --format %(refname) %(objectname) --sort -committerdate
> git remote --verbose
> git config --get commit.template
> git check-ignore -v -z --stdin
> git show :database/migrations/20200405144216_user.js
> git ls-files --stage -- /home/youssef/Downloads/opt/restaurant-app-v2/database/migrations/20200405144216_user.js
> git cat-file -s b92ff5c94173e957e8b04e71a2a60c8cd13e9ddb
> git status -z -u
> git symbolic-ref --short HEAD
> git rev-parse master
> git rev-parse --symbolic-full-name master@{u}
> git rev-list --left-right master...refs/remotes/origin/master
> git for-each-ref --format %(refname) %(objectname) --sort -committerdate
> git remote --verbose
> git config --get commit.template
> git show :server/src/controller/auth/helpers/index.js
> git ls-files --stage -- /home/youssef/Downloads/opt/restaurant-app-v2/server/src/controller/auth/helpers/index.js
> git cat-file -s 0712e2a3eaaeb696d48f17d3a06a46b70579a1bd
> git check-ignore -v -z --stdin
> git check-ignore -v -z --stdin
> git show :server/src/helpers/index.js
> git ls-files --stage -- /home/youssef/Downloads/opt/restaurant-app-v2/server/src/helpers/index.js
> git cat-file -s 1aded003471abb9ef0660c8e29e56692c440d4c0
> git status -z -u
> git symbolic-ref --short HEAD
> git rev-parse master
> git rev-parse --symbolic-full-name master@{u}
> git rev-list --left-right master...refs/remotes/origin/master
> git for-each-ref --format %(refname) %(objectname) --sort -committerdate
> git remote --verbose
> git config --get commit.template
> git show :server/src/controller/auth/helpers/index.js
> git ls-files --stage -- /home/youssef/Downloads/opt/restaurant-app-v2/server/src/controller/auth/helpers/index.js
> git cat-file -s 0712e2a3eaaeb696d48f17d3a06a46b70579a1bd
> git status -z -u
> git symbolic-ref --short HEAD
> git rev-parse master
> git rev-parse --symbolic-full-name master@{u}
> git rev-list --left-right master...refs/remotes/origin/master
> git for-each-ref --format %(refname) %(objectname) --sort -committerdate
> git remote --verbose
> git config --get commit.template
> git show :server/src/helpers/index.js
> git ls-files --stage -- /home/youssef/Downloads/opt/restaurant-app-v2/server/src/helpers/index.js
> git cat-file -s 1aded003471abb9ef0660c8e29e56692c440d4c0
> git show :server/src/controller/auth/helpers/index.js
> git ls-files --stage -- /home/youssef/Downloads/opt/restaurant-app-v2/server/src/controller/auth/helpers/index.js
> git cat-file -s 0712e2a3eaaeb696d48f17d3a06a46b70579a1bd
> git show :server/src/helpers/index.js
> git ls-files --stage -- /home/youssef/Downloads/opt/restaurant-app-v2/server/src/helpers/index.js
> git cat-file -s 1aded003471abb9ef0660c8e29e56692c440d4c0
> git show :server/src/controller/auth/helpers/index.js
> git ls-files --stage -- /home/youssef/Downloads/opt/restaurant-app-v2/server/src/controller/auth/helpers/index.js
> git cat-file -s 0712e2a3eaaeb696d48f17d3a06a46b70579a1bd
> git status -z -u
> git symbolic-ref --short HEAD
> git rev-parse master
> git rev-parse --symbolic-full-name master@{u}
> git rev-list --left-right master...refs/remotes/origin/master
> git for-each-ref --format %(refname) %(objectname) --sort -committerdate
> git remote --verbose
> git config --get commit.template
> git status -z -u
> git symbolic-ref --short HEAD
> git rev-parse master
> git rev-parse --symbolic-full-name master@{u}
> git rev-list --left-right master...refs/remotes/origin/master
> git for-each-ref --format %(refname) %(objectname) --sort -committerdate
> git remote --verbose
> git config --get commit.template
> git show :server/src/helpers/index.js
> git ls-files --stage -- /home/youssef/Downloads/opt/restaurant-app-v2/server/src/helpers/index.js
> git cat-file -s 1aded003471abb9ef0660c8e29e56692c440d4c0
> git status -z -u
> git symbolic-ref --short HEAD
> git rev-parse master
> git rev-parse --symbolic-full-name master@{u}
> git rev-list --left-right master...refs/remotes/origin/master
> git for-each-ref --format %(refname) %(objectname) --sort -committerdate
> git remote --verbose
> git config --get commit.template
> git status -z -u
> git symbolic-ref --short HEAD
> git rev-parse master
> git rev-parse --symbolic-full-name master@{u}
> git rev-list --left-right master...refs/remotes/origin/master
> git for-each-ref --format %(refname) %(objectname) --sort -committerdate
> git remote --verbose
> git config --get commit.template
> git status -z -u
> git symbolic-ref --short HEAD
> git rev-parse master
> git rev-parse --symbolic-full-name master@{u}
> git rev-list --left-right master...refs/remotes/origin/master
> git for-each-ref --format %(refname) %(objectname) --sort -committerdate
> git remote --verbose
> git config --get commit.template
> git status -z -u
> git symbolic-ref --short HEAD
> git rev-parse master
> git rev-parse --symbolic-full-name master@{u}
> git rev-list --left-right master...refs/remotes/origin/master
> git for-each-ref --format %(refname) %(objectname) --sort -committerdate
> git remote --verbose
> git config --get commit.template
> git status -z -u
> git symbolic-ref --short HEAD
> git rev-parse master
> git rev-parse --symbolic-full-name master@{u}
> git rev-list --left-right master...refs/remotes/origin/master
> git for-each-ref --format %(refname) %(objectname) --sort -committerdate
> git remote --verbose
> git config --get commit.template
> git show :server/src/controller/auth/helpers/index.js
> git ls-files --stage -- /home/youssef/Downloads/opt/restaurant-app-v2/server/src/controller/auth/helpers/index.js
> git cat-file -s 0712e2a3eaaeb696d48f17d3a06a46b70579a1bd
> git show :server/src/helpers/index.js
> git ls-files --stage -- /home/youssef/Downloads/opt/restaurant-app-v2/server/src/helpers/index.js
> git cat-file -s 1aded003471abb9ef0660c8e29e56692c440d4c0
> git status -z -u
> git symbolic-ref --short HEAD
> git rev-parse master
> git rev-parse --symbolic-full-name master@{u}
> git rev-list --left-right master...refs/remotes/origin/master
> git for-each-ref --format %(refname) %(objectname) --sort -committerdate
> git remote --verbose
> git show :server/src/controller/auth/helpers/index.js
> git ls-files --stage -- /home/youssef/Downloads/opt/restaurant-app-v2/server/src/controller/auth/helpers/index.js
> git config --get commit.template
> git cat-file -s 0712e2a3eaaeb696d48f17d3a06a46b70579a1bd
> git show :server/src/helpers/index.js
> git ls-files --stage -- /home/youssef/Downloads/opt/restaurant-app-v2/server/src/helpers/index.js
> git cat-file -s 1aded003471abb9ef0660c8e29e56692c440d4c0
> git show :server/src/controller/auth/helpers/index.js
> git ls-files --stage -- /home/youssef/Downloads/opt/restaurant-app-v2/server/src/controller/auth/helpers/index.js
> git cat-file -s 0712e2a3eaaeb696d48f17d3a06a46b70579a1bd
> git show :server/src/helpers/index.js
> git ls-files --stage -- /home/youssef/Downloads/opt/restaurant-app-v2/server/src/helpers/index.js
> git cat-file -s 1aded003471abb9ef0660c8e29e56692c440d4c0
> git status -z -u
> git symbolic-ref --short HEAD
> git rev-parse master
> git rev-parse --symbolic-full-name master@{u}
> git rev-list --left-right master...refs/remotes/origin/master
> git for-each-ref --format %(refname) %(objectname) --sort -committerdate
> git remote --verbose
> git config --get commit.template
> git status -z -u
> git show :server/src/controller/auth/helpers/index.js
> git ls-files --stage -- /home/youssef/Downloads/opt/restaurant-app-v2/server/src/controller/auth/helpers/index.js
> git cat-file -s 0712e2a3eaaeb696d48f17d3a06a46b70579a1bd
> git symbolic-ref --short HEAD
> git rev-parse master
> git rev-parse --symbolic-full-name master@{u}
> git rev-list --left-right master...refs/remotes/origin/master
> git for-each-ref --format %(refname) %(objectname) --sort -committerdate
> git remote --verbose
> git config --get commit.template
> git status -z -u
> git symbolic-ref --short HEAD
> git rev-parse master
> git rev-parse --symbolic-full-name master@{u}
> git rev-list --left-right master...refs/remotes/origin/master
> git for-each-ref --format %(refname) %(objectname) --sort -committerdate
> git remote --verbose
> git config --get commit.template
> git show :server/src/helpers/index.js
> git ls-files --stage -- /home/youssef/Downloads/opt/restaurant-app-v2/server/src/helpers/index.js
> git cat-file -s 1aded003471abb9ef0660c8e29e56692c440d4c0
> git show :server/src/controller/auth/helpers/index.js
> git ls-files --stage -- /home/youssef/Downloads/opt/restaurant-app-v2/server/src/controller/auth/helpers/index.js
> git cat-file -s 0712e2a3eaaeb696d48f17d3a06a46b70579a1bd
> git status -z -u
> git symbolic-ref --short HEAD
> git rev-parse master
> git rev-parse --symbolic-full-name master@{u}
> git rev-list --left-right master...refs/remotes/origin/master
> git for-each-ref --format %(refname) %(objectname) --sort -committerdate
> git remote --verbose
> git config --get commit.template
> git status -z -u
> git symbolic-ref --short HEAD
> git rev-parse master
> git rev-parse --symbolic-full-name master@{u}
> git rev-list --left-right master...refs/remotes/origin/master
> git for-each-ref --format %(refname) %(objectname) --sort -committerdate
> git remote --verbose
> git config --get commit.template
> git show :server/src/passport/google.js
> git ls-files --stage -- /home/youssef/Downloads/opt/restaurant-app-v2/server/src/passport/google.js
> git cat-file -s 40bf0b5e88a9a1145adda376edae4758ef9b5222
> git status -z -u
> git symbolic-ref --short HEAD
> git rev-parse master
> git rev-parse --symbolic-full-name master@{u}
> git rev-list --left-right master...refs/remotes/origin/master
> git for-each-ref --format %(refname) %(objectname) --sort -committerdate
> git remote --verbose
> git config --get commit.template
> git show :server/src/helpers/index.js
> git ls-files --stage -- /home/youssef/Downloads/opt/restaurant-app-v2/server/src/helpers/index.js
> git cat-file -s 1aded003471abb9ef0660c8e29e56692c440d4c0
> git show :server/src/routes/auth/auth.middlewares.js
> git ls-files --stage -- /home/youssef/Downloads/opt/restaurant-app-v2/server/src/routes/auth/auth.middlewares.js
> git cat-file -s bf7093d40c1a2a391e39dd6ecde98d3a5113bd95
> git show :server/src/routes/auth/index.js
> git ls-files --stage -- /home/youssef/Downloads/opt/restaurant-app-v2/server/src/routes/auth/index.js
> git cat-file -s 1012843ddf082bd13e93eb59c07bed978acd53da
> git check-ignore -v -z --stdin
> git check-ignore -v -z --stdin
> git check-ignore -v -z --stdin
> git check-ignore -v -z --stdin
> git show :frontend/src/helpers/index.js
> git ls-files --stage -- /home/youssef/Downloads/opt/restaurant-app-v2/frontend/src/helpers/index.js
> git cat-file -s 5027d8e088d6ea4a47da74e090dce17310cd2b51
> git check-ignore -v -z --stdin
> git show :README.md
> git ls-files --stage -- /home/youssef/Downloads/opt/restaurant-app-v2/README.md
> git cat-file -s 0612af5328b011eb564e22d7dd324759ff0a6ee0
> git show :database/seeds/02-users.js
> git ls-files --stage -- /home/youssef/Downloads/opt/restaurant-app-v2/database/seeds/02-users.js
> git cat-file -s 8fec7d529aaf6420f26c3b421e1d530638db2b06
> git show :README.md
> git ls-files --stage -- /home/youssef/Downloads/opt/restaurant-app-v2/README.md
> git cat-file -s 0612af5328b011eb564e22d7dd324759ff0a6ee0
> git show :TODO.md
> git ls-files --stage -- /home/youssef/Downloads/opt/restaurant-app-v2/TODO.md
> git cat-file -s f63d0ca03424648c00ca8a042cfec8cc85c7d5ec
> git status -z -u
> git ls-files --stage -- /home/youssef/Downloads/opt/restaurant-app-v2/TODO.md
> git cat-file -s f63d0ca03424648c00ca8a042cfec8cc85c7d5ec
> git symbolic-ref --short HEAD
> git rev-parse master
> git show :TODO.md
> git rev-parse --symbolic-full-name master@{u}
> git rev-list --left-right master...refs/remotes/origin/master
> git for-each-ref --format %(refname) %(objectname) --sort -committerdate
> git remote --verbose
> git config --get commit.template
> git status -z -u
> git symbolic-ref --short HEAD
> git rev-parse master
> git rev-parse --symbolic-full-name master@{u}
> git rev-list --left-right master...refs/remotes/origin/master
> git for-each-ref --format %(refname) %(objectname) --sort -committerdate
> git remote --verbose
> git config --get commit.template
> git show :server/src/routes/auth/index.js
> git ls-files --stage -- /home/youssef/Downloads/opt/restaurant-app-v2/server/src/routes/auth/index.js
> git cat-file -s 1012843ddf082bd13e93eb59c07bed978acd53da
> git show :TODO.md
> git ls-files --stage -- /home/youssef/Downloads/opt/restaurant-app-v2/TODO.md
> git cat-file -s f63d0ca03424648c00ca8a042cfec8cc85c7d5ec
> git status -z -u
> git symbolic-ref --short HEAD
> git rev-parse master
> git rev-parse --symbolic-full-name master@{u}
> git rev-list --left-right master...refs/remotes/origin/master
> git for-each-ref --format %(refname) %(objectname) --sort -committerdate
> git remote --verbose
> git config --get commit.template
> git show :server/src/tasks/createAdminUser.js
> git ls-files --stage -- /home/youssef/Downloads/opt/restaurant-app-v2/server/src/tasks/createAdminUser.js
> git cat-file -s 32b9a765b931a861e6670f04ac2a6216e5809cc6
> git show :server/src/controller/auth/helpers/index.js
> git ls-files --stage -- /home/youssef/Downloads/opt/restaurant-app-v2/server/src/controller/auth/helpers/index.js
> git cat-file -s f8a5cd32e2d9685a55d8b438d85d6acc43d3986c
> git show :server/src/tasks/createAdminUser.js
> git ls-files --stage -- /home/youssef/Downloads/opt/restaurant-app-v2/server/src/tasks/createAdminUser.js
> git cat-file -s 32b9a765b931a861e6670f04ac2a6216e5809cc6
> git show :server/src/controller/auth/helpers/index.js
> git ls-files --stage -- /home/youssef/Downloads/opt/restaurant-app-v2/server/src/controller/auth/helpers/index.js
> git cat-file -s f8a5cd32e2d9685a55d8b438d85d6acc43d3986c
> git show :server/src/tasks/createAdminUser.js
> git ls-files --stage -- /home/youssef/Downloads/opt/restaurant-app-v2/server/src/tasks/createAdminUser.js
> git cat-file -s 32b9a765b931a861e6670f04ac2a6216e5809cc6
> git status -z -u
> git symbolic-ref --short HEAD
> git rev-parse master
> git rev-parse --symbolic-full-name master@{u}
> git rev-list --left-right master...refs/remotes/origin/master
> git for-each-ref --format %(refname) %(objectname) --sort -committerdate
> git remote --verbose
> git config --get commit.template
> git show :server/src/app.js
> git ls-files --stage -- /home/youssef/Downloads/opt/restaurant-app-v2/server/src/app.js
> git cat-file -s f142399e4682acfb97e83f6918c1d4a93524b81f
> git show :server/src/tasks/createAdminUser.js
> git ls-files --stage -- /home/youssef/Downloads/opt/restaurant-app-v2/server/src/tasks/createAdminUser.js
> git cat-file -s 32b9a765b931a861e6670f04ac2a6216e5809cc6
> git status -z -u
> git symbolic-ref --short HEAD
> git rev-parse master
> git rev-parse --symbolic-full-name master@{u}
> git rev-list --left-right master...refs/remotes/origin/master
> git for-each-ref --format %(refname) %(objectname) --sort -committerdate
> git remote --verbose
> git config --get commit.template
> git status -z -u
> git symbolic-ref --short HEAD
> git rev-parse master
> git rev-parse --symbolic-full-name master@{u}
> git rev-list --left-right master...refs/remotes/origin/master
> git for-each-ref --format %(refname) %(objectname) --sort -committerdate
> git remote --verbose
> git config --get commit.template
> git status -z -u
> git symbolic-ref --short HEAD
> git rev-parse master
> git rev-parse --symbolic-full-name master@{u}
> git rev-list --left-right master...refs/remotes/origin/master
> git for-each-ref --format %(refname) %(objectname) --sort -committerdate
> git remote --verbose
> git config --get commit.template
> git status -z -u
> git symbolic-ref --short HEAD
> git rev-parse master
> git rev-parse --symbolic-full-name master@{u}
> git rev-list --left-right master...refs/remotes/origin/master
> git for-each-ref --format %(refname) %(objectname) --sort -committerdate
> git remote --verbose
> git config --get commit.template
> git status -z -u
> git symbolic-ref --short HEAD
> git rev-parse master
> git rev-parse --symbolic-full-name master@{u}
> git rev-list --left-right master...refs/remotes/origin/master
> git for-each-ref --format %(refname) %(objectname) --sort -committerdate
> git remote --verbose
> git config --get commit.template
> git status -z -u
> git symbolic-ref --short HEAD
> git rev-parse master
> git rev-parse --symbolic-full-name master@{u}
> git rev-list --left-right master...refs/remotes/origin/master
> git for-each-ref --format %(refname) %(objectname) --sort -committerdate
> git remote --verbose
> git config --get commit.template
> git show :server/.env
> git ls-files --stage -- /home/youssef/Downloads/opt/restaurant-app-v2/server/.env
> git show :TODO.md
> git ls-files --stage -- /home/youssef/Downloads/opt/restaurant-app-v2/TODO.md
> git cat-file -s f63d0ca03424648c00ca8a042cfec8cc85c7d5ec
> git status -z -u
> git symbolic-ref --short HEAD
> git rev-parse master
> git rev-parse --symbolic-full-name master@{u}
> git rev-list --left-right master...refs/remotes/origin/master
> git for-each-ref --format %(refname) %(objectname) --sort -committerdate
> git remote --verbose
> git config --get commit.template
> git show :server/src/routes/auth/auth.middlewares.js
> git ls-files --stage -- /home/youssef/Downloads/opt/restaurant-app-v2/server/src/routes/auth/auth.middlewares.js
> git cat-file -s c0f1a5b70832b623006eb3c1c17b93c69bdfd372
> git show :server/src/routes/auth/index.js
> git ls-files --stage -- /home/youssef/Downloads/opt/restaurant-app-v2/server/src/routes/auth/index.js
> git cat-file -s 1012843ddf082bd13e93eb59c07bed978acd53da
> git show :server/src/controller/auth/index.js
> git ls-files --stage -- /home/youssef/Downloads/opt/restaurant-app-v2/server/src/controller/auth/index.js
> git cat-file -s afa654038f2a09062952f3d66fd9eb1ae91e16a8
> git show :server/src/controller/auth/helpers/index.js
> git ls-files --stage -- /home/youssef/Downloads/opt/restaurant-app-v2/server/src/controller/auth/helpers/index.js
> git cat-file -s f8a5cd32e2d9685a55d8b438d85d6acc43d3986c
> git status -z -u
> git symbolic-ref --short HEAD
> git rev-parse master
> git rev-parse --symbolic-full-name master@{u}
> git rev-list --left-right master...refs/remotes/origin/master
> git for-each-ref --format %(refname) %(objectname) --sort -committerdate
> git remote --verbose
> git config --get commit.template
> git show :TODO.md
> git ls-files --stage -- /home/youssef/Downloads/opt/restaurant-app-v2/TODO.md
> git cat-file -s f63d0ca03424648c00ca8a042cfec8cc85c7d5ec
