["INFO" - 11:07:37 AM] Extension Name: "prettier-vscode".
["INFO" - 11:07:37 AM] Extension Version: "4.2.0".
["INFO" - 11:07:38 AM] Enabling prettier for languages
[
  "css",
  "graphql",
  "html",
  "javascript",
  "javascriptreact",
  "json",
  "json5",
  "jsonc",
  "less",
  "markdown",
  "mdx",
  "mongo",
  "postcss",
  "scss",
  "typescript",
  "typescriptreact",
  "vue",
  "yaml"
]
["INFO" - 11:07:38 AM] Enabling prettier for range supported languages
[
  "graphql",
  "javascript",
  "javascriptreact",
  "json",
  "typescript",
  "typescriptreact"
]
["INFO" - 11:20:54 AM] Formatting /home/youssef/Downloads/opt/restaurant-app-v2/server/src/routes/auth/auth.middlewares.js
["INFO" - 11:20:54 AM] Using ignore file (if present) at /home/youssef/Downloads/opt/restaurant-app-v2/.prettierignore
["INFO" - 11:20:54 AM] Using bundled version of prettier.
["INFO" - 11:20:54 AM] File Info:
{
  "ignored": false,
  "inferredParser": "babel"
}
["INFO" - 11:20:54 AM] No local configuration (i.e. .prettierrc or .editorconfig) detected, falling back to VS Code configuration
["INFO" - 11:20:54 AM] Prettier Options:
{
  "arrowParens": "always",
  "bracketSpacing": true,
  "endOfLine": "lf",
  "htmlWhitespaceSensitivity": "css",
  "insertPragma": false,
  "jsxBracketSameLine": false,
  "jsxSingleQuote": false,
  "printWidth": 80,
  "proseWrap": "preserve",
  "quoteProps": "as-needed",
  "requirePragma": false,
  "semi": true,
  "singleQuote": false,
  "tabWidth": 2,
  "trailingComma": "es5",
  "useTabs": false,
  "vueIndentScriptAndStyle": false,
  "filepath": "/home/youssef/Downloads/opt/restaurant-app-v2/server/src/routes/auth/auth.middlewares.js",
  "parser": "babel"
}
["INFO" - 11:20:55 AM] Formatting completed in 860.53988ms.
["INFO" - 11:34:47 AM] Formatting /home/youssef/Downloads/opt/restaurant-app-v2/server/src/controller/auth/helpers/index.js
["INFO" - 11:34:47 AM] Using ignore file (if present) at /home/youssef/Downloads/opt/restaurant-app-v2/.prettierignore
["INFO" - 11:34:47 AM] Using bundled version of prettier.
["INFO" - 11:34:47 AM] File Info:
{
  "ignored": false,
  "inferredParser": "babel"
}
["INFO" - 11:34:47 AM] No local configuration (i.e. .prettierrc or .editorconfig) detected, falling back to VS Code configuration
["INFO" - 11:34:47 AM] Prettier Options:
{
  "arrowParens": "always",
  "bracketSpacing": true,
  "endOfLine": "lf",
  "htmlWhitespaceSensitivity": "css",
  "insertPragma": false,
  "jsxBracketSameLine": false,
  "jsxSingleQuote": false,
  "printWidth": 80,
  "proseWrap": "preserve",
  "quoteProps": "as-needed",
  "requirePragma": false,
  "semi": true,
  "singleQuote": false,
  "tabWidth": 2,
  "trailingComma": "es5",
  "useTabs": false,
  "vueIndentScriptAndStyle": false,
  "filepath": "/home/youssef/Downloads/opt/restaurant-app-v2/server/src/controller/auth/helpers/index.js",
  "parser": "babel"
}
["INFO" - 11:34:48 AM] Formatting completed in 126.931863ms.
["INFO" - 11:38:19 AM] Formatting /home/youssef/Downloads/opt/restaurant-app-v2/database/migrations/20200405144216_user.js
["INFO" - 11:38:19 AM] Using ignore file (if present) at /home/youssef/Downloads/opt/restaurant-app-v2/.prettierignore
["INFO" - 11:38:19 AM] Using bundled version of prettier.
["INFO" - 11:38:19 AM] File Info:
{
  "ignored": false,
  "inferredParser": "babel"
}
["INFO" - 11:38:19 AM] No local configuration (i.e. .prettierrc or .editorconfig) detected, falling back to VS Code configuration
["INFO" - 11:38:19 AM] Prettier Options:
{
  "arrowParens": "always",
  "bracketSpacing": true,
  "endOfLine": "lf",
  "htmlWhitespaceSensitivity": "css",
  "insertPragma": false,
  "jsxBracketSameLine": false,
  "jsxSingleQuote": false,
  "printWidth": 80,
  "proseWrap": "preserve",
  "quoteProps": "as-needed",
  "requirePragma": false,
  "semi": true,
  "singleQuote": false,
  "tabWidth": 2,
  "trailingComma": "es5",
  "useTabs": false,
  "vueIndentScriptAndStyle": false,
  "filepath": "/home/youssef/Downloads/opt/restaurant-app-v2/database/migrations/20200405144216_user.js",
  "parser": "babel"
}
["INFO" - 11:38:19 AM] Formatting completed in 508.989169ms.
["INFO" - 11:48:34 AM] Formatting /home/youssef/Downloads/opt/restaurant-app-v2/server/src/helpers/index.js
["INFO" - 11:48:34 AM] Using ignore file (if present) at /home/youssef/Downloads/opt/restaurant-app-v2/.prettierignore
["INFO" - 11:48:34 AM] Using bundled version of prettier.
["INFO" - 11:48:34 AM] File Info:
{
  "ignored": false,
  "inferredParser": "babel"
}
["INFO" - 11:48:34 AM] No local configuration (i.e. .prettierrc or .editorconfig) detected, falling back to VS Code configuration
["INFO" - 11:48:34 AM] Prettier Options:
{
  "arrowParens": "always",
  "bracketSpacing": true,
  "endOfLine": "lf",
  "htmlWhitespaceSensitivity": "css",
  "insertPragma": false,
  "jsxBracketSameLine": false,
  "jsxSingleQuote": false,
  "printWidth": 80,
  "proseWrap": "preserve",
  "quoteProps": "as-needed",
  "requirePragma": false,
  "semi": true,
  "singleQuote": false,
  "tabWidth": 2,
  "trailingComma": "es5",
  "useTabs": false,
  "vueIndentScriptAndStyle": false,
  "filepath": "/home/youssef/Downloads/opt/restaurant-app-v2/server/src/helpers/index.js",
  "parser": "babel"
}
["INFO" - 11:48:34 AM] Formatting completed in 238.750939ms.
["INFO" - 11:48:39 AM] Formatting /home/youssef/Downloads/opt/restaurant-app-v2/server/src/controller/auth/helpers/index.js
["INFO" - 11:48:39 AM] Using ignore file (if present) at /home/youssef/Downloads/opt/restaurant-app-v2/.prettierignore
["INFO" - 11:48:39 AM] Using bundled version of prettier.
["INFO" - 11:48:39 AM] File Info:
{
  "ignored": false,
  "inferredParser": "babel"
}
["INFO" - 11:48:39 AM] No local configuration (i.e. .prettierrc or .editorconfig) detected, falling back to VS Code configuration
["INFO" - 11:48:39 AM] Prettier Options:
{
  "arrowParens": "always",
  "bracketSpacing": true,
  "endOfLine": "lf",
  "htmlWhitespaceSensitivity": "css",
  "insertPragma": false,
  "jsxBracketSameLine": false,
  "jsxSingleQuote": false,
  "printWidth": 80,
  "proseWrap": "preserve",
  "quoteProps": "as-needed",
  "requirePragma": false,
  "semi": true,
  "singleQuote": false,
  "tabWidth": 2,
  "trailingComma": "es5",
  "useTabs": false,
  "vueIndentScriptAndStyle": false,
  "filepath": "/home/youssef/Downloads/opt/restaurant-app-v2/server/src/controller/auth/helpers/index.js",
  "parser": "babel"
}
["INFO" - 11:48:39 AM] Formatting completed in 262.278935ms.
["INFO" - 11:50:21 AM] Formatting /home/youssef/Downloads/opt/restaurant-app-v2/server/src/helpers/index.js
["INFO" - 11:50:21 AM] Using ignore file (if present) at /home/youssef/Downloads/opt/restaurant-app-v2/.prettierignore
["INFO" - 11:50:21 AM] Using bundled version of prettier.
["INFO" - 11:50:21 AM] File Info:
{
  "ignored": false,
  "inferredParser": "babel"
}
["INFO" - 11:50:22 AM] No local configuration (i.e. .prettierrc or .editorconfig) detected, falling back to VS Code configuration
["INFO" - 11:50:22 AM] Prettier Options:
{
  "arrowParens": "always",
  "bracketSpacing": true,
  "endOfLine": "lf",
  "htmlWhitespaceSensitivity": "css",
  "insertPragma": false,
  "jsxBracketSameLine": false,
  "jsxSingleQuote": false,
  "printWidth": 80,
  "proseWrap": "preserve",
  "quoteProps": "as-needed",
  "requirePragma": false,
  "semi": true,
  "singleQuote": false,
  "tabWidth": 2,
  "trailingComma": "es5",
  "useTabs": false,
  "vueIndentScriptAndStyle": false,
  "filepath": "/home/youssef/Downloads/opt/restaurant-app-v2/server/src/helpers/index.js",
  "parser": "babel"
}
["INFO" - 11:50:23 AM] Formatting completed in 417.589139ms.
["INFO" - 11:51:12 AM] Formatting /home/youssef/Downloads/opt/restaurant-app-v2/server/src/controller/auth/helpers/index.js
["INFO" - 11:51:12 AM] Using ignore file (if present) at /home/youssef/Downloads/opt/restaurant-app-v2/.prettierignore
["INFO" - 11:51:12 AM] Using bundled version of prettier.
["INFO" - 11:51:12 AM] File Info:
{
  "ignored": false,
  "inferredParser": "babel"
}
["INFO" - 11:51:12 AM] No local configuration (i.e. .prettierrc or .editorconfig) detected, falling back to VS Code configuration
["INFO" - 11:51:12 AM] Prettier Options:
{
  "arrowParens": "always",
  "bracketSpacing": true,
  "endOfLine": "lf",
  "htmlWhitespaceSensitivity": "css",
  "insertPragma": false,
  "jsxBracketSameLine": false,
  "jsxSingleQuote": false,
  "printWidth": 80,
  "proseWrap": "preserve",
  "quoteProps": "as-needed",
  "requirePragma": false,
  "semi": true,
  "singleQuote": false,
  "tabWidth": 2,
  "trailingComma": "es5",
  "useTabs": false,
  "vueIndentScriptAndStyle": false,
  "filepath": "/home/youssef/Downloads/opt/restaurant-app-v2/server/src/controller/auth/helpers/index.js",
  "parser": "babel"
}
["INFO" - 11:51:12 AM] Formatting completed in 380.479654ms.
["INFO" - 11:52:04 AM] Formatting /home/youssef/Downloads/opt/restaurant-app-v2/server/src/helpers/index.js
["INFO" - 11:52:04 AM] Using ignore file (if present) at /home/youssef/Downloads/opt/restaurant-app-v2/.prettierignore
["INFO" - 11:52:04 AM] Using bundled version of prettier.
["INFO" - 11:52:04 AM] File Info:
{
  "ignored": false,
  "inferredParser": "babel"
}
["INFO" - 11:52:04 AM] No local configuration (i.e. .prettierrc or .editorconfig) detected, falling back to VS Code configuration
["INFO" - 11:52:04 AM] Prettier Options:
{
  "arrowParens": "always",
  "bracketSpacing": true,
  "endOfLine": "lf",
  "htmlWhitespaceSensitivity": "css",
  "insertPragma": false,
  "jsxBracketSameLine": false,
  "jsxSingleQuote": false,
  "printWidth": 80,
  "proseWrap": "preserve",
  "quoteProps": "as-needed",
  "requirePragma": false,
  "semi": true,
  "singleQuote": false,
  "tabWidth": 2,
  "trailingComma": "es5",
  "useTabs": false,
  "vueIndentScriptAndStyle": false,
  "filepath": "/home/youssef/Downloads/opt/restaurant-app-v2/server/src/helpers/index.js",
  "parser": "babel"
}
["INFO" - 11:52:05 AM] Formatting completed in 758.64674ms.
["INFO" - 11:52:45 AM] Formatting /home/youssef/Downloads/opt/restaurant-app-v2/server/src/helpers/index.js
["INFO" - 11:52:45 AM] Using ignore file (if present) at /home/youssef/Downloads/opt/restaurant-app-v2/.prettierignore
["INFO" - 11:52:45 AM] Using bundled version of prettier.
["INFO" - 11:52:45 AM] File Info:
{
  "ignored": false,
  "inferredParser": "babel"
}
["INFO" - 11:52:45 AM] No local configuration (i.e. .prettierrc or .editorconfig) detected, falling back to VS Code configuration
["INFO" - 11:52:45 AM] Prettier Options:
{
  "arrowParens": "always",
  "bracketSpacing": true,
  "endOfLine": "lf",
  "htmlWhitespaceSensitivity": "css",
  "insertPragma": false,
  "jsxBracketSameLine": false,
  "jsxSingleQuote": false,
  "printWidth": 80,
  "proseWrap": "preserve",
  "quoteProps": "as-needed",
  "requirePragma": false,
  "semi": true,
  "singleQuote": false,
  "tabWidth": 2,
  "trailingComma": "es5",
  "useTabs": false,
  "vueIndentScriptAndStyle": false,
  "filepath": "/home/youssef/Downloads/opt/restaurant-app-v2/server/src/helpers/index.js",
  "parser": "babel"
}
["INFO" - 11:52:45 AM] Formatting completed in 480.716777ms.
["INFO" - 11:53:25 AM] Formatting /home/youssef/Downloads/opt/restaurant-app-v2/server/src/helpers/index.js
["INFO" - 11:53:25 AM] Using ignore file (if present) at /home/youssef/Downloads/opt/restaurant-app-v2/.prettierignore
["INFO" - 11:53:25 AM] Using bundled version of prettier.
["INFO" - 11:53:25 AM] File Info:
{
  "ignored": false,
  "inferredParser": "babel"
}
["INFO" - 11:53:25 AM] No local configuration (i.e. .prettierrc or .editorconfig) detected, falling back to VS Code configuration
["INFO" - 11:53:25 AM] Prettier Options:
{
  "arrowParens": "always",
  "bracketSpacing": true,
  "endOfLine": "lf",
  "htmlWhitespaceSensitivity": "css",
  "insertPragma": false,
  "jsxBracketSameLine": false,
  "jsxSingleQuote": false,
  "printWidth": 80,
  "proseWrap": "preserve",
  "quoteProps": "as-needed",
  "requirePragma": false,
  "semi": true,
  "singleQuote": false,
  "tabWidth": 2,
  "trailingComma": "es5",
  "useTabs": false,
  "vueIndentScriptAndStyle": false,
  "filepath": "/home/youssef/Downloads/opt/restaurant-app-v2/server/src/helpers/index.js",
  "parser": "babel"
}
["INFO" - 11:53:25 AM] Formatting completed in 733.278567ms.
["INFO" - 11:54:20 AM] Formatting /home/youssef/Downloads/opt/restaurant-app-v2/server/src/helpers/index.js
["INFO" - 11:54:20 AM] Using ignore file (if present) at /home/youssef/Downloads/opt/restaurant-app-v2/.prettierignore
["INFO" - 11:54:20 AM] Using bundled version of prettier.
["INFO" - 11:54:20 AM] File Info:
{
  "ignored": false,
  "inferredParser": "babel"
}
["INFO" - 11:54:20 AM] No local configuration (i.e. .prettierrc or .editorconfig) detected, falling back to VS Code configuration
["INFO" - 11:54:20 AM] Prettier Options:
{
  "arrowParens": "always",
  "bracketSpacing": true,
  "endOfLine": "lf",
  "htmlWhitespaceSensitivity": "css",
  "insertPragma": false,
  "jsxBracketSameLine": false,
  "jsxSingleQuote": false,
  "printWidth": 80,
  "proseWrap": "preserve",
  "quoteProps": "as-needed",
  "requirePragma": false,
  "semi": true,
  "singleQuote": false,
  "tabWidth": 2,
  "trailingComma": "es5",
  "useTabs": false,
  "vueIndentScriptAndStyle": false,
  "filepath": "/home/youssef/Downloads/opt/restaurant-app-v2/server/src/helpers/index.js",
  "parser": "babel"
}
["INFO" - 11:54:20 AM] Formatting completed in 653.825812ms.
["INFO" - 11:54:54 AM] Formatting /home/youssef/Downloads/opt/restaurant-app-v2/server/src/helpers/index.js
["INFO" - 11:54:54 AM] Using ignore file (if present) at /home/youssef/Downloads/opt/restaurant-app-v2/.prettierignore
["INFO" - 11:54:54 AM] Using bundled version of prettier.
["INFO" - 11:54:54 AM] File Info:
{
  "ignored": false,
  "inferredParser": "babel"
}
["INFO" - 11:54:54 AM] No local configuration (i.e. .prettierrc or .editorconfig) detected, falling back to VS Code configuration
["INFO" - 11:54:54 AM] Prettier Options:
{
  "arrowParens": "always",
  "bracketSpacing": true,
  "endOfLine": "lf",
  "htmlWhitespaceSensitivity": "css",
  "insertPragma": false,
  "jsxBracketSameLine": false,
  "jsxSingleQuote": false,
  "printWidth": 80,
  "proseWrap": "preserve",
  "quoteProps": "as-needed",
  "requirePragma": false,
  "semi": true,
  "singleQuote": false,
  "tabWidth": 2,
  "trailingComma": "es5",
  "useTabs": false,
  "vueIndentScriptAndStyle": false,
  "filepath": "/home/youssef/Downloads/opt/restaurant-app-v2/server/src/helpers/index.js",
  "parser": "babel"
}
["INFO" - 11:54:55 AM] Formatting completed in 226.249606ms.
["INFO" - 11:57:16 AM] Formatting /home/youssef/Downloads/opt/restaurant-app-v2/server/src/helpers/index.js
["INFO" - 11:57:16 AM] Using ignore file (if present) at /home/youssef/Downloads/opt/restaurant-app-v2/.prettierignore
["INFO" - 11:57:16 AM] Using bundled version of prettier.
["INFO" - 11:57:16 AM] File Info:
{
  "ignored": false,
  "inferredParser": "babel"
}
["INFO" - 11:57:16 AM] No local configuration (i.e. .prettierrc or .editorconfig) detected, falling back to VS Code configuration
["INFO" - 11:57:16 AM] Prettier Options:
{
  "arrowParens": "always",
  "bracketSpacing": true,
  "endOfLine": "lf",
  "htmlWhitespaceSensitivity": "css",
  "insertPragma": false,
  "jsxBracketSameLine": false,
  "jsxSingleQuote": false,
  "printWidth": 80,
  "proseWrap": "preserve",
  "quoteProps": "as-needed",
  "requirePragma": false,
  "semi": true,
  "singleQuote": false,
  "tabWidth": 2,
  "trailingComma": "es5",
  "useTabs": false,
  "vueIndentScriptAndStyle": false,
  "filepath": "/home/youssef/Downloads/opt/restaurant-app-v2/server/src/helpers/index.js",
  "parser": "babel"
}
["INFO" - 11:57:16 AM] Formatting completed in 182.993913ms.
["INFO" - 11:58:03 AM] Formatting /home/youssef/Downloads/opt/restaurant-app-v2/server/src/helpers/index.js
["INFO" - 11:58:03 AM] Using ignore file (if present) at /home/youssef/Downloads/opt/restaurant-app-v2/.prettierignore
["INFO" - 11:58:03 AM] Using bundled version of prettier.
["INFO" - 11:58:03 AM] File Info:
{
  "ignored": false,
  "inferredParser": "babel"
}
["INFO" - 11:58:03 AM] No local configuration (i.e. .prettierrc or .editorconfig) detected, falling back to VS Code configuration
["INFO" - 11:58:03 AM] Prettier Options:
{
  "arrowParens": "always",
  "bracketSpacing": true,
  "endOfLine": "lf",
  "htmlWhitespaceSensitivity": "css",
  "insertPragma": false,
  "jsxBracketSameLine": false,
  "jsxSingleQuote": false,
  "printWidth": 80,
  "proseWrap": "preserve",
  "quoteProps": "as-needed",
  "requirePragma": false,
  "semi": true,
  "singleQuote": false,
  "tabWidth": 2,
  "trailingComma": "es5",
  "useTabs": false,
  "vueIndentScriptAndStyle": false,
  "filepath": "/home/youssef/Downloads/opt/restaurant-app-v2/server/src/helpers/index.js",
  "parser": "babel"
}
["INFO" - 11:58:03 AM] Formatting completed in 137.470244ms.
["INFO" - 11:59:26 AM] Formatting /home/youssef/Downloads/opt/restaurant-app-v2/server/src/helpers/index.js
["INFO" - 11:59:26 AM] Using ignore file (if present) at /home/youssef/Downloads/opt/restaurant-app-v2/.prettierignore
["INFO" - 11:59:26 AM] Using bundled version of prettier.
["INFO" - 11:59:26 AM] File Info:
{
  "ignored": false,
  "inferredParser": "babel"
}
["INFO" - 11:59:26 AM] No local configuration (i.e. .prettierrc or .editorconfig) detected, falling back to VS Code configuration
["INFO" - 11:59:26 AM] Prettier Options:
{
  "arrowParens": "always",
  "bracketSpacing": true,
  "endOfLine": "lf",
  "htmlWhitespaceSensitivity": "css",
  "insertPragma": false,
  "jsxBracketSameLine": false,
  "jsxSingleQuote": false,
  "printWidth": 80,
  "proseWrap": "preserve",
  "quoteProps": "as-needed",
  "requirePragma": false,
  "semi": true,
  "singleQuote": false,
  "tabWidth": 2,
  "trailingComma": "es5",
  "useTabs": false,
  "vueIndentScriptAndStyle": false,
  "filepath": "/home/youssef/Downloads/opt/restaurant-app-v2/server/src/helpers/index.js",
  "parser": "babel"
}
["INFO" - 11:59:26 AM] Formatting completed in 191.448335ms.
["INFO" - 11:59:39 AM] Formatting /home/youssef/Downloads/opt/restaurant-app-v2/server/src/controller/auth/helpers/index.js
["INFO" - 11:59:39 AM] Using ignore file (if present) at /home/youssef/Downloads/opt/restaurant-app-v2/.prettierignore
["INFO" - 11:59:39 AM] Using bundled version of prettier.
["INFO" - 11:59:39 AM] File Info:
{
  "ignored": false,
  "inferredParser": "babel"
}
["INFO" - 11:59:39 AM] No local configuration (i.e. .prettierrc or .editorconfig) detected, falling back to VS Code configuration
["INFO" - 11:59:39 AM] Prettier Options:
{
  "arrowParens": "always",
  "bracketSpacing": true,
  "endOfLine": "lf",
  "htmlWhitespaceSensitivity": "css",
  "insertPragma": false,
  "jsxBracketSameLine": false,
  "jsxSingleQuote": false,
  "printWidth": 80,
  "proseWrap": "preserve",
  "quoteProps": "as-needed",
  "requirePragma": false,
  "semi": true,
  "singleQuote": false,
  "tabWidth": 2,
  "trailingComma": "es5",
  "useTabs": false,
  "vueIndentScriptAndStyle": false,
  "filepath": "/home/youssef/Downloads/opt/restaurant-app-v2/server/src/controller/auth/helpers/index.js",
  "parser": "babel"
}
["INFO" - 11:59:39 AM] Formatting completed in 238.846721ms.
["INFO" - 12:01:28 PM] Formatting /home/youssef/Downloads/opt/restaurant-app-v2/server/src/helpers/index.js
["INFO" - 12:01:28 PM] Using ignore file (if present) at /home/youssef/Downloads/opt/restaurant-app-v2/.prettierignore
["INFO" - 12:01:28 PM] Using bundled version of prettier.
["INFO" - 12:01:28 PM] File Info:
{
  "ignored": false,
  "inferredParser": "babel"
}
["INFO" - 12:01:28 PM] No local configuration (i.e. .prettierrc or .editorconfig) detected, falling back to VS Code configuration
["INFO" - 12:01:28 PM] Prettier Options:
{
  "arrowParens": "always",
  "bracketSpacing": true,
  "endOfLine": "lf",
  "htmlWhitespaceSensitivity": "css",
  "insertPragma": false,
  "jsxBracketSameLine": false,
  "jsxSingleQuote": false,
  "printWidth": 80,
  "proseWrap": "preserve",
  "quoteProps": "as-needed",
  "requirePragma": false,
  "semi": true,
  "singleQuote": false,
  "tabWidth": 2,
  "trailingComma": "es5",
  "useTabs": false,
  "vueIndentScriptAndStyle": false,
  "filepath": "/home/youssef/Downloads/opt/restaurant-app-v2/server/src/helpers/index.js",
  "parser": "babel"
}
["INFO" - 12:01:28 PM] Formatting completed in 551.358696ms.
["INFO" - 12:01:36 PM] Formatting /home/youssef/Downloads/opt/restaurant-app-v2/server/src/controller/auth/helpers/index.js
["INFO" - 12:01:36 PM] Using ignore file (if present) at /home/youssef/Downloads/opt/restaurant-app-v2/.prettierignore
["INFO" - 12:01:36 PM] Using bundled version of prettier.
["INFO" - 12:01:36 PM] File Info:
{
  "ignored": false,
  "inferredParser": "babel"
}
["INFO" - 12:01:36 PM] No local configuration (i.e. .prettierrc or .editorconfig) detected, falling back to VS Code configuration
["INFO" - 12:01:36 PM] Prettier Options:
{
  "arrowParens": "always",
  "bracketSpacing": true,
  "endOfLine": "lf",
  "htmlWhitespaceSensitivity": "css",
  "insertPragma": false,
  "jsxBracketSameLine": false,
  "jsxSingleQuote": false,
  "printWidth": 80,
  "proseWrap": "preserve",
  "quoteProps": "as-needed",
  "requirePragma": false,
  "semi": true,
  "singleQuote": false,
  "tabWidth": 2,
  "trailingComma": "es5",
  "useTabs": false,
  "vueIndentScriptAndStyle": false,
  "filepath": "/home/youssef/Downloads/opt/restaurant-app-v2/server/src/controller/auth/helpers/index.js",
  "parser": "babel"
}
["INFO" - 12:01:36 PM] Formatting completed in 222.892196ms.
["INFO" - 12:03:56 PM] Formatting /home/youssef/Downloads/opt/restaurant-app-v2/server/src/passport/google.js
["INFO" - 12:03:56 PM] Using ignore file (if present) at /home/youssef/Downloads/opt/restaurant-app-v2/.prettierignore
["INFO" - 12:03:56 PM] Using bundled version of prettier.
["INFO" - 12:03:56 PM] File Info:
{
  "ignored": false,
  "inferredParser": "babel"
}
["INFO" - 12:03:56 PM] No local configuration (i.e. .prettierrc or .editorconfig) detected, falling back to VS Code configuration
["INFO" - 12:03:56 PM] Prettier Options:
{
  "arrowParens": "always",
  "bracketSpacing": true,
  "endOfLine": "lf",
  "htmlWhitespaceSensitivity": "css",
  "insertPragma": false,
  "jsxBracketSameLine": false,
  "jsxSingleQuote": false,
  "printWidth": 80,
  "proseWrap": "preserve",
  "quoteProps": "as-needed",
  "requirePragma": false,
  "semi": true,
  "singleQuote": false,
  "tabWidth": 2,
  "trailingComma": "es5",
  "useTabs": false,
  "vueIndentScriptAndStyle": false,
  "filepath": "/home/youssef/Downloads/opt/restaurant-app-v2/server/src/passport/google.js",
  "parser": "babel"
}
["INFO" - 12:03:56 PM] Formatting completed in 238.575362ms.
