Looking for git in: git
Using git 2.17.1 from git
> git rev-parse --show-toplevel
> git rev-parse --git-dir
Open repository: /home/youssef/Downloads/opt/restaurant-app-v2
> git status -z -u
> git show :frontend/src/components/Header.vue
> git ls-files --stage -- /home/youssef/Downloads/opt/restaurant-app-v2/frontend/src/components/Header.vue
> git cat-file -s b213ac8cadd23d46f7731e2241c8419d5146431f
> git check-ignore -v -z --stdin
> git symbolic-ref --short HEAD
> git rev-parse master
> git rev-parse --symbolic-full-name master@{u}
> git rev-list --left-right master...refs/remotes/origin/master
> git for-each-ref --format %(refname) %(objectname) --sort -committerdate
> git remote --verbose
> git config --get commit.template
> git status -z -u
> git symbolic-ref --short HEAD
> git rev-parse master
> git rev-parse --symbolic-full-name master@{u}
> git rev-list --left-right master...refs/remotes/origin/master
> git for-each-ref --format %(refname) %(objectname) --sort -committerdate
> git remote --verbose
> git config --get commit.template
> git status -z -u
> git symbolic-ref --short HEAD
> git rev-parse master
> git rev-parse --symbolic-full-name master@{u}
> git rev-list --left-right master...refs/remotes/origin/master
> git for-each-ref --format %(refname) %(objectname) --sort -committerdate
> git remote --verbose
> git config --get commit.template
> git status -z -u
> git symbolic-ref --short HEAD
> git rev-parse master
> git rev-parse --symbolic-full-name master@{u}
> git rev-list --left-right master...refs/remotes/origin/master
> git for-each-ref --format %(refname) %(objectname) --sort -committerdate
> git remote --verbose
> git config --get commit.template
> git status -z -u
> git symbolic-ref --short HEAD
> git rev-parse master
> git rev-parse --symbolic-full-name master@{u}
> git rev-list --left-right master...refs/remotes/origin/master
> git for-each-ref --format %(refname) %(objectname) --sort -committerdate
> git remote --verbose
> git config --get commit.template
> git status -z -u
> git symbolic-ref --short HEAD
> git rev-parse master
> git rev-parse --symbolic-full-name master@{u}
> git rev-list --left-right master...refs/remotes/origin/master
> git for-each-ref --format %(refname) %(objectname) --sort -committerdate
> git remote --verbose
> git config --get commit.template
> git status -z -u
> git symbolic-ref --short HEAD
> git rev-parse master
> git rev-parse --symbolic-full-name master@{u}
> git rev-list --left-right master...refs/remotes/origin/master
> git for-each-ref --format %(refname) %(objectname) --sort -committerdate
> git remote --verbose
> git config --get commit.template
> git status -z -u
> git symbolic-ref --short HEAD
> git rev-parse master
> git rev-parse --symbolic-full-name master@{u}
> git rev-list --left-right master...refs/remotes/origin/master
> git for-each-ref --format %(refname) %(objectname) --sort -committerdate
> git remote --verbose
> git config --get commit.template
> git check-ignore -v -z --stdin
> git show :frontend/src/views/Home.vue
> git ls-files --stage -- /home/youssef/Downloads/opt/restaurant-app-v2/frontend/src/views/Home.vue
> git cat-file -s 41a99de590b3c2ce2c5d9afa03ef368d4c221678
> git show :frontend/src/components/Overlay.vue
> git ls-files --stage -- /home/youssef/Downloads/opt/restaurant-app-v2/frontend/src/components/Overlay.vue
> git check-ignore -v -z --stdin
> git status -z -u
> git symbolic-ref --short HEAD
> git rev-parse master
> git rev-parse --symbolic-full-name master@{u}
> git rev-list --left-right master...refs/remotes/origin/master
> git for-each-ref --format %(refname) %(objectname) --sort -committerdate
> git remote --verbose
> git config --get commit.template
> git show :frontend/src/views/Home.vue
> git ls-files --stage -- /home/youssef/Downloads/opt/restaurant-app-v2/frontend/src/views/Home.vue
> git cat-file -s 41a99de590b3c2ce2c5d9afa03ef368d4c221678
> git show :frontend/src/components/Overlay.vue
> git ls-files --stage -- /home/youssef/Downloads/opt/restaurant-app-v2/frontend/src/components/Overlay.vue
> git status -z -u
> git symbolic-ref --short HEAD
> git rev-parse master
> git rev-parse --symbolic-full-name master@{u}
> git rev-list --left-right master...refs/remotes/origin/master
> git for-each-ref --format %(refname) %(objectname) --sort -committerdate
> git remote --verbose
> git config --get commit.template
> git show :frontend/src/views/Home.vue
> git ls-files --stage -- /home/youssef/Downloads/opt/restaurant-app-v2/frontend/src/views/Home.vue
> git cat-file -s 41a99de590b3c2ce2c5d9afa03ef368d4c221678
> git status -z -u
> git symbolic-ref --short HEAD
> git rev-parse master
> git rev-parse --symbolic-full-name master@{u}
> git rev-list --left-right master...refs/remotes/origin/master
> git for-each-ref --format %(refname) %(objectname) --sort -committerdate
> git remote --verbose
> git config --get commit.template
> git status -z -u
> git symbolic-ref --short HEAD
> git rev-parse master
> git rev-parse --symbolic-full-name master@{u}
> git rev-list --left-right master...refs/remotes/origin/master
> git for-each-ref --format %(refname) %(objectname) --sort -committerdate
> git remote --verbose
> git config --get commit.template
> git show :frontend/src/components/Header.vue
> git ls-files --stage -- /home/youssef/Downloads/opt/restaurant-app-v2/frontend/src/components/Header.vue
> git cat-file -s b213ac8cadd23d46f7731e2241c8419d5146431f
> git status -z -u
> git symbolic-ref --short HEAD
> git rev-parse master
> git rev-parse --symbolic-full-name master@{u}
> git rev-list --left-right master...refs/remotes/origin/master
> git for-each-ref --format %(refname) %(objectname) --sort -committerdate
> git remote --verbose
> git config --get commit.template
> git show :frontend/src/components/Overlay.vue
> git ls-files --stage -- /home/youssef/Downloads/opt/restaurant-app-v2/frontend/src/components/Overlay.vue
> git show :frontend/src/views/Home.vue
> git ls-files --stage -- /home/youssef/Downloads/opt/restaurant-app-v2/frontend/src/views/Home.vue
> git cat-file -s 41a99de590b3c2ce2c5d9afa03ef368d4c221678
> git status -z -u
> git symbolic-ref --short HEAD
> git rev-parse master
> git rev-parse --symbolic-full-name master@{u}
> git rev-list --left-right master...refs/remotes/origin/master
> git for-each-ref --format %(refname) %(objectname) --sort -committerdate
> git remote --verbose
> git config --get commit.template
> git show :frontend/src/components/Header.vue
> git ls-files --stage -- /home/youssef/Downloads/opt/restaurant-app-v2/frontend/src/components/Header.vue
> git cat-file -s b213ac8cadd23d46f7731e2241c8419d5146431f
> git show :frontend/src/views/Home.vue
> git ls-files --stage -- /home/youssef/Downloads/opt/restaurant-app-v2/frontend/src/views/Home.vue
> git cat-file -s 41a99de590b3c2ce2c5d9afa03ef368d4c221678
> git status -z -u
> git symbolic-ref --short HEAD
> git rev-parse master
> git rev-parse --symbolic-full-name master@{u}
> git rev-list --left-right master...refs/remotes/origin/master
> git for-each-ref --format %(refname) %(objectname) --sort -committerdate
> git remote --verbose
> git config --get commit.template
> git status -z -u
> git symbolic-ref --short HEAD
> git rev-parse master
> git rev-parse --symbolic-full-name master@{u}
> git rev-list --left-right master...refs/remotes/origin/master
> git for-each-ref --format %(refname) %(objectname) --sort -committerdate
> git remote --verbose
> git config --get commit.template
> git status -z -u
> git symbolic-ref --short HEAD
> git rev-parse master
> git rev-parse --symbolic-full-name master@{u}
> git rev-list --left-right master...refs/remotes/origin/master
> git for-each-ref --format %(refname) %(objectname) --sort -committerdate
> git remote --verbose
> git config --get commit.template
> git show :frontend/src/components/Header.vue
> git ls-files --stage -- /home/youssef/Downloads/opt/restaurant-app-v2/frontend/src/components/Header.vue
> git cat-file -s b213ac8cadd23d46f7731e2241c8419d5146431f
> git show :frontend/src/main.js
> git ls-files --stage -- /home/youssef/Downloads/opt/restaurant-app-v2/frontend/src/main.js
> git cat-file -s 6a2944cee40e1af5612966e6df3b13c5d2389d57
> git show :frontend/src/router.js
> git ls-files --stage -- /home/youssef/Downloads/opt/restaurant-app-v2/frontend/src/router.js
> git cat-file -s 84663c59732a0bb81ec873b8aa48a421cab794cb
> git status -z -u
> git symbolic-ref --short HEAD
> git rev-parse master
> git rev-parse --symbolic-full-name master@{u}
> git rev-list --left-right master...refs/remotes/origin/master
> git for-each-ref --format %(refname) %(objectname) --sort -committerdate
> git remote --verbose
> git config --get commit.template
> git show :frontend/src/components/Header.vue
> git ls-files --stage -- /home/youssef/Downloads/opt/restaurant-app-v2/frontend/src/components/Header.vue
> git cat-file -s b213ac8cadd23d46f7731e2241c8419d5146431f
> git show :frontend/src/main.js
> git ls-files --stage -- /home/youssef/Downloads/opt/restaurant-app-v2/frontend/src/main.js
> git cat-file -s 6a2944cee40e1af5612966e6df3b13c5d2389d57
> git check-ignore -v -z --stdin
> git status -z -u
> git show :frontend/src/store.js
> git ls-files --stage -- /home/youssef/Downloads/opt/restaurant-app-v2/frontend/src/store.js
> git symbolic-ref --short HEAD
> git rev-parse master
> git rev-parse --symbolic-full-name master@{u}
> git rev-list --left-right master...refs/remotes/origin/master
> git for-each-ref --format %(refname) %(objectname) --sort -committerdate
> git remote --verbose
> git config --get commit.template
> git status -z -u
> git symbolic-ref --short HEAD
> git rev-parse master
> git rev-parse --symbolic-full-name master@{u}
> git rev-list --left-right master...refs/remotes/origin/master
> git for-each-ref --format %(refname) %(objectname) --sort -committerdate
> git remote --verbose
> git config --get commit.template
> git show :frontend/src/main.js
> git ls-files --stage -- /home/youssef/Downloads/opt/restaurant-app-v2/frontend/src/main.js
> git cat-file -s 6a2944cee40e1af5612966e6df3b13c5d2389d57
> git status -z -u
> git symbolic-ref --short HEAD
> git rev-parse master
> git rev-parse --symbolic-full-name master@{u}
> git rev-list --left-right master...refs/remotes/origin/master
> git for-each-ref --format %(refname) %(objectname) --sort -committerdate
> git remote --verbose
> git config --get commit.template
> git show :frontend/src/store.js
> git ls-files --stage -- /home/youssef/Downloads/opt/restaurant-app-v2/frontend/src/store.js
> git show :frontend/src/components/Header.vue
> git ls-files --stage -- /home/youssef/Downloads/opt/restaurant-app-v2/frontend/src/components/Header.vue
> git cat-file -s b213ac8cadd23d46f7731e2241c8419d5146431f
> git show :frontend/src/store.js
> git ls-files --stage -- /home/youssef/Downloads/opt/restaurant-app-v2/frontend/src/store.js
> git status -z -u
> git symbolic-ref --short HEAD
> git rev-parse master
> git rev-parse --symbolic-full-name master@{u}
> git rev-list --left-right master...refs/remotes/origin/master
> git for-each-ref --format %(refname) %(objectname) --sort -committerdate
> git remote --verbose
> git config --get commit.template
> git status -z -u
> git symbolic-ref --short HEAD
> git rev-parse master
> git rev-parse --symbolic-full-name master@{u}
> git rev-list --left-right master...refs/remotes/origin/master
> git for-each-ref --format %(refname) %(objectname) --sort -committerdate
> git remote --verbose
> git config --get commit.template
> git show :frontend/src/components/Header.vue
> git ls-files --stage -- /home/youssef/Downloads/opt/restaurant-app-v2/frontend/src/components/Header.vue
> git cat-file -s b213ac8cadd23d46f7731e2241c8419d5146431f
> git show :frontend/src/App.vue
> git ls-files --stage -- /home/youssef/Downloads/opt/restaurant-app-v2/frontend/src/App.vue
> git cat-file -s 8c92627dcbab4eea56da33b24dc3a201ed270035
> git status -z -u
> git symbolic-ref --short HEAD
> git rev-parse master
> git rev-parse --symbolic-full-name master@{u}
> git rev-list --left-right master...refs/remotes/origin/master
> git for-each-ref --format %(refname) %(objectname) --sort -committerdate
> git remote --verbose
> git config --get commit.template
> git show :frontend/src/store.js
> git ls-files --stage -- /home/youssef/Downloads/opt/restaurant-app-v2/frontend/src/store.js
> git status -z -u
> git symbolic-ref --short HEAD
> git rev-parse master
> git rev-parse --symbolic-full-name master@{u}
> git rev-list --left-right master...refs/remotes/origin/master
> git for-each-ref --format %(refname) %(objectname) --sort -committerdate
> git remote --verbose
> git config --get commit.template
> git status -z -u
> git symbolic-ref --short HEAD
> git rev-parse master
> git rev-parse --symbolic-full-name master@{u}
> git rev-list --left-right master...refs/remotes/origin/master
> git for-each-ref --format %(refname) %(objectname) --sort -committerdate
> git remote --verbose
> git config --get commit.template
> git status -z -u
> git symbolic-ref --short HEAD
> git rev-parse master
> git rev-parse --symbolic-full-name master@{u}
> git rev-list --left-right master...refs/remotes/origin/master
> git for-each-ref --format %(refname) %(objectname) --sort -committerdate
> git remote --verbose
> git config --get commit.template
> git status -z -u
> git symbolic-ref --short HEAD
> git rev-parse master
> git rev-parse --symbolic-full-name master@{u}
> git rev-list --left-right master...refs/remotes/origin/master
> git for-each-ref --format %(refname) %(objectname) --sort -committerdate
> git remote --verbose
> git config --get commit.template
> git show :frontend/src/App.vue
> git ls-files --stage -- /home/youssef/Downloads/opt/restaurant-app-v2/frontend/src/App.vue
> git cat-file -s 8c92627dcbab4eea56da33b24dc3a201ed270035
> git status -z -u
> git symbolic-ref --short HEAD
> git rev-parse master
> git rev-parse --symbolic-full-name master@{u}
> git rev-list --left-right master...refs/remotes/origin/master
> git for-each-ref --format %(refname) %(objectname) --sort -committerdate
> git remote --verbose
> git config --get commit.template
> git status -z -u
> git symbolic-ref --short HEAD
> git rev-parse master
> git rev-parse --symbolic-full-name master@{u}
> git rev-list --left-right master...refs/remotes/origin/master
> git for-each-ref --format %(refname) %(objectname) --sort -committerdate
> git remote --verbose
> git config --get commit.template
> git status -z -u
> git symbolic-ref --short HEAD
> git rev-parse master
> git rev-parse --symbolic-full-name master@{u}
> git rev-list --left-right master...refs/remotes/origin/master
> git for-each-ref --format %(refname) %(objectname) --sort -committerdate
> git remote --verbose
> git config --get commit.template
> git status -z -u
> git symbolic-ref --short HEAD
> git rev-parse master
> git rev-parse --symbolic-full-name master@{u}
> git rev-list --left-right master...refs/remotes/origin/master
> git for-each-ref --format %(refname) %(objectname) --sort -committerdate
> git remote --verbose
> git config --get commit.template
> git show :README.md
> git ls-files --stage -- /home/youssef/Downloads/opt/restaurant-app-v2/README.md
> git cat-file -s bc8b8e5463e96a4b6db073a01ee58f609858590a
> git status -z -u
> git symbolic-ref --short HEAD
> git rev-parse master
> git rev-parse --symbolic-full-name master@{u}
> git rev-list --left-right master...refs/remotes/origin/master
> git for-each-ref --format %(refname) %(objectname) --sort -committerdate
> git remote --verbose
> git config --get commit.template
> git status -z -u
> git symbolic-ref --short HEAD
> git rev-parse master
> git rev-parse --symbolic-full-name master@{u}
> git rev-list --left-right master...refs/remotes/origin/master
> git for-each-ref --format %(refname) %(objectname) --sort -committerdate
> git remote --verbose
> git config --get commit.template
> git status -z -u
> git symbolic-ref --short HEAD
> git rev-parse master
> git rev-parse --symbolic-full-name master@{u}
> git rev-list --left-right master...refs/remotes/origin/master
> git for-each-ref --format %(refname) %(objectname) --sort -committerdate
> git remote --verbose
> git config --get commit.template
> git check-ignore -v -z --stdin
> git check-ignore -v -z --stdin
> git status -z -u
> git symbolic-ref --short HEAD
> git rev-parse master
> git rev-parse --symbolic-full-name master@{u}
> git rev-list --left-right master...refs/remotes/origin/master
> git for-each-ref --format %(refname) %(objectname) --sort -committerdate
> git remote --verbose
> git config --get commit.template
> git check-ignore -v -z --stdin
> git check-ignore -v -z --stdin
> git check-ignore -v -z --stdin
> git check-ignore -v -z --stdin
> git check-ignore -v -z --stdin
> git check-ignore -v -z --stdin
> git show :server/src/routes/auth/index.js
> git ls-files --stage -- /home/youssef/Downloads/opt/restaurant-app-v2/server/src/routes/auth/index.js
> git cat-file -s eaa590fc0bc7581ae2c76a4e4b0137de78cb2b6a
> git status -z -u
> git symbolic-ref --short HEAD
> git rev-parse master
> git rev-parse --symbolic-full-name master@{u}
> git rev-list --left-right master...refs/remotes/origin/master
> git for-each-ref --format %(refname) %(objectname) --sort -committerdate
> git remote --verbose
> git config --get commit.template
> git status -z -u
> git symbolic-ref --short HEAD
> git rev-parse master
> git rev-parse --symbolic-full-name master@{u}
> git rev-list --left-right master...refs/remotes/origin/master
> git for-each-ref --format %(refname) %(objectname) --sort -committerdate
> git remote --verbose
> git config --get commit.template
> git show :server/src/passport/google.js
> git ls-files --stage -- /home/youssef/Downloads/opt/restaurant-app-v2/server/src/passport/google.js
> git cat-file -s 97f9bc2b0a7aa35a09ae68c6d821c4bacca549a5
> git status -z -u
> git symbolic-ref --short HEAD
> git rev-parse master
> git rev-parse --symbolic-full-name master@{u}
> git rev-list --left-right master...refs/remotes/origin/master
> git for-each-ref --format %(refname) %(objectname) --sort -committerdate
> git remote --verbose
> git config --get commit.template
> git show :server/src/routes/auth/index.js
> git ls-files --stage -- /home/youssef/Downloads/opt/restaurant-app-v2/server/src/routes/auth/index.js
> git cat-file -s eaa590fc0bc7581ae2c76a4e4b0137de78cb2b6a
> git status -z -u
> git symbolic-ref --short HEAD
> git rev-parse master
> git rev-parse --symbolic-full-name master@{u}
> git rev-list --left-right master...refs/remotes/origin/master
> git for-each-ref --format %(refname) %(objectname) --sort -committerdate
> git remote --verbose
> git config --get commit.template
> git status -z -u
> git symbolic-ref --short HEAD
> git rev-parse master
> git rev-parse --symbolic-full-name master@{u}
> git rev-list --left-right master...refs/remotes/origin/master
> git for-each-ref --format %(refname) %(objectname) --sort -committerdate
> git remote --verbose
> git config --get commit.template
> git status -z -u
> git symbolic-ref --short HEAD
> git rev-parse master
> git rev-parse --symbolic-full-name master@{u}
> git rev-list --left-right master...refs/remotes/origin/master
> git for-each-ref --format %(refname) %(objectname) --sort -committerdate
> git remote --verbose
> git config --get commit.template
> git show :server/src/tasks/createAdminUser.js
> git ls-files --stage -- /home/youssef/Downloads/opt/restaurant-app-v2/server/src/tasks/createAdminUser.js
> git cat-file -s 86a023beaaedb35353c23c7de91d1593e8e22eee
> git show :server/package.json
> git ls-files --stage -- /home/youssef/Downloads/opt/restaurant-app-v2/server/package.json
> git cat-file -s 54775bdbf9f8a2f152d76dee54af3369d4096e03
> git show :server/src/routes/auth/index.js
> git ls-files --stage -- /home/youssef/Downloads/opt/restaurant-app-v2/server/src/routes/auth/index.js
> git cat-file -s eaa590fc0bc7581ae2c76a4e4b0137de78cb2b6a
> git status -z -u
> git symbolic-ref --short HEAD
> git rev-parse master
> git rev-parse --symbolic-full-name master@{u}
> git rev-list --left-right master...refs/remotes/origin/master
> git for-each-ref --format %(refname) %(objectname) --sort -committerdate
> git remote --verbose
> git config --get commit.template
> git check-ignore -v -z --stdin
> git show :server/src/helpers/index.js
> git ls-files --stage -- /home/youssef/Downloads/opt/restaurant-app-v2/server/src/helpers/index.js
> git cat-file -s adcd8300662ba4e6bc0713ef10c100d241020f0b
> git status -z -u
> git symbolic-ref --short HEAD
> git rev-parse master
> git rev-parse --symbolic-full-name master@{u}
> git rev-list --left-right master...refs/remotes/origin/master
> git for-each-ref --format %(refname) %(objectname) --sort -committerdate
> git remote --verbose
> git config --get commit.template
> git show :server/.env
> git ls-files --stage -- /home/youssef/Downloads/opt/restaurant-app-v2/server/.env
> git status -z -u
> git symbolic-ref --short HEAD
> git rev-parse master
> git rev-parse --symbolic-full-name master@{u}
> git rev-list --left-right master...refs/remotes/origin/master
> git for-each-ref --format %(refname) %(objectname) --sort -committerdate
> git remote --verbose
> git config --get commit.template
> git status -z -u
> git symbolic-ref --short HEAD
> git rev-parse master
> git rev-parse --symbolic-full-name master@{u}
> git rev-list --left-right master...refs/remotes/origin/master
> git for-each-ref --format %(refname) %(objectname) --sort -committerdate
> git remote --verbose
> git config --get commit.template
> git show :server/src/helpers/index.js
> git ls-files --stage -- /home/youssef/Downloads/opt/restaurant-app-v2/server/src/helpers/index.js
> git cat-file -s adcd8300662ba4e6bc0713ef10c100d241020f0b
> git show :server/src/passport/google.js
> git ls-files --stage -- /home/youssef/Downloads/opt/restaurant-app-v2/server/src/passport/google.js
> git cat-file -s 97f9bc2b0a7aa35a09ae68c6d821c4bacca549a5
> git show :server/src/routes/auth/index.js
> git ls-files --stage -- /home/youssef/Downloads/opt/restaurant-app-v2/server/src/routes/auth/index.js
> git cat-file -s eaa590fc0bc7581ae2c76a4e4b0137de78cb2b6a
> git status -z -u
> git symbolic-ref --short HEAD
> git rev-parse master
> git rev-parse --symbolic-full-name master@{u}
> git rev-list --left-right master...refs/remotes/origin/master
> git for-each-ref --format %(refname) %(objectname) --sort -committerdate
> git remote --verbose
> git config --get commit.template
> git show :server/src/helpers/index.js
> git ls-files --stage -- /home/youssef/Downloads/opt/restaurant-app-v2/server/src/helpers/index.js
> git cat-file -s adcd8300662ba4e6bc0713ef10c100d241020f0b
> git status -z -u
> git symbolic-ref --short HEAD
> git rev-parse master
> git rev-parse --symbolic-full-name master@{u}
> git rev-list --left-right master...refs/remotes/origin/master
> git for-each-ref --format %(refname) %(objectname) --sort -committerdate
> git remote --verbose
> git config --get commit.template
> git show :server/.env
> git ls-files --stage -- /home/youssef/Downloads/opt/restaurant-app-v2/server/.env
> git status -z -u
> git symbolic-ref --short HEAD
> git rev-parse master
> git rev-parse --symbolic-full-name master@{u}
> git rev-list --left-right master...refs/remotes/origin/master
> git for-each-ref --format %(refname) %(objectname) --sort -committerdate
> git remote --verbose
> git config --get commit.template
> git status -z -u
> git symbolic-ref --short HEAD
> git rev-parse master
> git rev-parse --symbolic-full-name master@{u}
> git rev-list --left-right master...refs/remotes/origin/master
> git for-each-ref --format %(refname) %(objectname) --sort -committerdate
> git remote --verbose
> git config --get commit.template
> git show :server/src/routes/auth/index.js
> git ls-files --stage -- /home/youssef/Downloads/opt/restaurant-app-v2/server/src/routes/auth/index.js
> git cat-file -s eaa590fc0bc7581ae2c76a4e4b0137de78cb2b6a
> git show :server/src/helpers/index.js
> git ls-files --stage -- /home/youssef/Downloads/opt/restaurant-app-v2/server/src/helpers/index.js
> git cat-file -s adcd8300662ba4e6bc0713ef10c100d241020f0b
> git status -z -u
> git symbolic-ref --short HEAD
> git rev-parse master
> git rev-parse --symbolic-full-name master@{u}
> git rev-list --left-right master...refs/remotes/origin/master
> git for-each-ref --format %(refname) %(objectname) --sort -committerdate
> git remote --verbose
> git config --get commit.template
> git show :server/src/routes/auth/index.js
> git ls-files --stage -- /home/youssef/Downloads/opt/restaurant-app-v2/server/src/routes/auth/index.js
> git cat-file -s eaa590fc0bc7581ae2c76a4e4b0137de78cb2b6a
> git status -z -u
> git symbolic-ref --short HEAD
> git rev-parse master
> git rev-parse --symbolic-full-name master@{u}
> git rev-list --left-right master...refs/remotes/origin/master
> git for-each-ref --format %(refname) %(objectname) --sort -committerdate
> git remote --verbose
> git config --get commit.template
> git show :server/src/helpers/index.js
> git ls-files --stage -- /home/youssef/Downloads/opt/restaurant-app-v2/server/src/helpers/index.js
> git cat-file -s adcd8300662ba4e6bc0713ef10c100d241020f0b
> git show :server/src/routes/auth/index.js
> git ls-files --stage -- /home/youssef/Downloads/opt/restaurant-app-v2/server/src/routes/auth/index.js
> git cat-file -s eaa590fc0bc7581ae2c76a4e4b0137de78cb2b6a
> git show :server/src/helpers/index.js
> git ls-files --stage -- /home/youssef/Downloads/opt/restaurant-app-v2/server/src/helpers/index.js
> git cat-file -s adcd8300662ba4e6bc0713ef10c100d241020f0b
> git show :server/src/routes/auth/index.js
> git ls-files --stage -- /home/youssef/Downloads/opt/restaurant-app-v2/server/src/routes/auth/index.js
> git cat-file -s eaa590fc0bc7581ae2c76a4e4b0137de78cb2b6a
> git status -z -u
> git symbolic-ref --short HEAD
> git rev-parse master
> git rev-parse --symbolic-full-name master@{u}
> git rev-list --left-right master...refs/remotes/origin/master
> git for-each-ref --format %(refname) %(objectname) --sort -committerdate
> git remote --verbose
> git config --get commit.template
> git show :server/src/helpers/index.js
> git ls-files --stage -- /home/youssef/Downloads/opt/restaurant-app-v2/server/src/helpers/index.js
> git cat-file -s adcd8300662ba4e6bc0713ef10c100d241020f0b
> git show :server/src/routes/auth/index.js
> git ls-files --stage -- /home/youssef/Downloads/opt/restaurant-app-v2/server/src/routes/auth/index.js
> git cat-file -s eaa590fc0bc7581ae2c76a4e4b0137de78cb2b6a
> git status -z -u
> git symbolic-ref --short HEAD
> git rev-parse master
> git rev-parse --symbolic-full-name master@{u}
> git rev-list --left-right master...refs/remotes/origin/master
> git for-each-ref --format %(refname) %(objectname) --sort -committerdate
> git remote --verbose
> git config --get commit.template
> git status -z -u
> git symbolic-ref --short HEAD
> git rev-parse master
> git rev-parse --symbolic-full-name master@{u}
> git rev-list --left-right master...refs/remotes/origin/master
> git for-each-ref --format %(refname) %(objectname) --sort -committerdate
> git remote --verbose
> git config --get commit.template
> git show :server/.env
> git ls-files --stage -- /home/youssef/Downloads/opt/restaurant-app-v2/server/.env
> git show :server/src/helpers/index.js
> git ls-files --stage -- /home/youssef/Downloads/opt/restaurant-app-v2/server/src/helpers/index.js
> git cat-file -s adcd8300662ba4e6bc0713ef10c100d241020f0b
> git status -z -u
> git symbolic-ref --short HEAD
> git rev-parse master
> git rev-parse --symbolic-full-name master@{u}
> git rev-list --left-right master...refs/remotes/origin/master
> git for-each-ref --format %(refname) %(objectname) --sort -committerdate
> git remote --verbose
> git config --get commit.template
> git status -z -u
> git symbolic-ref --short HEAD
> git rev-parse master
> git rev-parse --symbolic-full-name master@{u}
> git rev-list --left-right master...refs/remotes/origin/master
> git for-each-ref --format %(refname) %(objectname) --sort -committerdate
> git remote --verbose
> git config --get commit.template
> git status -z -u
> git symbolic-ref --short HEAD
> git rev-parse master
> git rev-parse --symbolic-full-name master@{u}
> git rev-list --left-right master...refs/remotes/origin/master
> git for-each-ref --format %(refname) %(objectname) --sort -committerdate
> git remote --verbose
> git config --get commit.template
> git show :server/src/routes/auth/index.js
> git ls-files --stage -- /home/youssef/Downloads/opt/restaurant-app-v2/server/src/routes/auth/index.js
> git cat-file -s eaa590fc0bc7581ae2c76a4e4b0137de78cb2b6a
> git status -z -u
> git symbolic-ref --short HEAD
> git rev-parse master
> git rev-parse --symbolic-full-name master@{u}
> git rev-list --left-right master...refs/remotes/origin/master
> git for-each-ref --format %(refname) %(objectname) --sort -committerdate
> git remote --verbose
> git config --get commit.template
> git show :server/src/helpers/index.js
> git ls-files --stage -- /home/youssef/Downloads/opt/restaurant-app-v2/server/src/helpers/index.js
> git cat-file -s adcd8300662ba4e6bc0713ef10c100d241020f0b
> git status -z -u
> git symbolic-ref --short HEAD
> git rev-parse master
> git rev-parse --symbolic-full-name master@{u}
> git rev-list --left-right master...refs/remotes/origin/master
> git for-each-ref --format %(refname) %(objectname) --sort -committerdate
> git remote --verbose
> git config --get commit.template
> git show :server/src/routes/auth/index.js
> git ls-files --stage -- /home/youssef/Downloads/opt/restaurant-app-v2/server/src/routes/auth/index.js
> git cat-file -s eaa590fc0bc7581ae2c76a4e4b0137de78cb2b6a
> git status -z -u
> git symbolic-ref --short HEAD
> git rev-parse master
> git rev-parse --symbolic-full-name master@{u}
> git rev-list --left-right master...refs/remotes/origin/master
> git for-each-ref --format %(refname) %(objectname) --sort -committerdate
> git remote --verbose
> git config --get commit.template
> git status -z -u
> git symbolic-ref --short HEAD
> git rev-parse master
> git rev-parse --symbolic-full-name master@{u}
> git rev-list --left-right master...refs/remotes/origin/master
> git for-each-ref --format %(refname) %(objectname) --sort -committerdate
> git remote --verbose
> git config --get commit.template
> git check-ignore -v -z --stdin
> git show :server/queries/users.js
> git ls-files --stage -- /home/youssef/Downloads/opt/restaurant-app-v2/server/queries/users.js
> git cat-file -s f32274b8bcd2a7349979ea62dc9bbfae40b8f80e
> git status -z -u
> git symbolic-ref --short HEAD
> git rev-parse master
> git rev-parse --symbolic-full-name master@{u}
> git rev-list --left-right master...refs/remotes/origin/master
> git for-each-ref --format %(refname) %(objectname) --sort -committerdate
> git remote --verbose
> git config --get commit.template
> git show :server/src/routes/auth/index.js
> git ls-files --stage -- /home/youssef/Downloads/opt/restaurant-app-v2/server/src/routes/auth/index.js
> git cat-file -s eaa590fc0bc7581ae2c76a4e4b0137de78cb2b6a
> git show :server/src/passport/google.js
> git ls-files --stage -- /home/youssef/Downloads/opt/restaurant-app-v2/server/src/passport/google.js
> git cat-file -s 97f9bc2b0a7aa35a09ae68c6d821c4bacca549a5
> git status -z -u
> git symbolic-ref --short HEAD
> git rev-parse master
> git rev-parse --symbolic-full-name master@{u}
> git rev-list --left-right master...refs/remotes/origin/master
> git for-each-ref --format %(refname) %(objectname) --sort -committerdate
> git remote --verbose
> git config --get commit.template
> git status -z -u
> git symbolic-ref --short HEAD
> git rev-parse master
> git rev-parse --symbolic-full-name master@{u}
> git rev-list --left-right master...refs/remotes/origin/master
> git for-each-ref --format %(refname) %(objectname) --sort -committerdate
> git remote --verbose
> git config --get commit.template
> git status -z -u
> git symbolic-ref --short HEAD
> git rev-parse master
> git rev-parse --symbolic-full-name master@{u}
> git rev-list --left-right master...refs/remotes/origin/master
> git for-each-ref --format %(refname) %(objectname) --sort -committerdate
> git remote --verbose
> git config --get commit.template
> git show :server/.env
> git ls-files --stage -- /home/youssef/Downloads/opt/restaurant-app-v2/server/.env
> git show :README.md
> git ls-files --stage -- /home/youssef/Downloads/opt/restaurant-app-v2/README.md
> git cat-file -s bc8b8e5463e96a4b6db073a01ee58f609858590a
> git show :server/src/routes/auth/index.js
> git ls-files --stage -- /home/youssef/Downloads/opt/restaurant-app-v2/server/src/routes/auth/index.js
> git cat-file -s eaa590fc0bc7581ae2c76a4e4b0137de78cb2b6a
> git show :server/src/helpers/index.js
> git ls-files --stage -- /home/youssef/Downloads/opt/restaurant-app-v2/server/src/helpers/index.js
> git cat-file -s adcd8300662ba4e6bc0713ef10c100d241020f0b
> git check-ignore -v -z --stdin
> git check-ignore -v -z --stdin
> git show :server/src/controller/auth/index.js
> git ls-files --stage -- /home/youssef/Downloads/opt/restaurant-app-v2/server/src/controller/auth/index.js
> git cat-file -s afa654038f2a09062952f3d66fd9eb1ae91e16a8
> git check-ignore -v -z --stdin
> git show :server/src/controller/auth/helpers/index.js
> git ls-files --stage -- /home/youssef/Downloads/opt/restaurant-app-v2/server/src/controller/auth/helpers/index.js
> git cat-file -s 0712e2a3eaaeb696d48f17d3a06a46b70579a1bd
> git show :server/src/controller/auth/index.js
> git ls-files --stage -- /home/youssef/Downloads/opt/restaurant-app-v2/server/src/controller/auth/index.js
> git cat-file -s afa654038f2a09062952f3d66fd9eb1ae91e16a8
> git check-ignore -v -z --stdin
> git check-ignore -v -z --stdin
> git show :server/src/controller/api/helpers/notes.js
> git ls-files --stage -- /home/youssef/Downloads/opt/restaurant-app-v2/server/src/controller/api/helpers/notes.js
> git cat-file -s 8bdc45644f8894828bf45e4819a5ac02519256e3
> git show :server/src/controller/api/helpers/users.js
> git ls-files --stage -- /home/youssef/Downloads/opt/restaurant-app-v2/server/src/controller/api/helpers/users.js
> git cat-file -s ded613b09bc1cd69fbd70dac4c06186a3b921827
> git show :server/src/helpers/index.js
> git ls-files --stage -- /home/youssef/Downloads/opt/restaurant-app-v2/server/src/helpers/index.js
> git cat-file -s adcd8300662ba4e6bc0713ef10c100d241020f0b
> git check-ignore -v -z --stdin
> git check-ignore -v -z --stdin
> git show :server/src/routes/api/users/index.js
> git ls-files --stage -- /home/youssef/Downloads/opt/restaurant-app-v2/server/src/routes/api/users/index.js
> git cat-file -s 52964e369a972c7227317b4003cb140a0975ee6a
> git show :server/src/routes/auth/index.js
> git ls-files --stage -- /home/youssef/Downloads/opt/restaurant-app-v2/server/src/routes/auth/index.js
> git cat-file -s eaa590fc0bc7581ae2c76a4e4b0137de78cb2b6a
> git show :server/src/helpers/index.js
> git ls-files --stage -- /home/youssef/Downloads/opt/restaurant-app-v2/server/src/helpers/index.js
> git cat-file -s adcd8300662ba4e6bc0713ef10c100d241020f0b
> git show :server/src/controller/auth/index.js
> git ls-files --stage -- /home/youssef/Downloads/opt/restaurant-app-v2/server/src/controller/auth/index.js
> git cat-file -s afa654038f2a09062952f3d66fd9eb1ae91e16a8
> git show :server/src/controller/auth/helpers/index.js
> git ls-files --stage -- /home/youssef/Downloads/opt/restaurant-app-v2/server/src/controller/auth/helpers/index.js
> git cat-file -s 0712e2a3eaaeb696d48f17d3a06a46b70579a1bd
> git show :server/src/app.js
> git ls-files --stage -- /home/youssef/Downloads/opt/restaurant-app-v2/server/src/app.js
> git cat-file -s b84479c12b9d2ec5042f1e766c3b6e4a8a798565
> git show :server/src/helpers/index.js
> git ls-files --stage -- /home/youssef/Downloads/opt/restaurant-app-v2/server/src/helpers/index.js
> git cat-file -s adcd8300662ba4e6bc0713ef10c100d241020f0b
> git show :server/src/controller/auth/index.js
> git ls-files --stage -- /home/youssef/Downloads/opt/restaurant-app-v2/server/src/controller/auth/index.js
> git cat-file -s afa654038f2a09062952f3d66fd9eb1ae91e16a8
> git show :server/src/controller/auth/helpers/index.js
> git ls-files --stage -- /home/youssef/Downloads/opt/restaurant-app-v2/server/src/controller/auth/helpers/index.js
> git cat-file -s 0712e2a3eaaeb696d48f17d3a06a46b70579a1bd
> git show :server/src/controller/api/helpers/notes.js
> git ls-files --stage -- /home/youssef/Downloads/opt/restaurant-app-v2/server/src/controller/api/helpers/notes.js
> git cat-file -s 8bdc45644f8894828bf45e4819a5ac02519256e3
> git show :server/src/controller/api/helpers/users.js
> git ls-files --stage -- /home/youssef/Downloads/opt/restaurant-app-v2/server/src/controller/api/helpers/users.js
> git cat-file -s ded613b09bc1cd69fbd70dac4c06186a3b921827
> git show :server/src/controller/api/notes.js
> git ls-files --stage -- /home/youssef/Downloads/opt/restaurant-app-v2/server/src/controller/api/notes.js
> git cat-file -s 3f5852f55ab0a745d4441ca0c520242d456a4819
> git show :server/src/controller/api/users.js
> git ls-files --stage -- /home/youssef/Downloads/opt/restaurant-app-v2/server/src/controller/api/users.js
> git cat-file -s 4616576bbbdbb5187b536d01e0bb526549df6379
> git show :server/src/controller/auth/helpers/index.js
> git ls-files --stage -- /home/youssef/Downloads/opt/restaurant-app-v2/server/src/controller/auth/helpers/index.js
> git cat-file -s 0712e2a3eaaeb696d48f17d3a06a46b70579a1bd
> git show :server/src/controller/auth/index.js
> git ls-files --stage -- /home/youssef/Downloads/opt/restaurant-app-v2/server/src/controller/auth/index.js
> git cat-file -s afa654038f2a09062952f3d66fd9eb1ae91e16a8
> git show :server/src/helpers/index.js
> git ls-files --stage -- /home/youssef/Downloads/opt/restaurant-app-v2/server/src/helpers/index.js
> git cat-file -s adcd8300662ba4e6bc0713ef10c100d241020f0b
> git check-ignore -v -z --stdin
> git show :server/src/models/Note.js
> git ls-files --stage -- /home/youssef/Downloads/opt/restaurant-app-v2/server/src/models/Note.js
> git cat-file -s 5d2c18e5dbf1d7488ff8ab4b1a8b57abfd0fdc73
> git show :server/src/models/User.js
> git ls-files --stage -- /home/youssef/Downloads/opt/restaurant-app-v2/server/src/models/User.js
> git cat-file -s 4749abec26cdd7cb28650f5502ce2b83cc28afac
> git check-ignore -v -z --stdin
> git show :server/src/routes/api/notes/index.js
> git ls-files --stage -- /home/youssef/Downloads/opt/restaurant-app-v2/server/src/routes/api/notes/index.js
> git cat-file -s 22ccbe7b93e83b52a884fec4e25963fe128c9e63
> git check-ignore -v -z --stdin
> git show :server/src/routes/api/notes/notes.middlewares.js
> git ls-files --stage -- /home/youssef/Downloads/opt/restaurant-app-v2/server/src/routes/api/notes/notes.middlewares.js
> git cat-file -s 8b2ab413fa0801b5419c4b347c4357b96d92692a
> git show :server/src/routes/api/notes/notes.schema.js
> git ls-files --stage -- /home/youssef/Downloads/opt/restaurant-app-v2/server/src/routes/api/notes/notes.schema.js
> git cat-file -s 9debca8f4032bf17533e34de7e953cc51e99033c
> git show :server/src/routes/api/users/index.js
> git ls-files --stage -- /home/youssef/Downloads/opt/restaurant-app-v2/server/src/routes/api/users/index.js
> git cat-file -s 52964e369a972c7227317b4003cb140a0975ee6a
> git show :server/src/routes/api/users/users.middlewares.js
> git ls-files --stage -- /home/youssef/Downloads/opt/restaurant-app-v2/server/src/routes/api/users/users.middlewares.js
> git cat-file -s e17b3fe86e2ba465d035561a232a9ac51ef42b8a
> git show :server/src/routes/api/users/users.schema.js
> git ls-files --stage -- /home/youssef/Downloads/opt/restaurant-app-v2/server/src/routes/api/users/users.schema.js
> git cat-file -s c14c51d5be0d83fdaf3fb2c7eead52741f04f78d
> git show :server/src/routes/api/users/users.test.js
> git ls-files --stage -- /home/youssef/Downloads/opt/restaurant-app-v2/server/src/routes/api/users/users.test.js
> git cat-file -s 063f56e0c8f7c886f3eeb554dcad0fc22d9d1f89
> git show :server/src/routes/auth/auth.middlewares.js
> git ls-files --stage -- /home/youssef/Downloads/opt/restaurant-app-v2/server/src/routes/auth/auth.middlewares.js
> git cat-file -s 9533b0ffa73531b5dc2e09940bc0d1907a7eda7b
> git show :server/src/helpers/index.js
> git ls-files --stage -- /home/youssef/Downloads/opt/restaurant-app-v2/server/src/helpers/index.js
> git cat-file -s adcd8300662ba4e6bc0713ef10c100d241020f0b
> git show :server/src/routes/auth/auth.middlewares.js
> git ls-files --stage -- /home/youssef/Downloads/opt/restaurant-app-v2/server/src/routes/auth/auth.middlewares.js
> git cat-file -s 9533b0ffa73531b5dc2e09940bc0d1907a7eda7b
> git show :server/src/helpers/index.js
> git ls-files --stage -- /home/youssef/Downloads/opt/restaurant-app-v2/server/src/helpers/index.js
> git cat-file -s adcd8300662ba4e6bc0713ef10c100d241020f0b
> git status -z -u
> git symbolic-ref --short HEAD
> git rev-parse master
> git rev-parse --symbolic-full-name master@{u}
> git rev-list --left-right master...refs/remotes/origin/master
> git for-each-ref --format %(refname) %(objectname) --sort -committerdate
> git remote --verbose
> git config --get commit.template
> git status -z -u
> git symbolic-ref --short HEAD
> git rev-parse master
> git rev-parse --symbolic-full-name master@{u}
> git rev-list --left-right master...refs/remotes/origin/master
> git for-each-ref --format %(refname) %(objectname) --sort -committerdate
> git remote --verbose
> git config --get commit.template
> git show :server/src/routes/auth/auth.middlewares.js
> git ls-files --stage -- /home/youssef/Downloads/opt/restaurant-app-v2/server/src/routes/auth/auth.middlewares.js
> git cat-file -s 9533b0ffa73531b5dc2e09940bc0d1907a7eda7b
> git show :server/src/helpers/index.js
> git ls-files --stage -- /home/youssef/Downloads/opt/restaurant-app-v2/server/src/helpers/index.js
> git cat-file -s adcd8300662ba4e6bc0713ef10c100d241020f0b
> git show :server/src/routes/auth/auth.middlewares.js
> git ls-files --stage -- /home/youssef/Downloads/opt/restaurant-app-v2/server/src/routes/auth/auth.middlewares.js
> git cat-file -s 9533b0ffa73531b5dc2e09940bc0d1907a7eda7b
> git show :server/src/helpers/index.js
> git ls-files --stage -- /home/youssef/Downloads/opt/restaurant-app-v2/server/src/helpers/index.js
> git cat-file -s adcd8300662ba4e6bc0713ef10c100d241020f0b
> git status -z -u
> git symbolic-ref --short HEAD
> git rev-parse master
> git rev-parse --symbolic-full-name master@{u}
> git rev-list --left-right master...refs/remotes/origin/master
> git for-each-ref --format %(refname) %(objectname) --sort -committerdate
> git remote --verbose
> git config --get commit.template
> git show :server/src/routes/auth/auth.middlewares.js
> git ls-files --stage -- /home/youssef/Downloads/opt/restaurant-app-v2/server/src/routes/auth/auth.middlewares.js
> git cat-file -s 9533b0ffa73531b5dc2e09940bc0d1907a7eda7b
> git show :server/src/routes/auth/index.js
> git ls-files --stage -- /home/youssef/Downloads/opt/restaurant-app-v2/server/src/routes/auth/index.js
> git cat-file -s eaa590fc0bc7581ae2c76a4e4b0137de78cb2b6a
> git status -z -u
> git symbolic-ref --short HEAD
> git rev-parse master
> git rev-parse --symbolic-full-name master@{u}
> git rev-list --left-right master...refs/remotes/origin/master
> git for-each-ref --format %(refname) %(objectname) --sort -committerdate
> git remote --verbose
> git config --get commit.template
> git show :server/src/routes/auth/auth.middlewares.js
> git ls-files --stage -- /home/youssef/Downloads/opt/restaurant-app-v2/server/src/routes/auth/auth.middlewares.js
> git cat-file -s 9533b0ffa73531b5dc2e09940bc0d1907a7eda7b
> git show :server/src/routes/auth/index.js
> git ls-files --stage -- /home/youssef/Downloads/opt/restaurant-app-v2/server/src/routes/auth/index.js
> git cat-file -s eaa590fc0bc7581ae2c76a4e4b0137de78cb2b6a
> git show :server/src/routes/auth/auth.middlewares.js
> git ls-files --stage -- /home/youssef/Downloads/opt/restaurant-app-v2/server/src/routes/auth/auth.middlewares.js
> git cat-file -s 9533b0ffa73531b5dc2e09940bc0d1907a7eda7b
> git show :server/src/routes/auth/index.js
> git ls-files --stage -- /home/youssef/Downloads/opt/restaurant-app-v2/server/src/routes/auth/index.js
> git cat-file -s eaa590fc0bc7581ae2c76a4e4b0137de78cb2b6a
> git show :server/src/routes/auth/auth.middlewares.js
> git ls-files --stage -- /home/youssef/Downloads/opt/restaurant-app-v2/server/src/routes/auth/auth.middlewares.js
> git cat-file -s 9533b0ffa73531b5dc2e09940bc0d1907a7eda7b
> git show :server/src/helpers/index.js
> git ls-files --stage -- /home/youssef/Downloads/opt/restaurant-app-v2/server/src/helpers/index.js
> git cat-file -s adcd8300662ba4e6bc0713ef10c100d241020f0b
> git show :server/src/routes/auth/auth.middlewares.js
> git ls-files --stage -- /home/youssef/Downloads/opt/restaurant-app-v2/server/src/routes/auth/auth.middlewares.js
> git cat-file -s 9533b0ffa73531b5dc2e09940bc0d1907a7eda7b
> git status -z -u
> git symbolic-ref --short HEAD
> git rev-parse master
> git rev-parse --symbolic-full-name master@{u}
> git rev-list --left-right master...refs/remotes/origin/master
> git for-each-ref --format %(refname) %(objectname) --sort -committerdate
> git remote --verbose
> git config --get commit.template
> git show :server/src/routes/auth/index.js
> git ls-files --stage -- /home/youssef/Downloads/opt/restaurant-app-v2/server/src/routes/auth/index.js
> git cat-file -s eaa590fc0bc7581ae2c76a4e4b0137de78cb2b6a
> git status -z -u
> git symbolic-ref --short HEAD
> git rev-parse master
> git rev-parse --symbolic-full-name master@{u}
> git rev-list --left-right master...refs/remotes/origin/master
> git for-each-ref --format %(refname) %(objectname) --sort -committerdate
> git remote --verbose
> git config --get commit.template
> git show :server/src/routes/auth/auth.middlewares.js
> git ls-files --stage -- /home/youssef/Downloads/opt/restaurant-app-v2/server/src/routes/auth/auth.middlewares.js
> git cat-file -s 9533b0ffa73531b5dc2e09940bc0d1907a7eda7b
> git status -z -u
> git symbolic-ref --short HEAD
> git rev-parse master
> git rev-parse --symbolic-full-name master@{u}
> git rev-list --left-right master...refs/remotes/origin/master
> git for-each-ref --format %(refname) %(objectname) --sort -committerdate
> git remote --verbose
> git config --get commit.template
> git show :server/src/routes/auth/index.js
> git ls-files --stage -- /home/youssef/Downloads/opt/restaurant-app-v2/server/src/routes/auth/index.js
> git cat-file -s eaa590fc0bc7581ae2c76a4e4b0137de78cb2b6a
> git show :server/src/helpers/index.js
> git ls-files --stage -- /home/youssef/Downloads/opt/restaurant-app-v2/server/src/helpers/index.js
> git cat-file -s adcd8300662ba4e6bc0713ef10c100d241020f0b
> git show :server/src/routes/auth/index.js
> git ls-files --stage -- /home/youssef/Downloads/opt/restaurant-app-v2/server/src/routes/auth/index.js
> git cat-file -s eaa590fc0bc7581ae2c76a4e4b0137de78cb2b6a
> git status -z -u
> git symbolic-ref --short HEAD
> git rev-parse master
> git rev-parse --symbolic-full-name master@{u}
> git rev-list --left-right master...refs/remotes/origin/master
> git for-each-ref --format %(refname) %(objectname) --sort -committerdate
> git remote --verbose
> git config --get commit.template
> git show :server/src/app.js
> git ls-files --stage -- /home/youssef/Downloads/opt/restaurant-app-v2/server/src/app.js
> git cat-file -s b84479c12b9d2ec5042f1e766c3b6e4a8a798565
> git status -z -u
> git symbolic-ref --short HEAD
> git rev-parse master
> git rev-parse --symbolic-full-name master@{u}
> git rev-list --left-right master...refs/remotes/origin/master
> git for-each-ref --format %(refname) %(objectname) --sort -committerdate
> git remote --verbose
> git config --get commit.template
> git show :server/src/routes/auth/auth.middlewares.js
> git ls-files --stage -- /home/youssef/Downloads/opt/restaurant-app-v2/server/src/routes/auth/auth.middlewares.js
> git cat-file -s 9533b0ffa73531b5dc2e09940bc0d1907a7eda7b
> git status -z -u
> git symbolic-ref --short HEAD
> git rev-parse master
> git rev-parse --symbolic-full-name master@{u}
> git rev-list --left-right master...refs/remotes/origin/master
> git for-each-ref --format %(refname) %(objectname) --sort -committerdate
> git remote --verbose
> git config --get commit.template
> git show :server/src/app.js
> git ls-files --stage -- /home/youssef/Downloads/opt/restaurant-app-v2/server/src/app.js
> git cat-file -s b84479c12b9d2ec5042f1e766c3b6e4a8a798565
> git status -z -u
> git symbolic-ref --short HEAD
> git rev-parse master
> git rev-parse --symbolic-full-name master@{u}
> git rev-list --left-right master...refs/remotes/origin/master
> git for-each-ref --format %(refname) %(objectname) --sort -committerdate
> git remote --verbose
> git config --get commit.template
> git show :server/src/routes/auth/auth.middlewares.js
> git ls-files --stage -- /home/youssef/Downloads/opt/restaurant-app-v2/server/src/routes/auth/auth.middlewares.js
> git cat-file -s 9533b0ffa73531b5dc2e09940bc0d1907a7eda7b
> git status -z -u
> git symbolic-ref --short HEAD
> git rev-parse master
> git rev-parse --symbolic-full-name master@{u}
> git rev-list --left-right master...refs/remotes/origin/master
> git for-each-ref --format %(refname) %(objectname) --sort -committerdate
> git remote --verbose
> git config --get commit.template
> git status -z -u
> git symbolic-ref --short HEAD
> git rev-parse master
> git rev-parse --symbolic-full-name master@{u}
> git rev-list --left-right master...refs/remotes/origin/master
> git for-each-ref --format %(refname) %(objectname) --sort -committerdate
> git remote --verbose
> git config --get commit.template
> git status -z -u
> git symbolic-ref --short HEAD
> git rev-parse master
> git rev-parse --symbolic-full-name master@{u}
> git rev-list --left-right master...refs/remotes/origin/master
> git for-each-ref --format %(refname) %(objectname) --sort -committerdate
> git remote --verbose
> git config --get commit.template
> git status -z -u
> git symbolic-ref --short HEAD
> git rev-parse master
> git rev-parse --symbolic-full-name master@{u}
> git rev-list --left-right master...refs/remotes/origin/master
> git for-each-ref --format %(refname) %(objectname) --sort -committerdate
> git remote --verbose
> git config --get commit.template
> git status -z -u
> git symbolic-ref --short HEAD
> git rev-parse master
> git rev-parse --symbolic-full-name master@{u}
> git rev-list --left-right master...refs/remotes/origin/master
> git for-each-ref --format %(refname) %(objectname) --sort -committerdate
> git remote --verbose
> git config --get commit.template
> git status -z -u
> git symbolic-ref --short HEAD
> git rev-parse master
> git rev-parse --symbolic-full-name master@{u}
> git rev-list --left-right master...refs/remotes/origin/master
> git for-each-ref --format %(refname) %(objectname) --sort -committerdate
> git remote --verbose
> git config --get commit.template
> git status -z -u
> git symbolic-ref --short HEAD
> git rev-parse master
> git rev-parse --symbolic-full-name master@{u}
> git rev-list --left-right master...refs/remotes/origin/master
> git for-each-ref --format %(refname) %(objectname) --sort -committerdate
> git remote --verbose
> git config --get commit.template
> git show :server/src/helpers/index.js
> git ls-files --stage -- /home/youssef/Downloads/opt/restaurant-app-v2/server/src/helpers/index.js
> git cat-file -s adcd8300662ba4e6bc0713ef10c100d241020f0b
> git status -z -u
> git symbolic-ref --short HEAD
> git rev-parse master
> git rev-parse --symbolic-full-name master@{u}
> git rev-list --left-right master...refs/remotes/origin/master
> git for-each-ref --format %(refname) %(objectname) --sort -committerdate
> git remote --verbose
> git config --get commit.template
> git status -z -u
> git symbolic-ref --short HEAD
> git rev-parse master
> git rev-parse --symbolic-full-name master@{u}
> git rev-list --left-right master...refs/remotes/origin/master
> git for-each-ref --format %(refname) %(objectname) --sort -committerdate
> git remote --verbose
> git config --get commit.template
> git show :server/src/routes/auth/auth.middlewares.js
> git ls-files --stage -- /home/youssef/Downloads/opt/restaurant-app-v2/server/src/routes/auth/auth.middlewares.js
> git cat-file -s 9533b0ffa73531b5dc2e09940bc0d1907a7eda7b
> git status -z -u
> git symbolic-ref --short HEAD
> git rev-parse master
> git rev-parse --symbolic-full-name master@{u}
> git rev-list --left-right master...refs/remotes/origin/master
> git for-each-ref --format %(refname) %(objectname) --sort -committerdate
> git remote --verbose
> git config --get commit.template
> git status -z -u
> git symbolic-ref --short HEAD
> git rev-parse master
> git rev-parse --symbolic-full-name master@{u}
> git rev-list --left-right master...refs/remotes/origin/master
> git for-each-ref --format %(refname) %(objectname) --sort -committerdate
> git remote --verbose
> git config --get commit.template
> git show :server/src/helpers/index.js
> git ls-files --stage -- /home/youssef/Downloads/opt/restaurant-app-v2/server/src/helpers/index.js
> git cat-file -s adcd8300662ba4e6bc0713ef10c100d241020f0b
> git status -z -u
> git symbolic-ref --short HEAD
> git rev-parse master
> git rev-parse --symbolic-full-name master@{u}
> git rev-list --left-right master...refs/remotes/origin/master
> git for-each-ref --format %(refname) %(objectname) --sort -committerdate
> git remote --verbose
> git config --get commit.template
> git status -z -u
> git symbolic-ref --short HEAD
> git rev-parse master
> git rev-parse --symbolic-full-name master@{u}
> git rev-list --left-right master...refs/remotes/origin/master
> git for-each-ref --format %(refname) %(objectname) --sort -committerdate
> git remote --verbose
> git config --get commit.template
> git show :server/src/routes/auth/auth.middlewares.js
> git ls-files --stage -- /home/youssef/Downloads/opt/restaurant-app-v2/server/src/routes/auth/auth.middlewares.js
> git cat-file -s 9533b0ffa73531b5dc2e09940bc0d1907a7eda7b
> git show :server/src/app.js
> git ls-files --stage -- /home/youssef/Downloads/opt/restaurant-app-v2/server/src/app.js
> git cat-file -s b84479c12b9d2ec5042f1e766c3b6e4a8a798565
> git status -z -u
> git symbolic-ref --short HEAD
> git rev-parse master
> git rev-parse --symbolic-full-name master@{u}
> git rev-list --left-right master...refs/remotes/origin/master
> git for-each-ref --format %(refname) %(objectname) --sort -committerdate
> git remote --verbose
> git config --get commit.template
> git show :server/src/routes/auth/auth.middlewares.js
> git ls-files --stage -- /home/youssef/Downloads/opt/restaurant-app-v2/server/src/routes/auth/auth.middlewares.js
> git cat-file -s 9533b0ffa73531b5dc2e09940bc0d1907a7eda7b
> git show :server/src/routes/auth/index.js
> git ls-files --stage -- /home/youssef/Downloads/opt/restaurant-app-v2/server/src/routes/auth/index.js
> git cat-file -s eaa590fc0bc7581ae2c76a4e4b0137de78cb2b6a
> git show :server/src/routes/auth/auth.middlewares.js
> git ls-files --stage -- /home/youssef/Downloads/opt/restaurant-app-v2/server/src/routes/auth/auth.middlewares.js
> git cat-file -s 9533b0ffa73531b5dc2e09940bc0d1907a7eda7b
> git show :server/src/app.js
> git ls-files --stage -- /home/youssef/Downloads/opt/restaurant-app-v2/server/src/app.js
> git cat-file -s b84479c12b9d2ec5042f1e766c3b6e4a8a798565
> git status -z -u
> git symbolic-ref --short HEAD
> git rev-parse master
> git rev-parse --symbolic-full-name master@{u}
> git rev-list --left-right master...refs/remotes/origin/master
> git for-each-ref --format %(refname) %(objectname) --sort -committerdate
> git remote --verbose
> git config --get commit.template
> git status -z -u
> git symbolic-ref --short HEAD
> git rev-parse master
> git rev-parse --symbolic-full-name master@{u}
> git rev-list --left-right master...refs/remotes/origin/master
> git for-each-ref --format %(refname) %(objectname) --sort -committerdate
> git remote --verbose
> git config --get commit.template
