Initializing document watcher...
restaurant-app-v2/server/.env: {}
restaurant-app-v2/server/.env: {}
restaurant-app-v2/server/.env: {}
restaurant-app-v2/server/.env: Using EditorConfig core...
restaurant-app-v2/README.md: {}
restaurant-app-v2/README.md: {}
restaurant-app-v2/server/src/tasks/createAdminUser.js: {}
restaurant-app-v2/server/.env: {}
restaurant-app-v2/server/src/tasks/createAdminUser.js: {}
restaurant-app-v2/server/.env: {}
restaurant-app-v2/server/src/tasks/createAdminUser.js: {}
restaurant-app-v2/server/.env: {}
restaurant-app-v2/server/src/tasks/createAdminUser.js: {}
restaurant-app-v2/server/.env: {}
restaurant-app-v2/server/.env: Using EditorConfig core...
restaurant-app-v2/server/.env: {}
restaurant-app-v2/frontend/src/store.js: {}
restaurant-app-v2/frontend/src/api/API.js: {}
restaurant-app-v2/frontend/src/api/API.js: Using EditorConfig core...
restaurant-app-v2/frontend/src/api/API.js: {}
restaurant-app-v2/frontend/src/store.js: {}
restaurant-app-v2/frontend/src/views/Login.vue: {}
restaurant-app-v2/frontend/src/views/Login.vue: {}
restaurant-app-v2/frontend/src/api/API.js: {}
restaurant-app-v2/frontend/src/store.js: {}
restaurant-app-v2/frontend/src/store.js: Using EditorConfig core...
restaurant-app-v2/frontend/src/store.js: {}
restaurant-app-v2/frontend/src/store.js: Using EditorConfig core...
restaurant-app-v2/frontend/src/store.js: {}
restaurant-app-v2/frontend/src/store.js: Using EditorConfig core...
restaurant-app-v2/frontend/src/store.js: Using EditorConfig core...
restaurant-app-v2/server/.env: {}
restaurant-app-v2/frontend/src/views/Login.vue: {}
restaurant-app-v2/frontend/src/views/Login.vue: {}
restaurant-app-v2/frontend/src/api/API.js: {}
restaurant-app-v2/frontend/src/api/API.js: Using EditorConfig core...
restaurant-app-v2/frontend/src/api/API.js: {}
restaurant-app-v2/frontend/src/views/Login.vue: {}
restaurant-app-v2/frontend/src/views/Login.vue: {}
restaurant-app-v2/frontend/src/views/Login.vue: Using EditorConfig core...
restaurant-app-v2/frontend/src/views/Login.vue: Using EditorConfig core...
restaurant-app-v2/frontend/src/views/Login.vue: {}
restaurant-app-v2/frontend/src/api/API.js: {}
restaurant-app-v2/frontend/src/views/Login.vue: {}
restaurant-app-v2/frontend/src/views/Login.vue: {}
restaurant-app-v2/frontend/src/api/API.js: {}
restaurant-app-v2/frontend/src/api/API.js: {}
restaurant-app-v2/frontend/src/api/API.js: Using EditorConfig core...
restaurant-app-v2/frontend/src/api/API.js: {}
restaurant-app-v2/frontend/src/api/API.js: Using EditorConfig core...
restaurant-app-v2/frontend/src/api/API.js: {}
restaurant-app-v2/server/.env: {}
restaurant-app-v2/server/.env: {}
restaurant-app-v2/frontend/src/api/API.js: {}
restaurant-app-v2/frontend/src/api/API.js: Using EditorConfig core...
restaurant-app-v2/frontend/src/api/API.js: {}
restaurant-app-v2/frontend/src/api/API.js: Using EditorConfig core...
restaurant-app-v2/frontend/src/api/API.js: {}
restaurant-app-v2/server/.env: {}
restaurant-app-v2/server/.env: {}
restaurant-app-v2/frontend/src/api/API.js: {}
restaurant-app-v2/frontend/src/api/API.js: Using EditorConfig core...
restaurant-app-v2/frontend/src/api/API.js: {}
restaurant-app-v2/frontend/src/api/API.js: Using EditorConfig core...
restaurant-app-v2/frontend/src/views/Login.vue: {}
restaurant-app-v2/frontend/src/views/Login.vue: Using EditorConfig core...
restaurant-app-v2/frontend/src/views/Login.vue: {}
restaurant-app-v2/frontend/src/api/API.js: {}
restaurant-app-v2/frontend/src/api/API.js: Using EditorConfig core...
restaurant-app-v2/frontend/src/api/API.js: {}
restaurant-app-v2/frontend/src/api/API.js: Using EditorConfig core...
restaurant-app-v2/frontend/src/api/API.js: {}
restaurant-app-v2/frontend/src/api/API.js: {}
restaurant-app-v2/frontend/src/store.js: {}
restaurant-app-v2/frontend/src/store.js: Using EditorConfig core...
restaurant-app-v2/frontend/src/store.js: {}
restaurant-app-v2/frontend/src/api/API.js: {}
restaurant-app-v2/frontend/src/api/API.js: Using EditorConfig core...
restaurant-app-v2/frontend/src/api/API.js: {}
restaurant-app-v2/frontend/src/api/API.js: {}
restaurant-app-v2/frontend/src/api/API.js: Using EditorConfig core...
restaurant-app-v2/frontend/src/api/API.js: {}
restaurant-app-v2/frontend/src/api/API.js: Using EditorConfig core...
restaurant-app-v2/frontend/src/api/API.js: {}
restaurant-app-v2/frontend/src/views/Login.vue: {}
restaurant-app-v2/frontend/src/store.js: {}
restaurant-app-v2/frontend/src/store.js: Using EditorConfig core...
restaurant-app-v2/frontend/src/store.js: {}
restaurant-app-v2/frontend/src/api/API.js: {}
restaurant-app-v2/frontend/src/api/API.js: Using EditorConfig core...
restaurant-app-v2/frontend/src/api/API.js: {}
restaurant-app-v2/frontend/src/store.js: {}
restaurant-app-v2/frontend/src/store.js: Using EditorConfig core...
restaurant-app-v2/frontend/src/store.js: {}
restaurant-app-v2/frontend/src/store.js: {}
restaurant-app-v2/frontend/src/api/API.js: {}
restaurant-app-v2/frontend/src/store.js: {}
restaurant-app-v2/frontend/src/views/Login.vue: {}
restaurant-app-v2/frontend/src/views/Login.vue: Using EditorConfig core...
restaurant-app-v2/frontend/src/views/Login.vue: {}
restaurant-app-v2/frontend/src/views/Login.vue: Using EditorConfig core...
restaurant-app-v2/frontend/src/views/Login.vue: {}
restaurant-app-v2/frontend/src/views/Login.vue: Using EditorConfig core...
restaurant-app-v2/frontend/src/store.js: {}
restaurant-app-v2/frontend/src/store.js: {}
restaurant-app-v2/frontend/src/store.js: Using EditorConfig core...
restaurant-app-v2/frontend/src/store.js: {}
restaurant-app-v2/frontend/src/store.js: Using EditorConfig core...
restaurant-app-v2/frontend/src/store.js: {}
restaurant-app-v2/frontend/src/store.js: Using EditorConfig core...
restaurant-app-v2/frontend/src/store.js: {}
restaurant-app-v2/frontend/src/api/API.js: {}
restaurant-app-v2/frontend/src/store.js: {}
restaurant-app-v2/frontend/src/store.js: Using EditorConfig core...
restaurant-app-v2/frontend/src/store.js: Using EditorConfig core...
restaurant-app-v2/frontend/src/api/API.js: {}
restaurant-app-v2/frontend/src/api/API.js: Using EditorConfig core...
restaurant-app-v2/frontend/src/store.js: {}
restaurant-app-v2/frontend/src/store.js: Using EditorConfig core...
restaurant-app-v2/frontend/src/store.js: {}
restaurant-app-v2/frontend/src/views/Login.vue: {}
restaurant-app-v2/frontend/src/api/API.js: {}
restaurant-app-v2/frontend/src/api/API.js: Using EditorConfig core...
restaurant-app-v2/frontend/src/api/API.js: {}
restaurant-app-v2/frontend/src/api/API.js: Using EditorConfig core...
restaurant-app-v2/frontend/src/api/API.js: {}
restaurant-app-v2/server/.env: {}
restaurant-app-v2/frontend/src/views/About.vue: {}
restaurant-app-v2/frontend/src/views/Home.vue: {}
restaurant-app-v2/frontend/src/views/Login.vue: {}
restaurant-app-v2/frontend/src/views/Profile.vue: {}
restaurant-app-v2/frontend/src/views/Signup.vue: {}
restaurant-app-v2/frontend/src/App.vue: {}
restaurant-app-v2/frontend/src/App.vue: Using EditorConfig core...
restaurant-app-v2/frontend/src/App.vue: {}
restaurant-app-v2/frontend/src/App.vue: Using EditorConfig core...
restaurant-app-v2/frontend/src/App.vue: {}
restaurant-app-v2/frontend/src/api/API.js: {}
restaurant-app-v2/frontend/src/api/API.js: Using EditorConfig core...
restaurant-app-v2/frontend/src/store.js: {}
restaurant-app-v2/frontend/src/store.js: Using EditorConfig core...
restaurant-app-v2/frontend/src/store.js: {}
restaurant-app-v2/frontend/src/api/API.js: {}
restaurant-app-v2/frontend/src/api/API.js: Using EditorConfig core...
restaurant-app-v2/frontend/src/api/API.js: {}
restaurant-app-v2/frontend/src/api/API.js: {}
restaurant-app-v2/frontend/src/api/API.js: {}
restaurant-app-v2/frontend/src/store.js: {}
restaurant-app-v2/frontend/src/store.js: Using EditorConfig core...
restaurant-app-v2/frontend/src/api/API.js: {}
restaurant-app-v2/frontend/src/api/API.js: Using EditorConfig core...
restaurant-app-v2/frontend/src/api/API.js: {}
restaurant-app-v2/frontend/src/api/API.js: {}
restaurant-app-v2/frontend/src/api/API.js: Using EditorConfig core...
restaurant-app-v2/frontend/src/api/API.js: {}
restaurant-app-v2/frontend/src/api/API.js: {}
restaurant-app-v2/frontend/src/api/API.js: {}
restaurant-app-v2/frontend/src/api/API.js: Using EditorConfig core...
restaurant-app-v2/frontend/src/api/API.js: {}
restaurant-app-v2/frontend/src/api/API.js: Using EditorConfig core...
restaurant-app-v2/frontend/src/api/API.js: {}
restaurant-app-v2/frontend/src/api/API.js: Using EditorConfig core...
restaurant-app-v2/frontend/src/api/API.js: {}
restaurant-app-v2/frontend/src/api/API.js: Using EditorConfig core...
restaurant-app-v2/frontend/src/api/API.js: {}
restaurant-app-v2/frontend/src/api/API.js: Using EditorConfig core...
restaurant-app-v2/frontend/src/api/API.js: {}
restaurant-app-v2/frontend/src/api/API.js: Using EditorConfig core...
restaurant-app-v2/frontend/src/api/API.js: {}
restaurant-app-v2/frontend/src/api/API.js: Using EditorConfig core...
restaurant-app-v2/frontend/src/api/API.js: {}
restaurant-app-v2/frontend/src/api/API.js: Using EditorConfig core...
restaurant-app-v2/frontend/src/api/API.js: {}
restaurant-app-v2/frontend/src/api/API.js: Using EditorConfig core...
restaurant-app-v2/frontend/src/api/API.js: {}
restaurant-app-v2/frontend/src/api/API.js: Using EditorConfig core...
restaurant-app-v2/frontend/src/api/API.js: {}
restaurant-app-v2/frontend/src/api/API.js: Using EditorConfig core...
restaurant-app-v2/frontend/src/api/API.js: Using EditorConfig core...
restaurant-app-v2/frontend/src/api/API.js: Using EditorConfig core...
restaurant-app-v2/frontend/src/api/API.js: {}
restaurant-app-v2/frontend/src/api/API.js: Using EditorConfig core...
restaurant-app-v2/frontend/src/api/API.js: {}
restaurant-app-v2/frontend/src/api/API.js: Using EditorConfig core...
restaurant-app-v2/frontend/src/api/API.js: {}
restaurant-app-v2/frontend/src/api/API.js: Using EditorConfig core...
restaurant-app-v2/frontend/src/api/API.js: {}
restaurant-app-v2/frontend/src/api/API.js: Using EditorConfig core...
restaurant-app-v2/frontend/src/api/API.js: {}
restaurant-app-v2/frontend/src/views/Login.vue: {}
restaurant-app-v2/frontend/src/views/Login.vue: Using EditorConfig core...
restaurant-app-v2/frontend/src/api/API.js: {}
restaurant-app-v2/frontend/src/api/API.js: Using EditorConfig core...
restaurant-app-v2/frontend/src/api/API.js: {}
restaurant-app-v2/frontend/src/views/Signup.vue: {}
restaurant-app-v2/frontend/src/views/Login.vue: {}
restaurant-app-v2/frontend/src/views/Signup.vue: {}
